mode: atomic
github.com/PointerByte/GoForge/config/proto/methods.pb.go:32.32,37.2 4 1
github.com/PointerByte/GoForge/config/proto/methods.pb.go:39.40,41.2 1 1
github.com/PointerByte/GoForge/config/proto/methods.pb.go:43.38,43.39 0 0
github.com/PointerByte/GoForge/config/proto/methods.pb.go:45.60,47.14 2 4
github.com/PointerByte/GoForge/config/proto/methods.pb.go:47.14,49.34 2 3
github.com/PointerByte/GoForge/config/proto/methods.pb.go:49.34,51.4 1 1
github.com/PointerByte/GoForge/config/proto/methods.pb.go:52.3,52.12 1 3
github.com/PointerByte/GoForge/config/proto/methods.pb.go:54.2,54.24 1 1
github.com/PointerByte/GoForge/config/proto/methods.pb.go:58.51,60.2 1 1
github.com/PointerByte/GoForge/config/proto/methods.pb.go:62.41,63.14 1 5
github.com/PointerByte/GoForge/config/proto/methods.pb.go:63.14,65.3 1 4
github.com/PointerByte/GoForge/config/proto/methods.pb.go:66.2,66.11 1 1
github.com/PointerByte/GoForge/config/proto/methods.pb.go:77.30,82.2 4 1
github.com/PointerByte/GoForge/config/proto/methods.pb.go:84.38,86.2 1 1
github.com/PointerByte/GoForge/config/proto/methods.pb.go:88.36,88.37 0 0
github.com/PointerByte/GoForge/config/proto/methods.pb.go:90.58,92.14 2 4
github.com/PointerByte/GoForge/config/proto/methods.pb.go:92.14,94.34 2 3
github.com/PointerByte/GoForge/config/proto/methods.pb.go:94.34,96.4 1 1
github.com/PointerByte/GoForge/config/proto/methods.pb.go:97.3,97.12 1 3
github.com/PointerByte/GoForge/config/proto/methods.pb.go:99.2,99.24 1 1
github.com/PointerByte/GoForge/config/proto/methods.pb.go:103.49,105.2 1 1
github.com/PointerByte/GoForge/config/proto/methods.pb.go:107.42,108.14 1 6
github.com/PointerByte/GoForge/config/proto/methods.pb.go:108.14,110.3 1 5
github.com/PointerByte/GoForge/config/proto/methods.pb.go:111.2,111.11 1 1
github.com/PointerByte/GoForge/config/proto/methods.pb.go:124.31,129.2 4 1
github.com/PointerByte/GoForge/config/proto/methods.pb.go:131.39,133.2 1 1
github.com/PointerByte/GoForge/config/proto/methods.pb.go:135.37,135.38 0 0
github.com/PointerByte/GoForge/config/proto/methods.pb.go:137.59,139.14 2 4
github.com/PointerByte/GoForge/config/proto/methods.pb.go:139.14,141.34 2 3
github.com/PointerByte/GoForge/config/proto/methods.pb.go:141.34,143.4 1 1
github.com/PointerByte/GoForge/config/proto/methods.pb.go:144.3,144.12 1 3
github.com/PointerByte/GoForge/config/proto/methods.pb.go:146.2,146.24 1 1
github.com/PointerByte/GoForge/config/proto/methods.pb.go:150.50,152.2 1 1
github.com/PointerByte/GoForge/config/proto/methods.pb.go:154.40,155.14 1 3
github.com/PointerByte/GoForge/config/proto/methods.pb.go:155.14,157.3 1 2
github.com/PointerByte/GoForge/config/proto/methods.pb.go:158.2,158.11 1 1
github.com/PointerByte/GoForge/config/proto/methods.pb.go:161.43,162.14 1 5
github.com/PointerByte/GoForge/config/proto/methods.pb.go:162.14,164.3 1 4
github.com/PointerByte/GoForge/config/proto/methods.pb.go:165.2,165.11 1 1
github.com/PointerByte/GoForge/config/proto/methods.pb.go:168.45,169.14 1 3
github.com/PointerByte/GoForge/config/proto/methods.pb.go:169.14,171.3 1 2
github.com/PointerByte/GoForge/config/proto/methods.pb.go:172.2,172.10 1 1
github.com/PointerByte/GoForge/config/proto/methods.pb.go:185.31,190.2 4 1
github.com/PointerByte/GoForge/config/proto/methods.pb.go:192.39,194.2 1 1
github.com/PointerByte/GoForge/config/proto/methods.pb.go:196.37,196.38 0 0
github.com/PointerByte/GoForge/config/proto/methods.pb.go:198.59,200.14 2 4
github.com/PointerByte/GoForge/config/proto/methods.pb.go:200.14,202.34 2 3
github.com/PointerByte/GoForge/config/proto/methods.pb.go:202.34,204.4 1 1
github.com/PointerByte/GoForge/config/proto/methods.pb.go:205.3,205.12 1 3
github.com/PointerByte/GoForge/config/proto/methods.pb.go:207.2,207.24 1 1
github.com/PointerByte/GoForge/config/proto/methods.pb.go:211.50,213.2 1 1
github.com/PointerByte/GoForge/config/proto/methods.pb.go:215.42,216.14 1 5
github.com/PointerByte/GoForge/config/proto/methods.pb.go:216.14,218.3 1 4
github.com/PointerByte/GoForge/config/proto/methods.pb.go:219.2,219.11 1 1
github.com/PointerByte/GoForge/config/proto/methods.pb.go:222.48,223.14 1 4
github.com/PointerByte/GoForge/config/proto/methods.pb.go:223.14,225.3 1 3
github.com/PointerByte/GoForge/config/proto/methods.pb.go:226.2,226.10 1 1
github.com/PointerByte/GoForge/config/proto/methods.pb.go:229.47,230.14 1 5
github.com/PointerByte/GoForge/config/proto/methods.pb.go:230.14,232.3 1 4
github.com/PointerByte/GoForge/config/proto/methods.pb.go:233.2,233.11 1 1
github.com/PointerByte/GoForge/config/proto/methods.pb.go:248.32,253.2 4 1
github.com/PointerByte/GoForge/config/proto/methods.pb.go:255.40,257.2 1 1
github.com/PointerByte/GoForge/config/proto/methods.pb.go:259.38,259.39 0 0
github.com/PointerByte/GoForge/config/proto/methods.pb.go:261.60,263.14 2 4
github.com/PointerByte/GoForge/config/proto/methods.pb.go:263.14,265.34 2 3
github.com/PointerByte/GoForge/config/proto/methods.pb.go:265.34,267.4 1 1
github.com/PointerByte/GoForge/config/proto/methods.pb.go:268.3,268.12 1 3
github.com/PointerByte/GoForge/config/proto/methods.pb.go:270.2,270.24 1 1
github.com/PointerByte/GoForge/config/proto/methods.pb.go:274.51,276.2 1 1
github.com/PointerByte/GoForge/config/proto/methods.pb.go:278.44,279.14 1 5
github.com/PointerByte/GoForge/config/proto/methods.pb.go:279.14,281.3 1 4
github.com/PointerByte/GoForge/config/proto/methods.pb.go:282.2,282.11 1 1
github.com/PointerByte/GoForge/config/proto/methods.pb.go:285.43,286.14 1 4
github.com/PointerByte/GoForge/config/proto/methods.pb.go:286.14,288.3 1 3
github.com/PointerByte/GoForge/config/proto/methods.pb.go:289.2,289.11 1 1
github.com/PointerByte/GoForge/config/proto/methods.pb.go:292.42,293.14 1 4
github.com/PointerByte/GoForge/config/proto/methods.pb.go:293.14,295.3 1 3
github.com/PointerByte/GoForge/config/proto/methods.pb.go:296.2,296.11 1 1
github.com/PointerByte/GoForge/config/proto/methods.pb.go:299.44,300.14 1 6
github.com/PointerByte/GoForge/config/proto/methods.pb.go:300.14,302.3 1 5
github.com/PointerByte/GoForge/config/proto/methods.pb.go:303.2,303.11 1 1
github.com/PointerByte/GoForge/config/proto/methods.pb.go:306.49,307.14 1 3
github.com/PointerByte/GoForge/config/proto/methods.pb.go:307.14,309.3 1 2
github.com/PointerByte/GoForge/config/proto/methods.pb.go:310.2,310.10 1 1
github.com/PointerByte/GoForge/config/proto/methods.pb.go:350.52,351.49 1 7
github.com/PointerByte/GoForge/config/proto/methods.pb.go:351.49,353.3 1 1
github.com/PointerByte/GoForge/config/proto/methods.pb.go:354.2,354.45 1 7
github.com/PointerByte/GoForge/config/proto/methods.pb.go:379.13,379.48 1 1
github.com/PointerByte/GoForge/config/proto/methods.pb.go:380.38,381.37 1 2
github.com/PointerByte/GoForge/config/proto/methods.pb.go:381.37,383.3 1 1
github.com/PointerByte/GoForge/config/proto/methods.pb.go:384.2,400.40 5 1
github.com/PointerByte/GoForge/config/proto/methods_grpc.pb.go:45.66,47.2 1 6
github.com/PointerByte/GoForge/config/proto/methods_grpc.pb.go:49.119,53.16 4 2
github.com/PointerByte/GoForge/config/proto/methods_grpc.pb.go:53.16,55.3 1 1
github.com/PointerByte/GoForge/config/proto/methods_grpc.pb.go:56.2,56.17 1 1
github.com/PointerByte/GoForge/config/proto/methods_grpc.pb.go:59.144,62.16 3 2
github.com/PointerByte/GoForge/config/proto/methods_grpc.pb.go:62.16,64.3 1 1
github.com/PointerByte/GoForge/config/proto/methods_grpc.pb.go:65.2,66.15 2 1
github.com/PointerByte/GoForge/config/proto/methods_grpc.pb.go:72.146,75.16 3 2
github.com/PointerByte/GoForge/config/proto/methods_grpc.pb.go:75.16,77.3 1 1
github.com/PointerByte/GoForge/config/proto/methods_grpc.pb.go:78.2,79.15 2 1
github.com/PointerByte/GoForge/config/proto/methods_grpc.pb.go:107.97,109.2 1 1
github.com/PointerByte/GoForge/config/proto/methods_grpc.pb.go:110.106,112.2 1 1
github.com/PointerByte/GoForge/config/proto/methods_grpc.pb.go:113.108,115.2 1 1
github.com/PointerByte/GoForge/config/proto/methods_grpc.pb.go:116.74,116.75 0 1
github.com/PointerByte/GoForge/config/proto/methods_grpc.pb.go:117.74,117.75 0 2
github.com/PointerByte/GoForge/config/proto/methods_grpc.pb.go:126.72,131.59 1 1
github.com/PointerByte/GoForge/config/proto/methods_grpc.pb.go:131.59,133.3 1 1
github.com/PointerByte/GoForge/config/proto/methods_grpc.pb.go:134.2,134.46 1 1
github.com/PointerByte/GoForge/config/proto/methods_grpc.pb.go:137.161,139.32 2 3
github.com/PointerByte/GoForge/config/proto/methods_grpc.pb.go:139.32,141.3 1 1
github.com/PointerByte/GoForge/config/proto/methods_grpc.pb.go:142.2,142.24 1 2
github.com/PointerByte/GoForge/config/proto/methods_grpc.pb.go:142.24,144.3 1 1
github.com/PointerByte/GoForge/config/proto/methods_grpc.pb.go:145.2,149.77 2 1
github.com/PointerByte/GoForge/config/proto/methods_grpc.pb.go:149.77,151.3 1 1
github.com/PointerByte/GoForge/config/proto/methods_grpc.pb.go:152.2,152.44 1 1
github.com/PointerByte/GoForge/config/proto/methods_grpc.pb.go:155.83,157.2 1 2
github.com/PointerByte/GoForge/config/proto/methods_grpc.pb.go:162.85,164.2 1 2
github.com/PointerByte/GoForge/config/client/http/IRest.go:77.64,86.2 4 12
github.com/PointerByte/GoForge/config/client/http/IRest.go:90.83,92.16 2 0
github.com/PointerByte/GoForge/config/client/http/IRest.go:92.16,94.3 1 0
github.com/PointerByte/GoForge/config/client/http/IRest.go:95.2,100.15 3 0
github.com/PointerByte/GoForge/config/client/http/IRest.go:105.42,107.2 1 0
github.com/PointerByte/GoForge/config/client/http/IRest.go:109.47,111.2 1 8
github.com/PointerByte/GoForge/config/client/http/IRest.go:113.63,116.19 3 11
github.com/PointerByte/GoForge/config/client/http/IRest.go:116.19,118.3 1 6
github.com/PointerByte/GoForge/config/client/http/IRest.go:119.2,120.23 2 5
github.com/PointerByte/GoForge/config/client/http/IRest.go:123.63,124.23 1 14
github.com/PointerByte/GoForge/config/client/http/IRest.go:124.23,126.3 1 0
github.com/PointerByte/GoForge/config/client/http/IRest.go:128.2,133.26 4 14
github.com/PointerByte/GoForge/config/client/http/IRest.go:133.26,135.3 1 0
github.com/PointerByte/GoForge/config/client/http/IRest.go:136.2,136.28 1 14
github.com/PointerByte/GoForge/config/client/http/IRest.go:136.28,138.44 1 8
github.com/PointerByte/GoForge/config/client/http/IRest.go:138.44,139.12 1 6
github.com/PointerByte/GoForge/config/client/http/IRest.go:141.3,141.26 1 2
github.com/PointerByte/GoForge/config/client/http/IRest.go:141.26,143.4 1 2
github.com/PointerByte/GoForge/config/client/http/IRest.go:146.2,147.16 2 14
github.com/PointerByte/GoForge/config/client/http/IRest.go:147.16,149.3 1 1
github.com/PointerByte/GoForge/config/client/http/IRest.go:150.2,150.18 1 13
github.com/PointerByte/GoForge/config/client/http/IRest.go:153.56,155.2 1 3
github.com/PointerByte/GoForge/config/client/http/IRest.go:157.48,158.19 1 11
github.com/PointerByte/GoForge/config/client/http/IRest.go:158.19,160.3 1 3
github.com/PointerByte/GoForge/config/client/http/IRest.go:161.2,161.30 1 8
github.com/PointerByte/GoForge/config/client/http/IRest.go:164.49,167.2 2 7
github.com/PointerByte/GoForge/config/client/http/IRest.go:169.82,172.27 3 4
github.com/PointerByte/GoForge/config/client/http/IRest.go:172.27,175.3 2 3
github.com/PointerByte/GoForge/config/client/http/IRest.go:175.8,177.3 1 1
github.com/PointerByte/GoForge/config/client/http/IRest.go:178.2,178.16 1 4
github.com/PointerByte/GoForge/config/client/http/IRest.go:178.16,180.3 1 1
github.com/PointerByte/GoForge/config/client/http/IRest.go:181.2,187.29 5 3
github.com/PointerByte/GoForge/config/client/http/IRest.go:190.99,193.27 3 3
github.com/PointerByte/GoForge/config/client/http/IRest.go:193.27,196.3 2 1
github.com/PointerByte/GoForge/config/client/http/IRest.go:196.8,198.3 1 2
github.com/PointerByte/GoForge/config/client/http/IRest.go:199.2,199.16 1 3
github.com/PointerByte/GoForge/config/client/http/IRest.go:199.16,201.3 1 1
github.com/PointerByte/GoForge/config/client/http/IRest.go:202.2,208.29 5 2
github.com/PointerByte/GoForge/config/client/http/IRest.go:211.98,214.27 3 3
github.com/PointerByte/GoForge/config/client/http/IRest.go:214.27,217.3 2 1
github.com/PointerByte/GoForge/config/client/http/IRest.go:217.8,219.3 1 2
github.com/PointerByte/GoForge/config/client/http/IRest.go:220.2,220.16 1 3
github.com/PointerByte/GoForge/config/client/http/IRest.go:220.16,222.3 1 1
github.com/PointerByte/GoForge/config/client/http/IRest.go:223.2,229.29 5 2
github.com/PointerByte/GoForge/config/client/http/IRest.go:232.100,235.27 3 3
github.com/PointerByte/GoForge/config/client/http/IRest.go:235.27,238.3 2 1
github.com/PointerByte/GoForge/config/client/http/IRest.go:238.8,240.3 1 2
github.com/PointerByte/GoForge/config/client/http/IRest.go:241.2,241.16 1 3
github.com/PointerByte/GoForge/config/client/http/IRest.go:241.16,243.3 1 1
github.com/PointerByte/GoForge/config/client/http/IRest.go:244.2,250.29 5 2
github.com/PointerByte/GoForge/config/client/http/IRest.go:253.101,256.27 3 3
github.com/PointerByte/GoForge/config/client/http/IRest.go:256.27,259.3 2 1
github.com/PointerByte/GoForge/config/client/http/IRest.go:259.8,261.3 1 2
github.com/PointerByte/GoForge/config/client/http/IRest.go:262.2,262.16 1 3
github.com/PointerByte/GoForge/config/client/http/IRest.go:262.16,264.3 1 1
github.com/PointerByte/GoForge/config/client/http/IRest.go:265.2,271.29 5 2
github.com/PointerByte/GoForge/config/client/http/IRestGeneric.go:78.77,82.2 1 11
github.com/PointerByte/GoForge/config/client/http/IRestGeneric.go:86.96,88.16 2 0
github.com/PointerByte/GoForge/config/client/http/IRestGeneric.go:88.16,90.3 1 0
github.com/PointerByte/GoForge/config/client/http/IRestGeneric.go:91.2,93.8 1 0
github.com/PointerByte/GoForge/config/client/http/IRestGeneric.go:98.55,100.2 1 0
github.com/PointerByte/GoForge/config/client/http/IRestGeneric.go:104.121,114.2 4 10
github.com/PointerByte/GoForge/config/client/http/IRestGeneric.go:127.113,128.21 1 6
github.com/PointerByte/GoForge/config/client/http/IRestGeneric.go:128.21,130.3 1 0
github.com/PointerByte/GoForge/config/client/http/IRestGeneric.go:131.2,131.15 1 6
github.com/PointerByte/GoForge/config/client/http/IRestGeneric.go:131.15,134.3 2 6
github.com/PointerByte/GoForge/config/client/http/IRestGeneric.go:135.2,135.25 1 6
github.com/PointerByte/GoForge/config/client/http/IRestGeneric.go:135.25,141.23 6 6
github.com/PointerByte/GoForge/config/client/http/IRestGeneric.go:141.23,143.4 1 6
github.com/PointerByte/GoForge/config/client/http/IRestGeneric.go:145.2,145.37 1 6
github.com/PointerByte/GoForge/config/client/http/IRestGeneric.go:145.37,149.67 3 6
github.com/PointerByte/GoForge/config/client/http/IRestGeneric.go:149.67,151.18 2 0
github.com/PointerByte/GoForge/config/client/http/IRestGeneric.go:151.18,153.5 1 0
github.com/PointerByte/GoForge/config/client/http/IRestGeneric.go:154.4,154.40 1 0
github.com/PointerByte/GoForge/config/client/http/IRestGeneric.go:156.3,156.28 1 6
github.com/PointerByte/GoForge/config/client/http/IRestGeneric.go:158.2,158.12 1 6
github.com/PointerByte/GoForge/config/client/http/IRestGeneric.go:162.39,164.2 1 10
github.com/PointerByte/GoForge/config/client/http/IRestGeneric.go:173.85,176.22 3 2
github.com/PointerByte/GoForge/config/client/http/IRestGeneric.go:176.22,179.3 2 2
github.com/PointerByte/GoForge/config/client/http/IRestGeneric.go:181.2,182.21 2 2
github.com/PointerByte/GoForge/config/client/http/IRestGeneric.go:182.21,184.3 1 1
github.com/PointerByte/GoForge/config/client/http/IRestGeneric.go:184.8,186.3 1 1
github.com/PointerByte/GoForge/config/client/http/IRestGeneric.go:188.2,189.16 2 2
github.com/PointerByte/GoForge/config/client/http/IRestGeneric.go:189.16,190.22 1 1
github.com/PointerByte/GoForge/config/client/http/IRestGeneric.go:190.22,192.4 1 0
github.com/PointerByte/GoForge/config/client/http/IRestGeneric.go:193.3,193.13 1 1
github.com/PointerByte/GoForge/config/client/http/IRestGeneric.go:195.2,200.16 5 1
github.com/PointerByte/GoForge/config/client/http/IRestGeneric.go:200.16,202.3 1 0
github.com/PointerByte/GoForge/config/client/http/IRestGeneric.go:203.2,203.70 1 1
github.com/PointerByte/GoForge/config/client/http/IRestGeneric.go:206.66,208.17 2 0
github.com/PointerByte/GoForge/config/client/http/IRestGeneric.go:208.17,210.3 1 0
github.com/PointerByte/GoForge/config/client/http/IRestGeneric.go:211.2,211.96 1 0
github.com/PointerByte/GoForge/config/client/http/IRestGeneric.go:214.53,216.21 2 2
github.com/PointerByte/GoForge/config/client/http/IRestGeneric.go:216.21,218.3 1 1
github.com/PointerByte/GoForge/config/client/http/IRestGeneric.go:218.8,220.3 1 1
github.com/PointerByte/GoForge/config/client/http/IRestGeneric.go:221.2,221.28 1 2
github.com/PointerByte/GoForge/config/client/http/IRestGeneric.go:221.28,223.3 1 1
github.com/PointerByte/GoForge/config/client/http/IRestGeneric.go:224.2,225.16 2 1
github.com/PointerByte/GoForge/config/client/http/IRestGeneric.go:225.16,227.3 1 0
github.com/PointerByte/GoForge/config/client/http/IRestGeneric.go:228.2,229.38 2 1
github.com/PointerByte/GoForge/config/client/http/IRestGeneric.go:229.38,230.28 1 2
github.com/PointerByte/GoForge/config/client/http/IRestGeneric.go:230.28,232.4 1 2
github.com/PointerByte/GoForge/config/client/http/IRestGeneric.go:234.2,235.24 2 1
github.com/PointerByte/GoForge/config/client/http/IRestGeneric.go:243.84,246.22 3 2
github.com/PointerByte/GoForge/config/client/http/IRestGeneric.go:246.22,249.3 2 2
github.com/PointerByte/GoForge/config/client/http/IRestGeneric.go:251.2,252.16 2 2
github.com/PointerByte/GoForge/config/client/http/IRestGeneric.go:252.16,254.3 1 0
github.com/PointerByte/GoForge/config/client/http/IRestGeneric.go:255.2,260.16 5 2
github.com/PointerByte/GoForge/config/client/http/IRestGeneric.go:260.16,262.3 1 0
github.com/PointerByte/GoForge/config/client/http/IRestGeneric.go:263.2,263.70 1 2
github.com/PointerByte/GoForge/config/client/http/IRestGeneric.go:270.84,273.22 3 2
github.com/PointerByte/GoForge/config/client/http/IRestGeneric.go:273.22,276.3 2 2
github.com/PointerByte/GoForge/config/client/http/IRestGeneric.go:278.2,279.21 2 2
github.com/PointerByte/GoForge/config/client/http/IRestGeneric.go:279.21,281.3 1 0
github.com/PointerByte/GoForge/config/client/http/IRestGeneric.go:281.8,283.3 1 2
github.com/PointerByte/GoForge/config/client/http/IRestGeneric.go:285.2,286.16 2 2
github.com/PointerByte/GoForge/config/client/http/IRestGeneric.go:286.16,287.22 1 1
github.com/PointerByte/GoForge/config/client/http/IRestGeneric.go:287.22,289.4 1 0
github.com/PointerByte/GoForge/config/client/http/IRestGeneric.go:290.3,290.13 1 1
github.com/PointerByte/GoForge/config/client/http/IRestGeneric.go:292.2,297.16 5 1
github.com/PointerByte/GoForge/config/client/http/IRestGeneric.go:297.16,299.3 1 0
github.com/PointerByte/GoForge/config/client/http/IRestGeneric.go:300.2,300.70 1 1
github.com/PointerByte/GoForge/config/client/http/IRestGeneric.go:307.86,310.22 3 2
github.com/PointerByte/GoForge/config/client/http/IRestGeneric.go:310.22,313.3 2 2
github.com/PointerByte/GoForge/config/client/http/IRestGeneric.go:315.2,316.21 2 2
github.com/PointerByte/GoForge/config/client/http/IRestGeneric.go:316.21,318.3 1 1
github.com/PointerByte/GoForge/config/client/http/IRestGeneric.go:318.8,320.3 1 1
github.com/PointerByte/GoForge/config/client/http/IRestGeneric.go:322.2,323.16 2 2
github.com/PointerByte/GoForge/config/client/http/IRestGeneric.go:323.16,324.22 1 1
github.com/PointerByte/GoForge/config/client/http/IRestGeneric.go:324.22,326.4 1 0
github.com/PointerByte/GoForge/config/client/http/IRestGeneric.go:327.3,327.13 1 1
github.com/PointerByte/GoForge/config/client/http/IRestGeneric.go:329.2,334.16 5 1
github.com/PointerByte/GoForge/config/client/http/IRestGeneric.go:334.16,336.3 1 0
github.com/PointerByte/GoForge/config/client/http/IRestGeneric.go:337.2,337.70 1 1
github.com/PointerByte/GoForge/config/client/http/IRestGeneric.go:345.87,348.22 3 2
github.com/PointerByte/GoForge/config/client/http/IRestGeneric.go:348.22,351.3 2 2
github.com/PointerByte/GoForge/config/client/http/IRestGeneric.go:353.2,354.21 2 2
github.com/PointerByte/GoForge/config/client/http/IRestGeneric.go:354.21,356.3 1 0
github.com/PointerByte/GoForge/config/client/http/IRestGeneric.go:356.8,358.3 1 2
github.com/PointerByte/GoForge/config/client/http/IRestGeneric.go:360.2,361.16 2 2
github.com/PointerByte/GoForge/config/client/http/IRestGeneric.go:361.16,362.22 1 1
github.com/PointerByte/GoForge/config/client/http/IRestGeneric.go:362.22,364.4 1 0
github.com/PointerByte/GoForge/config/client/http/IRestGeneric.go:365.3,365.13 1 1
github.com/PointerByte/GoForge/config/client/http/IRestGeneric.go:367.2,372.16 5 1
github.com/PointerByte/GoForge/config/client/http/IRestGeneric.go:372.16,374.3 1 0
github.com/PointerByte/GoForge/config/client/http/IRestGeneric.go:375.2,375.70 1 1
github.com/PointerByte/GoForge/config/client/http/clienthttp.go:28.39,30.2 1 1
github.com/PointerByte/GoForge/config/client/http/clienthttp.go:37.76,40.2 2 14
github.com/PointerByte/GoForge/config/client/http/clienthttp.go:44.95,46.2 1 1
github.com/PointerByte/GoForge/config/client/http/clienthttp.go:50.54,52.2 1 1
github.com/PointerByte/GoForge/config/client/http/clienthttp.go:54.85,60.2 2 28
github.com/PointerByte/GoForge/config/client/http/clienthttp.go:62.68,63.15 1 28
github.com/PointerByte/GoForge/config/client/http/clienthttp.go:63.15,65.3 1 2
github.com/PointerByte/GoForge/config/client/http/clienthttp.go:65.8,67.3 1 26
github.com/PointerByte/GoForge/config/client/http/clienthttp.go:69.2,70.16 2 28
github.com/PointerByte/GoForge/config/client/http/clienthttp.go:70.16,72.3 1 1
github.com/PointerByte/GoForge/config/client/http/clienthttp.go:73.2,73.19 1 27
github.com/PointerByte/GoForge/config/client/http/clienthttp.go:73.19,75.3 1 0
github.com/PointerByte/GoForge/config/client/http/clienthttp.go:76.2,76.16 1 27
github.com/PointerByte/GoForge/config/client/http/clienthttp.go:79.46,80.28 1 33
github.com/PointerByte/GoForge/config/client/http/clienthttp.go:80.28,82.3 1 1
github.com/PointerByte/GoForge/config/client/http/clienthttp.go:84.2,86.33 3 32
github.com/PointerByte/GoForge/config/client/http/clienthttp.go:86.33,88.3 1 28
github.com/PointerByte/GoForge/config/client/http/clienthttp.go:90.2,96.90 2 4
github.com/PointerByte/GoForge/config/client/http/clienthttp.go:96.90,98.17 2 2
github.com/PointerByte/GoForge/config/client/http/clienthttp.go:98.17,100.4 1 1
github.com/PointerByte/GoForge/config/client/http/clienthttp.go:101.3,102.38 2 1
github.com/PointerByte/GoForge/config/client/http/clienthttp.go:102.38,104.4 1 0
github.com/PointerByte/GoForge/config/client/http/clienthttp.go:105.3,105.24 1 1
github.com/PointerByte/GoForge/config/client/http/clienthttp.go:108.2,108.17 1 3
github.com/PointerByte/GoForge/config/client/http/clienthttp.go:108.17,111.38 3 2
github.com/PointerByte/GoForge/config/client/http/clienthttp.go:111.38,113.4 1 1
github.com/PointerByte/GoForge/config/client/http/clienthttp.go:114.3,115.17 2 1
github.com/PointerByte/GoForge/config/client/http/clienthttp.go:115.17,117.4 1 0
github.com/PointerByte/GoForge/config/client/http/clienthttp.go:118.3,118.55 1 1
github.com/PointerByte/GoForge/config/client/http/clienthttp.go:121.2,121.20 1 2
github.com/PointerByte/GoForge/config/client/http/clienthttp.go:124.40,125.70 1 1
github.com/PointerByte/GoForge/config/client/http/clienthttp.go:125.70,127.3 1 1
github.com/PointerByte/GoForge/config/client/http/clienthttp.go:128.2,128.25 1 0
github.com/PointerByte/GoForge/config/client/http/clienthttp.go:131.41,132.49 1 6
github.com/PointerByte/GoForge/config/client/http/clienthttp.go:133.16,134.26 1 1
github.com/PointerByte/GoForge/config/client/http/clienthttp.go:135.16,136.26 1 0
github.com/PointerByte/GoForge/config/client/http/clienthttp.go:137.16,138.26 1 1
github.com/PointerByte/GoForge/config/client/http/clienthttp.go:139.10,140.26 1 4
github.com/PointerByte/GoForge/config/client/http/mocksIRest.go:28.55,32.2 3 1
github.com/PointerByte/GoForge/config/client/http/mocksIRest.go:35.53,37.2 1 9
github.com/PointerByte/GoForge/config/client/http/mocksIRest.go:40.60,46.2 5 1
github.com/PointerByte/GoForge/config/client/http/mocksIRest.go:49.70,52.2 2 1
github.com/PointerByte/GoForge/config/client/http/mocksIRest.go:55.86,61.2 5 1
github.com/PointerByte/GoForge/config/client/http/mocksIRest.go:64.89,67.2 2 1
github.com/PointerByte/GoForge/config/client/http/mocksIRest.go:70.105,76.2 5 1
github.com/PointerByte/GoForge/config/client/http/mocksIRest.go:79.98,82.2 2 1
github.com/PointerByte/GoForge/config/client/http/mocksIRest.go:85.104,91.2 5 1
github.com/PointerByte/GoForge/config/client/http/mocksIRest.go:94.97,97.2 2 1
github.com/PointerByte/GoForge/config/client/http/mocksIRest.go:100.103,106.2 5 1
github.com/PointerByte/GoForge/config/client/http/mocksIRest.go:109.96,112.2 2 1
github.com/PointerByte/GoForge/config/client/http/mocksIRest.go:115.102,121.2 5 1
github.com/PointerByte/GoForge/config/client/http/mocksIRest.go:124.95,127.2 2 1
github.com/PointerByte/GoForge/config/client/http/mocksIRest.go:130.53,133.2 2 1
github.com/PointerByte/GoForge/config/client/http/mocksIRest.go:136.75,139.2 2 1
github.com/PointerByte/GoForge/config/client/http/mocksIRest.go:142.52,145.2 2 1
github.com/PointerByte/GoForge/config/client/http/mocksIRest.go:148.78,151.2 2 1
github.com/PointerByte/GoForge/config/client/http/mocksIRest.go:154.51,157.2 2 1
github.com/PointerByte/GoForge/config/client/http/mocksIRest.go:160.75,163.2 2 1
github.com/PointerByte/GoForge/config/client/http/mocksIRestGeneric.go:26.69,30.2 3 1
github.com/PointerByte/GoForge/config/client/http/mocksIRestGeneric.go:33.67,35.2 1 6
github.com/PointerByte/GoForge/config/client/http/mocksIRestGeneric.go:38.43,41.2 2 1
github.com/PointerByte/GoForge/config/client/http/mocksIRestGeneric.go:44.69,47.2 2 1
github.com/PointerByte/GoForge/config/client/http/mocksIRestGeneric.go:50.88,55.2 4 1
github.com/PointerByte/GoForge/config/client/http/mocksIRestGeneric.go:58.89,61.2 2 1
github.com/PointerByte/GoForge/config/client/http/mocksIRestGeneric.go:64.91,69.2 4 1
github.com/PointerByte/GoForge/config/client/http/mocksIRestGeneric.go:72.92,75.2 2 1
github.com/PointerByte/GoForge/config/client/http/mocksIRestGeneric.go:78.90,83.2 4 1
github.com/PointerByte/GoForge/config/client/http/mocksIRestGeneric.go:86.91,89.2 2 1
github.com/PointerByte/GoForge/config/client/http/mocksIRestGeneric.go:92.89,97.2 4 1
github.com/PointerByte/GoForge/config/client/http/mocksIRestGeneric.go:100.90,103.2 2 1
github.com/PointerByte/GoForge/config/client/http/mocksIRestGeneric.go:106.88,111.2 4 1
github.com/PointerByte/GoForge/config/client/http/mocksIRestGeneric.go:114.89,117.2 2 1
github.com/PointerByte/GoForge/config/utilities/traces/grpc.go:21.53,23.22 2 3
github.com/PointerByte/GoForge/config/utilities/traces/grpc.go:23.22,25.3 1 2
github.com/PointerByte/GoForge/config/utilities/traces/grpc.go:26.2,26.18 1 1
github.com/PointerByte/GoForge/config/utilities/traces/grpc.go:29.60,32.2 2 0
github.com/PointerByte/GoForge/config/utilities/traces/grpc.go:34.46,37.22 3 0
github.com/PointerByte/GoForge/config/utilities/traces/grpc.go:37.22,39.3 1 0
github.com/PointerByte/GoForge/config/utilities/traces/grpc.go:40.2,40.13 1 0
github.com/PointerByte/GoForge/config/utilities/traces/grpc.go:48.55,50.2 1 1
github.com/PointerByte/GoForge/config/utilities/traces/grpc.go:52.60,53.112 1 1
github.com/PointerByte/GoForge/config/utilities/traces/grpc.go:53.112,60.3 5 1
github.com/PointerByte/GoForge/config/utilities/traces/grpc.go:63.62,64.112 1 1
github.com/PointerByte/GoForge/config/utilities/traces/grpc.go:64.112,74.3 5 1
github.com/PointerByte/GoForge/config/utilities/traces/grpc.go:77.90,79.15 2 2
github.com/PointerByte/GoForge/config/utilities/traces/grpc.go:79.15,81.3 1 1
github.com/PointerByte/GoForge/config/utilities/traces/grpc.go:82.2,94.3 3 2
github.com/PointerByte/GoForge/config/utilities/traces/grpc.go:97.55,98.16 1 2
github.com/PointerByte/GoForge/config/utilities/traces/grpc.go:98.16,102.3 3 1
github.com/PointerByte/GoForge/config/utilities/traces/grpc.go:104.2,107.47 4 1
github.com/PointerByte/GoForge/config/utilities/traces/grpc.go:110.60,113.21 3 4
github.com/PointerByte/GoForge/config/utilities/traces/grpc.go:113.21,115.3 1 0
github.com/PointerByte/GoForge/config/utilities/traces/grpc.go:116.2,116.21 1 4
github.com/PointerByte/GoForge/config/utilities/traces/grpc.go:116.21,118.3 1 1
github.com/PointerByte/GoForge/config/utilities/traces/grpc.go:119.2,119.27 1 3
github.com/PointerByte/GoForge/config/utilities/traces/http.go:64.73,67.36 2 5
github.com/PointerByte/GoForge/config/utilities/traces/http.go:67.36,70.38 3 1
github.com/PointerByte/GoForge/config/utilities/traces/http.go:70.38,70.52 1 1
github.com/PointerByte/GoForge/config/utilities/traces/http.go:73.2,74.16 2 4
github.com/PointerByte/GoForge/config/utilities/traces/http.go:74.16,76.3 1 1
github.com/PointerByte/GoForge/config/utilities/traces/http.go:78.2,80.16 3 3
github.com/PointerByte/GoForge/config/utilities/traces/http.go:80.16,82.3 1 1
github.com/PointerByte/GoForge/config/utilities/traces/http.go:83.2,84.26 2 2
github.com/PointerByte/GoForge/config/utilities/traces/http.go:84.26,86.3 1 2
github.com/PointerByte/GoForge/config/utilities/traces/http.go:88.2,89.16 2 2
github.com/PointerByte/GoForge/config/utilities/traces/http.go:89.16,91.3 1 1
github.com/PointerByte/GoForge/config/utilities/traces/http.go:92.2,93.28 2 1
github.com/PointerByte/GoForge/config/utilities/traces/http.go:93.28,95.3 1 1
github.com/PointerByte/GoForge/config/utilities/traces/http.go:97.2,97.41 1 1
github.com/PointerByte/GoForge/config/utilities/traces/http.go:97.41,99.38 2 1
github.com/PointerByte/GoForge/config/utilities/traces/http.go:99.38,101.4 1 2
github.com/PointerByte/GoForge/config/utilities/traces/http.go:102.3,102.13 1 1
github.com/PointerByte/GoForge/config/utilities/traces/http.go:112.39,119.55 2 1
github.com/PointerByte/GoForge/config/utilities/traces/http.go:119.55,120.32 1 2
github.com/PointerByte/GoForge/config/utilities/traces/http.go:120.32,121.46 1 2
github.com/PointerByte/GoForge/config/utilities/traces/http.go:121.46,123.6 1 1
github.com/PointerByte/GoForge/config/utilities/traces/http.go:125.4,125.15 1 1
github.com/PointerByte/GoForge/config/utilities/traces/http.go:127.78,132.4 1 1
github.com/PointerByte/GoForge/config/utilities/traces/http.go:138.132,139.38 1 3
github.com/PointerByte/GoForge/config/utilities/traces/http.go:139.38,141.3 1 1
github.com/PointerByte/GoForge/config/utilities/traces/http.go:143.2,144.28 2 2
github.com/PointerByte/GoForge/config/utilities/traces/http.go:144.28,146.3 1 1
github.com/PointerByte/GoForge/config/utilities/traces/http.go:148.2,149.16 2 1
github.com/PointerByte/GoForge/config/utilities/traces/http.go:149.16,151.3 1 0
github.com/PointerByte/GoForge/config/utilities/traces/http.go:153.2,160.29 2 1
github.com/PointerByte/GoForge/config/utilities/traces/http.go:165.96,166.22 1 6
github.com/PointerByte/GoForge/config/utilities/traces/http.go:167.14,168.35 1 3
github.com/PointerByte/GoForge/config/utilities/traces/http.go:169.15,170.34 1 1
github.com/PointerByte/GoForge/config/utilities/traces/http.go:171.24,172.34 1 1
github.com/PointerByte/GoForge/config/utilities/traces/http.go:173.11,174.82 1 1
github.com/PointerByte/GoForge/config/utilities/traces/http.go:176.28,177.57 1 2
github.com/PointerByte/GoForge/config/utilities/traces/http.go:178.10,179.67 1 1
github.com/PointerByte/GoForge/config/utilities/traces/http.go:185.131,187.28 2 3
github.com/PointerByte/GoForge/config/utilities/traces/http.go:187.28,189.3 1 2
github.com/PointerByte/GoForge/config/utilities/traces/http.go:191.2,192.16 2 1
github.com/PointerByte/GoForge/config/utilities/traces/http.go:192.16,194.3 1 0
github.com/PointerByte/GoForge/config/utilities/traces/http.go:196.2,201.29 2 1
github.com/PointerByte/GoForge/config/utilities/traces/http.go:206.90,207.22 1 5
github.com/PointerByte/GoForge/config/utilities/traces/http.go:208.14,209.36 1 3
github.com/PointerByte/GoForge/config/utilities/traces/http.go:210.15,212.18 2 1
github.com/PointerByte/GoForge/config/utilities/traces/http.go:212.18,214.5 1 1
github.com/PointerByte/GoForge/config/utilities/traces/http.go:215.4,215.53 1 0
github.com/PointerByte/GoForge/config/utilities/traces/http.go:216.24,218.18 2 1
github.com/PointerByte/GoForge/config/utilities/traces/http.go:218.18,220.5 1 1
github.com/PointerByte/GoForge/config/utilities/traces/http.go:221.4,221.53 1 0
github.com/PointerByte/GoForge/config/utilities/traces/http.go:222.11,223.83 1 1
github.com/PointerByte/GoForge/config/utilities/traces/http.go:225.20,226.35 1 1
github.com/PointerByte/GoForge/config/utilities/traces/http.go:227.10,228.68 1 1
github.com/PointerByte/GoForge/config/utilities/traces/http.go:233.67,243.26 3 3
github.com/PointerByte/GoForge/config/utilities/traces/http.go:243.26,245.3 1 2
github.com/PointerByte/GoForge/config/utilities/traces/http.go:246.2,246.81 1 3
github.com/PointerByte/GoForge/config/utilities/traces/http.go:246.81,248.3 1 1
github.com/PointerByte/GoForge/config/utilities/traces/http.go:249.2,249.26 1 3
github.com/PointerByte/GoForge/config/utilities/traces/http.go:249.26,251.3 1 2
github.com/PointerByte/GoForge/config/utilities/traces/http.go:253.2,253.39 1 3
github.com/PointerByte/GoForge/config/utilities/traces/http.go:257.52,259.15 2 7
github.com/PointerByte/GoForge/config/utilities/traces/http.go:259.15,261.3 1 6
github.com/PointerByte/GoForge/config/utilities/traces/http.go:263.2,264.47 2 7
github.com/PointerByte/GoForge/config/utilities/traces/http.go:264.47,265.51 1 18
github.com/PointerByte/GoForge/config/utilities/traces/http.go:266.19,266.19 0 1
github.com/PointerByte/GoForge/config/utilities/traces/http.go:267.23,268.65 1 7
github.com/PointerByte/GoForge/config/utilities/traces/http.go:269.18,270.60 1 7
github.com/PointerByte/GoForge/config/utilities/traces/http.go:271.13,272.47 1 1
github.com/PointerByte/GoForge/config/utilities/traces/http.go:273.18,274.89 1 1
github.com/PointerByte/GoForge/config/utilities/traces/http.go:278.2,278.27 1 7
github.com/PointerByte/GoForge/config/utilities/traces/http.go:278.27,280.3 1 0
github.com/PointerByte/GoForge/config/utilities/traces/http.go:281.2,281.66 1 7
github.com/PointerByte/GoForge/config/utilities/traces/http.go:285.36,289.14 3 8
github.com/PointerByte/GoForge/config/utilities/traces/http.go:290.35,291.55 1 2
github.com/PointerByte/GoForge/config/utilities/traces/http.go:292.19,293.33 1 1
github.com/PointerByte/GoForge/config/utilities/traces/http.go:294.20,295.32 1 1
github.com/PointerByte/GoForge/config/utilities/traces/http.go:296.22,297.53 1 1
github.com/PointerByte/GoForge/config/utilities/traces/http.go:298.32,299.54 1 1
github.com/PointerByte/GoForge/config/utilities/traces/http.go:300.34,301.75 1 1
github.com/PointerByte/GoForge/config/utilities/traces/http.go:302.10,303.55 1 1
github.com/PointerByte/GoForge/config/utilities/traces/http.go:309.61,311.17 2 7
github.com/PointerByte/GoForge/config/utilities/traces/http.go:311.17,313.3 1 2
github.com/PointerByte/GoForge/config/utilities/traces/http.go:315.2,315.49 1 7
github.com/PointerByte/GoForge/config/utilities/traces/http.go:315.49,317.17 2 7
github.com/PointerByte/GoForge/config/utilities/traces/http.go:317.17,319.4 1 7
github.com/PointerByte/GoForge/config/utilities/traces/http.go:321.2,321.17 1 0
github.com/PointerByte/GoForge/config/utilities/traces/http.go:326.43,328.67 2 8
github.com/PointerByte/GoForge/config/utilities/traces/http.go:328.67,330.3 1 7
github.com/PointerByte/GoForge/config/utilities/traces/http.go:331.2,331.87 1 1
github.com/PointerByte/GoForge/config/utilities/traces/http.go:331.87,333.3 1 1
github.com/PointerByte/GoForge/config/utilities/traces/http.go:334.2,334.24 1 0
github.com/PointerByte/GoForge/config/utilities/traces/http.go:339.31,340.61 1 5
github.com/PointerByte/GoForge/config/utilities/traces/http.go:340.61,342.3 1 1
github.com/PointerByte/GoForge/config/utilities/traces/http.go:344.2,344.81 1 4
github.com/PointerByte/GoForge/config/utilities/traces/http.go:344.81,346.72 2 4
github.com/PointerByte/GoForge/config/utilities/traces/http.go:346.72,348.4 1 1
github.com/PointerByte/GoForge/config/utilities/traces/http.go:350.2,350.14 1 3
github.com/PointerByte/GoForge/config/utilities/traces/http.go:355.27,356.72 1 8
github.com/PointerByte/GoForge/config/utilities/traces/http.go:356.72,358.3 1 3
github.com/PointerByte/GoForge/config/utilities/traces/http.go:359.2,359.51 1 5
github.com/PointerByte/GoForge/config/utilities/traces/http.go:359.51,361.3 1 4
github.com/PointerByte/GoForge/config/utilities/traces/http.go:362.2,362.30 1 1
github.com/PointerByte/GoForge/config/utilities/traces/http.go:366.33,368.9 2 11
github.com/PointerByte/GoForge/config/utilities/traces/http.go:368.9,370.3 1 7
github.com/PointerByte/GoForge/config/utilities/traces/http.go:372.2,373.29 2 4
github.com/PointerByte/GoForge/config/utilities/traces/http.go:377.37,379.16 2 6
github.com/PointerByte/GoForge/config/utilities/traces/http.go:379.16,381.3 1 1
github.com/PointerByte/GoForge/config/utilities/traces/http.go:382.2,382.15 1 5
github.com/PointerByte/GoForge/config/utilities/traces/http.go:382.15,384.3 1 1
github.com/PointerByte/GoForge/config/utilities/traces/http.go:385.2,385.15 1 4
github.com/PointerByte/GoForge/config/utilities/traces/http.go:385.15,387.3 1 1
github.com/PointerByte/GoForge/config/utilities/traces/http.go:388.2,388.14 1 3
github.com/PointerByte/GoForge/tools/jobs/jobs.go:17.13,19.2 1 1
github.com/PointerByte/GoForge/tools/jobs/jobs.go:98.22,102.2 3 9
github.com/PointerByte/GoForge/tools/jobs/jobs.go:119.79,120.32 1 8
github.com/PointerByte/GoForge/tools/jobs/jobs.go:120.32,122.3 1 0
github.com/PointerByte/GoForge/tools/jobs/jobs.go:123.2,125.22 2 8
github.com/PointerByte/GoForge/tools/jobs/jobs.go:125.22,126.58 1 1
github.com/PointerByte/GoForge/tools/jobs/jobs.go:126.58,128.4 1 1
github.com/PointerByte/GoForge/tools/jobs/jobs.go:129.3,129.9 1 1
github.com/PointerByte/GoForge/tools/jobs/jobs.go:132.2,134.15 3 7
github.com/PointerByte/GoForge/tools/jobs/jobs.go:145.69,147.2 1 0
github.com/PointerByte/GoForge/tools/jobs/jobs.go:157.80,158.15 1 2
github.com/PointerByte/GoForge/tools/jobs/jobs.go:158.15,160.3 1 0
github.com/PointerByte/GoForge/tools/jobs/jobs.go:161.2,163.22 2 2
github.com/PointerByte/GoForge/tools/jobs/jobs.go:163.22,164.58 1 2
github.com/PointerByte/GoForge/tools/jobs/jobs.go:164.58,166.4 1 2
github.com/PointerByte/GoForge/tools/jobs/jobs.go:167.3,167.9 1 2
github.com/PointerByte/GoForge/tools/jobs/jobs.go:170.2,172.15 3 0
github.com/PointerByte/GoForge/tools/jobs/jobs.go:182.70,184.2 1 0
github.com/PointerByte/GoForge/tools/jobs/jobs.go:188.13,191.2 2 1
github.com/PointerByte/GoForge/tools/jobs/jobs.go:200.18,201.12 1 0
github.com/PointerByte/GoForge/tools/jobs/jobs.go:201.12,202.7 1 0
github.com/PointerByte/GoForge/tools/jobs/jobs.go:202.7,203.11 1 0
github.com/PointerByte/GoForge/tools/jobs/jobs.go:204.23,206.27 2 0
github.com/PointerByte/GoForge/tools/jobs/jobs.go:207.12,208.27 1 0
github.com/PointerByte/GoForge/tools/jobs/jobs.go:208.27,210.6 1 0
github.com/PointerByte/GoForge/tools/jobs/jobs.go:211.5,211.28 1 0
github.com/PointerByte/GoForge/tools/jobs/jobs.go:221.20,223.2 1 1
github.com/PointerByte/GoForge/tools/jobs/jobs.go:234.28,235.38 1 10
github.com/PointerByte/GoForge/tools/jobs/jobs.go:235.38,237.3 1 1
github.com/PointerByte/GoForge/tools/jobs/jobs.go:238.2,238.44 1 9
github.com/PointerByte/GoForge/tools/jobs/jobs.go:238.44,240.3 1 1
github.com/PointerByte/GoForge/tools/jobs/jobs.go:241.2,249.31 7 8
github.com/PointerByte/GoForge/tools/jobs/jobs.go:249.31,251.3 1 6
github.com/PointerByte/GoForge/tools/jobs/jobs.go:252.2,252.27 1 8
github.com/PointerByte/GoForge/tools/jobs/jobs.go:252.27,254.3 1 0
github.com/PointerByte/GoForge/tools/jobs/jobs.go:256.2,256.27 1 8
github.com/PointerByte/GoForge/tools/jobs/jobs.go:259.23,260.43 1 81
github.com/PointerByte/GoForge/tools/jobs/jobs.go:260.43,261.58 1 8
github.com/PointerByte/GoForge/tools/jobs/jobs.go:261.58,263.4 1 8
github.com/PointerByte/GoForge/tools/jobs/jobs.go:264.3,264.14 1 8
github.com/PointerByte/GoForge/tools/jobs/jobs.go:270.31,277.2 5 74
github.com/PointerByte/GoForge/tools/jobs/jobs.go:285.26,288.2 2 2
github.com/PointerByte/GoForge/tools/jobs/jobs.go:302.34,305.26 3 16
github.com/PointerByte/GoForge/tools/jobs/jobs.go:305.26,307.3 1 79
github.com/PointerByte/GoForge/tools/jobs/jobs.go:308.2,310.25 2 16
github.com/PointerByte/GoForge/tools/jobs/jobs.go:310.25,311.16 1 79
github.com/PointerByte/GoForge/tools/jobs/jobs.go:311.16,313.4 1 72
github.com/PointerByte/GoForge/tools/jobs/jobs.go:313.9,315.4 1 7
github.com/PointerByte/GoForge/tools/jobs/jobs.go:318.2,318.28 1 16
github.com/PointerByte/GoForge/tools/jobs/jobs.go:326.29,328.2 1 0
github.com/PointerByte/GoForge/tools/jobs/jobs.go:349.24,353.2 3 9
github.com/PointerByte/GoForge/tools/jobs/jobs.go:355.26,359.2 3 2
github.com/PointerByte/GoForge/tools/jobs/jobs.go:361.71,362.17 1 7
github.com/PointerByte/GoForge/tools/jobs/jobs.go:362.17,367.43 4 7
github.com/PointerByte/GoForge/tools/jobs/jobs.go:367.43,371.4 3 1
github.com/PointerByte/GoForge/tools/jobs/jobs.go:374.3,376.7 2 7
github.com/PointerByte/GoForge/tools/jobs/jobs.go:376.7,377.11 1 20
github.com/PointerByte/GoForge/tools/jobs/jobs.go:378.20,379.12 1 13
github.com/PointerByte/GoForge/tools/jobs/jobs.go:380.21,382.11 1 1
github.com/PointerByte/GoForge/tools/jobs/jobs.go:383.18,384.11 1 6
github.com/PointerByte/GoForge/tools/jobs/jobs.go:390.63,392.12 2 2
github.com/PointerByte/GoForge/tools/jobs/jobs.go:392.12,396.23 2 2
github.com/PointerByte/GoForge/tools/jobs/jobs.go:396.23,397.8 1 1
github.com/PointerByte/GoForge/tools/jobs/jobs.go:397.8,401.12 3 2
github.com/PointerByte/GoForge/tools/jobs/jobs.go:402.20,403.13 1 1
github.com/PointerByte/GoForge/tools/jobs/jobs.go:404.19,405.23 1 1
github.com/PointerByte/GoForge/tools/jobs/jobs.go:405.24,407.7 0 0
github.com/PointerByte/GoForge/tools/jobs/jobs.go:408.6,408.12 1 1
github.com/PointerByte/GoForge/tools/jobs/jobs.go:415.3,418.10 3 1
github.com/PointerByte/GoForge/tools/jobs/jobs.go:419.18,420.11 1 1
github.com/PointerByte/GoForge/tools/jobs/jobs.go:421.17,422.21 1 0
github.com/PointerByte/GoForge/tools/jobs/jobs.go:422.22,424.5 0 0
github.com/PointerByte/GoForge/tools/jobs/jobs.go:425.4,425.10 1 0
github.com/PointerByte/GoForge/tools/jobs/jobs.go:428.3,431.7 3 1
github.com/PointerByte/GoForge/tools/jobs/jobs.go:431.7,432.11 1 3
github.com/PointerByte/GoForge/tools/jobs/jobs.go:433.20,434.12 1 2
github.com/PointerByte/GoForge/tools/jobs/jobs.go:435.18,436.22 1 1
github.com/PointerByte/GoForge/tools/jobs/jobs.go:436.23,438.6 0 1
github.com/PointerByte/GoForge/tools/jobs/jobs.go:439.5,439.11 1 1
github.com/PointerByte/GoForge/tools/jobs/jobs.go:445.62,449.22 3 3
github.com/PointerByte/GoForge/tools/jobs/jobs.go:449.22,451.3 1 1
github.com/PointerByte/GoForge/tools/jobs/jobs.go:452.2,452.25 1 3
github.com/PointerByte/GoForge/config/utilities/utitlities.go:16.39,20.40 3 3
github.com/PointerByte/GoForge/config/utilities/utitlities.go:20.40,23.3 2 1
github.com/PointerByte/GoForge/config/utilities/utitlities.go:23.8,23.89 1 2
github.com/PointerByte/GoForge/config/utilities/utitlities.go:23.89,26.3 2 0
github.com/PointerByte/GoForge/config/utilities/utitlities.go:26.8,29.3 2 2
github.com/PointerByte/GoForge/config/utilities/utitlities.go:31.2,33.39 3 3
github.com/PointerByte/GoForge/config/utilities/utitlities.go:33.39,35.3 1 1
github.com/PointerByte/GoForge/config/utilities/utitlities.go:38.2,54.12 11 2
github.com/PointerByte/GoForge/config/utilities/utitlities.go:57.24,59.2 1 4
github.com/PointerByte/GoForge/config/utilities/utitlities.go:61.49,62.30 1 35
github.com/PointerByte/GoForge/config/utilities/utitlities.go:63.22,64.34 1 18
github.com/PointerByte/GoForge/config/utilities/utitlities.go:64.34,66.4 1 28
github.com/PointerByte/GoForge/config/utilities/utitlities.go:67.19,68.37 1 2
github.com/PointerByte/GoForge/config/utilities/utitlities.go:68.37,70.11 2 3
github.com/PointerByte/GoForge/config/utilities/utitlities.go:70.11,71.13 1 1
github.com/PointerByte/GoForge/config/utilities/utitlities.go:73.4,73.48 1 2
github.com/PointerByte/GoForge/config/utilities/utitlities.go:75.10,76.21 1 15
github.com/PointerByte/GoForge/config/utilities/utitlities.go:76.21,78.4 1 0
github.com/PointerByte/GoForge/config/utilities/utitlities.go:79.3,81.10 3 15
github.com/PointerByte/GoForge/config/utilities/utitlities.go:81.10,83.4 1 3
github.com/PointerByte/GoForge/config/utilities/utitlities.go:84.3,84.69 1 12
github.com/PointerByte/GoForge/config/utilities/utitlities.go:88.44,90.28 2 16
github.com/PointerByte/GoForge/config/utilities/utitlities.go:90.28,92.17 2 38
github.com/PointerByte/GoForge/config/utilities/utitlities.go:92.17,93.12 1 1
github.com/PointerByte/GoForge/config/utilities/utitlities.go:95.3,95.47 1 37
github.com/PointerByte/GoForge/config/utilities/utitlities.go:97.2,97.33 1 16
github.com/PointerByte/GoForge/config/utilities/utitlities.go:100.50,102.37 2 24
github.com/PointerByte/GoForge/config/utilities/utitlities.go:103.12,104.56 1 7
github.com/PointerByte/GoForge/config/utilities/utitlities.go:104.56,106.4 1 6
github.com/PointerByte/GoForge/config/utilities/utitlities.go:107.11,108.51 1 2
github.com/PointerByte/GoForge/config/utilities/utitlities.go:108.51,110.4 1 2
github.com/PointerByte/GoForge/config/utilities/utitlities.go:111.33,112.63 1 1
github.com/PointerByte/GoForge/config/utilities/utitlities.go:112.63,114.4 1 1
github.com/PointerByte/GoForge/config/utilities/utitlities.go:115.43,116.64 1 1
github.com/PointerByte/GoForge/config/utilities/utitlities.go:116.64,118.4 1 1
github.com/PointerByte/GoForge/config/utilities/utitlities.go:119.24,120.61 1 1
github.com/PointerByte/GoForge/config/utilities/utitlities.go:120.61,122.4 1 1
github.com/PointerByte/GoForge/config/utilities/utitlities.go:123.16,124.31 1 4
github.com/PointerByte/GoForge/config/utilities/utitlities.go:125.13,126.40 1 4
github.com/PointerByte/GoForge/config/utilities/utitlities.go:128.2,128.12 1 5
github.com/PointerByte/GoForge/config/utilities/utitlities.go:131.44,132.33 1 5
github.com/PointerByte/GoForge/config/utilities/utitlities.go:132.33,134.61 2 2
github.com/PointerByte/GoForge/config/utilities/utitlities.go:134.61,136.4 1 2
github.com/PointerByte/GoForge/config/utilities/utitlities.go:138.2,138.33 1 3
github.com/PointerByte/GoForge/config/utilities/utitlities.go:141.54,142.33 1 4
github.com/PointerByte/GoForge/config/utilities/utitlities.go:142.33,143.32 1 2
github.com/PointerByte/GoForge/config/utilities/utitlities.go:143.32,145.62 2 1
github.com/PointerByte/GoForge/config/utilities/utitlities.go:145.62,147.5 1 1
github.com/PointerByte/GoForge/config/utilities/utitlities.go:150.3,151.61 2 1
github.com/PointerByte/GoForge/config/utilities/utitlities.go:151.61,153.4 1 1
github.com/PointerByte/GoForge/config/utilities/utitlities.go:156.2,157.31 2 2
github.com/PointerByte/GoForge/config/utilities/utitlities.go:157.31,159.3 1 1
github.com/PointerByte/GoForge/config/utilities/utitlities.go:161.2,162.31 2 1
github.com/PointerByte/GoForge/config/utilities/utitlities.go:162.31,164.3 1 2
github.com/PointerByte/GoForge/config/utilities/utitlities.go:165.2,165.14 1 1
github.com/PointerByte/GoForge/config/utilities/utitlities.go:168.41,169.22 1 6
github.com/PointerByte/GoForge/config/utilities/utitlities.go:169.22,171.3 1 1
github.com/PointerByte/GoForge/config/utilities/utitlities.go:173.2,173.31 1 5
github.com/PointerByte/GoForge/config/utilities/utitlities.go:173.31,174.35 1 6
github.com/PointerByte/GoForge/config/utilities/utitlities.go:174.35,176.4 1 3
github.com/PointerByte/GoForge/config/utilities/utitlities.go:178.2,178.13 1 2
github.com/PointerByte/GoForge/config/utilities/utitlities.go:181.47,182.15 1 7
github.com/PointerByte/GoForge/config/utilities/utitlities.go:182.15,184.3 1 1
github.com/PointerByte/GoForge/config/utilities/utitlities.go:185.2,187.29 3 6
github.com/PointerByte/GoForge/config/utilities/utitlities.go:187.29,189.20 2 14
github.com/PointerByte/GoForge/config/utilities/utitlities.go:189.20,191.4 1 11
github.com/PointerByte/GoForge/config/utilities/utitlities.go:193.2,193.15 1 6
github.com/PointerByte/GoForge/tools/aws/config.go:26.61,28.16 2 2
github.com/PointerByte/GoForge/tools/aws/config.go:28.16,30.3 1 1
github.com/PointerByte/GoForge/tools/aws/config.go:31.2,32.17 2 1
github.com/PointerByte/GoForge/config/client/grpc/IClient.go:86.39,88.2 1 2
github.com/PointerByte/GoForge/config/client/grpc/IClient.go:95.48,99.2 1 14
github.com/PointerByte/GoForge/config/client/grpc/IClient.go:101.45,105.2 3 7
github.com/PointerByte/GoForge/config/client/grpc/IClient.go:107.49,111.2 3 2
github.com/PointerByte/GoForge/config/client/grpc/IClient.go:113.50,117.2 3 1
github.com/PointerByte/GoForge/config/client/grpc/IClient.go:119.58,123.2 3 5
github.com/PointerByte/GoForge/config/client/grpc/IClient.go:125.34,129.19 3 10
github.com/PointerByte/GoForge/config/client/grpc/IClient.go:129.19,131.3 1 3
github.com/PointerByte/GoForge/config/client/grpc/IClient.go:132.2,132.21 1 7
github.com/PointerByte/GoForge/config/client/grpc/IClient.go:132.21,134.3 1 1
github.com/PointerByte/GoForge/config/client/grpc/IClient.go:136.2,139.16 4 6
github.com/PointerByte/GoForge/config/client/grpc/IClient.go:139.16,141.3 1 0
github.com/PointerByte/GoForge/config/client/grpc/IClient.go:142.2,145.16 3 6
github.com/PointerByte/GoForge/config/client/grpc/IClient.go:145.16,147.3 1 1
github.com/PointerByte/GoForge/config/client/grpc/IClient.go:148.2,149.12 2 5
github.com/PointerByte/GoForge/config/client/grpc/IClient.go:152.32,156.19 3 4
github.com/PointerByte/GoForge/config/client/grpc/IClient.go:156.19,158.3 1 1
github.com/PointerByte/GoForge/config/client/grpc/IClient.go:159.2,161.12 3 3
github.com/PointerByte/GoForge/config/client/grpc/IClient.go:164.45,168.2 3 6
github.com/PointerByte/GoForge/config/client/grpc/IClient.go:171.78,174.19 2 8
github.com/PointerByte/GoForge/config/client/grpc/IClient.go:174.19,176.3 1 1
github.com/PointerByte/GoForge/config/client/grpc/IClient.go:177.2,177.18 1 7
github.com/PointerByte/GoForge/config/client/grpc/IClient.go:177.18,179.3 1 1
github.com/PointerByte/GoForge/config/client/grpc/IClient.go:180.2,180.41 1 6
github.com/PointerByte/GoForge/config/client/grpc/IClient.go:180.41,182.3 1 1
github.com/PointerByte/GoForge/config/client/grpc/IClient.go:184.2,185.17 2 5
github.com/PointerByte/GoForge/config/client/grpc/IClient.go:185.17,187.3 1 1
github.com/PointerByte/GoForge/config/client/grpc/IClient.go:189.2,189.25 1 4
github.com/PointerByte/GoForge/config/client/grpc/IClient.go:192.51,194.42 2 2
github.com/PointerByte/GoForge/config/client/grpc/IClient.go:194.42,196.3 1 2
github.com/PointerByte/GoForge/config/client/grpc/IClient.go:197.2,197.19 1 2
github.com/PointerByte/GoForge/config/client/grpc/IClient.go:197.19,199.3 1 0
github.com/PointerByte/GoForge/config/client/grpc/IClient.go:200.2,200.12 1 2
github.com/PointerByte/GoForge/config/client/grpc/IClient.go:203.51,205.42 2 3
github.com/PointerByte/GoForge/config/client/grpc/IClient.go:205.42,207.3 1 2
github.com/PointerByte/GoForge/config/client/grpc/IClient.go:208.2,208.9 1 3
github.com/PointerByte/GoForge/config/client/grpc/IClient.go:209.24,210.16 1 1
github.com/PointerByte/GoForge/config/client/grpc/IClient.go:211.21,212.16 1 0
github.com/PointerByte/GoForge/config/client/grpc/IClient.go:213.29,214.16 1 0
github.com/PointerByte/GoForge/config/client/grpc/IClient.go:216.2,216.12 1 3
github.com/PointerByte/GoForge/config/client/grpc/IClient.go:219.48,221.19 2 1
github.com/PointerByte/GoForge/config/client/grpc/IClient.go:221.19,223.3 1 0
github.com/PointerByte/GoForge/config/client/grpc/IClient.go:224.2,224.12 1 1
github.com/PointerByte/GoForge/config/client/grpc/IClient.go:227.48,228.19 1 1
github.com/PointerByte/GoForge/config/client/grpc/IClient.go:228.19,231.3 2 1
github.com/PointerByte/GoForge/config/client/grpc/IClient.go:234.121,244.2 4 4
github.com/PointerByte/GoForge/config/client/grpc/IClient.go:246.129,247.20 1 5
github.com/PointerByte/GoForge/config/client/grpc/IClient.go:247.20,249.3 1 0
github.com/PointerByte/GoForge/config/client/grpc/IClient.go:251.2,256.53 5 5
github.com/PointerByte/GoForge/config/client/grpc/IClient.go:256.53,259.3 2 4
github.com/PointerByte/GoForge/config/client/grpc/IClient.go:261.2,261.19 1 5
github.com/PointerByte/GoForge/config/client/grpc/IClient.go:261.19,264.27 3 1
github.com/PointerByte/GoForge/config/client/grpc/IClient.go:264.27,267.4 2 0
github.com/PointerByte/GoForge/config/client/grpc/IClient.go:268.3,268.13 1 1
github.com/PointerByte/GoForge/config/client/grpc/IClient.go:271.2,273.26 3 4
github.com/PointerByte/GoForge/config/client/grpc/IClient.go:273.26,276.3 2 4
github.com/PointerByte/GoForge/config/client/grpc/IClient.go:277.2,277.12 1 4
github.com/PointerByte/GoForge/config/client/grpc/IClient.go:280.50,286.2 1 6
github.com/PointerByte/GoForge/config/client/grpc/IClient.go:288.85,290.16 2 6
github.com/PointerByte/GoForge/config/client/grpc/IClient.go:290.16,292.3 1 0
github.com/PointerByte/GoForge/config/client/grpc/IClient.go:293.2,293.19 1 6
github.com/PointerByte/GoForge/config/client/grpc/IClient.go:293.19,295.3 1 2
github.com/PointerByte/GoForge/config/client/grpc/IClient.go:296.2,296.24 1 4
github.com/PointerByte/GoForge/config/client/grpc/IClient.go:296.24,298.3 1 1
github.com/PointerByte/GoForge/config/client/grpc/IClient.go:299.2,299.17 1 3
github.com/PointerByte/GoForge/config/client/grpc/IClient.go:302.46,303.28 1 11
github.com/PointerByte/GoForge/config/client/grpc/IClient.go:303.28,305.3 1 1
github.com/PointerByte/GoForge/config/client/grpc/IClient.go:307.2,309.33 3 10
github.com/PointerByte/GoForge/config/client/grpc/IClient.go:309.33,311.3 1 5
github.com/PointerByte/GoForge/config/client/grpc/IClient.go:313.2,319.90 2 5
github.com/PointerByte/GoForge/config/client/grpc/IClient.go:319.90,321.17 2 5
github.com/PointerByte/GoForge/config/client/grpc/IClient.go:321.17,323.4 1 0
github.com/PointerByte/GoForge/config/client/grpc/IClient.go:324.3,325.38 2 5
github.com/PointerByte/GoForge/config/client/grpc/IClient.go:325.38,327.4 1 0
github.com/PointerByte/GoForge/config/client/grpc/IClient.go:328.3,328.24 1 5
github.com/PointerByte/GoForge/config/client/grpc/IClient.go:331.2,331.17 1 5
github.com/PointerByte/GoForge/config/client/grpc/IClient.go:331.17,334.38 3 2
github.com/PointerByte/GoForge/config/client/grpc/IClient.go:334.38,336.4 1 1
github.com/PointerByte/GoForge/config/client/grpc/IClient.go:337.3,338.17 2 1
github.com/PointerByte/GoForge/config/client/grpc/IClient.go:338.17,340.4 1 0
github.com/PointerByte/GoForge/config/client/grpc/IClient.go:341.3,341.55 1 1
github.com/PointerByte/GoForge/config/client/grpc/IClient.go:344.2,344.20 1 4
github.com/PointerByte/GoForge/config/client/grpc/IClient.go:347.41,348.49 1 7
github.com/PointerByte/GoForge/config/client/grpc/IClient.go:349.16,350.26 1 1
github.com/PointerByte/GoForge/config/client/grpc/IClient.go:351.16,352.26 1 0
github.com/PointerByte/GoForge/config/client/grpc/IClient.go:353.16,354.26 1 3
github.com/PointerByte/GoForge/config/client/grpc/IClient.go:355.10,356.26 1 3
github.com/PointerByte/GoForge/config/client/grpc/IClient.go:360.64,361.145 1 7
github.com/PointerByte/GoForge/config/client/grpc/IClient.go:361.145,368.3 5 2
github.com/PointerByte/GoForge/config/client/grpc/IClient.go:371.66,372.170 1 7
github.com/PointerByte/GoForge/config/client/grpc/IClient.go:372.170,377.20 4 2
github.com/PointerByte/GoForge/config/client/grpc/IClient.go:377.20,381.4 3 0
github.com/PointerByte/GoForge/config/client/grpc/IClient.go:383.3,391.9 1 2
github.com/PointerByte/GoForge/config/client/grpc/IClient.go:395.38,396.20 1 4
github.com/PointerByte/GoForge/config/client/grpc/IClient.go:397.9,398.13 1 1
github.com/PointerByte/GoForge/config/client/grpc/IClient.go:399.9,400.18 1 3
github.com/PointerByte/GoForge/config/client/grpc/IClient.go:401.10,402.15 1 0
github.com/PointerByte/GoForge/config/client/grpc/IClient.go:406.55,408.30 2 5
github.com/PointerByte/GoForge/config/client/grpc/IClient.go:408.30,412.3 3 5
github.com/PointerByte/GoForge/config/client/grpc/IClient.go:413.2,413.16 1 5
github.com/PointerByte/GoForge/config/client/grpc/IClient.go:416.60,419.21 3 11
github.com/PointerByte/GoForge/config/client/grpc/IClient.go:419.21,421.3 1 0
github.com/PointerByte/GoForge/config/client/grpc/IClient.go:422.2,422.21 1 11
github.com/PointerByte/GoForge/config/client/grpc/IClient.go:422.21,424.3 1 0
github.com/PointerByte/GoForge/config/client/grpc/IClient.go:425.2,425.27 1 11
github.com/PointerByte/GoForge/config/client/grpc/IClient.go:428.47,431.2 2 6
github.com/PointerByte/GoForge/config/client/grpc/IClient.go:433.31,434.16 1 14
github.com/PointerByte/GoForge/config/client/grpc/IClient.go:434.16,436.3 1 12
github.com/PointerByte/GoForge/config/client/grpc/IClient.go:437.2,438.22 2 2
github.com/PointerByte/GoForge/config/client/grpc/IClient.go:439.98,440.24 1 2
github.com/PointerByte/GoForge/config/client/grpc/IClient.go:441.10,442.14 1 0
github.com/PointerByte/GoForge/config/client/grpc/IClient.go:446.34,448.2 1 6
github.com/PointerByte/GoForge/config/client/grpc/mocksIClient.go:27.59,31.2 3 1
github.com/PointerByte/GoForge/config/client/grpc/mocksIClient.go:34.57,36.2 1 7
github.com/PointerByte/GoForge/config/client/grpc/mocksIClient.go:39.37,44.2 4 1
github.com/PointerByte/GoForge/config/client/grpc/mocksIClient.go:47.57,50.2 2 1
github.com/PointerByte/GoForge/config/client/grpc/mocksIClient.go:53.39,58.2 4 1
github.com/PointerByte/GoForge/config/client/grpc/mocksIClient.go:61.59,64.2 2 1
github.com/PointerByte/GoForge/config/client/grpc/mocksIClient.go:67.50,72.2 4 1
github.com/PointerByte/GoForge/config/client/grpc/mocksIClient.go:75.59,78.2 2 1
github.com/PointerByte/GoForge/config/client/grpc/mocksIClient.go:81.50,84.2 2 1
github.com/PointerByte/GoForge/config/client/grpc/mocksIClient.go:87.81,90.2 2 1
github.com/PointerByte/GoForge/config/client/grpc/mocksIClient.go:93.54,96.2 2 1
github.com/PointerByte/GoForge/config/client/grpc/mocksIClient.go:99.75,102.2 2 1
github.com/PointerByte/GoForge/config/client/grpc/mocksIClient.go:105.55,108.2 2 1
github.com/PointerByte/GoForge/config/client/grpc/mocksIClient.go:111.77,114.2 2 1
github.com/PointerByte/GoForge/config/client/grpc/mocksIClient.go:117.63,120.25 3 1
github.com/PointerByte/GoForge/config/client/grpc/mocksIClient.go:120.25,122.3 1 1
github.com/PointerByte/GoForge/config/client/grpc/mocksIClient.go:123.2,123.46 1 1
github.com/PointerByte/GoForge/config/client/grpc/mocksIClient.go:127.85,130.2 2 1
github.com/PointerByte/GoForge/config/server/grpc/config.go:34.44,36.2 1 11
github.com/PointerByte/GoForge/config/server/grpc/config.go:37.40,39.2 1 2
github.com/PointerByte/GoForge/config/server/grpc/config.go:41.34,43.2 1 0
github.com/PointerByte/GoForge/config/server/grpc/config.go:46.13,49.2 2 1
github.com/PointerByte/GoForge/config/server/grpc/config.go:107.86,108.30 1 1
github.com/PointerByte/GoForge/config/server/grpc/config.go:108.30,109.44 1 1
github.com/PointerByte/GoForge/config/server/grpc/config.go:109.44,110.26 1 1
github.com/PointerByte/GoForge/config/server/grpc/config.go:110.26,112.5 1 1
github.com/PointerByte/GoForge/config/server/grpc/config.go:119.88,120.30 1 0
github.com/PointerByte/GoForge/config/server/grpc/config.go:120.30,121.44 1 0
github.com/PointerByte/GoForge/config/server/grpc/config.go:121.44,122.26 1 0
github.com/PointerByte/GoForge/config/server/grpc/config.go:122.26,124.5 1 0
github.com/PointerByte/GoForge/config/server/grpc/config.go:134.39,136.2 1 1
github.com/PointerByte/GoForge/config/server/grpc/config.go:169.86,174.33 2 16
github.com/PointerByte/GoForge/config/server/grpc/config.go:174.33,175.20 1 1
github.com/PointerByte/GoForge/config/server/grpc/config.go:175.20,177.4 1 1
github.com/PointerByte/GoForge/config/server/grpc/config.go:179.2,179.15 1 16
github.com/PointerByte/GoForge/config/server/grpc/config.go:182.46,186.2 3 2
github.com/PointerByte/GoForge/config/server/grpc/config.go:188.54,192.2 3 6
github.com/PointerByte/GoForge/config/server/grpc/config.go:194.64,195.21 1 7
github.com/PointerByte/GoForge/config/server/grpc/config.go:195.21,197.3 1 1
github.com/PointerByte/GoForge/config/server/grpc/config.go:198.2,198.42 1 6
github.com/PointerByte/GoForge/config/server/grpc/config.go:198.42,200.3 1 0
github.com/PointerByte/GoForge/config/server/grpc/config.go:201.2,201.21 1 6
github.com/PointerByte/GoForge/config/server/grpc/config.go:201.21,203.3 1 1
github.com/PointerByte/GoForge/config/server/grpc/config.go:204.2,205.12 2 5
github.com/PointerByte/GoForge/config/server/grpc/config.go:208.33,209.21 1 10
github.com/PointerByte/GoForge/config/server/grpc/config.go:209.21,211.3 1 1
github.com/PointerByte/GoForge/config/server/grpc/config.go:213.2,214.16 2 9
github.com/PointerByte/GoForge/config/server/grpc/config.go:214.16,216.3 1 0
github.com/PointerByte/GoForge/config/server/grpc/config.go:218.2,218.37 1 9
github.com/PointerByte/GoForge/config/server/grpc/config.go:218.37,220.3 1 1
github.com/PointerByte/GoForge/config/server/grpc/config.go:221.2,221.42 1 8
github.com/PointerByte/GoForge/config/server/grpc/config.go:221.42,223.3 1 0
github.com/PointerByte/GoForge/config/server/grpc/config.go:225.2,226.24 2 8
github.com/PointerByte/GoForge/config/server/grpc/config.go:226.24,227.23 1 3
github.com/PointerByte/GoForge/config/server/grpc/config.go:227.23,229.4 1 2
github.com/PointerByte/GoForge/config/server/grpc/config.go:230.3,230.23 1 3
github.com/PointerByte/GoForge/config/server/grpc/config.go:230.23,233.4 2 1
github.com/PointerByte/GoForge/config/server/grpc/config.go:235.3,236.17 2 2
github.com/PointerByte/GoForge/config/server/grpc/config.go:236.17,239.4 2 1
github.com/PointerByte/GoForge/config/server/grpc/config.go:240.3,240.25 1 1
github.com/PointerByte/GoForge/config/server/grpc/config.go:242.2,248.20 6 6
github.com/PointerByte/GoForge/config/server/grpc/config.go:248.20,250.3 1 6
github.com/PointerByte/GoForge/config/server/grpc/config.go:252.2,252.47 1 6
github.com/PointerByte/GoForge/config/server/grpc/config.go:252.47,255.3 2 2
github.com/PointerByte/GoForge/config/server/grpc/config.go:257.2,258.12 2 4
github.com/PointerByte/GoForge/config/server/grpc/config.go:261.49,265.2 3 1
github.com/PointerByte/GoForge/config/server/grpc/config.go:267.34,268.21 1 5
github.com/PointerByte/GoForge/config/server/grpc/config.go:268.21,271.3 2 1
github.com/PointerByte/GoForge/config/server/grpc/config.go:272.2,272.26 1 4
github.com/PointerByte/GoForge/config/server/grpc/config.go:275.26,276.21 1 1
github.com/PointerByte/GoForge/config/server/grpc/config.go:276.21,279.3 2 1
github.com/PointerByte/GoForge/config/server/grpc/config.go:280.2,280.18 1 0
github.com/PointerByte/GoForge/config/server/grpc/config.go:283.44,284.21 1 5
github.com/PointerByte/GoForge/config/server/grpc/config.go:284.21,286.3 1 1
github.com/PointerByte/GoForge/config/server/grpc/config.go:287.2,288.18 2 4
github.com/PointerByte/GoForge/config/server/grpc/config.go:291.46,292.21 1 2
github.com/PointerByte/GoForge/config/server/grpc/config.go:292.21,294.3 1 1
github.com/PointerByte/GoForge/config/server/grpc/config.go:296.2,298.20 3 1
github.com/PointerByte/GoForge/config/server/grpc/config.go:301.40,305.2 3 18
github.com/PointerByte/GoForge/config/server/grpc/config.go:307.46,308.45 1 18
github.com/PointerByte/GoForge/config/server/grpc/config.go:308.45,310.3 1 13
github.com/PointerByte/GoForge/config/server/grpc/config.go:312.2,313.16 2 5
github.com/PointerByte/GoForge/config/server/grpc/config.go:313.16,316.3 2 0
github.com/PointerByte/GoForge/config/server/grpc/config.go:317.2,318.12 2 5
github.com/PointerByte/GoForge/config/server/grpc/config.go:321.71,344.16 7 5
github.com/PointerByte/GoForge/config/server/grpc/config.go:344.16,346.3 1 0
github.com/PointerByte/GoForge/config/server/grpc/config.go:347.2,347.19 1 5
github.com/PointerByte/GoForge/config/server/grpc/config.go:347.19,349.3 1 2
github.com/PointerByte/GoForge/config/server/grpc/config.go:350.2,350.21 1 5
github.com/PointerByte/GoForge/config/server/grpc/config.go:353.46,354.22 1 11
github.com/PointerByte/GoForge/config/server/grpc/config.go:354.22,356.3 1 1
github.com/PointerByte/GoForge/config/server/grpc/config.go:358.2,360.33 3 10
github.com/PointerByte/GoForge/config/server/grpc/config.go:360.33,362.3 1 4
github.com/PointerByte/GoForge/config/server/grpc/config.go:364.2,366.37 3 6
github.com/PointerByte/GoForge/config/server/grpc/config.go:366.37,368.3 1 1
github.com/PointerByte/GoForge/config/server/grpc/config.go:370.2,371.16 2 5
github.com/PointerByte/GoForge/config/server/grpc/config.go:371.16,373.3 1 0
github.com/PointerByte/GoForge/config/server/grpc/config.go:375.2,380.17 2 5
github.com/PointerByte/GoForge/config/server/grpc/config.go:380.17,382.25 2 3
github.com/PointerByte/GoForge/config/server/grpc/config.go:382.25,384.4 1 1
github.com/PointerByte/GoForge/config/server/grpc/config.go:386.3,387.17 2 2
github.com/PointerByte/GoForge/config/server/grpc/config.go:387.17,389.4 1 0
github.com/PointerByte/GoForge/config/server/grpc/config.go:391.3,392.38 2 2
github.com/PointerByte/GoForge/config/server/grpc/config.go:392.38,394.4 1 0
github.com/PointerByte/GoForge/config/server/grpc/config.go:395.3,396.86 2 2
github.com/PointerByte/GoForge/config/server/grpc/config.go:399.2,399.20 1 4
github.com/PointerByte/GoForge/config/server/grpc/config.go:402.41,403.49 1 7
github.com/PointerByte/GoForge/config/server/grpc/config.go:404.16,405.26 1 1
github.com/PointerByte/GoForge/config/server/grpc/config.go:406.16,407.26 1 0
github.com/PointerByte/GoForge/config/server/grpc/config.go:408.16,409.26 1 2
github.com/PointerByte/GoForge/config/server/grpc/config.go:410.10,411.26 1 4
github.com/PointerByte/GoForge/config/server/grpc/config.go:415.53,416.49 1 7
github.com/PointerByte/GoForge/config/server/grpc/config.go:417.50,418.31 1 1
github.com/PointerByte/GoForge/config/server/grpc/config.go:419.57,420.34 1 1
github.com/PointerByte/GoForge/config/server/grpc/config.go:421.64,422.37 1 2
github.com/PointerByte/GoForge/config/server/grpc/config.go:423.40,424.26 1 1
github.com/PointerByte/GoForge/config/server/grpc/config.go:425.10,426.40 1 2
github.com/PointerByte/GoForge/config/server/grpc/mocksConfig.go:27.59,31.2 3 1
github.com/PointerByte/GoForge/config/server/grpc/mocksConfig.go:34.57,36.2 1 8
github.com/PointerByte/GoForge/config/server/grpc/mocksConfig.go:39.50,44.2 4 1
github.com/PointerByte/GoForge/config/server/grpc/mocksConfig.go:47.63,50.2 2 1
github.com/PointerByte/GoForge/config/server/grpc/mocksConfig.go:53.48,58.2 4 1
github.com/PointerByte/GoForge/config/server/grpc/mocksConfig.go:61.61,64.2 2 1
github.com/PointerByte/GoForge/config/server/grpc/mocksConfig.go:67.38,70.2 2 1
github.com/PointerByte/GoForge/config/server/grpc/mocksConfig.go:73.64,76.2 2 1
github.com/PointerByte/GoForge/config/server/grpc/mocksConfig.go:79.68,84.2 4 1
github.com/PointerByte/GoForge/config/server/grpc/mocksConfig.go:87.80,90.2 2 1
github.com/PointerByte/GoForge/config/server/grpc/mocksConfig.go:93.37,98.2 4 1
github.com/PointerByte/GoForge/config/server/grpc/mocksConfig.go:101.57,104.2 2 1
github.com/PointerByte/GoForge/config/server/grpc/mocksConfig.go:107.50,110.2 2 1
github.com/PointerByte/GoForge/config/server/grpc/mocksConfig.go:113.81,116.2 2 1
github.com/PointerByte/GoForge/config/server/grpc/mocksConfig.go:119.58,122.2 2 1
github.com/PointerByte/GoForge/config/server/grpc/mocksConfig.go:125.83,128.2 2 1
github.com/PointerByte/GoForge/config/server/grpc/mocksConfig.go:131.30,134.2 2 1
github.com/PointerByte/GoForge/config/server/grpc/mocksConfig.go:137.56,140.2 2 1
github.com/PointerByte/GoForge/tools/workers/workers.go:17.13,19.2 1 1
github.com/PointerByte/GoForge/tools/workers/workers.go:21.27,23.2 1 7
github.com/PointerByte/GoForge/tools/workers/workers.go:27.33,28.16 1 2
github.com/PointerByte/GoForge/tools/workers/workers.go:28.16,30.3 1 1
github.com/PointerByte/GoForge/tools/workers/workers.go:31.2,31.39 1 2
github.com/PointerByte/GoForge/tools/workers/workers.go:35.20,39.23 3 7
github.com/PointerByte/GoForge/tools/workers/workers.go:39.23,42.3 2 6
github.com/PointerByte/GoForge/tools/workers/workers.go:43.2,43.26 1 7
github.com/PointerByte/GoForge/tools/workers/workers.go:47.23,50.2 2 1
github.com/PointerByte/GoForge/tools/workers/workers.go:54.19,55.46 1 7
github.com/PointerByte/GoForge/tools/workers/workers.go:55.46,57.3 1 1
github.com/PointerByte/GoForge/tools/workers/workers.go:59.2,66.32 6 6
github.com/PointerByte/GoForge/tools/workers/workers.go:66.32,67.16 1 6
github.com/PointerByte/GoForge/tools/workers/workers.go:67.16,69.26 2 6
github.com/PointerByte/GoForge/tools/workers/workers.go:69.26,72.5 2 0
github.com/PointerByte/GoForge/tools/workers/workers.go:73.4,73.20 1 6
github.com/PointerByte/GoForge/tools/workers/workers.go:76.3,76.7 1 6
github.com/PointerByte/GoForge/tools/workers/workers.go:76.7,77.11 1 13
github.com/PointerByte/GoForge/tools/workers/workers.go:78.16,79.11 1 6
github.com/PointerByte/GoForge/tools/workers/workers.go:80.24,81.14 1 7
github.com/PointerByte/GoForge/main.go:74.39,74.61 1 0
github.com/PointerByte/GoForge/main.go:75.54,75.85 1 0
github.com/PointerByte/GoForge/main.go:76.50,76.82 1 0
github.com/PointerByte/GoForge/main.go:79.47,79.89 1 0
github.com/PointerByte/GoForge/main.go:82.13,83.35 1 5
github.com/PointerByte/GoForge/main.go:84.22,85.43 1 2
github.com/PointerByte/GoForge/main.go:85.43,87.4 1 1
github.com/PointerByte/GoForge/main.go:88.23,89.44 1 2
github.com/PointerByte/GoForge/main.go:89.44,91.4 1 1
github.com/PointerByte/GoForge/main.go:92.10,93.136 1 1
github.com/PointerByte/GoForge/main.go:97.28,99.16 2 3
github.com/PointerByte/GoForge/main.go:99.16,101.3 1 1
github.com/PointerByte/GoForge/main.go:103.2,104.16 2 2
github.com/PointerByte/GoForge/main.go:104.16,106.3 1 1
github.com/PointerByte/GoForge/main.go:108.2,108.41 1 1
github.com/PointerByte/GoForge/main.go:108.41,116.3 3 1
github.com/PointerByte/GoForge/main.go:118.2,119.12 2 1
github.com/PointerByte/GoForge/main.go:122.29,125.55 2 2
github.com/PointerByte/GoForge/main.go:125.55,127.3 1 1
github.com/PointerByte/GoForge/main.go:127.17,129.3 1 1
github.com/PointerByte/GoForge/main.go:130.2,130.20 1 1
github.com/PointerByte/GoForge/main.go:133.105,138.2 2 1
github.com/PointerByte/GoForge/main.go:140.113,146.6 2 3
github.com/PointerByte/GoForge/main.go:146.6,148.10 2 5
github.com/PointerByte/GoForge/main.go:149.31,154.6 1 2
github.com/PointerByte/GoForge/main.go:155.19,156.14 1 1
github.com/PointerByte/GoForge/main.go:157.11,159.34 2 2
github.com/PointerByte/GoForge/main.go:164.115,165.6 1 3
github.com/PointerByte/GoForge/main.go:165.6,167.10 2 4
github.com/PointerByte/GoForge/main.go:168.31,169.14 1 1
github.com/PointerByte/GoForge/main.go:170.19,171.14 1 1
github.com/PointerByte/GoForge/main.go:172.11,179.19 1 2
github.com/PointerByte/GoForge/main.go:179.19,181.5 1 1
github.com/PointerByte/GoForge/tools/aws/ecs/mocksTools.go:28.57,32.2 3 1
github.com/PointerByte/GoForge/tools/aws/ecs/mocksTools.go:35.55,37.2 1 3
github.com/PointerByte/GoForge/tools/aws/ecs/mocksTools.go:40.153,43.27 3 1
github.com/PointerByte/GoForge/tools/aws/ecs/mocksTools.go:43.27,45.3 1 0
github.com/PointerByte/GoForge/tools/aws/ecs/mocksTools.go:46.2,49.19 4 1
github.com/PointerByte/GoForge/tools/aws/ecs/mocksTools.go:53.110,57.2 3 1
github.com/PointerByte/GoForge/tools/aws/ecs/mocksTools.go:60.150,63.27 3 1
github.com/PointerByte/GoForge/tools/aws/ecs/mocksTools.go:63.27,65.3 1 0
github.com/PointerByte/GoForge/tools/aws/ecs/mocksTools.go:66.2,69.19 4 1
github.com/PointerByte/GoForge/tools/aws/ecs/mocksTools.go:73.109,77.2 3 1
github.com/PointerByte/GoForge/tools/aws/ecs/mocksTools.go:80.141,83.27 3 1
github.com/PointerByte/GoForge/tools/aws/ecs/mocksTools.go:83.27,85.3 1 0
github.com/PointerByte/GoForge/tools/aws/ecs/mocksTools.go:86.2,89.19 4 1
github.com/PointerByte/GoForge/tools/aws/ecs/mocksTools.go:93.106,97.2 3 1
github.com/PointerByte/GoForge/tools/aws/ecs/mocksTools.go:111.79,115.2 3 1
github.com/PointerByte/GoForge/tools/aws/ecs/mocksTools.go:118.77,120.2 1 3
github.com/PointerByte/GoForge/tools/aws/ecs/mocksTools.go:123.53,128.2 4 2
github.com/PointerByte/GoForge/tools/aws/ecs/mocksTools.go:131.74,134.2 2 2
github.com/PointerByte/GoForge/tools/aws/ecs/mocksTools.go:137.126,140.27 3 1
github.com/PointerByte/GoForge/tools/aws/ecs/mocksTools.go:140.27,142.3 1 0
github.com/PointerByte/GoForge/tools/aws/ecs/mocksTools.go:143.2,146.19 4 1
github.com/PointerByte/GoForge/tools/aws/ecs/mocksTools.go:150.108,154.2 3 1
github.com/PointerByte/GoForge/tools/aws/ecs/mocksTools.go:168.73,172.2 3 1
github.com/PointerByte/GoForge/tools/aws/ecs/mocksTools.go:175.71,177.2 1 3
github.com/PointerByte/GoForge/tools/aws/ecs/mocksTools.go:180.50,185.2 4 2
github.com/PointerByte/GoForge/tools/aws/ecs/mocksTools.go:188.71,191.2 2 2
github.com/PointerByte/GoForge/tools/aws/ecs/mocksTools.go:194.120,197.27 3 1
github.com/PointerByte/GoForge/tools/aws/ecs/mocksTools.go:197.27,199.3 1 0
github.com/PointerByte/GoForge/tools/aws/ecs/mocksTools.go:200.2,203.19 4 1
github.com/PointerByte/GoForge/tools/aws/ecs/mocksTools.go:207.105,211.2 3 1
github.com/PointerByte/GoForge/tools/aws/ecs/mocksTools.go:225.63,229.2 3 3
github.com/PointerByte/GoForge/tools/aws/ecs/mocksTools.go:232.61,234.2 1 3
github.com/PointerByte/GoForge/tools/aws/ecs/mocksTools.go:237.108,243.2 5 3
github.com/PointerByte/GoForge/tools/aws/ecs/mocksTools.go:246.95,249.2 2 3
github.com/PointerByte/GoForge/tools/aws/ecs/tools.go:45.50,47.3 1 0
github.com/PointerByte/GoForge/tools/aws/ecs/tools.go:48.95,50.3 1 0
github.com/PointerByte/GoForge/tools/aws/ecs/tools.go:51.86,53.3 1 0
github.com/PointerByte/GoForge/tools/aws/ecs/tools.go:69.36,73.2 1 1
github.com/PointerByte/GoForge/tools/aws/ecs/tools.go:130.112,131.20 1 4
github.com/PointerByte/GoForge/tools/aws/ecs/tools.go:131.20,133.3 1 1
github.com/PointerByte/GoForge/tools/aws/ecs/tools.go:135.2,136.16 2 3
github.com/PointerByte/GoForge/tools/aws/ecs/tools.go:136.16,138.3 1 1
github.com/PointerByte/GoForge/tools/aws/ecs/tools.go:139.2,139.12 1 2
github.com/PointerByte/GoForge/tools/aws/ecs/tools.go:139.12,141.3 1 1
github.com/PointerByte/GoForge/tools/aws/ecs/tools.go:143.2,143.29 1 1
github.com/PointerByte/GoForge/tools/aws/ecs/tools.go:143.29,144.16 1 2
github.com/PointerByte/GoForge/tools/aws/ecs/tools.go:144.16,145.12 1 0
github.com/PointerByte/GoForge/tools/aws/ecs/tools.go:147.3,147.33 1 2
github.com/PointerByte/GoForge/tools/aws/ecs/tools.go:149.2,149.8 1 1
github.com/PointerByte/GoForge/tools/aws/ecs/tools.go:161.131,173.14 5 7
github.com/PointerByte/GoForge/tools/aws/ecs/tools.go:173.14,175.3 1 2
github.com/PointerByte/GoForge/tools/aws/ecs/tools.go:176.2,176.9 1 5
github.com/PointerByte/GoForge/tools/aws/ecs/tools.go:176.9,178.3 1 1
github.com/PointerByte/GoForge/tools/aws/ecs/tools.go:180.2,181.16 2 4
github.com/PointerByte/GoForge/tools/aws/ecs/tools.go:181.16,184.3 2 1
github.com/PointerByte/GoForge/tools/aws/ecs/tools.go:185.2,192.16 3 3
github.com/PointerByte/GoForge/tools/aws/ecs/tools.go:192.16,194.3 1 1
github.com/PointerByte/GoForge/tools/aws/ecs/tools.go:195.2,195.30 1 2
github.com/PointerByte/GoForge/tools/aws/ecs/tools.go:195.30,197.3 1 0
github.com/PointerByte/GoForge/tools/aws/ecs/tools.go:199.2,200.41 2 2
github.com/PointerByte/GoForge/tools/aws/ecs/tools.go:200.41,201.28 1 5
github.com/PointerByte/GoForge/tools/aws/ecs/tools.go:201.28,202.12 1 2
github.com/PointerByte/GoForge/tools/aws/ecs/tools.go:204.3,204.39 1 3
github.com/PointerByte/GoForge/tools/aws/ecs/tools.go:207.2,211.16 2 2
github.com/PointerByte/GoForge/tools/aws/ecs/tools.go:211.16,213.3 1 1
github.com/PointerByte/GoForge/tools/aws/ecs/tools.go:215.2,216.34 2 1
github.com/PointerByte/GoForge/tools/aws/ecs/tools.go:216.34,218.15 2 2
github.com/PointerByte/GoForge/tools/aws/ecs/tools.go:218.15,219.12 1 0
github.com/PointerByte/GoForge/tools/aws/ecs/tools.go:221.3,225.5 1 2
github.com/PointerByte/GoForge/tools/aws/ecs/tools.go:228.2,228.23 1 1
github.com/PointerByte/GoForge/tools/aws/ecs/tools.go:240.83,242.38 2 5
github.com/PointerByte/GoForge/tools/aws/ecs/tools.go:242.38,244.3 1 1
github.com/PointerByte/GoForge/tools/aws/ecs/tools.go:246.2,247.16 2 4
github.com/PointerByte/GoForge/tools/aws/ecs/tools.go:247.16,249.3 1 1
github.com/PointerByte/GoForge/tools/aws/ecs/tools.go:250.2,253.30 3 3
github.com/PointerByte/GoForge/tools/aws/ecs/tools.go:253.30,255.17 2 3
github.com/PointerByte/GoForge/tools/aws/ecs/tools.go:255.17,257.4 1 1
github.com/PointerByte/GoForge/tools/aws/ecs/tools.go:258.3,258.42 1 2
github.com/PointerByte/GoForge/tools/aws/ecs/tools.go:258.42,266.37 3 2
github.com/PointerByte/GoForge/tools/aws/ecs/tools.go:266.37,267.24 1 2
github.com/PointerByte/GoForge/tools/aws/ecs/tools.go:267.24,269.6 1 0
github.com/PointerByte/GoForge/tools/aws/ecs/tools.go:271.5,276.20 3 2
github.com/PointerByte/GoForge/tools/aws/ecs/tools.go:276.20,278.6 1 1
github.com/PointerByte/GoForge/tools/aws/ecs/tools.go:280.5,280.37 1 1
github.com/PointerByte/GoForge/tools/aws/ecs/tools.go:280.37,282.34 2 1
github.com/PointerByte/GoForge/tools/aws/ecs/tools.go:282.34,288.7 1 1
github.com/PointerByte/GoForge/tools/aws/ecs/tools.go:291.5,291.29 1 0
github.com/PointerByte/GoForge/tools/aws/ecs/tools.go:294.4,294.33 1 2
github.com/PointerByte/GoForge/tools/aws/ecs/tools.go:294.33,296.20 2 2
github.com/PointerByte/GoForge/tools/aws/ecs/tools.go:296.20,297.11 1 0
github.com/PointerByte/GoForge/tools/aws/ecs/tools.go:299.5,299.43 1 2
github.com/PointerByte/GoForge/tools/aws/ecs/tools.go:299.43,301.27 2 2
github.com/PointerByte/GoForge/tools/aws/ecs/tools.go:301.27,302.32 1 0
github.com/PointerByte/GoForge/tools/aws/ecs/tools.go:302.32,304.8 1 0
github.com/PointerByte/GoForge/tools/aws/ecs/tools.go:309.4,309.29 1 2
github.com/PointerByte/GoForge/tools/aws/ecs/tools.go:309.29,311.5 1 1
github.com/PointerByte/GoForge/tools/aws/ecs/tools.go:315.2,315.31 1 1
github.com/PointerByte/GoForge/tools/aws/ecs/tools.go:320.49,323.16 3 1
github.com/PointerByte/GoForge/tools/aws/ecs/tools.go:323.16,325.3 1 0
github.com/PointerByte/GoForge/tools/aws/ecs/tools.go:327.2,327.29 1 1
github.com/PointerByte/GoForge/tools/aws/ecs/tools.go:327.29,329.30 2 2
github.com/PointerByte/GoForge/tools/aws/ecs/tools.go:329.30,331.32 2 4
github.com/PointerByte/GoForge/tools/aws/ecs/tools.go:332.20,333.18 1 4
github.com/PointerByte/GoForge/tools/aws/ecs/tools.go:334.21,335.18 1 0
github.com/PointerByte/GoForge/tools/aws/ecs/tools.go:337.4,337.55 1 4
github.com/PointerByte/GoForge/tools/aws/ecs/tools.go:337.55,338.13 1 3
github.com/PointerByte/GoForge/tools/aws/ecs/tools.go:340.4,340.27 1 1
github.com/PointerByte/GoForge/tools/aws/ecs/tools.go:344.2,344.17 1 1
github.com/PointerByte/GoForge/tools/aws/ecs/tools.go:349.52,350.46 1 6
github.com/PointerByte/GoForge/tools/aws/ecs/tools.go:350.46,351.78 1 1
github.com/PointerByte/GoForge/tools/aws/ecs/tools.go:351.78,352.46 1 1
github.com/PointerByte/GoForge/tools/aws/ecs/tools.go:352.46,353.90 1 1
github.com/PointerByte/GoForge/tools/aws/ecs/tools.go:353.90,355.6 1 1
github.com/PointerByte/GoForge/tools/aws/ecs/tools.go:360.2,360.44 1 5
github.com/PointerByte/GoForge/tools/aws/ecs/tools.go:360.44,361.64 1 4
github.com/PointerByte/GoForge/tools/aws/ecs/tools.go:361.64,362.50 1 4
github.com/PointerByte/GoForge/tools/aws/ecs/tools.go:362.50,364.5 1 4
github.com/PointerByte/GoForge/tools/aws/ecs/tools.go:367.2,367.11 1 1
github.com/PointerByte/GoForge/tools/aws/ecs/tools.go:372.17,376.16 4 2
github.com/PointerByte/GoForge/tools/aws/ecs/tools.go:376.16,379.3 2 1
github.com/PointerByte/GoForge/tools/aws/ecs/tools.go:380.2,380.28 1 1
github.com/PointerByte/GoForge/config/server/gin/config.go:35.13,38.2 2 1
github.com/PointerByte/GoForge/config/server/gin/config.go:40.29,46.2 5 4
github.com/PointerByte/GoForge/config/server/gin/config.go:49.53,51.2 1 0
github.com/PointerByte/GoForge/config/server/gin/config.go:52.56,54.2 1 0
github.com/PointerByte/GoForge/config/server/gin/config.go:55.74,57.2 1 0
github.com/PointerByte/GoForge/config/server/gin/config.go:65.34,67.2 1 0
github.com/PointerByte/GoForge/config/server/gin/config.go:78.42,82.44 3 8
github.com/PointerByte/GoForge/config/server/gin/config.go:82.44,84.3 1 2
github.com/PointerByte/GoForge/config/server/gin/config.go:85.2,88.16 3 6
github.com/PointerByte/GoForge/config/server/gin/config.go:88.16,90.3 1 1
github.com/PointerByte/GoForge/config/server/gin/config.go:91.2,94.16 3 5
github.com/PointerByte/GoForge/config/server/gin/config.go:94.16,96.3 1 1
github.com/PointerByte/GoForge/config/server/gin/config.go:97.2,98.12 2 4
github.com/PointerByte/GoForge/config/server/gin/config.go:101.32,103.20 2 5
github.com/PointerByte/GoForge/config/server/gin/config.go:103.20,104.31 1 1
github.com/PointerByte/GoForge/config/server/gin/config.go:104.31,106.4 1 1
github.com/PointerByte/GoForge/config/server/gin/config.go:108.2,110.30 3 4
github.com/PointerByte/GoForge/config/server/gin/config.go:110.30,111.27 1 4
github.com/PointerByte/GoForge/config/server/gin/config.go:111.27,116.4 2 1
github.com/PointerByte/GoForge/config/server/gin/config.go:117.3,117.11 1 3
github.com/PointerByte/GoForge/config/server/gin/config.go:136.30,138.2 1 4
github.com/PointerByte/GoForge/config/server/gin/config.go:148.40,150.2 1 2
github.com/PointerByte/GoForge/config/server/gin/config.go:154.29,155.49 1 9
github.com/PointerByte/GoForge/config/server/gin/config.go:155.49,157.3 1 4
github.com/PointerByte/GoForge/config/server/gin/config.go:159.2,165.55 3 5
github.com/PointerByte/GoForge/config/server/gin/config.go:166.16,167.32 1 1
github.com/PointerByte/GoForge/config/server/gin/config.go:168.16,169.32 1 1
github.com/PointerByte/GoForge/config/server/gin/config.go:170.16,171.32 1 1
github.com/PointerByte/GoForge/config/server/gin/config.go:172.16,173.32 1 1
github.com/PointerByte/GoForge/config/server/gin/config.go:175.2,178.3 1 5
github.com/PointerByte/GoForge/config/server/gin/config.go:181.31,184.33 3 6
github.com/PointerByte/GoForge/config/server/gin/config.go:184.33,186.3 1 4
github.com/PointerByte/GoForge/config/server/gin/config.go:188.2,188.37 1 2
github.com/PointerByte/GoForge/config/server/gin/config.go:188.37,189.32 1 0
github.com/PointerByte/GoForge/config/server/gin/config.go:189.32,191.4 1 0
github.com/PointerByte/GoForge/config/server/gin/config.go:192.3,192.13 1 0
github.com/PointerByte/GoForge/config/server/gin/config.go:195.2,197.37 3 2
github.com/PointerByte/GoForge/config/server/gin/config.go:197.37,199.3 1 1
github.com/PointerByte/GoForge/config/server/gin/config.go:201.2,202.16 2 1
github.com/PointerByte/GoForge/config/server/gin/config.go:202.16,204.3 1 0
github.com/PointerByte/GoForge/config/server/gin/config.go:206.2,210.12 2 1
github.com/PointerByte/GoForge/config/server/gin/config.go:213.32,214.46 1 5
github.com/PointerByte/GoForge/config/server/gin/config.go:214.46,216.3 1 3
github.com/PointerByte/GoForge/config/server/gin/config.go:217.2,217.22 1 2
github.com/PointerByte/GoForge/config/server/gin/config.go:217.22,219.3 1 0
github.com/PointerByte/GoForge/config/server/gin/config.go:221.2,222.24 2 2
github.com/PointerByte/GoForge/config/server/gin/config.go:222.24,224.3 1 1
github.com/PointerByte/GoForge/config/server/gin/config.go:226.2,227.16 2 1
github.com/PointerByte/GoForge/config/server/gin/config.go:227.16,229.3 1 0
github.com/PointerByte/GoForge/config/server/gin/config.go:231.2,232.37 2 1
github.com/PointerByte/GoForge/config/server/gin/config.go:232.37,234.3 1 0
github.com/PointerByte/GoForge/config/server/gin/config.go:235.2,237.12 3 1
github.com/PointerByte/GoForge/config/server/gin/config.go:240.41,241.49 1 3
github.com/PointerByte/GoForge/config/server/gin/config.go:242.16,243.26 1 1
github.com/PointerByte/GoForge/config/server/gin/config.go:244.16,245.26 1 0
github.com/PointerByte/GoForge/config/server/gin/config.go:246.16,247.26 1 1
github.com/PointerByte/GoForge/config/server/gin/config.go:248.10,249.26 1 1
github.com/PointerByte/GoForge/config/server/gin/config.go:253.53,254.49 1 2
github.com/PointerByte/GoForge/config/server/gin/config.go:255.50,256.31 1 1
github.com/PointerByte/GoForge/config/server/gin/config.go:257.57,258.34 1 0
github.com/PointerByte/GoForge/config/server/gin/config.go:259.64,260.37 1 1
github.com/PointerByte/GoForge/config/server/gin/config.go:261.40,262.26 1 0
github.com/PointerByte/GoForge/config/server/gin/config.go:263.10,264.40 1 0
github.com/PointerByte/GoForge/config/server/gin/config.go:273.40,276.16 2 4
github.com/PointerByte/GoForge/config/server/gin/config.go:276.16,278.3 1 0
github.com/PointerByte/GoForge/config/server/gin/config.go:280.2,280.40 1 4
github.com/PointerByte/GoForge/config/server/gin/config.go:280.40,282.3 1 1
github.com/PointerByte/GoForge/config/server/gin/config.go:285.2,306.27 10 3
github.com/PointerByte/GoForge/config/server/gin/config.go:306.27,310.3 3 3
github.com/PointerByte/GoForge/config/server/gin/config.go:311.2,313.43 3 3
github.com/PointerByte/GoForge/config/server/gin/config.go:313.43,315.3 1 0
github.com/PointerByte/GoForge/config/server/gin/config.go:316.2,316.44 1 3
github.com/PointerByte/GoForge/config/server/gin/config.go:316.44,318.3 1 0
github.com/PointerByte/GoForge/config/server/gin/config.go:319.2,323.8 1 3
github.com/PointerByte/GoForge/config/server/gin/config.go:333.30,338.20 3 3
github.com/PointerByte/GoForge/config/server/gin/config.go:338.20,339.27 1 3
github.com/PointerByte/GoForge/config/server/gin/config.go:339.27,340.92 1 1
github.com/PointerByte/GoForge/config/server/gin/config.go:340.92,341.15 1 0
github.com/PointerByte/GoForge/config/server/gin/config.go:343.4,343.10 1 1
github.com/PointerByte/GoForge/config/server/gin/config.go:345.3,345.88 1 2
github.com/PointerByte/GoForge/config/server/gin/config.go:345.88,346.14 1 1
github.com/PointerByte/GoForge/config/server/gin/config.go:351.2,355.17 4 2
github.com/PointerByte/GoForge/config/server/gin/config.go:358.35,368.33 6 3
github.com/PointerByte/GoForge/config/server/gin/config.go:368.33,370.3 1 0
github.com/PointerByte/GoForge/config/server/gin/config.go:372.2,372.51 1 3
github.com/PointerByte/GoForge/config/server/gin/config.go:372.51,375.3 2 1
github.com/PointerByte/GoForge/config/server/gin/config.go:376.2,376.47 1 2
github.com/PointerByte/GoForge/config/server/gin/config.go:379.30,385.2 4 0
github.com/PointerByte/GoForge/config/server/gin/config.go:391.13,394.2 2 1
github.com/PointerByte/GoForge/config/server/gin/config.go:400.20,405.2 4 1
github.com/PointerByte/GoForge/config/server/gin/handlers.go:22.34,23.32 1 5
github.com/PointerByte/GoForge/config/server/gin/handlers.go:23.32,28.3 1 4
github.com/PointerByte/GoForge/config/server/gin/handlers.go:32.33,33.32 1 4
github.com/PointerByte/GoForge/config/server/gin/handlers.go:33.32,37.3 1 1
github.com/PointerByte/GoForge/config/server/gin/handlers.go:40.33,41.32 1 4
github.com/PointerByte/GoForge/config/server/gin/handlers.go:41.32,45.3 1 1
github.com/PointerByte/GoForge/config/server/gin/handlers.go:54.60,56.2 1 3
github.com/PointerByte/GoForge/config/server/gin/handlers.go:62.39,64.2 1 2
github.com/PointerByte/GoForge/config/server/gin/handlers.go:78.32,79.30 1 7
github.com/PointerByte/GoForge/config/server/gin/handlers.go:79.30,84.21 4 4
github.com/PointerByte/GoForge/config/server/gin/handlers.go:84.21,91.4 3 1
github.com/PointerByte/GoForge/config/server/gin/handlers.go:93.3,94.39 2 3
github.com/PointerByte/GoForge/config/server/gin/handlers.go:94.39,95.31 1 1
github.com/PointerByte/GoForge/config/server/gin/handlers.go:95.31,102.5 3 1
github.com/PointerByte/GoForge/config/server/gin/handlers.go:104.3,105.67 2 2
github.com/PointerByte/GoForge/config/server/gin/handlers.go:105.67,112.4 3 1
github.com/PointerByte/GoForge/config/server/gin/handlers.go:113.3,117.5 2 1
github.com/PointerByte/GoForge/config/server/gin/handlers.go:123.83,126.2 2 1
github.com/PointerByte/GoForge/config/server/gin/handlers.go:134.91,139.26 4 4
github.com/PointerByte/GoForge/config/server/gin/handlers.go:139.26,141.24 2 5
github.com/PointerByte/GoForge/config/server/gin/handlers.go:141.24,147.42 3 5
github.com/PointerByte/GoForge/config/server/gin/handlers.go:147.42,148.28 1 4
github.com/PointerByte/GoForge/config/server/gin/handlers.go:148.28,150.6 1 4
github.com/PointerByte/GoForge/config/server/gin/handlers.go:152.4,160.6 3 5
github.com/PointerByte/GoForge/config/server/gin/handlers.go:163.2,166.27 3 4
github.com/PointerByte/GoForge/config/server/gin/handlers.go:166.27,167.17 1 4
github.com/PointerByte/GoForge/config/server/gin/handlers.go:167.17,168.12 1 2
github.com/PointerByte/GoForge/config/server/gin/handlers.go:170.3,170.13 1 2
github.com/PointerByte/GoForge/config/server/gin/handlers.go:172.2,172.12 1 2
github.com/PointerByte/GoForge/config/server/gin/routes.go:12.50,14.2 1 4
github.com/PointerByte/GoForge/config/server/gin/routes.go:19.60,21.2 1 3
github.com/PointerByte/GoForge/tools/k8s/pods/mocksTools.go:27.63,31.2 3 3
github.com/PointerByte/GoForge/tools/k8s/pods/mocksTools.go:34.61,36.2 1 3
github.com/PointerByte/GoForge/tools/k8s/pods/mocksTools.go:39.122,45.2 5 3
github.com/PointerByte/GoForge/tools/k8s/pods/mocksTools.go:48.102,51.2 2 3
github.com/PointerByte/GoForge/tools/k8s/pods/tools.go:32.75,34.3 1 0
github.com/PointerByte/GoForge/tools/k8s/pods/tools.go:38.28,40.3 1 0
github.com/PointerByte/GoForge/tools/k8s/pods/tools.go:59.36,63.2 1 1
github.com/PointerByte/GoForge/tools/k8s/pods/tools.go:121.117,122.20 1 8
github.com/PointerByte/GoForge/tools/k8s/pods/tools.go:122.20,124.3 1 1
github.com/PointerByte/GoForge/tools/k8s/pods/tools.go:125.2,135.16 5 7
github.com/PointerByte/GoForge/tools/k8s/pods/tools.go:135.16,136.43 1 2
github.com/PointerByte/GoForge/tools/k8s/pods/tools.go:136.43,138.4 1 1
github.com/PointerByte/GoForge/tools/k8s/pods/tools.go:139.3,140.72 2 1
github.com/PointerByte/GoForge/tools/k8s/pods/tools.go:143.2,144.16 2 5
github.com/PointerByte/GoForge/tools/k8s/pods/tools.go:144.16,147.3 2 1
github.com/PointerByte/GoForge/tools/k8s/pods/tools.go:149.2,155.16 3 4
github.com/PointerByte/GoForge/tools/k8s/pods/tools.go:155.16,158.3 2 1
github.com/PointerByte/GoForge/tools/k8s/pods/tools.go:160.2,160.33 1 3
github.com/PointerByte/GoForge/tools/k8s/pods/tools.go:160.33,163.3 2 1
github.com/PointerByte/GoForge/tools/k8s/pods/tools.go:165.2,171.16 2 2
github.com/PointerByte/GoForge/tools/k8s/pods/tools.go:171.16,174.3 2 1
github.com/PointerByte/GoForge/tools/k8s/pods/tools.go:176.2,177.33 2 1
github.com/PointerByte/GoForge/tools/k8s/pods/tools.go:177.33,178.30 1 4
github.com/PointerByte/GoForge/tools/k8s/pods/tools.go:178.30,180.4 1 1
github.com/PointerByte/GoForge/tools/k8s/pods/tools.go:182.2,182.19 1 1
github.com/PointerByte/GoForge/tools/k8s/pods/tools.go:187.60,189.35 2 3
github.com/PointerByte/GoForge/tools/k8s/pods/tools.go:189.35,191.3 1 5
github.com/PointerByte/GoForge/tools/k8s/pods/tools.go:192.2,192.33 1 3
github.com/PointerByte/GoForge/tools/k8s/pods/tools.go:197.42,198.65 1 6
github.com/PointerByte/GoForge/tools/k8s/pods/tools.go:198.65,200.3 1 3
github.com/PointerByte/GoForge/tools/k8s/pods/tools.go:201.2,201.45 1 3
github.com/PointerByte/GoForge/tools/k8s/pods/tools.go:201.45,202.66 1 3
github.com/PointerByte/GoForge/tools/k8s/pods/tools.go:202.66,204.4 1 2
github.com/PointerByte/GoForge/tools/k8s/pods/tools.go:206.2,206.14 1 1
github.com/PointerByte/GoForge/tools/k8s/pods/tools.go:211.17,216.16 5 2
github.com/PointerByte/GoForge/tools/k8s/pods/tools.go:216.16,219.3 2 1
github.com/PointerByte/GoForge/tools/k8s/pods/tools.go:220.2,221.81 2 1
