mode: atomic
github.com/PointerByte/QuicksGo/tools/k8s/pods/tools.go:28.75,30.3 1 0
github.com/PointerByte/QuicksGo/tools/k8s/pods/tools.go:34.28,36.3 1 0
github.com/PointerByte/QuicksGo/tools/k8s/pods/tools.go:52.36,56.2 1 1
github.com/PointerByte/QuicksGo/tools/k8s/pods/tools.go:60.117,61.20 1 7
github.com/PointerByte/QuicksGo/tools/k8s/pods/tools.go:61.20,63.3 1 1
github.com/PointerByte/QuicksGo/tools/k8s/pods/tools.go:64.2,74.16 5 6
github.com/PointerByte/QuicksGo/tools/k8s/pods/tools.go:74.16,77.3 2 1
github.com/PointerByte/QuicksGo/tools/k8s/pods/tools.go:79.2,80.16 2 5
github.com/PointerByte/QuicksGo/tools/k8s/pods/tools.go:80.16,83.3 2 1
github.com/PointerByte/QuicksGo/tools/k8s/pods/tools.go:85.2,91.16 3 4
github.com/PointerByte/QuicksGo/tools/k8s/pods/tools.go:91.16,94.3 2 1
github.com/PointerByte/QuicksGo/tools/k8s/pods/tools.go:96.2,96.33 1 3
github.com/PointerByte/QuicksGo/tools/k8s/pods/tools.go:96.33,99.3 2 1
github.com/PointerByte/QuicksGo/tools/k8s/pods/tools.go:101.2,107.16 2 2
github.com/PointerByte/QuicksGo/tools/k8s/pods/tools.go:107.16,110.3 2 1
github.com/PointerByte/QuicksGo/tools/k8s/pods/tools.go:112.2,113.33 2 1
github.com/PointerByte/QuicksGo/tools/k8s/pods/tools.go:113.33,114.30 1 4
github.com/PointerByte/QuicksGo/tools/k8s/pods/tools.go:114.30,116.4 1 1
github.com/PointerByte/QuicksGo/tools/k8s/pods/tools.go:118.2,118.19 1 1
github.com/PointerByte/QuicksGo/tools/k8s/pods/tools.go:123.60,125.35 2 3
github.com/PointerByte/QuicksGo/tools/k8s/pods/tools.go:125.35,127.3 1 5
github.com/PointerByte/QuicksGo/tools/k8s/pods/tools.go:128.2,128.33 1 3
github.com/PointerByte/QuicksGo/tools/k8s/pods/tools.go:133.42,134.65 1 6
github.com/PointerByte/QuicksGo/tools/k8s/pods/tools.go:134.65,136.3 1 3
github.com/PointerByte/QuicksGo/tools/k8s/pods/tools.go:137.2,137.45 1 3
github.com/PointerByte/QuicksGo/tools/k8s/pods/tools.go:137.45,138.66 1 3
github.com/PointerByte/QuicksGo/tools/k8s/pods/tools.go:138.66,140.4 1 2
github.com/PointerByte/QuicksGo/tools/k8s/pods/tools.go:142.2,142.14 1 1
github.com/PointerByte/QuicksGo/main.go:13.13,15.2 1 0
github.com/PointerByte/QuicksGo/tools/aws/config.go:11.67,13.16 2 0
github.com/PointerByte/QuicksGo/tools/aws/config.go:13.16,15.3 1 0
github.com/PointerByte/QuicksGo/tools/aws/config.go:17.2,18.17 2 0
github.com/PointerByte/QuicksGo/tools/aws/ecs/tools.go:33.36,37.2 1 0
github.com/PointerByte/QuicksGo/tools/aws/ecs/tools.go:41.108,42.20 1 0
github.com/PointerByte/QuicksGo/tools/aws/ecs/tools.go:42.20,44.3 1 0
github.com/PointerByte/QuicksGo/tools/aws/ecs/tools.go:46.2,47.16 2 0
github.com/PointerByte/QuicksGo/tools/aws/ecs/tools.go:47.16,49.3 1 0
github.com/PointerByte/QuicksGo/tools/aws/ecs/tools.go:50.2,50.12 1 0
github.com/PointerByte/QuicksGo/tools/aws/ecs/tools.go:50.12,52.3 1 0
github.com/PointerByte/QuicksGo/tools/aws/ecs/tools.go:54.2,54.29 1 0
github.com/PointerByte/QuicksGo/tools/aws/ecs/tools.go:54.29,55.16 1 0
github.com/PointerByte/QuicksGo/tools/aws/ecs/tools.go:55.16,56.12 1 0
github.com/PointerByte/QuicksGo/tools/aws/ecs/tools.go:58.3,58.33 1 0
github.com/PointerByte/QuicksGo/tools/aws/ecs/tools.go:60.2,60.8 1 0
github.com/PointerByte/QuicksGo/tools/aws/ecs/tools.go:72.131,84.14 5 0
github.com/PointerByte/QuicksGo/tools/aws/ecs/tools.go:84.14,86.3 1 0
github.com/PointerByte/QuicksGo/tools/aws/ecs/tools.go:87.2,87.9 1 0
github.com/PointerByte/QuicksGo/tools/aws/ecs/tools.go:87.9,89.3 1 0
github.com/PointerByte/QuicksGo/tools/aws/ecs/tools.go:91.2,92.16 2 0
github.com/PointerByte/QuicksGo/tools/aws/ecs/tools.go:92.16,95.3 2 0
github.com/PointerByte/QuicksGo/tools/aws/ecs/tools.go:96.2,103.16 3 0
github.com/PointerByte/QuicksGo/tools/aws/ecs/tools.go:103.16,105.3 1 0
github.com/PointerByte/QuicksGo/tools/aws/ecs/tools.go:106.2,106.30 1 0
github.com/PointerByte/QuicksGo/tools/aws/ecs/tools.go:106.30,108.3 1 0
github.com/PointerByte/QuicksGo/tools/aws/ecs/tools.go:110.2,111.41 2 0
github.com/PointerByte/QuicksGo/tools/aws/ecs/tools.go:111.41,112.28 1 0
github.com/PointerByte/QuicksGo/tools/aws/ecs/tools.go:112.28,113.12 1 0
github.com/PointerByte/QuicksGo/tools/aws/ecs/tools.go:115.3,115.39 1 0
github.com/PointerByte/QuicksGo/tools/aws/ecs/tools.go:118.2,122.16 2 0
github.com/PointerByte/QuicksGo/tools/aws/ecs/tools.go:122.16,124.3 1 0
github.com/PointerByte/QuicksGo/tools/aws/ecs/tools.go:126.2,127.34 2 0
github.com/PointerByte/QuicksGo/tools/aws/ecs/tools.go:127.34,129.15 2 0
github.com/PointerByte/QuicksGo/tools/aws/ecs/tools.go:129.15,130.12 1 0
github.com/PointerByte/QuicksGo/tools/aws/ecs/tools.go:132.3,136.5 1 0
github.com/PointerByte/QuicksGo/tools/aws/ecs/tools.go:139.2,139.23 1 0
github.com/PointerByte/QuicksGo/tools/aws/ecs/tools.go:151.83,153.38 2 0
github.com/PointerByte/QuicksGo/tools/aws/ecs/tools.go:153.38,155.3 1 0
github.com/PointerByte/QuicksGo/tools/aws/ecs/tools.go:157.2,158.16 2 0
github.com/PointerByte/QuicksGo/tools/aws/ecs/tools.go:158.16,160.3 1 0
github.com/PointerByte/QuicksGo/tools/aws/ecs/tools.go:161.2,164.30 3 0
github.com/PointerByte/QuicksGo/tools/aws/ecs/tools.go:164.30,166.17 2 0
github.com/PointerByte/QuicksGo/tools/aws/ecs/tools.go:166.17,168.4 1 0
github.com/PointerByte/QuicksGo/tools/aws/ecs/tools.go:169.3,169.42 1 0
github.com/PointerByte/QuicksGo/tools/aws/ecs/tools.go:169.42,177.37 3 0
github.com/PointerByte/QuicksGo/tools/aws/ecs/tools.go:177.37,178.24 1 0
github.com/PointerByte/QuicksGo/tools/aws/ecs/tools.go:178.24,180.6 1 0
github.com/PointerByte/QuicksGo/tools/aws/ecs/tools.go:182.5,187.20 3 0
github.com/PointerByte/QuicksGo/tools/aws/ecs/tools.go:187.20,189.6 1 0
github.com/PointerByte/QuicksGo/tools/aws/ecs/tools.go:191.5,191.37 1 0
github.com/PointerByte/QuicksGo/tools/aws/ecs/tools.go:191.37,193.34 2 0
github.com/PointerByte/QuicksGo/tools/aws/ecs/tools.go:193.34,199.7 1 0
github.com/PointerByte/QuicksGo/tools/aws/ecs/tools.go:202.5,202.29 1 0
github.com/PointerByte/QuicksGo/tools/aws/ecs/tools.go:205.4,205.33 1 0
github.com/PointerByte/QuicksGo/tools/aws/ecs/tools.go:205.33,207.20 2 0
github.com/PointerByte/QuicksGo/tools/aws/ecs/tools.go:207.20,208.11 1 0
github.com/PointerByte/QuicksGo/tools/aws/ecs/tools.go:210.5,210.43 1 0
github.com/PointerByte/QuicksGo/tools/aws/ecs/tools.go:210.43,212.27 2 0
github.com/PointerByte/QuicksGo/tools/aws/ecs/tools.go:212.27,213.32 1 0
github.com/PointerByte/QuicksGo/tools/aws/ecs/tools.go:213.32,215.8 1 0
github.com/PointerByte/QuicksGo/tools/aws/ecs/tools.go:220.4,220.29 1 0
github.com/PointerByte/QuicksGo/tools/aws/ecs/tools.go:220.29,222.5 1 0
github.com/PointerByte/QuicksGo/tools/aws/ecs/tools.go:226.2,226.31 1 0
github.com/PointerByte/QuicksGo/tools/aws/ecs/tools.go:231.49,234.16 3 0
github.com/PointerByte/QuicksGo/tools/aws/ecs/tools.go:234.16,236.3 1 0
github.com/PointerByte/QuicksGo/tools/aws/ecs/tools.go:238.2,238.29 1 0
github.com/PointerByte/QuicksGo/tools/aws/ecs/tools.go:238.29,240.30 2 0
github.com/PointerByte/QuicksGo/tools/aws/ecs/tools.go:240.30,242.32 2 0
github.com/PointerByte/QuicksGo/tools/aws/ecs/tools.go:243.20,244.18 1 0
github.com/PointerByte/QuicksGo/tools/aws/ecs/tools.go:245.21,246.18 1 0
github.com/PointerByte/QuicksGo/tools/aws/ecs/tools.go:248.4,248.55 1 0
github.com/PointerByte/QuicksGo/tools/aws/ecs/tools.go:248.55,249.13 1 0
github.com/PointerByte/QuicksGo/tools/aws/ecs/tools.go:251.4,251.27 1 0
github.com/PointerByte/QuicksGo/tools/aws/ecs/tools.go:255.2,255.17 1 0
github.com/PointerByte/QuicksGo/tools/aws/ecs/tools.go:260.52,261.46 1 0
github.com/PointerByte/QuicksGo/tools/aws/ecs/tools.go:261.46,262.78 1 0
github.com/PointerByte/QuicksGo/tools/aws/ecs/tools.go:262.78,263.46 1 0
github.com/PointerByte/QuicksGo/tools/aws/ecs/tools.go:263.46,264.90 1 0
github.com/PointerByte/QuicksGo/tools/aws/ecs/tools.go:264.90,266.6 1 0
github.com/PointerByte/QuicksGo/tools/aws/ecs/tools.go:271.2,271.44 1 0
github.com/PointerByte/QuicksGo/tools/aws/ecs/tools.go:271.44,272.64 1 0
github.com/PointerByte/QuicksGo/tools/aws/ecs/tools.go:272.64,273.50 1 0
github.com/PointerByte/QuicksGo/tools/aws/ecs/tools.go:273.50,275.5 1 0
github.com/PointerByte/QuicksGo/tools/aws/ecs/tools.go:279.2,279.11 1 0
