mode: atomic
github.com/PointerByte/QuicksGo/encrypt/repository.go:15.51,22.2 1 1
github.com/PointerByte/QuicksGo/encrypt/azure-key-vault/repository.go:45.119,47.3 1 0
github.com/PointerByte/QuicksGo/encrypt/azure-key-vault/repository.go:48.103,50.3 1 0
github.com/PointerByte/QuicksGo/encrypt/azure-key-vault/repository.go:86.51,88.2 1 5
github.com/PointerByte/QuicksGo/encrypt/azure-key-vault/repository.go:90.41,92.2 1 2
github.com/PointerByte/QuicksGo/encrypt/azure-key-vault/repository.go:94.53,96.2 1 4
github.com/PointerByte/QuicksGo/encrypt/azure-key-vault/repository.go:98.51,100.2 1 3
github.com/PointerByte/QuicksGo/encrypt/azure-key-vault/repository.go:102.34,109.2 1 1
github.com/PointerByte/QuicksGo/encrypt/azure-key-vault/repository.go:111.145,112.31 1 4
github.com/PointerByte/QuicksGo/encrypt/azure-key-vault/repository.go:112.31,114.3 1 1
github.com/PointerByte/QuicksGo/encrypt/azure-key-vault/repository.go:116.2,117.16 2 3
github.com/PointerByte/QuicksGo/encrypt/azure-key-vault/repository.go:117.16,119.3 1 0
github.com/PointerByte/QuicksGo/encrypt/azure-key-vault/repository.go:121.2,129.16 3 3
github.com/PointerByte/QuicksGo/encrypt/azure-key-vault/repository.go:129.16,131.3 1 1
github.com/PointerByte/QuicksGo/encrypt/azure-key-vault/repository.go:133.2,134.16 2 2
github.com/PointerByte/QuicksGo/encrypt/azure-key-vault/repository.go:134.16,136.3 1 0
github.com/PointerByte/QuicksGo/encrypt/azure-key-vault/repository.go:137.2,137.97 1 2
github.com/PointerByte/QuicksGo/encrypt/azure-key-vault/repository.go:140.133,141.40 1 4
github.com/PointerByte/QuicksGo/encrypt/azure-key-vault/repository.go:141.40,143.3 1 1
github.com/PointerByte/QuicksGo/encrypt/azure-key-vault/repository.go:145.2,146.16 2 3
github.com/PointerByte/QuicksGo/encrypt/azure-key-vault/repository.go:146.16,148.3 1 0
github.com/PointerByte/QuicksGo/encrypt/azure-key-vault/repository.go:149.2,150.16 2 3
github.com/PointerByte/QuicksGo/encrypt/azure-key-vault/repository.go:150.16,152.3 1 0
github.com/PointerByte/QuicksGo/encrypt/azure-key-vault/repository.go:154.2,159.16 2 3
github.com/PointerByte/QuicksGo/encrypt/azure-key-vault/repository.go:159.16,161.3 1 2
github.com/PointerByte/QuicksGo/encrypt/azure-key-vault/repository.go:163.2,168.16 2 1
github.com/PointerByte/QuicksGo/encrypt/azure-key-vault/repository.go:168.16,170.3 1 0
github.com/PointerByte/QuicksGo/encrypt/azure-key-vault/repository.go:171.2,171.61 1 1
github.com/PointerByte/QuicksGo/encrypt/azure-key-vault/repository.go:174.139,175.40 1 8
github.com/PointerByte/QuicksGo/encrypt/azure-key-vault/repository.go:175.40,177.3 1 1
github.com/PointerByte/QuicksGo/encrypt/azure-key-vault/repository.go:179.2,180.16 2 7
github.com/PointerByte/QuicksGo/encrypt/azure-key-vault/repository.go:180.16,182.3 1 0
github.com/PointerByte/QuicksGo/encrypt/azure-key-vault/repository.go:183.2,184.16 2 7
github.com/PointerByte/QuicksGo/encrypt/azure-key-vault/repository.go:184.16,186.3 1 0
github.com/PointerByte/QuicksGo/encrypt/azure-key-vault/repository.go:188.2,189.16 2 7
github.com/PointerByte/QuicksGo/encrypt/azure-key-vault/repository.go:189.16,191.3 1 1
github.com/PointerByte/QuicksGo/encrypt/azure-key-vault/repository.go:192.2,193.63 2 6
github.com/PointerByte/QuicksGo/encrypt/azure-key-vault/repository.go:193.63,195.3 1 1
github.com/PointerByte/QuicksGo/encrypt/azure-key-vault/repository.go:197.2,198.16 2 5
github.com/PointerByte/QuicksGo/encrypt/azure-key-vault/repository.go:198.16,200.3 1 1
github.com/PointerByte/QuicksGo/encrypt/azure-key-vault/repository.go:201.2,202.16 2 4
github.com/PointerByte/QuicksGo/encrypt/azure-key-vault/repository.go:202.16,204.3 1 1
github.com/PointerByte/QuicksGo/encrypt/azure-key-vault/repository.go:205.2,206.16 2 3
github.com/PointerByte/QuicksGo/encrypt/azure-key-vault/repository.go:206.16,208.3 1 1
github.com/PointerByte/QuicksGo/encrypt/azure-key-vault/repository.go:210.2,217.16 2 2
github.com/PointerByte/QuicksGo/encrypt/azure-key-vault/repository.go:217.16,219.3 1 1
github.com/PointerByte/QuicksGo/encrypt/azure-key-vault/repository.go:220.2,220.37 1 1
github.com/PointerByte/QuicksGo/encrypt/azure-key-vault/repository.go:223.103,224.44 1 3
github.com/PointerByte/QuicksGo/encrypt/azure-key-vault/repository.go:224.44,226.3 1 1
github.com/PointerByte/QuicksGo/encrypt/azure-key-vault/repository.go:228.2,229.16 2 2
github.com/PointerByte/QuicksGo/encrypt/azure-key-vault/repository.go:229.16,231.3 1 0
github.com/PointerByte/QuicksGo/encrypt/azure-key-vault/repository.go:232.2,233.16 2 2
github.com/PointerByte/QuicksGo/encrypt/azure-key-vault/repository.go:233.16,235.3 1 0
github.com/PointerByte/QuicksGo/encrypt/azure-key-vault/repository.go:237.2,241.16 2 2
github.com/PointerByte/QuicksGo/encrypt/azure-key-vault/repository.go:241.16,243.3 1 1
github.com/PointerByte/QuicksGo/encrypt/azure-key-vault/repository.go:244.2,244.59 1 1
github.com/PointerByte/QuicksGo/encrypt/azure-key-vault/repository.go:247.115,248.44 1 4
github.com/PointerByte/QuicksGo/encrypt/azure-key-vault/repository.go:248.44,250.3 1 1
github.com/PointerByte/QuicksGo/encrypt/azure-key-vault/repository.go:252.2,253.16 2 3
github.com/PointerByte/QuicksGo/encrypt/azure-key-vault/repository.go:253.16,255.3 1 0
github.com/PointerByte/QuicksGo/encrypt/azure-key-vault/repository.go:256.2,257.16 2 3
github.com/PointerByte/QuicksGo/encrypt/azure-key-vault/repository.go:257.16,259.3 1 0
github.com/PointerByte/QuicksGo/encrypt/azure-key-vault/repository.go:261.2,262.16 2 3
github.com/PointerByte/QuicksGo/encrypt/azure-key-vault/repository.go:262.16,264.3 1 1
github.com/PointerByte/QuicksGo/encrypt/azure-key-vault/repository.go:265.2,270.16 2 2
github.com/PointerByte/QuicksGo/encrypt/azure-key-vault/repository.go:270.16,272.3 1 1
github.com/PointerByte/QuicksGo/encrypt/azure-key-vault/repository.go:273.2,273.34 1 1
github.com/PointerByte/QuicksGo/encrypt/azure-key-vault/repository.go:276.89,278.2 1 1
github.com/PointerByte/QuicksGo/encrypt/azure-key-vault/repository.go:280.86,282.2 1 1
github.com/PointerByte/QuicksGo/encrypt/azure-key-vault/repository.go:284.143,286.16 2 3
github.com/PointerByte/QuicksGo/encrypt/azure-key-vault/repository.go:286.16,288.3 1 1
github.com/PointerByte/QuicksGo/encrypt/azure-key-vault/repository.go:290.2,291.16 2 2
github.com/PointerByte/QuicksGo/encrypt/azure-key-vault/repository.go:291.16,293.3 1 0
github.com/PointerByte/QuicksGo/encrypt/azure-key-vault/repository.go:295.2,306.16 3 2
github.com/PointerByte/QuicksGo/encrypt/azure-key-vault/repository.go:306.16,308.3 1 0
github.com/PointerByte/QuicksGo/encrypt/azure-key-vault/repository.go:310.2,311.16 2 2
github.com/PointerByte/QuicksGo/encrypt/azure-key-vault/repository.go:311.16,313.3 1 0
github.com/PointerByte/QuicksGo/encrypt/azure-key-vault/repository.go:314.2,315.16 2 2
github.com/PointerByte/QuicksGo/encrypt/azure-key-vault/repository.go:315.16,317.3 1 0
github.com/PointerByte/QuicksGo/encrypt/azure-key-vault/repository.go:319.2,320.16 2 2
github.com/PointerByte/QuicksGo/encrypt/azure-key-vault/repository.go:320.16,322.3 1 0
github.com/PointerByte/QuicksGo/encrypt/azure-key-vault/repository.go:323.2,328.8 1 2
github.com/PointerByte/QuicksGo/encrypt/azure-key-vault/repository.go:331.146,335.2 3 2
github.com/PointerByte/QuicksGo/encrypt/azure-key-vault/repository.go:337.118,338.76 1 4
github.com/PointerByte/QuicksGo/encrypt/azure-key-vault/repository.go:338.76,340.3 1 1
github.com/PointerByte/QuicksGo/encrypt/azure-key-vault/repository.go:342.2,343.16 2 3
github.com/PointerByte/QuicksGo/encrypt/azure-key-vault/repository.go:343.16,345.3 1 0
github.com/PointerByte/QuicksGo/encrypt/azure-key-vault/repository.go:346.2,347.16 2 3
github.com/PointerByte/QuicksGo/encrypt/azure-key-vault/repository.go:347.16,349.3 1 0
github.com/PointerByte/QuicksGo/encrypt/azure-key-vault/repository.go:351.2,355.16 2 3
github.com/PointerByte/QuicksGo/encrypt/azure-key-vault/repository.go:355.16,357.3 1 2
github.com/PointerByte/QuicksGo/encrypt/azure-key-vault/repository.go:358.2,358.64 1 1
github.com/PointerByte/QuicksGo/encrypt/azure-key-vault/repository.go:361.125,362.78 1 4
github.com/PointerByte/QuicksGo/encrypt/azure-key-vault/repository.go:362.78,364.3 1 1
github.com/PointerByte/QuicksGo/encrypt/azure-key-vault/repository.go:366.2,367.16 2 3
github.com/PointerByte/QuicksGo/encrypt/azure-key-vault/repository.go:367.16,369.3 1 0
github.com/PointerByte/QuicksGo/encrypt/azure-key-vault/repository.go:370.2,371.16 2 3
github.com/PointerByte/QuicksGo/encrypt/azure-key-vault/repository.go:371.16,373.3 1 0
github.com/PointerByte/QuicksGo/encrypt/azure-key-vault/repository.go:375.2,376.16 2 3
github.com/PointerByte/QuicksGo/encrypt/azure-key-vault/repository.go:376.16,378.3 1 1
github.com/PointerByte/QuicksGo/encrypt/azure-key-vault/repository.go:379.2,383.16 2 2
github.com/PointerByte/QuicksGo/encrypt/azure-key-vault/repository.go:383.16,385.3 1 1
github.com/PointerByte/QuicksGo/encrypt/azure-key-vault/repository.go:386.2,386.37 1 1
github.com/PointerByte/QuicksGo/encrypt/azure-key-vault/repository.go:389.113,390.77 1 2
github.com/PointerByte/QuicksGo/encrypt/azure-key-vault/repository.go:390.77,392.3 1 1
github.com/PointerByte/QuicksGo/encrypt/azure-key-vault/repository.go:393.2,393.35 1 1
github.com/PointerByte/QuicksGo/encrypt/azure-key-vault/repository.go:396.120,397.79 1 2
github.com/PointerByte/QuicksGo/encrypt/azure-key-vault/repository.go:397.79,399.3 1 1
github.com/PointerByte/QuicksGo/encrypt/azure-key-vault/repository.go:400.2,400.35 1 1
github.com/PointerByte/QuicksGo/encrypt/azure-key-vault/repository.go:403.144,407.2 3 1
github.com/PointerByte/QuicksGo/encrypt/azure-key-vault/repository.go:409.114,410.82 1 2
github.com/PointerByte/QuicksGo/encrypt/azure-key-vault/repository.go:410.82,412.3 1 1
github.com/PointerByte/QuicksGo/encrypt/azure-key-vault/repository.go:413.2,413.39 1 1
github.com/PointerByte/QuicksGo/encrypt/azure-key-vault/repository.go:416.116,417.80 1 2
github.com/PointerByte/QuicksGo/encrypt/azure-key-vault/repository.go:417.80,419.3 1 1
github.com/PointerByte/QuicksGo/encrypt/azure-key-vault/repository.go:420.2,420.35 1 1
github.com/PointerByte/QuicksGo/encrypt/azure-key-vault/repository.go:423.113,424.78 1 4
github.com/PointerByte/QuicksGo/encrypt/azure-key-vault/repository.go:424.78,426.3 1 1
github.com/PointerByte/QuicksGo/encrypt/azure-key-vault/repository.go:428.2,429.16 2 3
github.com/PointerByte/QuicksGo/encrypt/azure-key-vault/repository.go:429.16,431.3 1 0
github.com/PointerByte/QuicksGo/encrypt/azure-key-vault/repository.go:432.2,433.16 2 3
github.com/PointerByte/QuicksGo/encrypt/azure-key-vault/repository.go:433.16,435.3 1 0
github.com/PointerByte/QuicksGo/encrypt/azure-key-vault/repository.go:437.2,442.16 3 3
github.com/PointerByte/QuicksGo/encrypt/azure-key-vault/repository.go:442.16,444.3 1 2
github.com/PointerByte/QuicksGo/encrypt/azure-key-vault/repository.go:445.2,445.64 1 1
github.com/PointerByte/QuicksGo/encrypt/azure-key-vault/repository.go:448.115,449.76 1 5
github.com/PointerByte/QuicksGo/encrypt/azure-key-vault/repository.go:449.76,451.3 1 1
github.com/PointerByte/QuicksGo/encrypt/azure-key-vault/repository.go:453.2,454.16 2 4
github.com/PointerByte/QuicksGo/encrypt/azure-key-vault/repository.go:454.16,456.3 1 0
github.com/PointerByte/QuicksGo/encrypt/azure-key-vault/repository.go:457.2,458.16 2 4
github.com/PointerByte/QuicksGo/encrypt/azure-key-vault/repository.go:458.16,460.3 1 0
github.com/PointerByte/QuicksGo/encrypt/azure-key-vault/repository.go:462.2,463.16 2 4
github.com/PointerByte/QuicksGo/encrypt/azure-key-vault/repository.go:463.16,465.3 1 1
github.com/PointerByte/QuicksGo/encrypt/azure-key-vault/repository.go:466.2,472.16 3 3
github.com/PointerByte/QuicksGo/encrypt/azure-key-vault/repository.go:472.16,474.3 1 1
github.com/PointerByte/QuicksGo/encrypt/azure-key-vault/repository.go:475.2,475.32 1 2
github.com/PointerByte/QuicksGo/encrypt/azure-key-vault/repository.go:475.32,477.3 1 1
github.com/PointerByte/QuicksGo/encrypt/azure-key-vault/repository.go:478.2,478.12 1 1
github.com/PointerByte/QuicksGo/encrypt/azure-key-vault/repository.go:481.138,482.23 1 3
github.com/PointerByte/QuicksGo/encrypt/azure-key-vault/repository.go:482.23,484.3 1 1
github.com/PointerByte/QuicksGo/encrypt/azure-key-vault/repository.go:486.2,487.16 2 2
github.com/PointerByte/QuicksGo/encrypt/azure-key-vault/repository.go:487.16,489.3 1 0
github.com/PointerByte/QuicksGo/encrypt/azure-key-vault/repository.go:490.2,491.16 2 2
github.com/PointerByte/QuicksGo/encrypt/azure-key-vault/repository.go:491.16,493.3 1 0
github.com/PointerByte/QuicksGo/encrypt/azure-key-vault/repository.go:495.2,500.16 3 2
github.com/PointerByte/QuicksGo/encrypt/azure-key-vault/repository.go:500.16,502.3 1 1
github.com/PointerByte/QuicksGo/encrypt/azure-key-vault/repository.go:503.2,503.64 1 1
github.com/PointerByte/QuicksGo/encrypt/azure-key-vault/repository.go:506.130,507.22 1 4
github.com/PointerByte/QuicksGo/encrypt/azure-key-vault/repository.go:507.22,509.3 1 1
github.com/PointerByte/QuicksGo/encrypt/azure-key-vault/repository.go:511.2,512.16 2 3
github.com/PointerByte/QuicksGo/encrypt/azure-key-vault/repository.go:512.16,514.3 1 0
github.com/PointerByte/QuicksGo/encrypt/azure-key-vault/repository.go:515.2,516.16 2 3
github.com/PointerByte/QuicksGo/encrypt/azure-key-vault/repository.go:516.16,518.3 1 0
github.com/PointerByte/QuicksGo/encrypt/azure-key-vault/repository.go:520.2,521.16 2 3
github.com/PointerByte/QuicksGo/encrypt/azure-key-vault/repository.go:521.16,523.3 1 1
github.com/PointerByte/QuicksGo/encrypt/azure-key-vault/repository.go:524.2,530.16 3 2
github.com/PointerByte/QuicksGo/encrypt/azure-key-vault/repository.go:530.16,532.3 1 0
github.com/PointerByte/QuicksGo/encrypt/azure-key-vault/repository.go:533.2,533.32 1 2
github.com/PointerByte/QuicksGo/encrypt/azure-key-vault/repository.go:533.32,535.3 1 1
github.com/PointerByte/QuicksGo/encrypt/azure-key-vault/repository.go:536.2,536.12 1 1
github.com/PointerByte/QuicksGo/encrypt/azure-key-vault/repository.go:539.94,541.28 2 40
github.com/PointerByte/QuicksGo/encrypt/azure-key-vault/repository.go:541.28,544.17 3 5
github.com/PointerByte/QuicksGo/encrypt/azure-key-vault/repository.go:544.17,546.4 1 0
github.com/PointerByte/QuicksGo/encrypt/azure-key-vault/repository.go:549.2,550.16 2 40
github.com/PointerByte/QuicksGo/encrypt/azure-key-vault/repository.go:550.16,552.3 1 1
github.com/PointerByte/QuicksGo/encrypt/azure-key-vault/repository.go:553.2,554.16 2 39
github.com/PointerByte/QuicksGo/encrypt/azure-key-vault/repository.go:554.16,556.3 1 1
github.com/PointerByte/QuicksGo/encrypt/azure-key-vault/repository.go:557.2,557.38 1 38
github.com/PointerByte/QuicksGo/encrypt/azure-key-vault/repository.go:560.71,562.18 2 37
github.com/PointerByte/QuicksGo/encrypt/azure-key-vault/repository.go:562.18,564.3 1 9
github.com/PointerByte/QuicksGo/encrypt/azure-key-vault/repository.go:565.2,565.18 1 37
github.com/PointerByte/QuicksGo/encrypt/azure-key-vault/repository.go:565.18,567.3 1 1
github.com/PointerByte/QuicksGo/encrypt/azure-key-vault/repository.go:569.2,570.16 2 36
github.com/PointerByte/QuicksGo/encrypt/azure-key-vault/repository.go:570.16,572.3 1 0
github.com/PointerByte/QuicksGo/encrypt/azure-key-vault/repository.go:573.2,573.46 1 36
github.com/PointerByte/QuicksGo/encrypt/azure-key-vault/repository.go:573.46,575.3 1 1
github.com/PointerByte/QuicksGo/encrypt/azure-key-vault/repository.go:577.2,578.48 2 35
github.com/PointerByte/QuicksGo/encrypt/azure-key-vault/repository.go:578.48,580.3 1 0
github.com/PointerByte/QuicksGo/encrypt/azure-key-vault/repository.go:582.2,587.23 2 35
github.com/PointerByte/QuicksGo/encrypt/azure-key-vault/repository.go:587.23,589.3 1 35
github.com/PointerByte/QuicksGo/encrypt/azure-key-vault/repository.go:590.2,590.23 1 35
github.com/PointerByte/QuicksGo/encrypt/azure-key-vault/repository.go:593.45,594.97 1 8
github.com/PointerByte/QuicksGo/encrypt/azure-key-vault/repository.go:594.97,596.3 1 6
github.com/PointerByte/QuicksGo/encrypt/azure-key-vault/repository.go:597.2,597.96 1 2
github.com/PointerByte/QuicksGo/encrypt/azure-key-vault/repository.go:597.96,599.3 1 1
github.com/PointerByte/QuicksGo/encrypt/azure-key-vault/repository.go:601.2,602.21 2 1
github.com/PointerByte/QuicksGo/encrypt/azure-key-vault/repository.go:602.21,604.3 1 0
github.com/PointerByte/QuicksGo/encrypt/azure-key-vault/repository.go:605.2,606.16 2 1
github.com/PointerByte/QuicksGo/encrypt/azure-key-vault/repository.go:606.16,608.3 1 0
github.com/PointerByte/QuicksGo/encrypt/azure-key-vault/repository.go:609.2,609.29 1 1
github.com/PointerByte/QuicksGo/encrypt/azure-key-vault/repository.go:612.36,613.94 1 13
github.com/PointerByte/QuicksGo/encrypt/azure-key-vault/repository.go:613.94,615.3 1 10
github.com/PointerByte/QuicksGo/encrypt/azure-key-vault/repository.go:616.2,616.64 1 3
github.com/PointerByte/QuicksGo/encrypt/azure-key-vault/repository.go:619.65,620.14 1 5
github.com/PointerByte/QuicksGo/encrypt/azure-key-vault/repository.go:621.66,622.24 1 4
github.com/PointerByte/QuicksGo/encrypt/azure-key-vault/repository.go:623.10,624.78 1 1
github.com/PointerByte/QuicksGo/encrypt/azure-key-vault/repository.go:628.105,629.48 1 7
github.com/PointerByte/QuicksGo/encrypt/azure-key-vault/repository.go:629.48,632.3 2 3
github.com/PointerByte/QuicksGo/encrypt/azure-key-vault/repository.go:633.2,633.39 1 4
github.com/PointerByte/QuicksGo/encrypt/azure-key-vault/repository.go:633.39,635.3 1 1
github.com/PointerByte/QuicksGo/encrypt/azure-key-vault/repository.go:636.2,637.29 2 3
github.com/PointerByte/QuicksGo/encrypt/azure-key-vault/repository.go:640.83,641.75 1 3
github.com/PointerByte/QuicksGo/encrypt/azure-key-vault/repository.go:641.75,643.3 1 1
github.com/PointerByte/QuicksGo/encrypt/azure-key-vault/repository.go:644.2,647.8 1 2
github.com/PointerByte/QuicksGo/encrypt/azure-key-vault/repository.go:650.50,652.19 2 10
github.com/PointerByte/QuicksGo/encrypt/azure-key-vault/repository.go:652.19,654.3 1 1
github.com/PointerByte/QuicksGo/encrypt/azure-key-vault/repository.go:655.2,655.86 1 9
github.com/PointerByte/QuicksGo/encrypt/azure-key-vault/repository.go:658.34,660.2 1 7
github.com/PointerByte/QuicksGo/encrypt/azure-key-vault/repository.go:662.29,664.2 1 46
github.com/PointerByte/QuicksGo/encrypt/aws-kms/repository.go:33.62,35.3 1 0
github.com/PointerByte/QuicksGo/encrypt/aws-kms/repository.go:68.51,70.2 1 5
github.com/PointerByte/QuicksGo/encrypt/aws-kms/repository.go:72.41,74.2 1 5
github.com/PointerByte/QuicksGo/encrypt/aws-kms/repository.go:76.53,80.2 1 6
github.com/PointerByte/QuicksGo/encrypt/aws-kms/repository.go:82.51,86.2 1 6
github.com/PointerByte/QuicksGo/encrypt/aws-kms/repository.go:88.34,95.2 1 3
github.com/PointerByte/QuicksGo/encrypt/aws-kms/repository.go:97.145,99.16 2 6
github.com/PointerByte/QuicksGo/encrypt/aws-kms/repository.go:99.16,101.3 1 1
github.com/PointerByte/QuicksGo/encrypt/aws-kms/repository.go:103.2,104.16 2 5
github.com/PointerByte/QuicksGo/encrypt/aws-kms/repository.go:104.16,106.3 1 1
github.com/PointerByte/QuicksGo/encrypt/aws-kms/repository.go:108.2,113.16 2 4
github.com/PointerByte/QuicksGo/encrypt/aws-kms/repository.go:113.16,115.3 1 1
github.com/PointerByte/QuicksGo/encrypt/aws-kms/repository.go:116.2,116.99 1 3
github.com/PointerByte/QuicksGo/encrypt/aws-kms/repository.go:116.99,118.3 1 1
github.com/PointerByte/QuicksGo/encrypt/aws-kms/repository.go:120.2,127.8 3 2
github.com/PointerByte/QuicksGo/encrypt/aws-kms/repository.go:130.133,131.40 1 3
github.com/PointerByte/QuicksGo/encrypt/aws-kms/repository.go:131.40,133.3 1 1
github.com/PointerByte/QuicksGo/encrypt/aws-kms/repository.go:135.2,136.16 2 2
github.com/PointerByte/QuicksGo/encrypt/aws-kms/repository.go:136.16,138.3 1 0
github.com/PointerByte/QuicksGo/encrypt/aws-kms/repository.go:140.2,141.16 2 2
github.com/PointerByte/QuicksGo/encrypt/aws-kms/repository.go:141.16,143.3 1 0
github.com/PointerByte/QuicksGo/encrypt/aws-kms/repository.go:145.2,149.23 2 2
github.com/PointerByte/QuicksGo/encrypt/aws-kms/repository.go:149.23,151.3 1 1
github.com/PointerByte/QuicksGo/encrypt/aws-kms/repository.go:153.2,154.16 2 2
github.com/PointerByte/QuicksGo/encrypt/aws-kms/repository.go:154.16,156.3 1 1
github.com/PointerByte/QuicksGo/encrypt/aws-kms/repository.go:157.2,157.70 1 1
github.com/PointerByte/QuicksGo/encrypt/aws-kms/repository.go:160.139,161.40 1 3
github.com/PointerByte/QuicksGo/encrypt/aws-kms/repository.go:161.40,163.3 1 0
github.com/PointerByte/QuicksGo/encrypt/aws-kms/repository.go:165.2,166.16 2 3
github.com/PointerByte/QuicksGo/encrypt/aws-kms/repository.go:166.16,168.3 1 0
github.com/PointerByte/QuicksGo/encrypt/aws-kms/repository.go:170.2,171.16 2 3
github.com/PointerByte/QuicksGo/encrypt/aws-kms/repository.go:171.16,173.3 1 0
github.com/PointerByte/QuicksGo/encrypt/aws-kms/repository.go:175.2,176.16 2 3
github.com/PointerByte/QuicksGo/encrypt/aws-kms/repository.go:176.16,178.3 1 1
github.com/PointerByte/QuicksGo/encrypt/aws-kms/repository.go:180.2,184.23 2 2
github.com/PointerByte/QuicksGo/encrypt/aws-kms/repository.go:184.23,186.3 1 2
github.com/PointerByte/QuicksGo/encrypt/aws-kms/repository.go:188.2,189.16 2 2
github.com/PointerByte/QuicksGo/encrypt/aws-kms/repository.go:189.16,191.3 1 1
github.com/PointerByte/QuicksGo/encrypt/aws-kms/repository.go:192.2,192.38 1 1
github.com/PointerByte/QuicksGo/encrypt/aws-kms/repository.go:195.103,196.45 1 2
github.com/PointerByte/QuicksGo/encrypt/aws-kms/repository.go:196.45,198.3 1 0
github.com/PointerByte/QuicksGo/encrypt/aws-kms/repository.go:200.2,201.16 2 2
github.com/PointerByte/QuicksGo/encrypt/aws-kms/repository.go:201.16,203.3 1 0
github.com/PointerByte/QuicksGo/encrypt/aws-kms/repository.go:205.2,206.16 2 2
github.com/PointerByte/QuicksGo/encrypt/aws-kms/repository.go:206.16,208.3 1 0
github.com/PointerByte/QuicksGo/encrypt/aws-kms/repository.go:210.2,215.16 2 2
github.com/PointerByte/QuicksGo/encrypt/aws-kms/repository.go:215.16,217.3 1 1
github.com/PointerByte/QuicksGo/encrypt/aws-kms/repository.go:218.2,218.54 1 1
github.com/PointerByte/QuicksGo/encrypt/aws-kms/repository.go:221.115,222.45 1 2
github.com/PointerByte/QuicksGo/encrypt/aws-kms/repository.go:222.45,224.3 1 0
github.com/PointerByte/QuicksGo/encrypt/aws-kms/repository.go:226.2,227.16 2 2
github.com/PointerByte/QuicksGo/encrypt/aws-kms/repository.go:227.16,229.3 1 0
github.com/PointerByte/QuicksGo/encrypt/aws-kms/repository.go:231.2,232.16 2 2
github.com/PointerByte/QuicksGo/encrypt/aws-kms/repository.go:232.16,234.3 1 0
github.com/PointerByte/QuicksGo/encrypt/aws-kms/repository.go:236.2,237.16 2 2
github.com/PointerByte/QuicksGo/encrypt/aws-kms/repository.go:237.16,239.3 1 0
github.com/PointerByte/QuicksGo/encrypt/aws-kms/repository.go:241.2,247.16 2 2
github.com/PointerByte/QuicksGo/encrypt/aws-kms/repository.go:247.16,249.3 1 1
github.com/PointerByte/QuicksGo/encrypt/aws-kms/repository.go:250.2,250.24 1 1
github.com/PointerByte/QuicksGo/encrypt/aws-kms/repository.go:253.89,255.2 1 1
github.com/PointerByte/QuicksGo/encrypt/aws-kms/repository.go:257.86,259.2 1 1
github.com/PointerByte/QuicksGo/encrypt/aws-kms/repository.go:261.143,263.16 2 6
github.com/PointerByte/QuicksGo/encrypt/aws-kms/repository.go:263.16,265.3 1 1
github.com/PointerByte/QuicksGo/encrypt/aws-kms/repository.go:267.2,268.16 2 5
github.com/PointerByte/QuicksGo/encrypt/aws-kms/repository.go:268.16,270.3 1 1
github.com/PointerByte/QuicksGo/encrypt/aws-kms/repository.go:272.2,276.16 2 4
github.com/PointerByte/QuicksGo/encrypt/aws-kms/repository.go:276.16,278.3 1 1
github.com/PointerByte/QuicksGo/encrypt/aws-kms/repository.go:279.2,279.99 1 3
github.com/PointerByte/QuicksGo/encrypt/aws-kms/repository.go:279.99,281.3 1 1
github.com/PointerByte/QuicksGo/encrypt/aws-kms/repository.go:283.2,286.16 2 2
github.com/PointerByte/QuicksGo/encrypt/aws-kms/repository.go:286.16,288.3 1 1
github.com/PointerByte/QuicksGo/encrypt/aws-kms/repository.go:290.2,298.8 4 1
github.com/PointerByte/QuicksGo/encrypt/aws-kms/repository.go:301.146,303.16 2 3
github.com/PointerByte/QuicksGo/encrypt/aws-kms/repository.go:303.16,305.3 1 1
github.com/PointerByte/QuicksGo/encrypt/aws-kms/repository.go:307.2,308.16 2 2
github.com/PointerByte/QuicksGo/encrypt/aws-kms/repository.go:308.16,310.3 1 1
github.com/PointerByte/QuicksGo/encrypt/aws-kms/repository.go:312.2,317.16 2 1
github.com/PointerByte/QuicksGo/encrypt/aws-kms/repository.go:317.16,319.3 1 0
github.com/PointerByte/QuicksGo/encrypt/aws-kms/repository.go:320.2,320.99 1 1
github.com/PointerByte/QuicksGo/encrypt/aws-kms/repository.go:320.99,322.3 1 0
github.com/PointerByte/QuicksGo/encrypt/aws-kms/repository.go:324.2,325.16 2 1
github.com/PointerByte/QuicksGo/encrypt/aws-kms/repository.go:325.16,327.3 1 0
github.com/PointerByte/QuicksGo/encrypt/aws-kms/repository.go:329.2,334.8 1 1
github.com/PointerByte/QuicksGo/encrypt/aws-kms/repository.go:337.118,338.76 1 6
github.com/PointerByte/QuicksGo/encrypt/aws-kms/repository.go:338.76,340.3 1 2
github.com/PointerByte/QuicksGo/encrypt/aws-kms/repository.go:342.2,343.16 2 4
github.com/PointerByte/QuicksGo/encrypt/aws-kms/repository.go:343.16,345.3 1 1
github.com/PointerByte/QuicksGo/encrypt/aws-kms/repository.go:347.2,348.16 2 3
github.com/PointerByte/QuicksGo/encrypt/aws-kms/repository.go:348.16,350.3 1 1
github.com/PointerByte/QuicksGo/encrypt/aws-kms/repository.go:352.2,357.16 2 2
github.com/PointerByte/QuicksGo/encrypt/aws-kms/repository.go:357.16,359.3 1 1
github.com/PointerByte/QuicksGo/encrypt/aws-kms/repository.go:360.2,360.70 1 1
github.com/PointerByte/QuicksGo/encrypt/aws-kms/repository.go:363.125,364.78 1 5
github.com/PointerByte/QuicksGo/encrypt/aws-kms/repository.go:364.78,366.3 1 1
github.com/PointerByte/QuicksGo/encrypt/aws-kms/repository.go:368.2,369.16 2 4
github.com/PointerByte/QuicksGo/encrypt/aws-kms/repository.go:369.16,371.3 1 1
github.com/PointerByte/QuicksGo/encrypt/aws-kms/repository.go:373.2,374.16 2 3
github.com/PointerByte/QuicksGo/encrypt/aws-kms/repository.go:374.16,376.3 1 0
github.com/PointerByte/QuicksGo/encrypt/aws-kms/repository.go:378.2,379.16 2 3
github.com/PointerByte/QuicksGo/encrypt/aws-kms/repository.go:379.16,381.3 1 1
github.com/PointerByte/QuicksGo/encrypt/aws-kms/repository.go:383.2,388.16 2 2
github.com/PointerByte/QuicksGo/encrypt/aws-kms/repository.go:388.16,390.3 1 1
github.com/PointerByte/QuicksGo/encrypt/aws-kms/repository.go:391.2,391.38 1 1
github.com/PointerByte/QuicksGo/encrypt/aws-kms/repository.go:394.113,395.77 1 4
github.com/PointerByte/QuicksGo/encrypt/aws-kms/repository.go:395.77,397.3 1 1
github.com/PointerByte/QuicksGo/encrypt/aws-kms/repository.go:399.2,400.16 2 3
github.com/PointerByte/QuicksGo/encrypt/aws-kms/repository.go:400.16,402.3 1 1
github.com/PointerByte/QuicksGo/encrypt/aws-kms/repository.go:404.2,405.16 2 2
github.com/PointerByte/QuicksGo/encrypt/aws-kms/repository.go:405.16,407.3 1 0
github.com/PointerByte/QuicksGo/encrypt/aws-kms/repository.go:409.2,410.16 2 2
github.com/PointerByte/QuicksGo/encrypt/aws-kms/repository.go:410.16,412.3 1 1
github.com/PointerByte/QuicksGo/encrypt/aws-kms/repository.go:414.2,414.109 1 1
github.com/PointerByte/QuicksGo/encrypt/aws-kms/repository.go:417.120,418.79 1 5
github.com/PointerByte/QuicksGo/encrypt/aws-kms/repository.go:418.79,420.3 1 1
github.com/PointerByte/QuicksGo/encrypt/aws-kms/repository.go:422.2,423.16 2 4
github.com/PointerByte/QuicksGo/encrypt/aws-kms/repository.go:423.16,425.3 1 1
github.com/PointerByte/QuicksGo/encrypt/aws-kms/repository.go:427.2,428.16 2 3
github.com/PointerByte/QuicksGo/encrypt/aws-kms/repository.go:428.16,430.3 1 0
github.com/PointerByte/QuicksGo/encrypt/aws-kms/repository.go:432.2,433.16 2 3
github.com/PointerByte/QuicksGo/encrypt/aws-kms/repository.go:433.16,435.3 1 2
github.com/PointerByte/QuicksGo/encrypt/aws-kms/repository.go:437.2,438.16 2 1
github.com/PointerByte/QuicksGo/encrypt/aws-kms/repository.go:438.16,440.3 1 0
github.com/PointerByte/QuicksGo/encrypt/aws-kms/repository.go:442.2,447.16 2 1
github.com/PointerByte/QuicksGo/encrypt/aws-kms/repository.go:447.16,449.3 1 0
github.com/PointerByte/QuicksGo/encrypt/aws-kms/repository.go:451.2,452.16 2 1
github.com/PointerByte/QuicksGo/encrypt/aws-kms/repository.go:452.16,454.3 1 0
github.com/PointerByte/QuicksGo/encrypt/aws-kms/repository.go:456.2,456.138 1 1
github.com/PointerByte/QuicksGo/encrypt/aws-kms/repository.go:459.144,462.16 3 2
github.com/PointerByte/QuicksGo/encrypt/aws-kms/repository.go:462.16,464.3 1 0
github.com/PointerByte/QuicksGo/encrypt/aws-kms/repository.go:466.2,471.16 2 2
github.com/PointerByte/QuicksGo/encrypt/aws-kms/repository.go:471.16,473.3 1 1
github.com/PointerByte/QuicksGo/encrypt/aws-kms/repository.go:474.2,474.99 1 1
github.com/PointerByte/QuicksGo/encrypt/aws-kms/repository.go:474.99,476.3 1 0
github.com/PointerByte/QuicksGo/encrypt/aws-kms/repository.go:478.2,481.16 2 1
github.com/PointerByte/QuicksGo/encrypt/aws-kms/repository.go:481.16,483.3 1 0
github.com/PointerByte/QuicksGo/encrypt/aws-kms/repository.go:485.2,493.8 4 1
github.com/PointerByte/QuicksGo/encrypt/aws-kms/repository.go:496.114,497.82 1 5
github.com/PointerByte/QuicksGo/encrypt/aws-kms/repository.go:497.82,499.3 1 1
github.com/PointerByte/QuicksGo/encrypt/aws-kms/repository.go:501.2,502.16 2 4
github.com/PointerByte/QuicksGo/encrypt/aws-kms/repository.go:502.16,504.3 1 1
github.com/PointerByte/QuicksGo/encrypt/aws-kms/repository.go:506.2,507.16 2 3
github.com/PointerByte/QuicksGo/encrypt/aws-kms/repository.go:507.16,509.3 1 0
github.com/PointerByte/QuicksGo/encrypt/aws-kms/repository.go:511.2,517.16 2 3
github.com/PointerByte/QuicksGo/encrypt/aws-kms/repository.go:517.16,519.3 1 2
github.com/PointerByte/QuicksGo/encrypt/aws-kms/repository.go:520.2,520.65 1 1
github.com/PointerByte/QuicksGo/encrypt/aws-kms/repository.go:523.116,524.80 1 6
github.com/PointerByte/QuicksGo/encrypt/aws-kms/repository.go:524.80,526.3 1 1
github.com/PointerByte/QuicksGo/encrypt/aws-kms/repository.go:528.2,529.16 2 5
github.com/PointerByte/QuicksGo/encrypt/aws-kms/repository.go:529.16,531.3 1 1
github.com/PointerByte/QuicksGo/encrypt/aws-kms/repository.go:533.2,534.16 2 4
github.com/PointerByte/QuicksGo/encrypt/aws-kms/repository.go:534.16,536.3 1 0
github.com/PointerByte/QuicksGo/encrypt/aws-kms/repository.go:538.2,539.16 2 4
github.com/PointerByte/QuicksGo/encrypt/aws-kms/repository.go:539.16,541.3 1 2
github.com/PointerByte/QuicksGo/encrypt/aws-kms/repository.go:543.2,550.16 2 2
github.com/PointerByte/QuicksGo/encrypt/aws-kms/repository.go:550.16,552.3 1 0
github.com/PointerByte/QuicksGo/encrypt/aws-kms/repository.go:553.2,553.28 1 2
github.com/PointerByte/QuicksGo/encrypt/aws-kms/repository.go:553.28,555.3 1 1
github.com/PointerByte/QuicksGo/encrypt/aws-kms/repository.go:556.2,556.12 1 1
github.com/PointerByte/QuicksGo/encrypt/aws-kms/repository.go:559.113,560.78 1 4
github.com/PointerByte/QuicksGo/encrypt/aws-kms/repository.go:560.78,562.3 1 1
github.com/PointerByte/QuicksGo/encrypt/aws-kms/repository.go:564.2,565.16 2 3
github.com/PointerByte/QuicksGo/encrypt/aws-kms/repository.go:565.16,567.3 1 1
github.com/PointerByte/QuicksGo/encrypt/aws-kms/repository.go:569.2,570.16 2 2
github.com/PointerByte/QuicksGo/encrypt/aws-kms/repository.go:570.16,572.3 1 0
github.com/PointerByte/QuicksGo/encrypt/aws-kms/repository.go:574.2,580.16 2 2
github.com/PointerByte/QuicksGo/encrypt/aws-kms/repository.go:580.16,582.3 1 1
github.com/PointerByte/QuicksGo/encrypt/aws-kms/repository.go:583.2,583.65 1 1
github.com/PointerByte/QuicksGo/encrypt/aws-kms/repository.go:586.115,587.76 1 5
github.com/PointerByte/QuicksGo/encrypt/aws-kms/repository.go:587.76,589.3 1 1
github.com/PointerByte/QuicksGo/encrypt/aws-kms/repository.go:591.2,592.16 2 4
github.com/PointerByte/QuicksGo/encrypt/aws-kms/repository.go:592.16,594.3 1 1
github.com/PointerByte/QuicksGo/encrypt/aws-kms/repository.go:596.2,597.16 2 3
github.com/PointerByte/QuicksGo/encrypt/aws-kms/repository.go:597.16,599.3 1 0
github.com/PointerByte/QuicksGo/encrypt/aws-kms/repository.go:601.2,602.16 2 3
github.com/PointerByte/QuicksGo/encrypt/aws-kms/repository.go:602.16,604.3 1 1
github.com/PointerByte/QuicksGo/encrypt/aws-kms/repository.go:606.2,613.16 2 2
github.com/PointerByte/QuicksGo/encrypt/aws-kms/repository.go:613.16,615.3 1 0
github.com/PointerByte/QuicksGo/encrypt/aws-kms/repository.go:616.2,616.28 1 2
github.com/PointerByte/QuicksGo/encrypt/aws-kms/repository.go:616.28,618.3 1 1
github.com/PointerByte/QuicksGo/encrypt/aws-kms/repository.go:619.2,619.12 1 1
github.com/PointerByte/QuicksGo/encrypt/aws-kms/repository.go:622.138,623.23 1 4
github.com/PointerByte/QuicksGo/encrypt/aws-kms/repository.go:623.23,625.3 1 1
github.com/PointerByte/QuicksGo/encrypt/aws-kms/repository.go:627.2,628.16 2 3
github.com/PointerByte/QuicksGo/encrypt/aws-kms/repository.go:628.16,630.3 1 1
github.com/PointerByte/QuicksGo/encrypt/aws-kms/repository.go:632.2,633.16 2 2
github.com/PointerByte/QuicksGo/encrypt/aws-kms/repository.go:633.16,635.3 1 0
github.com/PointerByte/QuicksGo/encrypt/aws-kms/repository.go:637.2,643.16 2 2
github.com/PointerByte/QuicksGo/encrypt/aws-kms/repository.go:643.16,645.3 1 1
github.com/PointerByte/QuicksGo/encrypt/aws-kms/repository.go:646.2,646.65 1 1
github.com/PointerByte/QuicksGo/encrypt/aws-kms/repository.go:649.130,650.22 1 5
github.com/PointerByte/QuicksGo/encrypt/aws-kms/repository.go:650.22,652.3 1 1
github.com/PointerByte/QuicksGo/encrypt/aws-kms/repository.go:654.2,655.16 2 4
github.com/PointerByte/QuicksGo/encrypt/aws-kms/repository.go:655.16,657.3 1 1
github.com/PointerByte/QuicksGo/encrypt/aws-kms/repository.go:659.2,660.16 2 3
github.com/PointerByte/QuicksGo/encrypt/aws-kms/repository.go:660.16,662.3 1 0
github.com/PointerByte/QuicksGo/encrypt/aws-kms/repository.go:664.2,665.16 2 3
github.com/PointerByte/QuicksGo/encrypt/aws-kms/repository.go:665.16,667.3 1 1
github.com/PointerByte/QuicksGo/encrypt/aws-kms/repository.go:669.2,676.16 2 2
github.com/PointerByte/QuicksGo/encrypt/aws-kms/repository.go:676.16,678.3 1 0
github.com/PointerByte/QuicksGo/encrypt/aws-kms/repository.go:679.2,679.28 1 2
github.com/PointerByte/QuicksGo/encrypt/aws-kms/repository.go:679.28,681.3 1 1
github.com/PointerByte/QuicksGo/encrypt/aws-kms/repository.go:682.2,682.12 1 1
github.com/PointerByte/QuicksGo/encrypt/aws-kms/repository.go:685.62,687.16 2 64
github.com/PointerByte/QuicksGo/encrypt/aws-kms/repository.go:687.16,689.3 1 14
github.com/PointerByte/QuicksGo/encrypt/aws-kms/repository.go:690.2,690.33 1 50
github.com/PointerByte/QuicksGo/encrypt/aws-kms/repository.go:693.64,695.16 2 0
github.com/PointerByte/QuicksGo/encrypt/aws-kms/repository.go:695.16,697.3 1 0
github.com/PointerByte/QuicksGo/encrypt/aws-kms/repository.go:698.2,699.17 2 0
github.com/PointerByte/QuicksGo/encrypt/aws-kms/repository.go:702.53,703.54 1 40
github.com/PointerByte/QuicksGo/encrypt/aws-kms/repository.go:703.54,705.3 1 18
github.com/PointerByte/QuicksGo/encrypt/aws-kms/repository.go:706.2,706.90 1 22
github.com/PointerByte/QuicksGo/encrypt/aws-kms/repository.go:706.90,708.3 1 20
github.com/PointerByte/QuicksGo/encrypt/aws-kms/repository.go:709.2,709.36 1 2
github.com/PointerByte/QuicksGo/encrypt/aws-kms/repository.go:712.75,713.14 1 8
github.com/PointerByte/QuicksGo/encrypt/aws-kms/repository.go:714.26,715.35 1 4
github.com/PointerByte/QuicksGo/encrypt/aws-kms/repository.go:716.26,717.35 1 1
github.com/PointerByte/QuicksGo/encrypt/aws-kms/repository.go:718.26,719.35 1 1
github.com/PointerByte/QuicksGo/encrypt/aws-kms/repository.go:720.10,721.71 1 2
github.com/PointerByte/QuicksGo/encrypt/aws-kms/repository.go:725.78,726.15 1 2
github.com/PointerByte/QuicksGo/encrypt/aws-kms/repository.go:727.24,728.39 1 1
github.com/PointerByte/QuicksGo/encrypt/aws-kms/repository.go:729.24,730.39 1 0
github.com/PointerByte/QuicksGo/encrypt/aws-kms/repository.go:731.24,732.39 1 0
github.com/PointerByte/QuicksGo/encrypt/aws-kms/repository.go:733.10,734.69 1 1
github.com/PointerByte/QuicksGo/encrypt/aws-kms/repository.go:738.80,739.14 1 8
github.com/PointerByte/QuicksGo/encrypt/aws-kms/repository.go:740.25,741.44 1 6
github.com/PointerByte/QuicksGo/encrypt/aws-kms/repository.go:742.10,743.77 1 2
github.com/PointerByte/QuicksGo/encrypt/aws-kms/repository.go:747.51,749.19 2 4
github.com/PointerByte/QuicksGo/encrypt/aws-kms/repository.go:749.19,751.3 1 0
github.com/PointerByte/QuicksGo/encrypt/aws-kms/repository.go:752.2,755.35 1 4
github.com/PointerByte/QuicksGo/encrypt/gcp-kms/repository.go:44.77,46.17 2 0
github.com/PointerByte/QuicksGo/encrypt/gcp-kms/repository.go:46.17,48.4 1 0
github.com/PointerByte/QuicksGo/encrypt/gcp-kms/repository.go:49.3,49.61 1 0
github.com/PointerByte/QuicksGo/encrypt/gcp-kms/repository.go:68.132,70.2 1 1
github.com/PointerByte/QuicksGo/encrypt/gcp-kms/repository.go:71.153,73.2 1 1
github.com/PointerByte/QuicksGo/encrypt/gcp-kms/repository.go:74.126,76.2 1 1
github.com/PointerByte/QuicksGo/encrypt/gcp-kms/repository.go:77.122,79.2 1 1
github.com/PointerByte/QuicksGo/encrypt/gcp-kms/repository.go:80.122,82.2 1 1
github.com/PointerByte/QuicksGo/encrypt/gcp-kms/repository.go:83.143,85.2 1 1
github.com/PointerByte/QuicksGo/encrypt/gcp-kms/repository.go:86.152,88.2 1 1
github.com/PointerByte/QuicksGo/encrypt/gcp-kms/repository.go:89.122,91.2 1 1
github.com/PointerByte/QuicksGo/encrypt/gcp-kms/repository.go:92.128,94.2 1 1
github.com/PointerByte/QuicksGo/encrypt/gcp-kms/repository.go:108.51,110.2 1 3
github.com/PointerByte/QuicksGo/encrypt/gcp-kms/repository.go:112.41,114.2 1 2
github.com/PointerByte/QuicksGo/encrypt/gcp-kms/repository.go:116.53,118.2 1 3
github.com/PointerByte/QuicksGo/encrypt/gcp-kms/repository.go:120.51,122.2 1 2
github.com/PointerByte/QuicksGo/encrypt/gcp-kms/repository.go:124.34,131.2 1 1
github.com/PointerByte/QuicksGo/encrypt/gcp-kms/repository.go:133.145,134.31 1 3
github.com/PointerByte/QuicksGo/encrypt/gcp-kms/repository.go:134.31,136.3 1 1
github.com/PointerByte/QuicksGo/encrypt/gcp-kms/repository.go:138.2,139.16 2 2
github.com/PointerByte/QuicksGo/encrypt/gcp-kms/repository.go:139.16,141.3 1 0
github.com/PointerByte/QuicksGo/encrypt/gcp-kms/repository.go:142.2,145.16 3 2
github.com/PointerByte/QuicksGo/encrypt/gcp-kms/repository.go:145.16,147.3 1 0
github.com/PointerByte/QuicksGo/encrypt/gcp-kms/repository.go:149.2,160.16 3 2
github.com/PointerByte/QuicksGo/encrypt/gcp-kms/repository.go:160.16,162.3 1 1
github.com/PointerByte/QuicksGo/encrypt/gcp-kms/repository.go:163.2,163.108 1 1
github.com/PointerByte/QuicksGo/encrypt/gcp-kms/repository.go:166.133,167.40 1 3
github.com/PointerByte/QuicksGo/encrypt/gcp-kms/repository.go:167.40,169.3 1 0
github.com/PointerByte/QuicksGo/encrypt/gcp-kms/repository.go:171.2,172.16 2 3
github.com/PointerByte/QuicksGo/encrypt/gcp-kms/repository.go:172.16,174.3 1 0
github.com/PointerByte/QuicksGo/encrypt/gcp-kms/repository.go:175.2,178.16 3 3
github.com/PointerByte/QuicksGo/encrypt/gcp-kms/repository.go:178.16,180.3 1 0
github.com/PointerByte/QuicksGo/encrypt/gcp-kms/repository.go:181.2,186.16 2 3
github.com/PointerByte/QuicksGo/encrypt/gcp-kms/repository.go:186.16,188.3 1 2
github.com/PointerByte/QuicksGo/encrypt/gcp-kms/repository.go:189.2,189.68 1 1
github.com/PointerByte/QuicksGo/encrypt/gcp-kms/repository.go:192.139,193.40 1 4
github.com/PointerByte/QuicksGo/encrypt/gcp-kms/repository.go:193.40,195.3 1 1
github.com/PointerByte/QuicksGo/encrypt/gcp-kms/repository.go:197.2,198.16 2 3
github.com/PointerByte/QuicksGo/encrypt/gcp-kms/repository.go:198.16,200.3 1 0
github.com/PointerByte/QuicksGo/encrypt/gcp-kms/repository.go:201.2,204.16 3 3
github.com/PointerByte/QuicksGo/encrypt/gcp-kms/repository.go:204.16,206.3 1 0
github.com/PointerByte/QuicksGo/encrypt/gcp-kms/repository.go:207.2,208.16 2 3
github.com/PointerByte/QuicksGo/encrypt/gcp-kms/repository.go:208.16,210.3 1 1
github.com/PointerByte/QuicksGo/encrypt/gcp-kms/repository.go:211.2,216.16 2 2
github.com/PointerByte/QuicksGo/encrypt/gcp-kms/repository.go:216.16,218.3 1 1
github.com/PointerByte/QuicksGo/encrypt/gcp-kms/repository.go:219.2,219.40 1 1
github.com/PointerByte/QuicksGo/encrypt/gcp-kms/repository.go:222.103,223.45 1 2
github.com/PointerByte/QuicksGo/encrypt/gcp-kms/repository.go:223.45,225.3 1 0
github.com/PointerByte/QuicksGo/encrypt/gcp-kms/repository.go:227.2,228.16 2 2
github.com/PointerByte/QuicksGo/encrypt/gcp-kms/repository.go:228.16,230.3 1 0
github.com/PointerByte/QuicksGo/encrypt/gcp-kms/repository.go:231.2,234.16 3 2
github.com/PointerByte/QuicksGo/encrypt/gcp-kms/repository.go:234.16,236.3 1 0
github.com/PointerByte/QuicksGo/encrypt/gcp-kms/repository.go:237.2,238.16 2 2
github.com/PointerByte/QuicksGo/encrypt/gcp-kms/repository.go:238.16,240.3 1 1
github.com/PointerByte/QuicksGo/encrypt/gcp-kms/repository.go:241.2,241.56 1 1
github.com/PointerByte/QuicksGo/encrypt/gcp-kms/repository.go:244.115,245.45 1 2
github.com/PointerByte/QuicksGo/encrypt/gcp-kms/repository.go:245.45,247.3 1 0
github.com/PointerByte/QuicksGo/encrypt/gcp-kms/repository.go:249.2,250.16 2 2
github.com/PointerByte/QuicksGo/encrypt/gcp-kms/repository.go:250.16,252.3 1 0
github.com/PointerByte/QuicksGo/encrypt/gcp-kms/repository.go:253.2,256.16 3 2
github.com/PointerByte/QuicksGo/encrypt/gcp-kms/repository.go:256.16,258.3 1 0
github.com/PointerByte/QuicksGo/encrypt/gcp-kms/repository.go:259.2,260.16 2 2
github.com/PointerByte/QuicksGo/encrypt/gcp-kms/repository.go:260.16,262.3 1 1
github.com/PointerByte/QuicksGo/encrypt/gcp-kms/repository.go:263.2,264.16 2 1
github.com/PointerByte/QuicksGo/encrypt/gcp-kms/repository.go:264.16,266.3 1 0
github.com/PointerByte/QuicksGo/encrypt/gcp-kms/repository.go:267.2,267.25 1 1
github.com/PointerByte/QuicksGo/encrypt/gcp-kms/repository.go:270.89,272.2 1 1
github.com/PointerByte/QuicksGo/encrypt/gcp-kms/repository.go:274.86,276.2 1 1
github.com/PointerByte/QuicksGo/encrypt/gcp-kms/repository.go:278.143,280.16 2 3
github.com/PointerByte/QuicksGo/encrypt/gcp-kms/repository.go:280.16,282.3 1 1
github.com/PointerByte/QuicksGo/encrypt/gcp-kms/repository.go:284.2,285.16 2 2
github.com/PointerByte/QuicksGo/encrypt/gcp-kms/repository.go:285.16,287.3 1 0
github.com/PointerByte/QuicksGo/encrypt/gcp-kms/repository.go:288.2,291.16 3 2
github.com/PointerByte/QuicksGo/encrypt/gcp-kms/repository.go:291.16,293.3 1 0
github.com/PointerByte/QuicksGo/encrypt/gcp-kms/repository.go:294.2,305.16 3 2
github.com/PointerByte/QuicksGo/encrypt/gcp-kms/repository.go:305.16,307.3 1 1
github.com/PointerByte/QuicksGo/encrypt/gcp-kms/repository.go:309.2,310.16 2 1
github.com/PointerByte/QuicksGo/encrypt/gcp-kms/repository.go:310.16,312.3 1 0
github.com/PointerByte/QuicksGo/encrypt/gcp-kms/repository.go:313.2,314.16 2 1
github.com/PointerByte/QuicksGo/encrypt/gcp-kms/repository.go:314.16,316.3 1 0
github.com/PointerByte/QuicksGo/encrypt/gcp-kms/repository.go:318.2,323.8 1 1
github.com/PointerByte/QuicksGo/encrypt/gcp-kms/repository.go:326.146,330.2 3 2
github.com/PointerByte/QuicksGo/encrypt/gcp-kms/repository.go:332.118,333.76 1 4
github.com/PointerByte/QuicksGo/encrypt/gcp-kms/repository.go:333.76,335.3 1 1
github.com/PointerByte/QuicksGo/encrypt/gcp-kms/repository.go:337.2,338.16 2 3
github.com/PointerByte/QuicksGo/encrypt/gcp-kms/repository.go:338.16,340.3 1 0
github.com/PointerByte/QuicksGo/encrypt/gcp-kms/repository.go:341.2,344.16 3 3
github.com/PointerByte/QuicksGo/encrypt/gcp-kms/repository.go:344.16,346.3 1 0
github.com/PointerByte/QuicksGo/encrypt/gcp-kms/repository.go:347.2,348.16 2 3
github.com/PointerByte/QuicksGo/encrypt/gcp-kms/repository.go:348.16,350.3 1 2
github.com/PointerByte/QuicksGo/encrypt/gcp-kms/repository.go:351.2,351.101 1 1
github.com/PointerByte/QuicksGo/encrypt/gcp-kms/repository.go:354.125,355.78 1 4
github.com/PointerByte/QuicksGo/encrypt/gcp-kms/repository.go:355.78,357.3 1 1
github.com/PointerByte/QuicksGo/encrypt/gcp-kms/repository.go:359.2,360.16 2 3
github.com/PointerByte/QuicksGo/encrypt/gcp-kms/repository.go:360.16,362.3 1 0
github.com/PointerByte/QuicksGo/encrypt/gcp-kms/repository.go:363.2,366.16 3 3
github.com/PointerByte/QuicksGo/encrypt/gcp-kms/repository.go:366.16,368.3 1 0
github.com/PointerByte/QuicksGo/encrypt/gcp-kms/repository.go:369.2,370.16 2 3
github.com/PointerByte/QuicksGo/encrypt/gcp-kms/repository.go:370.16,372.3 1 1
github.com/PointerByte/QuicksGo/encrypt/gcp-kms/repository.go:373.2,374.16 2 2
github.com/PointerByte/QuicksGo/encrypt/gcp-kms/repository.go:374.16,376.3 1 1
github.com/PointerByte/QuicksGo/encrypt/gcp-kms/repository.go:377.2,377.40 1 1
github.com/PointerByte/QuicksGo/encrypt/gcp-kms/repository.go:380.113,381.77 1 2
github.com/PointerByte/QuicksGo/encrypt/gcp-kms/repository.go:381.77,383.3 1 1
github.com/PointerByte/QuicksGo/encrypt/gcp-kms/repository.go:384.2,384.33 1 1
github.com/PointerByte/QuicksGo/encrypt/gcp-kms/repository.go:387.120,388.79 1 2
github.com/PointerByte/QuicksGo/encrypt/gcp-kms/repository.go:388.79,390.3 1 1
github.com/PointerByte/QuicksGo/encrypt/gcp-kms/repository.go:391.2,391.33 1 1
github.com/PointerByte/QuicksGo/encrypt/gcp-kms/repository.go:394.144,398.16 3 2
github.com/PointerByte/QuicksGo/encrypt/gcp-kms/repository.go:398.16,400.3 1 0
github.com/PointerByte/QuicksGo/encrypt/gcp-kms/repository.go:401.2,404.16 3 2
github.com/PointerByte/QuicksGo/encrypt/gcp-kms/repository.go:404.16,406.3 1 0
github.com/PointerByte/QuicksGo/encrypt/gcp-kms/repository.go:407.2,418.16 3 2
github.com/PointerByte/QuicksGo/encrypt/gcp-kms/repository.go:418.16,420.3 1 1
github.com/PointerByte/QuicksGo/encrypt/gcp-kms/repository.go:422.2,423.16 2 1
github.com/PointerByte/QuicksGo/encrypt/gcp-kms/repository.go:423.16,425.3 1 0
github.com/PointerByte/QuicksGo/encrypt/gcp-kms/repository.go:426.2,427.16 2 1
github.com/PointerByte/QuicksGo/encrypt/gcp-kms/repository.go:427.16,429.3 1 0
github.com/PointerByte/QuicksGo/encrypt/gcp-kms/repository.go:431.2,436.8 1 1
github.com/PointerByte/QuicksGo/encrypt/gcp-kms/repository.go:439.114,440.82 1 4
github.com/PointerByte/QuicksGo/encrypt/gcp-kms/repository.go:440.82,442.3 1 1
github.com/PointerByte/QuicksGo/encrypt/gcp-kms/repository.go:444.2,445.16 2 3
github.com/PointerByte/QuicksGo/encrypt/gcp-kms/repository.go:445.16,447.3 1 0
github.com/PointerByte/QuicksGo/encrypt/gcp-kms/repository.go:448.2,451.16 3 3
github.com/PointerByte/QuicksGo/encrypt/gcp-kms/repository.go:451.16,453.3 1 0
github.com/PointerByte/QuicksGo/encrypt/gcp-kms/repository.go:454.2,455.16 2 3
github.com/PointerByte/QuicksGo/encrypt/gcp-kms/repository.go:455.16,457.3 1 2
github.com/PointerByte/QuicksGo/encrypt/gcp-kms/repository.go:458.2,458.67 1 1
github.com/PointerByte/QuicksGo/encrypt/gcp-kms/repository.go:461.116,462.80 1 4
github.com/PointerByte/QuicksGo/encrypt/gcp-kms/repository.go:462.80,464.3 1 1
github.com/PointerByte/QuicksGo/encrypt/gcp-kms/repository.go:466.2,467.16 2 3
github.com/PointerByte/QuicksGo/encrypt/gcp-kms/repository.go:467.16,469.3 1 0
github.com/PointerByte/QuicksGo/encrypt/gcp-kms/repository.go:470.2,473.16 3 3
github.com/PointerByte/QuicksGo/encrypt/gcp-kms/repository.go:473.16,475.3 1 0
github.com/PointerByte/QuicksGo/encrypt/gcp-kms/repository.go:476.2,477.16 2 3
github.com/PointerByte/QuicksGo/encrypt/gcp-kms/repository.go:477.16,479.3 1 2
github.com/PointerByte/QuicksGo/encrypt/gcp-kms/repository.go:480.2,481.16 2 1
github.com/PointerByte/QuicksGo/encrypt/gcp-kms/repository.go:481.16,483.3 1 0
github.com/PointerByte/QuicksGo/encrypt/gcp-kms/repository.go:484.2,485.9 2 1
github.com/PointerByte/QuicksGo/encrypt/gcp-kms/repository.go:485.9,487.3 1 0
github.com/PointerByte/QuicksGo/encrypt/gcp-kms/repository.go:488.2,489.16 2 1
github.com/PointerByte/QuicksGo/encrypt/gcp-kms/repository.go:489.16,491.3 1 0
github.com/PointerByte/QuicksGo/encrypt/gcp-kms/repository.go:492.2,492.64 1 1
github.com/PointerByte/QuicksGo/encrypt/gcp-kms/repository.go:492.64,494.3 1 0
github.com/PointerByte/QuicksGo/encrypt/gcp-kms/repository.go:495.2,495.12 1 1
github.com/PointerByte/QuicksGo/encrypt/gcp-kms/repository.go:498.113,499.78 1 4
github.com/PointerByte/QuicksGo/encrypt/gcp-kms/repository.go:499.78,501.3 1 1
github.com/PointerByte/QuicksGo/encrypt/gcp-kms/repository.go:503.2,504.16 2 3
github.com/PointerByte/QuicksGo/encrypt/gcp-kms/repository.go:504.16,506.3 1 0
github.com/PointerByte/QuicksGo/encrypt/gcp-kms/repository.go:507.2,510.16 3 3
github.com/PointerByte/QuicksGo/encrypt/gcp-kms/repository.go:510.16,512.3 1 0
github.com/PointerByte/QuicksGo/encrypt/gcp-kms/repository.go:513.2,518.16 3 3
github.com/PointerByte/QuicksGo/encrypt/gcp-kms/repository.go:518.16,520.3 1 2
github.com/PointerByte/QuicksGo/encrypt/gcp-kms/repository.go:521.2,521.67 1 1
github.com/PointerByte/QuicksGo/encrypt/gcp-kms/repository.go:524.115,525.76 1 4
github.com/PointerByte/QuicksGo/encrypt/gcp-kms/repository.go:525.76,527.3 1 1
github.com/PointerByte/QuicksGo/encrypt/gcp-kms/repository.go:529.2,530.16 2 3
github.com/PointerByte/QuicksGo/encrypt/gcp-kms/repository.go:530.16,532.3 1 0
github.com/PointerByte/QuicksGo/encrypt/gcp-kms/repository.go:533.2,536.16 3 3
github.com/PointerByte/QuicksGo/encrypt/gcp-kms/repository.go:536.16,538.3 1 0
github.com/PointerByte/QuicksGo/encrypt/gcp-kms/repository.go:539.2,540.16 2 3
github.com/PointerByte/QuicksGo/encrypt/gcp-kms/repository.go:540.16,542.3 1 2
github.com/PointerByte/QuicksGo/encrypt/gcp-kms/repository.go:543.2,544.16 2 1
github.com/PointerByte/QuicksGo/encrypt/gcp-kms/repository.go:544.16,546.3 1 0
github.com/PointerByte/QuicksGo/encrypt/gcp-kms/repository.go:547.2,548.9 2 1
github.com/PointerByte/QuicksGo/encrypt/gcp-kms/repository.go:548.9,550.3 1 0
github.com/PointerByte/QuicksGo/encrypt/gcp-kms/repository.go:551.2,552.16 2 1
github.com/PointerByte/QuicksGo/encrypt/gcp-kms/repository.go:552.16,554.3 1 0
github.com/PointerByte/QuicksGo/encrypt/gcp-kms/repository.go:555.2,556.99 2 1
github.com/PointerByte/QuicksGo/encrypt/gcp-kms/repository.go:556.99,558.3 1 0
github.com/PointerByte/QuicksGo/encrypt/gcp-kms/repository.go:559.2,559.12 1 1
github.com/PointerByte/QuicksGo/encrypt/gcp-kms/repository.go:562.138,563.23 1 3
github.com/PointerByte/QuicksGo/encrypt/gcp-kms/repository.go:563.23,565.3 1 1
github.com/PointerByte/QuicksGo/encrypt/gcp-kms/repository.go:567.2,568.16 2 2
github.com/PointerByte/QuicksGo/encrypt/gcp-kms/repository.go:568.16,570.3 1 0
github.com/PointerByte/QuicksGo/encrypt/gcp-kms/repository.go:571.2,574.16 3 2
github.com/PointerByte/QuicksGo/encrypt/gcp-kms/repository.go:574.16,576.3 1 0
github.com/PointerByte/QuicksGo/encrypt/gcp-kms/repository.go:577.2,582.16 3 2
github.com/PointerByte/QuicksGo/encrypt/gcp-kms/repository.go:582.16,584.3 1 1
github.com/PointerByte/QuicksGo/encrypt/gcp-kms/repository.go:585.2,585.67 1 1
github.com/PointerByte/QuicksGo/encrypt/gcp-kms/repository.go:588.130,589.22 1 4
github.com/PointerByte/QuicksGo/encrypt/gcp-kms/repository.go:589.22,591.3 1 1
github.com/PointerByte/QuicksGo/encrypt/gcp-kms/repository.go:593.2,594.16 2 3
github.com/PointerByte/QuicksGo/encrypt/gcp-kms/repository.go:594.16,596.3 1 0
github.com/PointerByte/QuicksGo/encrypt/gcp-kms/repository.go:597.2,600.16 3 3
github.com/PointerByte/QuicksGo/encrypt/gcp-kms/repository.go:600.16,602.3 1 0
github.com/PointerByte/QuicksGo/encrypt/gcp-kms/repository.go:603.2,604.16 2 3
github.com/PointerByte/QuicksGo/encrypt/gcp-kms/repository.go:604.16,606.3 1 2
github.com/PointerByte/QuicksGo/encrypt/gcp-kms/repository.go:607.2,608.16 2 1
github.com/PointerByte/QuicksGo/encrypt/gcp-kms/repository.go:608.16,610.3 1 0
github.com/PointerByte/QuicksGo/encrypt/gcp-kms/repository.go:611.2,612.9 2 1
github.com/PointerByte/QuicksGo/encrypt/gcp-kms/repository.go:612.9,614.3 1 0
github.com/PointerByte/QuicksGo/encrypt/gcp-kms/repository.go:615.2,616.16 2 1
github.com/PointerByte/QuicksGo/encrypt/gcp-kms/repository.go:616.16,618.3 1 0
github.com/PointerByte/QuicksGo/encrypt/gcp-kms/repository.go:619.2,620.99 2 1
github.com/PointerByte/QuicksGo/encrypt/gcp-kms/repository.go:620.99,622.3 1 0
github.com/PointerByte/QuicksGo/encrypt/gcp-kms/repository.go:623.2,623.12 1 1
github.com/PointerByte/QuicksGo/encrypt/gcp-kms/repository.go:626.62,628.2 1 40
github.com/PointerByte/QuicksGo/encrypt/gcp-kms/repository.go:630.34,631.92 1 22
github.com/PointerByte/QuicksGo/encrypt/gcp-kms/repository.go:631.92,633.3 1 20
github.com/PointerByte/QuicksGo/encrypt/gcp-kms/repository.go:634.2,634.62 1 2
github.com/PointerByte/QuicksGo/encrypt/gcp-kms/repository.go:637.56,639.18 2 8
github.com/PointerByte/QuicksGo/encrypt/gcp-kms/repository.go:639.18,641.3 1 7
github.com/PointerByte/QuicksGo/encrypt/gcp-kms/repository.go:642.2,642.18 1 8
github.com/PointerByte/QuicksGo/encrypt/gcp-kms/repository.go:642.18,644.3 1 1
github.com/PointerByte/QuicksGo/encrypt/gcp-kms/repository.go:646.2,647.26 2 7
github.com/PointerByte/QuicksGo/encrypt/gcp-kms/repository.go:647.26,648.44 1 49
github.com/PointerByte/QuicksGo/encrypt/gcp-kms/repository.go:648.44,650.4 1 7
github.com/PointerByte/QuicksGo/encrypt/gcp-kms/repository.go:652.2,652.37 1 0
github.com/PointerByte/QuicksGo/encrypt/gcp-kms/repository.go:655.58,657.18 2 8
github.com/PointerByte/QuicksGo/encrypt/gcp-kms/repository.go:657.18,659.3 1 2
github.com/PointerByte/QuicksGo/encrypt/gcp-kms/repository.go:660.2,660.18 1 8
github.com/PointerByte/QuicksGo/encrypt/gcp-kms/repository.go:660.18,662.3 1 1
github.com/PointerByte/QuicksGo/encrypt/gcp-kms/repository.go:663.2,663.71 1 7
github.com/PointerByte/QuicksGo/encrypt/gcp-kms/repository.go:663.71,665.3 1 2
github.com/PointerByte/QuicksGo/encrypt/gcp-kms/repository.go:666.2,666.46 1 5
github.com/PointerByte/QuicksGo/encrypt/gcp-kms/repository.go:666.46,668.3 1 5
github.com/PointerByte/QuicksGo/encrypt/gcp-kms/repository.go:669.2,669.35 1 0
github.com/PointerByte/QuicksGo/encrypt/gcp-kms/repository.go:672.65,674.18 2 28
github.com/PointerByte/QuicksGo/encrypt/gcp-kms/repository.go:674.18,676.3 1 11
github.com/PointerByte/QuicksGo/encrypt/gcp-kms/repository.go:677.2,677.18 1 28
github.com/PointerByte/QuicksGo/encrypt/gcp-kms/repository.go:677.18,679.3 1 0
github.com/PointerByte/QuicksGo/encrypt/gcp-kms/repository.go:680.2,680.53 1 28
github.com/PointerByte/QuicksGo/encrypt/gcp-kms/repository.go:680.53,682.3 1 27
github.com/PointerByte/QuicksGo/encrypt/gcp-kms/repository.go:683.2,683.37 1 1
github.com/PointerByte/QuicksGo/encrypt/gcp-kms/repository.go:686.196,687.47 1 3
github.com/PointerByte/QuicksGo/encrypt/gcp-kms/repository.go:687.47,689.3 1 0
github.com/PointerByte/QuicksGo/encrypt/gcp-kms/repository.go:690.2,696.16 2 3
github.com/PointerByte/QuicksGo/encrypt/gcp-kms/repository.go:696.16,698.3 1 0
github.com/PointerByte/QuicksGo/encrypt/gcp-kms/repository.go:699.2,699.29 1 3
github.com/PointerByte/QuicksGo/encrypt/gcp-kms/repository.go:699.29,701.3 1 1
github.com/PointerByte/QuicksGo/encrypt/gcp-kms/repository.go:702.2,702.31 1 2
github.com/PointerByte/QuicksGo/encrypt/gcp-kms/repository.go:705.102,707.16 2 15
github.com/PointerByte/QuicksGo/encrypt/gcp-kms/repository.go:707.16,709.3 1 0
github.com/PointerByte/QuicksGo/encrypt/gcp-kms/repository.go:710.2,711.18 2 15
github.com/PointerByte/QuicksGo/encrypt/gcp-kms/repository.go:711.18,713.3 1 9
github.com/PointerByte/QuicksGo/encrypt/gcp-kms/repository.go:714.2,714.25 1 6
github.com/PointerByte/QuicksGo/encrypt/gcp-kms/repository.go:717.117,718.14 1 6
github.com/PointerByte/QuicksGo/encrypt/gcp-kms/repository.go:719.26,720.66 1 2
github.com/PointerByte/QuicksGo/encrypt/gcp-kms/repository.go:721.26,722.66 1 1
github.com/PointerByte/QuicksGo/encrypt/gcp-kms/repository.go:723.26,724.66 1 1
github.com/PointerByte/QuicksGo/encrypt/gcp-kms/repository.go:725.10,726.70 1 2
github.com/PointerByte/QuicksGo/encrypt/gcp-kms/repository.go:730.51,732.19 2 7
github.com/PointerByte/QuicksGo/encrypt/gcp-kms/repository.go:732.19,734.3 1 1
github.com/PointerByte/QuicksGo/encrypt/gcp-kms/repository.go:735.2,735.48 1 6
github.com/PointerByte/QuicksGo/encrypt/local/pkcs7.go:9.47,10.20 1 2
github.com/PointerByte/QuicksGo/encrypt/local/pkcs7.go:10.20,11.33 1 1
github.com/PointerByte/QuicksGo/encrypt/local/pkcs7.go:13.2,14.17 2 1
github.com/PointerByte/QuicksGo/encrypt/local/pkcs7.go:14.17,16.3 1 0
github.com/PointerByte/QuicksGo/encrypt/local/pkcs7.go:17.2,18.26 2 1
github.com/PointerByte/QuicksGo/encrypt/local/pkcs7.go:23.58,24.42 1 5
github.com/PointerByte/QuicksGo/encrypt/local/pkcs7.go:24.42,26.3 1 2
github.com/PointerByte/QuicksGo/encrypt/local/pkcs7.go:27.2,28.58 2 3
github.com/PointerByte/QuicksGo/encrypt/local/pkcs7.go:28.58,30.3 1 1
github.com/PointerByte/QuicksGo/encrypt/local/pkcs7.go:32.2,32.24 1 2
github.com/PointerByte/QuicksGo/encrypt/local/pkcs7.go:32.24,33.36 1 3
github.com/PointerByte/QuicksGo/encrypt/local/pkcs7.go:33.36,35.4 1 1
github.com/PointerByte/QuicksGo/encrypt/local/pkcs7.go:37.2,37.31 1 1
github.com/PointerByte/QuicksGo/encrypt/local/pkcs7.go:41.44,43.21 2 2
github.com/PointerByte/QuicksGo/encrypt/local/pkcs7.go:43.21,45.3 1 4
github.com/PointerByte/QuicksGo/encrypt/local/pkcs7.go:46.2,46.12 1 2
github.com/PointerByte/QuicksGo/encrypt/local/repository.go:33.51,35.2 1 6
github.com/PointerByte/QuicksGo/encrypt/local/repository.go:39.133,41.55 2 1
github.com/PointerByte/QuicksGo/encrypt/local/repository.go:41.55,43.3 1 0
github.com/PointerByte/QuicksGo/encrypt/local/repository.go:45.2,47.16 3 1
github.com/PointerByte/QuicksGo/encrypt/local/repository.go:47.16,49.3 1 0
github.com/PointerByte/QuicksGo/encrypt/local/repository.go:50.2,53.8 1 1
github.com/PointerByte/QuicksGo/encrypt/local/repository.go:58.121,61.16 3 6
github.com/PointerByte/QuicksGo/encrypt/local/repository.go:61.16,63.3 1 1
github.com/PointerByte/QuicksGo/encrypt/local/repository.go:65.2,66.16 2 5
github.com/PointerByte/QuicksGo/encrypt/local/repository.go:66.16,68.3 1 1
github.com/PointerByte/QuicksGo/encrypt/local/repository.go:70.2,71.16 2 4
github.com/PointerByte/QuicksGo/encrypt/local/repository.go:71.16,73.3 1 0
github.com/PointerByte/QuicksGo/encrypt/local/repository.go:75.2,76.44 2 4
github.com/PointerByte/QuicksGo/encrypt/local/repository.go:76.44,78.3 1 0
github.com/PointerByte/QuicksGo/encrypt/local/repository.go:80.2,82.56 3 4
github.com/PointerByte/QuicksGo/encrypt/local/repository.go:86.127,89.16 3 6
github.com/PointerByte/QuicksGo/encrypt/local/repository.go:89.16,91.3 1 1
github.com/PointerByte/QuicksGo/encrypt/local/repository.go:93.2,94.16 2 5
github.com/PointerByte/QuicksGo/encrypt/local/repository.go:94.16,96.3 1 0
github.com/PointerByte/QuicksGo/encrypt/local/repository.go:98.2,99.16 2 5
github.com/PointerByte/QuicksGo/encrypt/local/repository.go:99.16,101.3 1 0
github.com/PointerByte/QuicksGo/encrypt/local/repository.go:103.2,104.16 2 5
github.com/PointerByte/QuicksGo/encrypt/local/repository.go:104.16,106.3 1 1
github.com/PointerByte/QuicksGo/encrypt/local/repository.go:108.2,108.37 1 4
github.com/PointerByte/QuicksGo/encrypt/local/repository.go:108.37,110.3 1 1
github.com/PointerByte/QuicksGo/encrypt/local/repository.go:112.2,115.16 4 3
github.com/PointerByte/QuicksGo/encrypt/local/repository.go:115.16,117.3 1 1
github.com/PointerByte/QuicksGo/encrypt/local/repository.go:118.2,118.31 1 2
github.com/PointerByte/QuicksGo/encrypt/local/repository.go:124.41,126.2 1 2
github.com/PointerByte/QuicksGo/encrypt/local/repository.go:129.91,134.2 4 3
github.com/PointerByte/QuicksGo/encrypt/local/repository.go:137.106,140.2 2 2
github.com/PointerByte/QuicksGo/encrypt/local/repository.go:143.77,147.2 3 1
github.com/PointerByte/QuicksGo/encrypt/local/repository.go:150.74,154.2 3 1
github.com/PointerByte/QuicksGo/encrypt/local/repository.go:159.53,161.2 1 3
github.com/PointerByte/QuicksGo/encrypt/local/repository.go:165.131,167.56 2 2
github.com/PointerByte/QuicksGo/encrypt/local/repository.go:167.56,169.3 1 1
github.com/PointerByte/QuicksGo/encrypt/local/repository.go:171.2,172.16 2 1
github.com/PointerByte/QuicksGo/encrypt/local/repository.go:172.16,174.3 1 0
github.com/PointerByte/QuicksGo/encrypt/local/repository.go:175.2,184.8 6 1
github.com/PointerByte/QuicksGo/encrypt/local/repository.go:189.134,193.16 3 2
github.com/PointerByte/QuicksGo/encrypt/local/repository.go:193.16,195.3 1 1
github.com/PointerByte/QuicksGo/encrypt/local/repository.go:197.2,198.16 2 1
github.com/PointerByte/QuicksGo/encrypt/local/repository.go:198.16,200.3 1 0
github.com/PointerByte/QuicksGo/encrypt/local/repository.go:202.2,203.16 2 1
github.com/PointerByte/QuicksGo/encrypt/local/repository.go:203.16,205.3 1 0
github.com/PointerByte/QuicksGo/encrypt/local/repository.go:207.2,208.16 2 1
github.com/PointerByte/QuicksGo/encrypt/local/repository.go:208.16,210.3 1 0
github.com/PointerByte/QuicksGo/encrypt/local/repository.go:212.2,216.8 1 1
github.com/PointerByte/QuicksGo/encrypt/local/repository.go:221.106,224.16 3 2
github.com/PointerByte/QuicksGo/encrypt/local/repository.go:224.16,226.3 1 1
github.com/PointerByte/QuicksGo/encrypt/local/repository.go:228.2,230.16 3 1
github.com/PointerByte/QuicksGo/encrypt/local/repository.go:230.16,232.3 1 0
github.com/PointerByte/QuicksGo/encrypt/local/repository.go:233.2,233.60 1 1
github.com/PointerByte/QuicksGo/encrypt/local/repository.go:238.113,241.16 3 3
github.com/PointerByte/QuicksGo/encrypt/local/repository.go:241.16,243.3 1 1
github.com/PointerByte/QuicksGo/encrypt/local/repository.go:245.2,246.16 2 2
github.com/PointerByte/QuicksGo/encrypt/local/repository.go:246.16,248.3 1 1
github.com/PointerByte/QuicksGo/encrypt/local/repository.go:250.2,252.16 3 1
github.com/PointerByte/QuicksGo/encrypt/local/repository.go:252.16,254.3 1 0
github.com/PointerByte/QuicksGo/encrypt/local/repository.go:255.2,255.32 1 1
github.com/PointerByte/QuicksGo/encrypt/local/repository.go:260.112,262.16 2 3
github.com/PointerByte/QuicksGo/encrypt/local/repository.go:262.16,264.3 1 1
github.com/PointerByte/QuicksGo/encrypt/local/repository.go:266.2,267.16 2 2
github.com/PointerByte/QuicksGo/encrypt/local/repository.go:267.16,269.3 1 0
github.com/PointerByte/QuicksGo/encrypt/local/repository.go:271.2,272.16 2 2
github.com/PointerByte/QuicksGo/encrypt/local/repository.go:272.16,274.3 1 0
github.com/PointerByte/QuicksGo/encrypt/local/repository.go:276.2,277.16 2 2
github.com/PointerByte/QuicksGo/encrypt/local/repository.go:277.16,279.3 1 0
github.com/PointerByte/QuicksGo/encrypt/local/repository.go:281.2,282.16 2 2
github.com/PointerByte/QuicksGo/encrypt/local/repository.go:282.16,284.3 1 0
github.com/PointerByte/QuicksGo/encrypt/local/repository.go:286.2,288.16 3 2
github.com/PointerByte/QuicksGo/encrypt/local/repository.go:288.16,290.3 1 0
github.com/PointerByte/QuicksGo/encrypt/local/repository.go:292.2,293.16 2 2
github.com/PointerByte/QuicksGo/encrypt/local/repository.go:293.16,295.3 1 0
github.com/PointerByte/QuicksGo/encrypt/local/repository.go:297.2,302.16 2 2
github.com/PointerByte/QuicksGo/encrypt/local/repository.go:302.16,304.3 1 0
github.com/PointerByte/QuicksGo/encrypt/local/repository.go:305.2,305.21 1 2
github.com/PointerByte/QuicksGo/encrypt/local/repository.go:310.119,312.16 2 4
github.com/PointerByte/QuicksGo/encrypt/local/repository.go:312.16,314.3 1 1
github.com/PointerByte/QuicksGo/encrypt/local/repository.go:316.2,317.16 2 3
github.com/PointerByte/QuicksGo/encrypt/local/repository.go:317.16,319.3 1 1
github.com/PointerByte/QuicksGo/encrypt/local/repository.go:321.2,322.16 2 2
github.com/PointerByte/QuicksGo/encrypt/local/repository.go:322.16,324.3 1 0
github.com/PointerByte/QuicksGo/encrypt/local/repository.go:326.2,327.16 2 2
github.com/PointerByte/QuicksGo/encrypt/local/repository.go:327.16,329.3 1 0
github.com/PointerByte/QuicksGo/encrypt/local/repository.go:330.2,330.32 1 2
github.com/PointerByte/QuicksGo/encrypt/local/repository.go:330.32,332.3 1 1
github.com/PointerByte/QuicksGo/encrypt/local/repository.go:334.2,335.16 2 1
github.com/PointerByte/QuicksGo/encrypt/local/repository.go:335.16,337.3 1 0
github.com/PointerByte/QuicksGo/encrypt/local/repository.go:339.2,340.16 2 1
github.com/PointerByte/QuicksGo/encrypt/local/repository.go:340.16,342.3 1 0
github.com/PointerByte/QuicksGo/encrypt/local/repository.go:344.2,344.132 1 1
github.com/PointerByte/QuicksGo/encrypt/local/repository.go:350.51,352.2 1 3
github.com/PointerByte/QuicksGo/encrypt/local/repository.go:355.132,359.16 4 1
github.com/PointerByte/QuicksGo/encrypt/local/repository.go:359.16,361.3 1 0
github.com/PointerByte/QuicksGo/encrypt/local/repository.go:363.2,364.16 2 1
github.com/PointerByte/QuicksGo/encrypt/local/repository.go:364.16,366.3 1 0
github.com/PointerByte/QuicksGo/encrypt/local/repository.go:367.2,370.16 3 1
github.com/PointerByte/QuicksGo/encrypt/local/repository.go:370.16,372.3 1 0
github.com/PointerByte/QuicksGo/encrypt/local/repository.go:373.2,378.8 2 1
github.com/PointerByte/QuicksGo/encrypt/local/repository.go:381.66,382.14 1 1
github.com/PointerByte/QuicksGo/encrypt/local/repository.go:383.44,384.13 1 1
github.com/PointerByte/QuicksGo/encrypt/local/repository.go:385.10,386.64 1 0
github.com/PointerByte/QuicksGo/encrypt/local/repository.go:390.68,391.14 1 2
github.com/PointerByte/QuicksGo/encrypt/local/repository.go:392.66,393.13 1 1
github.com/PointerByte/QuicksGo/encrypt/local/repository.go:394.10,395.65 1 1
github.com/PointerByte/QuicksGo/encrypt/local/repository.go:400.105,403.16 3 2
github.com/PointerByte/QuicksGo/encrypt/local/repository.go:403.16,405.3 1 1
github.com/PointerByte/QuicksGo/encrypt/local/repository.go:407.2,408.58 2 1
github.com/PointerByte/QuicksGo/encrypt/local/repository.go:412.107,415.16 3 4
github.com/PointerByte/QuicksGo/encrypt/local/repository.go:415.16,417.3 1 1
github.com/PointerByte/QuicksGo/encrypt/local/repository.go:419.2,420.16 2 3
github.com/PointerByte/QuicksGo/encrypt/local/repository.go:420.16,422.3 1 1
github.com/PointerByte/QuicksGo/encrypt/local/repository.go:424.2,424.69 1 2
github.com/PointerByte/QuicksGo/encrypt/local/repository.go:424.69,426.3 1 1
github.com/PointerByte/QuicksGo/encrypt/local/repository.go:427.2,427.12 1 1
github.com/PointerByte/QuicksGo/encrypt/local/repository.go:431.101,434.16 3 2
github.com/PointerByte/QuicksGo/encrypt/local/repository.go:434.16,436.3 1 1
github.com/PointerByte/QuicksGo/encrypt/local/repository.go:438.2,440.16 3 1
github.com/PointerByte/QuicksGo/encrypt/local/repository.go:440.16,442.3 1 0
github.com/PointerByte/QuicksGo/encrypt/local/repository.go:443.2,443.58 1 1
github.com/PointerByte/QuicksGo/encrypt/local/repository.go:447.103,450.16 3 4
github.com/PointerByte/QuicksGo/encrypt/local/repository.go:450.16,452.3 1 1
github.com/PointerByte/QuicksGo/encrypt/local/repository.go:454.2,455.16 2 3
github.com/PointerByte/QuicksGo/encrypt/local/repository.go:455.16,457.3 1 1
github.com/PointerByte/QuicksGo/encrypt/local/repository.go:459.2,460.90 2 2
github.com/PointerByte/QuicksGo/encrypt/local/repository.go:460.90,462.3 1 1
github.com/PointerByte/QuicksGo/encrypt/local/repository.go:463.2,463.12 1 1
github.com/PointerByte/QuicksGo/encrypt/local/repository.go:468.126,470.23 2 2
github.com/PointerByte/QuicksGo/encrypt/local/repository.go:470.23,472.3 1 1
github.com/PointerByte/QuicksGo/encrypt/local/repository.go:474.2,476.16 3 1
github.com/PointerByte/QuicksGo/encrypt/local/repository.go:476.16,478.3 1 0
github.com/PointerByte/QuicksGo/encrypt/local/repository.go:479.2,479.58 1 1
github.com/PointerByte/QuicksGo/encrypt/local/repository.go:483.118,485.22 2 4
github.com/PointerByte/QuicksGo/encrypt/local/repository.go:485.22,487.3 1 1
github.com/PointerByte/QuicksGo/encrypt/local/repository.go:489.2,491.16 3 3
github.com/PointerByte/QuicksGo/encrypt/local/repository.go:491.16,493.3 1 1
github.com/PointerByte/QuicksGo/encrypt/local/repository.go:494.2,494.100 1 2
github.com/PointerByte/QuicksGo/encrypt/local/repository.go:494.100,496.3 1 1
github.com/PointerByte/QuicksGo/encrypt/local/repository.go:497.2,497.12 1 1
github.com/PointerByte/QuicksGo/encrypt/local/repository.go:509.34,516.2 1 1
github.com/PointerByte/QuicksGo/encrypt/utilities/utilities.go:35.70,37.16 2 4
github.com/PointerByte/QuicksGo/encrypt/utilities/utilities.go:37.16,39.3 1 1
github.com/PointerByte/QuicksGo/encrypt/utilities/utilities.go:41.2,42.16 2 3
github.com/PointerByte/QuicksGo/encrypt/utilities/utilities.go:42.16,44.3 1 1
github.com/PointerByte/QuicksGo/encrypt/utilities/utilities.go:46.2,47.9 2 2
github.com/PointerByte/QuicksGo/encrypt/utilities/utilities.go:47.9,49.3 1 1
github.com/PointerByte/QuicksGo/encrypt/utilities/utilities.go:50.2,50.17 1 1
github.com/PointerByte/QuicksGo/encrypt/utilities/utilities.go:54.72,56.16 2 3
github.com/PointerByte/QuicksGo/encrypt/utilities/utilities.go:56.16,58.3 1 2
github.com/PointerByte/QuicksGo/encrypt/utilities/utilities.go:60.2,61.16 2 1
github.com/PointerByte/QuicksGo/encrypt/utilities/utilities.go:61.16,63.3 1 0
github.com/PointerByte/QuicksGo/encrypt/utilities/utilities.go:65.2,66.9 2 1
github.com/PointerByte/QuicksGo/encrypt/utilities/utilities.go:66.9,68.3 1 0
github.com/PointerByte/QuicksGo/encrypt/utilities/utilities.go:69.2,69.17 1 1
github.com/PointerByte/QuicksGo/encrypt/utilities/utilities.go:73.72,75.16 2 4
github.com/PointerByte/QuicksGo/encrypt/utilities/utilities.go:75.16,77.3 1 1
github.com/PointerByte/QuicksGo/encrypt/utilities/utilities.go:79.2,80.16 2 3
github.com/PointerByte/QuicksGo/encrypt/utilities/utilities.go:80.16,82.3 1 1
github.com/PointerByte/QuicksGo/encrypt/utilities/utilities.go:84.2,85.9 2 2
github.com/PointerByte/QuicksGo/encrypt/utilities/utilities.go:85.9,87.3 1 1
github.com/PointerByte/QuicksGo/encrypt/utilities/utilities.go:88.2,88.18 1 1
github.com/PointerByte/QuicksGo/encrypt/utilities/utilities.go:92.74,94.16 2 1
github.com/PointerByte/QuicksGo/encrypt/utilities/utilities.go:94.16,96.3 1 0
github.com/PointerByte/QuicksGo/encrypt/utilities/utilities.go:98.2,99.16 2 1
github.com/PointerByte/QuicksGo/encrypt/utilities/utilities.go:99.16,101.3 1 0
github.com/PointerByte/QuicksGo/encrypt/utilities/utilities.go:103.2,104.9 2 1
github.com/PointerByte/QuicksGo/encrypt/utilities/utilities.go:104.9,106.3 1 0
github.com/PointerByte/QuicksGo/encrypt/utilities/utilities.go:107.2,107.18 1 1
github.com/PointerByte/QuicksGo/encrypt/utilities/utilities.go:111.77,113.16 2 4
github.com/PointerByte/QuicksGo/encrypt/utilities/utilities.go:113.16,115.3 1 1
github.com/PointerByte/QuicksGo/encrypt/utilities/utilities.go:117.2,118.16 2 3
github.com/PointerByte/QuicksGo/encrypt/utilities/utilities.go:118.16,120.3 1 1
github.com/PointerByte/QuicksGo/encrypt/utilities/utilities.go:122.2,123.9 2 2
github.com/PointerByte/QuicksGo/encrypt/utilities/utilities.go:123.9,125.3 1 1
github.com/PointerByte/QuicksGo/encrypt/utilities/utilities.go:126.2,126.23 1 1
github.com/PointerByte/QuicksGo/encrypt/utilities/utilities.go:131.79,133.16 2 1
github.com/PointerByte/QuicksGo/encrypt/utilities/utilities.go:133.16,135.3 1 0
github.com/PointerByte/QuicksGo/encrypt/utilities/utilities.go:137.2,138.16 2 1
github.com/PointerByte/QuicksGo/encrypt/utilities/utilities.go:138.16,140.3 1 0
github.com/PointerByte/QuicksGo/encrypt/utilities/utilities.go:142.2,143.9 2 1
github.com/PointerByte/QuicksGo/encrypt/utilities/utilities.go:143.9,145.3 1 0
github.com/PointerByte/QuicksGo/encrypt/utilities/utilities.go:146.2,146.23 1 1
github.com/PointerByte/QuicksGo/encrypt/utilities/utilities.go:150.79,152.16 2 4
github.com/PointerByte/QuicksGo/encrypt/utilities/utilities.go:152.16,154.3 1 1
github.com/PointerByte/QuicksGo/encrypt/utilities/utilities.go:156.2,157.16 2 3
github.com/PointerByte/QuicksGo/encrypt/utilities/utilities.go:157.16,159.3 1 1
github.com/PointerByte/QuicksGo/encrypt/utilities/utilities.go:161.2,162.9 2 2
github.com/PointerByte/QuicksGo/encrypt/utilities/utilities.go:162.9,164.3 1 1
github.com/PointerByte/QuicksGo/encrypt/utilities/utilities.go:165.2,165.24 1 1
github.com/PointerByte/QuicksGo/encrypt/utilities/utilities.go:170.81,172.16 2 2
github.com/PointerByte/QuicksGo/encrypt/utilities/utilities.go:172.16,174.3 1 0
github.com/PointerByte/QuicksGo/encrypt/utilities/utilities.go:176.2,177.16 2 2
github.com/PointerByte/QuicksGo/encrypt/utilities/utilities.go:177.16,179.3 1 1
github.com/PointerByte/QuicksGo/encrypt/utilities/utilities.go:181.2,182.9 2 1
github.com/PointerByte/QuicksGo/encrypt/utilities/utilities.go:182.9,184.3 1 0
github.com/PointerByte/QuicksGo/encrypt/utilities/utilities.go:185.2,185.24 1 1
github.com/PointerByte/QuicksGo/encrypt/utilities/utilities.go:189.72,191.16 2 5
github.com/PointerByte/QuicksGo/encrypt/utilities/utilities.go:191.16,193.3 1 1
github.com/PointerByte/QuicksGo/encrypt/utilities/utilities.go:195.2,196.16 2 4
github.com/PointerByte/QuicksGo/encrypt/utilities/utilities.go:196.16,198.3 1 1
github.com/PointerByte/QuicksGo/encrypt/utilities/utilities.go:200.2,200.42 1 3
github.com/PointerByte/QuicksGo/encrypt/utilities/utilities.go:201.23,202.24 1 0
github.com/PointerByte/QuicksGo/encrypt/utilities/utilities.go:203.24,205.17 2 2
github.com/PointerByte/QuicksGo/encrypt/utilities/utilities.go:205.17,207.4 1 0
github.com/PointerByte/QuicksGo/encrypt/utilities/utilities.go:208.3,208.28 1 2
github.com/PointerByte/QuicksGo/encrypt/utilities/utilities.go:209.10,210.57 1 1
github.com/PointerByte/QuicksGo/encrypt/utilities/utilities.go:215.74,217.16 2 2
github.com/PointerByte/QuicksGo/encrypt/utilities/utilities.go:217.16,219.3 1 0
github.com/PointerByte/QuicksGo/encrypt/utilities/utilities.go:221.2,222.16 2 2
github.com/PointerByte/QuicksGo/encrypt/utilities/utilities.go:222.16,224.3 1 0
github.com/PointerByte/QuicksGo/encrypt/utilities/utilities.go:226.2,226.42 1 2
github.com/PointerByte/QuicksGo/encrypt/utilities/utilities.go:227.23,228.24 1 0
github.com/PointerByte/QuicksGo/encrypt/utilities/utilities.go:229.24,231.17 2 1
github.com/PointerByte/QuicksGo/encrypt/utilities/utilities.go:231.17,233.4 1 0
github.com/PointerByte/QuicksGo/encrypt/utilities/utilities.go:234.3,234.28 1 1
github.com/PointerByte/QuicksGo/encrypt/utilities/utilities.go:235.10,236.57 1 1
github.com/PointerByte/QuicksGo/encrypt/utilities/utilities.go:241.74,243.16 2 5
github.com/PointerByte/QuicksGo/encrypt/utilities/utilities.go:243.16,245.3 1 1
github.com/PointerByte/QuicksGo/encrypt/utilities/utilities.go:247.2,248.16 2 4
github.com/PointerByte/QuicksGo/encrypt/utilities/utilities.go:248.16,250.3 1 1
github.com/PointerByte/QuicksGo/encrypt/utilities/utilities.go:252.2,252.44 1 3
github.com/PointerByte/QuicksGo/encrypt/utilities/utilities.go:253.24,254.25 1 0
github.com/PointerByte/QuicksGo/encrypt/utilities/utilities.go:255.25,257.17 2 2
github.com/PointerByte/QuicksGo/encrypt/utilities/utilities.go:257.17,259.4 1 0
github.com/PointerByte/QuicksGo/encrypt/utilities/utilities.go:260.3,260.29 1 2
github.com/PointerByte/QuicksGo/encrypt/utilities/utilities.go:261.10,262.58 1 1
github.com/PointerByte/QuicksGo/encrypt/utilities/utilities.go:267.76,269.16 2 1
github.com/PointerByte/QuicksGo/encrypt/utilities/utilities.go:269.16,271.3 1 0
github.com/PointerByte/QuicksGo/encrypt/utilities/utilities.go:273.2,274.16 2 1
github.com/PointerByte/QuicksGo/encrypt/utilities/utilities.go:274.16,276.3 1 0
github.com/PointerByte/QuicksGo/encrypt/utilities/utilities.go:278.2,278.44 1 1
github.com/PointerByte/QuicksGo/encrypt/utilities/utilities.go:279.24,280.25 1 0
github.com/PointerByte/QuicksGo/encrypt/utilities/utilities.go:281.25,283.17 2 1
github.com/PointerByte/QuicksGo/encrypt/utilities/utilities.go:283.17,285.4 1 0
github.com/PointerByte/QuicksGo/encrypt/utilities/utilities.go:286.3,286.29 1 1
github.com/PointerByte/QuicksGo/encrypt/utilities/utilities.go:287.10,288.58 1 0
github.com/PointerByte/QuicksGo/encrypt/utilities/utilities.go:293.37,295.16 2 2
github.com/PointerByte/QuicksGo/encrypt/utilities/utilities.go:295.16,297.3 1 1
github.com/PointerByte/QuicksGo/encrypt/utilities/utilities.go:298.2,299.19 2 1
github.com/PointerByte/QuicksGo/encrypt/utilities/utilities.go:303.52,304.18 1 2
github.com/PointerByte/QuicksGo/encrypt/utilities/utilities.go:304.18,306.3 1 1
github.com/PointerByte/QuicksGo/encrypt/utilities/utilities.go:307.2,307.23 1 1
github.com/PointerByte/QuicksGo/encrypt/utilities/utilities.go:311.76,312.15 1 2
github.com/PointerByte/QuicksGo/encrypt/utilities/utilities.go:313.24,314.26 1 1
github.com/PointerByte/QuicksGo/encrypt/utilities/utilities.go:315.24,316.26 1 0
github.com/PointerByte/QuicksGo/encrypt/utilities/utilities.go:317.24,318.26 1 0
github.com/PointerByte/QuicksGo/encrypt/utilities/utilities.go:319.10,320.61 1 1
github.com/PointerByte/QuicksGo/encrypt/utilities/utilities.go:325.58,326.15 1 1
github.com/PointerByte/QuicksGo/encrypt/utilities/utilities.go:327.19,328.39 1 0
github.com/PointerByte/QuicksGo/encrypt/utilities/utilities.go:329.19,330.39 1 0
github.com/PointerByte/QuicksGo/encrypt/utilities/utilities.go:331.19,332.39 1 1
github.com/PointerByte/QuicksGo/encrypt/utilities/utilities.go:333.10,334.49 1 0
github.com/PointerByte/QuicksGo/encrypt/utilities/utilities.go:339.77,341.16 2 1
github.com/PointerByte/QuicksGo/encrypt/utilities/utilities.go:341.16,343.3 1 0
github.com/PointerByte/QuicksGo/encrypt/utilities/utilities.go:344.2,344.17 1 1
github.com/PointerByte/QuicksGo/encrypt/utilities/utilities.go:348.71,350.16 2 1
github.com/PointerByte/QuicksGo/encrypt/utilities/utilities.go:350.16,352.3 1 0
github.com/PointerByte/QuicksGo/encrypt/utilities/utilities.go:353.2,353.61 1 1
github.com/PointerByte/QuicksGo/encrypt/utilities/utilities.go:357.75,359.16 2 2
github.com/PointerByte/QuicksGo/encrypt/utilities/utilities.go:359.16,361.3 1 0
github.com/PointerByte/QuicksGo/encrypt/utilities/utilities.go:363.2,364.63 2 2
github.com/PointerByte/QuicksGo/encrypt/utilities/utilities.go:364.63,366.3 1 0
github.com/PointerByte/QuicksGo/encrypt/utilities/utilities.go:367.2,367.89 1 2
github.com/PointerByte/QuicksGo/encrypt/utilities/utilities.go:367.89,369.3 1 1
github.com/PointerByte/QuicksGo/encrypt/utilities/utilities.go:370.2,370.22 1 1
github.com/PointerByte/QuicksGo/encrypt/utilities/utilities.go:373.47,375.16 2 10
github.com/PointerByte/QuicksGo/encrypt/utilities/utilities.go:375.16,377.3 1 1
github.com/PointerByte/QuicksGo/encrypt/utilities/utilities.go:379.2,380.18 2 9
github.com/PointerByte/QuicksGo/encrypt/utilities/utilities.go:380.18,382.3 1 1
github.com/PointerByte/QuicksGo/encrypt/utilities/utilities.go:383.2,383.25 1 8
