mode: atomic
github.com/PointerByte/QuicksGo/encrypt/repository.go:15.51,22.2 1 1
github.com/PointerByte/QuicksGo/encrypt/aws-kms/repository.go:33.62,35.3 1 0
github.com/PointerByte/QuicksGo/encrypt/aws-kms/repository.go:68.51,70.2 1 5
github.com/PointerByte/QuicksGo/encrypt/aws-kms/repository.go:72.41,74.2 1 5
github.com/PointerByte/QuicksGo/encrypt/aws-kms/repository.go:76.53,80.2 1 6
github.com/PointerByte/QuicksGo/encrypt/aws-kms/repository.go:82.51,86.2 1 6
github.com/PointerByte/QuicksGo/encrypt/aws-kms/repository.go:88.34,95.2 1 3
github.com/PointerByte/QuicksGo/encrypt/aws-kms/repository.go:97.136,99.16 2 6
github.com/PointerByte/QuicksGo/encrypt/aws-kms/repository.go:99.16,101.3 1 1
github.com/PointerByte/QuicksGo/encrypt/aws-kms/repository.go:103.2,104.16 2 5
github.com/PointerByte/QuicksGo/encrypt/aws-kms/repository.go:104.16,106.3 1 1
github.com/PointerByte/QuicksGo/encrypt/aws-kms/repository.go:108.2,113.16 2 4
github.com/PointerByte/QuicksGo/encrypt/aws-kms/repository.go:113.16,115.3 1 1
github.com/PointerByte/QuicksGo/encrypt/aws-kms/repository.go:116.2,116.99 1 3
github.com/PointerByte/QuicksGo/encrypt/aws-kms/repository.go:116.99,118.3 1 1
github.com/PointerByte/QuicksGo/encrypt/aws-kms/repository.go:120.2,127.8 3 2
github.com/PointerByte/QuicksGo/encrypt/aws-kms/repository.go:130.133,131.40 1 3
github.com/PointerByte/QuicksGo/encrypt/aws-kms/repository.go:131.40,133.3 1 1
github.com/PointerByte/QuicksGo/encrypt/aws-kms/repository.go:135.2,136.16 2 2
github.com/PointerByte/QuicksGo/encrypt/aws-kms/repository.go:136.16,138.3 1 0
github.com/PointerByte/QuicksGo/encrypt/aws-kms/repository.go:140.2,141.16 2 2
github.com/PointerByte/QuicksGo/encrypt/aws-kms/repository.go:141.16,143.3 1 0
github.com/PointerByte/QuicksGo/encrypt/aws-kms/repository.go:145.2,149.23 2 2
github.com/PointerByte/QuicksGo/encrypt/aws-kms/repository.go:149.23,151.3 1 1
github.com/PointerByte/QuicksGo/encrypt/aws-kms/repository.go:153.2,154.16 2 2
github.com/PointerByte/QuicksGo/encrypt/aws-kms/repository.go:154.16,156.3 1 1
github.com/PointerByte/QuicksGo/encrypt/aws-kms/repository.go:157.2,157.70 1 1
github.com/PointerByte/QuicksGo/encrypt/aws-kms/repository.go:160.139,161.40 1 3
github.com/PointerByte/QuicksGo/encrypt/aws-kms/repository.go:161.40,163.3 1 0
github.com/PointerByte/QuicksGo/encrypt/aws-kms/repository.go:165.2,166.16 2 3
github.com/PointerByte/QuicksGo/encrypt/aws-kms/repository.go:166.16,168.3 1 0
github.com/PointerByte/QuicksGo/encrypt/aws-kms/repository.go:170.2,171.16 2 3
github.com/PointerByte/QuicksGo/encrypt/aws-kms/repository.go:171.16,173.3 1 0
github.com/PointerByte/QuicksGo/encrypt/aws-kms/repository.go:175.2,176.16 2 3
github.com/PointerByte/QuicksGo/encrypt/aws-kms/repository.go:176.16,178.3 1 1
github.com/PointerByte/QuicksGo/encrypt/aws-kms/repository.go:180.2,184.23 2 2
github.com/PointerByte/QuicksGo/encrypt/aws-kms/repository.go:184.23,186.3 1 2
github.com/PointerByte/QuicksGo/encrypt/aws-kms/repository.go:188.2,189.16 2 2
github.com/PointerByte/QuicksGo/encrypt/aws-kms/repository.go:189.16,191.3 1 1
github.com/PointerByte/QuicksGo/encrypt/aws-kms/repository.go:192.2,192.38 1 1
github.com/PointerByte/QuicksGo/encrypt/aws-kms/repository.go:195.99,196.45 1 2
github.com/PointerByte/QuicksGo/encrypt/aws-kms/repository.go:196.45,198.3 1 0
github.com/PointerByte/QuicksGo/encrypt/aws-kms/repository.go:200.2,201.16 2 2
github.com/PointerByte/QuicksGo/encrypt/aws-kms/repository.go:201.16,203.3 1 0
github.com/PointerByte/QuicksGo/encrypt/aws-kms/repository.go:205.2,206.16 2 2
github.com/PointerByte/QuicksGo/encrypt/aws-kms/repository.go:206.16,208.3 1 0
github.com/PointerByte/QuicksGo/encrypt/aws-kms/repository.go:210.2,215.16 2 2
github.com/PointerByte/QuicksGo/encrypt/aws-kms/repository.go:215.16,217.3 1 1
github.com/PointerByte/QuicksGo/encrypt/aws-kms/repository.go:218.2,218.54 1 1
github.com/PointerByte/QuicksGo/encrypt/aws-kms/repository.go:221.115,222.45 1 2
github.com/PointerByte/QuicksGo/encrypt/aws-kms/repository.go:222.45,224.3 1 0
github.com/PointerByte/QuicksGo/encrypt/aws-kms/repository.go:226.2,227.16 2 2
github.com/PointerByte/QuicksGo/encrypt/aws-kms/repository.go:227.16,229.3 1 0
github.com/PointerByte/QuicksGo/encrypt/aws-kms/repository.go:231.2,232.16 2 2
github.com/PointerByte/QuicksGo/encrypt/aws-kms/repository.go:232.16,234.3 1 0
github.com/PointerByte/QuicksGo/encrypt/aws-kms/repository.go:236.2,237.16 2 2
github.com/PointerByte/QuicksGo/encrypt/aws-kms/repository.go:237.16,239.3 1 0
github.com/PointerByte/QuicksGo/encrypt/aws-kms/repository.go:241.2,247.16 2 2
github.com/PointerByte/QuicksGo/encrypt/aws-kms/repository.go:247.16,249.3 1 1
github.com/PointerByte/QuicksGo/encrypt/aws-kms/repository.go:250.2,250.24 1 1
github.com/PointerByte/QuicksGo/encrypt/aws-kms/repository.go:253.89,255.2 1 1
github.com/PointerByte/QuicksGo/encrypt/aws-kms/repository.go:257.109,259.2 1 0
github.com/PointerByte/QuicksGo/encrypt/aws-kms/repository.go:261.86,263.2 1 1
github.com/PointerByte/QuicksGo/encrypt/aws-kms/repository.go:265.106,267.2 1 0
github.com/PointerByte/QuicksGo/encrypt/aws-kms/repository.go:269.133,271.16 2 6
github.com/PointerByte/QuicksGo/encrypt/aws-kms/repository.go:271.16,273.3 1 1
github.com/PointerByte/QuicksGo/encrypt/aws-kms/repository.go:275.2,276.16 2 5
github.com/PointerByte/QuicksGo/encrypt/aws-kms/repository.go:276.16,278.3 1 1
github.com/PointerByte/QuicksGo/encrypt/aws-kms/repository.go:280.2,284.16 2 4
github.com/PointerByte/QuicksGo/encrypt/aws-kms/repository.go:284.16,286.3 1 1
github.com/PointerByte/QuicksGo/encrypt/aws-kms/repository.go:287.2,287.99 1 3
github.com/PointerByte/QuicksGo/encrypt/aws-kms/repository.go:287.99,289.3 1 1
github.com/PointerByte/QuicksGo/encrypt/aws-kms/repository.go:291.2,294.16 2 2
github.com/PointerByte/QuicksGo/encrypt/aws-kms/repository.go:294.16,296.3 1 1
github.com/PointerByte/QuicksGo/encrypt/aws-kms/repository.go:298.2,306.8 4 1
github.com/PointerByte/QuicksGo/encrypt/aws-kms/repository.go:309.136,311.16 2 3
github.com/PointerByte/QuicksGo/encrypt/aws-kms/repository.go:311.16,313.3 1 1
github.com/PointerByte/QuicksGo/encrypt/aws-kms/repository.go:315.2,316.16 2 2
github.com/PointerByte/QuicksGo/encrypt/aws-kms/repository.go:316.16,318.3 1 1
github.com/PointerByte/QuicksGo/encrypt/aws-kms/repository.go:320.2,325.16 2 1
github.com/PointerByte/QuicksGo/encrypt/aws-kms/repository.go:325.16,327.3 1 0
github.com/PointerByte/QuicksGo/encrypt/aws-kms/repository.go:328.2,328.99 1 1
github.com/PointerByte/QuicksGo/encrypt/aws-kms/repository.go:328.99,330.3 1 0
github.com/PointerByte/QuicksGo/encrypt/aws-kms/repository.go:332.2,333.16 2 1
github.com/PointerByte/QuicksGo/encrypt/aws-kms/repository.go:333.16,335.3 1 0
github.com/PointerByte/QuicksGo/encrypt/aws-kms/repository.go:337.2,342.8 1 1
github.com/PointerByte/QuicksGo/encrypt/aws-kms/repository.go:345.118,346.76 1 6
github.com/PointerByte/QuicksGo/encrypt/aws-kms/repository.go:346.76,348.3 1 2
github.com/PointerByte/QuicksGo/encrypt/aws-kms/repository.go:350.2,351.16 2 4
github.com/PointerByte/QuicksGo/encrypt/aws-kms/repository.go:351.16,353.3 1 1
github.com/PointerByte/QuicksGo/encrypt/aws-kms/repository.go:355.2,356.16 2 3
github.com/PointerByte/QuicksGo/encrypt/aws-kms/repository.go:356.16,358.3 1 1
github.com/PointerByte/QuicksGo/encrypt/aws-kms/repository.go:360.2,365.16 2 2
github.com/PointerByte/QuicksGo/encrypt/aws-kms/repository.go:365.16,367.3 1 1
github.com/PointerByte/QuicksGo/encrypt/aws-kms/repository.go:368.2,368.70 1 1
github.com/PointerByte/QuicksGo/encrypt/aws-kms/repository.go:371.125,372.78 1 5
github.com/PointerByte/QuicksGo/encrypt/aws-kms/repository.go:372.78,374.3 1 1
github.com/PointerByte/QuicksGo/encrypt/aws-kms/repository.go:376.2,377.16 2 4
github.com/PointerByte/QuicksGo/encrypt/aws-kms/repository.go:377.16,379.3 1 1
github.com/PointerByte/QuicksGo/encrypt/aws-kms/repository.go:381.2,382.16 2 3
github.com/PointerByte/QuicksGo/encrypt/aws-kms/repository.go:382.16,384.3 1 0
github.com/PointerByte/QuicksGo/encrypt/aws-kms/repository.go:386.2,387.16 2 3
github.com/PointerByte/QuicksGo/encrypt/aws-kms/repository.go:387.16,389.3 1 1
github.com/PointerByte/QuicksGo/encrypt/aws-kms/repository.go:391.2,396.16 2 2
github.com/PointerByte/QuicksGo/encrypt/aws-kms/repository.go:396.16,398.3 1 1
github.com/PointerByte/QuicksGo/encrypt/aws-kms/repository.go:399.2,399.38 1 1
github.com/PointerByte/QuicksGo/encrypt/aws-kms/repository.go:402.113,403.77 1 4
github.com/PointerByte/QuicksGo/encrypt/aws-kms/repository.go:403.77,405.3 1 1
github.com/PointerByte/QuicksGo/encrypt/aws-kms/repository.go:407.2,408.16 2 3
github.com/PointerByte/QuicksGo/encrypt/aws-kms/repository.go:408.16,410.3 1 1
github.com/PointerByte/QuicksGo/encrypt/aws-kms/repository.go:412.2,413.16 2 2
github.com/PointerByte/QuicksGo/encrypt/aws-kms/repository.go:413.16,415.3 1 0
github.com/PointerByte/QuicksGo/encrypt/aws-kms/repository.go:417.2,418.16 2 2
github.com/PointerByte/QuicksGo/encrypt/aws-kms/repository.go:418.16,420.3 1 1
github.com/PointerByte/QuicksGo/encrypt/aws-kms/repository.go:422.2,422.109 1 1
github.com/PointerByte/QuicksGo/encrypt/aws-kms/repository.go:425.120,426.79 1 5
github.com/PointerByte/QuicksGo/encrypt/aws-kms/repository.go:426.79,428.3 1 1
github.com/PointerByte/QuicksGo/encrypt/aws-kms/repository.go:430.2,431.16 2 4
github.com/PointerByte/QuicksGo/encrypt/aws-kms/repository.go:431.16,433.3 1 1
github.com/PointerByte/QuicksGo/encrypt/aws-kms/repository.go:435.2,436.16 2 3
github.com/PointerByte/QuicksGo/encrypt/aws-kms/repository.go:436.16,438.3 1 0
github.com/PointerByte/QuicksGo/encrypt/aws-kms/repository.go:440.2,441.16 2 3
github.com/PointerByte/QuicksGo/encrypt/aws-kms/repository.go:441.16,443.3 1 2
github.com/PointerByte/QuicksGo/encrypt/aws-kms/repository.go:445.2,446.16 2 1
github.com/PointerByte/QuicksGo/encrypt/aws-kms/repository.go:446.16,448.3 1 0
github.com/PointerByte/QuicksGo/encrypt/aws-kms/repository.go:450.2,455.16 2 1
github.com/PointerByte/QuicksGo/encrypt/aws-kms/repository.go:455.16,457.3 1 0
github.com/PointerByte/QuicksGo/encrypt/aws-kms/repository.go:459.2,460.16 2 1
github.com/PointerByte/QuicksGo/encrypt/aws-kms/repository.go:460.16,462.3 1 0
github.com/PointerByte/QuicksGo/encrypt/aws-kms/repository.go:464.2,464.138 1 1
github.com/PointerByte/QuicksGo/encrypt/aws-kms/repository.go:467.134,470.16 3 2
github.com/PointerByte/QuicksGo/encrypt/aws-kms/repository.go:470.16,472.3 1 0
github.com/PointerByte/QuicksGo/encrypt/aws-kms/repository.go:474.2,479.16 2 2
github.com/PointerByte/QuicksGo/encrypt/aws-kms/repository.go:479.16,481.3 1 1
github.com/PointerByte/QuicksGo/encrypt/aws-kms/repository.go:482.2,482.99 1 1
github.com/PointerByte/QuicksGo/encrypt/aws-kms/repository.go:482.99,484.3 1 0
github.com/PointerByte/QuicksGo/encrypt/aws-kms/repository.go:486.2,489.16 2 1
github.com/PointerByte/QuicksGo/encrypt/aws-kms/repository.go:489.16,491.3 1 0
github.com/PointerByte/QuicksGo/encrypt/aws-kms/repository.go:493.2,501.8 4 1
github.com/PointerByte/QuicksGo/encrypt/aws-kms/repository.go:504.114,505.82 1 5
github.com/PointerByte/QuicksGo/encrypt/aws-kms/repository.go:505.82,507.3 1 1
github.com/PointerByte/QuicksGo/encrypt/aws-kms/repository.go:509.2,510.16 2 4
github.com/PointerByte/QuicksGo/encrypt/aws-kms/repository.go:510.16,512.3 1 1
github.com/PointerByte/QuicksGo/encrypt/aws-kms/repository.go:514.2,515.16 2 3
github.com/PointerByte/QuicksGo/encrypt/aws-kms/repository.go:515.16,517.3 1 0
github.com/PointerByte/QuicksGo/encrypt/aws-kms/repository.go:519.2,525.16 2 3
github.com/PointerByte/QuicksGo/encrypt/aws-kms/repository.go:525.16,527.3 1 2
github.com/PointerByte/QuicksGo/encrypt/aws-kms/repository.go:528.2,528.65 1 1
github.com/PointerByte/QuicksGo/encrypt/aws-kms/repository.go:531.116,532.80 1 6
github.com/PointerByte/QuicksGo/encrypt/aws-kms/repository.go:532.80,534.3 1 1
github.com/PointerByte/QuicksGo/encrypt/aws-kms/repository.go:536.2,537.16 2 5
github.com/PointerByte/QuicksGo/encrypt/aws-kms/repository.go:537.16,539.3 1 1
github.com/PointerByte/QuicksGo/encrypt/aws-kms/repository.go:541.2,542.16 2 4
github.com/PointerByte/QuicksGo/encrypt/aws-kms/repository.go:542.16,544.3 1 0
github.com/PointerByte/QuicksGo/encrypt/aws-kms/repository.go:546.2,547.16 2 4
github.com/PointerByte/QuicksGo/encrypt/aws-kms/repository.go:547.16,549.3 1 2
github.com/PointerByte/QuicksGo/encrypt/aws-kms/repository.go:551.2,558.16 2 2
github.com/PointerByte/QuicksGo/encrypt/aws-kms/repository.go:558.16,560.3 1 0
github.com/PointerByte/QuicksGo/encrypt/aws-kms/repository.go:561.2,561.28 1 2
github.com/PointerByte/QuicksGo/encrypt/aws-kms/repository.go:561.28,563.3 1 1
github.com/PointerByte/QuicksGo/encrypt/aws-kms/repository.go:564.2,564.12 1 1
github.com/PointerByte/QuicksGo/encrypt/aws-kms/repository.go:567.113,568.78 1 4
github.com/PointerByte/QuicksGo/encrypt/aws-kms/repository.go:568.78,570.3 1 1
github.com/PointerByte/QuicksGo/encrypt/aws-kms/repository.go:572.2,573.16 2 3
github.com/PointerByte/QuicksGo/encrypt/aws-kms/repository.go:573.16,575.3 1 1
github.com/PointerByte/QuicksGo/encrypt/aws-kms/repository.go:577.2,578.16 2 2
github.com/PointerByte/QuicksGo/encrypt/aws-kms/repository.go:578.16,580.3 1 0
github.com/PointerByte/QuicksGo/encrypt/aws-kms/repository.go:582.2,588.16 2 2
github.com/PointerByte/QuicksGo/encrypt/aws-kms/repository.go:588.16,590.3 1 1
github.com/PointerByte/QuicksGo/encrypt/aws-kms/repository.go:591.2,591.65 1 1
github.com/PointerByte/QuicksGo/encrypt/aws-kms/repository.go:594.115,595.76 1 5
github.com/PointerByte/QuicksGo/encrypt/aws-kms/repository.go:595.76,597.3 1 1
github.com/PointerByte/QuicksGo/encrypt/aws-kms/repository.go:599.2,600.16 2 4
github.com/PointerByte/QuicksGo/encrypt/aws-kms/repository.go:600.16,602.3 1 1
github.com/PointerByte/QuicksGo/encrypt/aws-kms/repository.go:604.2,605.16 2 3
github.com/PointerByte/QuicksGo/encrypt/aws-kms/repository.go:605.16,607.3 1 0
github.com/PointerByte/QuicksGo/encrypt/aws-kms/repository.go:609.2,610.16 2 3
github.com/PointerByte/QuicksGo/encrypt/aws-kms/repository.go:610.16,612.3 1 1
github.com/PointerByte/QuicksGo/encrypt/aws-kms/repository.go:614.2,621.16 2 2
github.com/PointerByte/QuicksGo/encrypt/aws-kms/repository.go:621.16,623.3 1 0
github.com/PointerByte/QuicksGo/encrypt/aws-kms/repository.go:624.2,624.28 1 2
github.com/PointerByte/QuicksGo/encrypt/aws-kms/repository.go:624.28,626.3 1 1
github.com/PointerByte/QuicksGo/encrypt/aws-kms/repository.go:627.2,627.12 1 1
github.com/PointerByte/QuicksGo/encrypt/aws-kms/repository.go:630.138,631.23 1 4
github.com/PointerByte/QuicksGo/encrypt/aws-kms/repository.go:631.23,633.3 1 1
github.com/PointerByte/QuicksGo/encrypt/aws-kms/repository.go:635.2,636.16 2 3
github.com/PointerByte/QuicksGo/encrypt/aws-kms/repository.go:636.16,638.3 1 1
github.com/PointerByte/QuicksGo/encrypt/aws-kms/repository.go:640.2,641.16 2 2
github.com/PointerByte/QuicksGo/encrypt/aws-kms/repository.go:641.16,643.3 1 0
github.com/PointerByte/QuicksGo/encrypt/aws-kms/repository.go:645.2,651.16 2 2
github.com/PointerByte/QuicksGo/encrypt/aws-kms/repository.go:651.16,653.3 1 1
github.com/PointerByte/QuicksGo/encrypt/aws-kms/repository.go:654.2,654.65 1 1
github.com/PointerByte/QuicksGo/encrypt/aws-kms/repository.go:657.130,658.22 1 5
github.com/PointerByte/QuicksGo/encrypt/aws-kms/repository.go:658.22,660.3 1 1
github.com/PointerByte/QuicksGo/encrypt/aws-kms/repository.go:662.2,663.16 2 4
github.com/PointerByte/QuicksGo/encrypt/aws-kms/repository.go:663.16,665.3 1 1
github.com/PointerByte/QuicksGo/encrypt/aws-kms/repository.go:667.2,668.16 2 3
github.com/PointerByte/QuicksGo/encrypt/aws-kms/repository.go:668.16,670.3 1 0
github.com/PointerByte/QuicksGo/encrypt/aws-kms/repository.go:672.2,673.16 2 3
github.com/PointerByte/QuicksGo/encrypt/aws-kms/repository.go:673.16,675.3 1 1
github.com/PointerByte/QuicksGo/encrypt/aws-kms/repository.go:677.2,684.16 2 2
github.com/PointerByte/QuicksGo/encrypt/aws-kms/repository.go:684.16,686.3 1 0
github.com/PointerByte/QuicksGo/encrypt/aws-kms/repository.go:687.2,687.28 1 2
github.com/PointerByte/QuicksGo/encrypt/aws-kms/repository.go:687.28,689.3 1 1
github.com/PointerByte/QuicksGo/encrypt/aws-kms/repository.go:690.2,690.12 1 1
github.com/PointerByte/QuicksGo/encrypt/aws-kms/repository.go:693.62,695.16 2 64
github.com/PointerByte/QuicksGo/encrypt/aws-kms/repository.go:695.16,697.3 1 14
github.com/PointerByte/QuicksGo/encrypt/aws-kms/repository.go:698.2,698.33 1 50
github.com/PointerByte/QuicksGo/encrypt/aws-kms/repository.go:701.64,703.16 2 0
github.com/PointerByte/QuicksGo/encrypt/aws-kms/repository.go:703.16,705.3 1 0
github.com/PointerByte/QuicksGo/encrypt/aws-kms/repository.go:706.2,707.17 2 0
github.com/PointerByte/QuicksGo/encrypt/aws-kms/repository.go:710.53,711.54 1 40
github.com/PointerByte/QuicksGo/encrypt/aws-kms/repository.go:711.54,713.3 1 18
github.com/PointerByte/QuicksGo/encrypt/aws-kms/repository.go:714.2,714.90 1 22
github.com/PointerByte/QuicksGo/encrypt/aws-kms/repository.go:714.90,716.3 1 20
github.com/PointerByte/QuicksGo/encrypt/aws-kms/repository.go:717.2,717.36 1 2
github.com/PointerByte/QuicksGo/encrypt/aws-kms/repository.go:720.75,721.14 1 8
github.com/PointerByte/QuicksGo/encrypt/aws-kms/repository.go:722.26,723.35 1 4
github.com/PointerByte/QuicksGo/encrypt/aws-kms/repository.go:724.26,725.35 1 1
github.com/PointerByte/QuicksGo/encrypt/aws-kms/repository.go:726.26,727.35 1 1
github.com/PointerByte/QuicksGo/encrypt/aws-kms/repository.go:728.10,729.71 1 2
github.com/PointerByte/QuicksGo/encrypt/aws-kms/repository.go:733.78,734.15 1 2
github.com/PointerByte/QuicksGo/encrypt/aws-kms/repository.go:735.24,736.39 1 1
github.com/PointerByte/QuicksGo/encrypt/aws-kms/repository.go:737.24,738.39 1 0
github.com/PointerByte/QuicksGo/encrypt/aws-kms/repository.go:739.24,740.39 1 0
github.com/PointerByte/QuicksGo/encrypt/aws-kms/repository.go:741.10,742.69 1 1
github.com/PointerByte/QuicksGo/encrypt/aws-kms/repository.go:746.80,747.14 1 8
github.com/PointerByte/QuicksGo/encrypt/aws-kms/repository.go:748.25,749.44 1 6
github.com/PointerByte/QuicksGo/encrypt/aws-kms/repository.go:750.10,751.77 1 2
github.com/PointerByte/QuicksGo/encrypt/aws-kms/repository.go:755.51,757.19 2 4
github.com/PointerByte/QuicksGo/encrypt/aws-kms/repository.go:757.19,759.3 1 0
github.com/PointerByte/QuicksGo/encrypt/aws-kms/repository.go:760.2,763.35 1 4
github.com/PointerByte/QuicksGo/encrypt/azure-key-vault/repository.go:45.119,47.3 1 0
github.com/PointerByte/QuicksGo/encrypt/azure-key-vault/repository.go:48.103,50.3 1 0
github.com/PointerByte/QuicksGo/encrypt/azure-key-vault/repository.go:86.51,88.2 1 5
github.com/PointerByte/QuicksGo/encrypt/azure-key-vault/repository.go:90.41,92.2 1 2
github.com/PointerByte/QuicksGo/encrypt/azure-key-vault/repository.go:94.53,96.2 1 4
github.com/PointerByte/QuicksGo/encrypt/azure-key-vault/repository.go:98.51,100.2 1 3
github.com/PointerByte/QuicksGo/encrypt/azure-key-vault/repository.go:102.34,109.2 1 1
github.com/PointerByte/QuicksGo/encrypt/azure-key-vault/repository.go:111.136,112.31 1 4
github.com/PointerByte/QuicksGo/encrypt/azure-key-vault/repository.go:112.31,114.3 1 1
github.com/PointerByte/QuicksGo/encrypt/azure-key-vault/repository.go:116.2,117.16 2 3
github.com/PointerByte/QuicksGo/encrypt/azure-key-vault/repository.go:117.16,119.3 1 0
github.com/PointerByte/QuicksGo/encrypt/azure-key-vault/repository.go:121.2,129.16 3 3
github.com/PointerByte/QuicksGo/encrypt/azure-key-vault/repository.go:129.16,131.3 1 1
github.com/PointerByte/QuicksGo/encrypt/azure-key-vault/repository.go:133.2,134.16 2 2
github.com/PointerByte/QuicksGo/encrypt/azure-key-vault/repository.go:134.16,136.3 1 0
github.com/PointerByte/QuicksGo/encrypt/azure-key-vault/repository.go:137.2,137.88 1 2
github.com/PointerByte/QuicksGo/encrypt/azure-key-vault/repository.go:140.133,141.40 1 4
github.com/PointerByte/QuicksGo/encrypt/azure-key-vault/repository.go:141.40,143.3 1 1
github.com/PointerByte/QuicksGo/encrypt/azure-key-vault/repository.go:145.2,146.16 2 3
github.com/PointerByte/QuicksGo/encrypt/azure-key-vault/repository.go:146.16,148.3 1 0
github.com/PointerByte/QuicksGo/encrypt/azure-key-vault/repository.go:149.2,150.16 2 3
github.com/PointerByte/QuicksGo/encrypt/azure-key-vault/repository.go:150.16,152.3 1 0
github.com/PointerByte/QuicksGo/encrypt/azure-key-vault/repository.go:154.2,159.16 2 3
github.com/PointerByte/QuicksGo/encrypt/azure-key-vault/repository.go:159.16,161.3 1 2
github.com/PointerByte/QuicksGo/encrypt/azure-key-vault/repository.go:163.2,168.16 2 1
github.com/PointerByte/QuicksGo/encrypt/azure-key-vault/repository.go:168.16,170.3 1 0
github.com/PointerByte/QuicksGo/encrypt/azure-key-vault/repository.go:171.2,171.61 1 1
github.com/PointerByte/QuicksGo/encrypt/azure-key-vault/repository.go:174.139,175.40 1 8
github.com/PointerByte/QuicksGo/encrypt/azure-key-vault/repository.go:175.40,177.3 1 1
github.com/PointerByte/QuicksGo/encrypt/azure-key-vault/repository.go:179.2,180.16 2 7
github.com/PointerByte/QuicksGo/encrypt/azure-key-vault/repository.go:180.16,182.3 1 0
github.com/PointerByte/QuicksGo/encrypt/azure-key-vault/repository.go:183.2,184.16 2 7
github.com/PointerByte/QuicksGo/encrypt/azure-key-vault/repository.go:184.16,186.3 1 0
github.com/PointerByte/QuicksGo/encrypt/azure-key-vault/repository.go:188.2,189.16 2 7
github.com/PointerByte/QuicksGo/encrypt/azure-key-vault/repository.go:189.16,191.3 1 1
github.com/PointerByte/QuicksGo/encrypt/azure-key-vault/repository.go:192.2,193.63 2 6
github.com/PointerByte/QuicksGo/encrypt/azure-key-vault/repository.go:193.63,195.3 1 1
github.com/PointerByte/QuicksGo/encrypt/azure-key-vault/repository.go:197.2,198.16 2 5
github.com/PointerByte/QuicksGo/encrypt/azure-key-vault/repository.go:198.16,200.3 1 1
github.com/PointerByte/QuicksGo/encrypt/azure-key-vault/repository.go:201.2,202.16 2 4
github.com/PointerByte/QuicksGo/encrypt/azure-key-vault/repository.go:202.16,204.3 1 1
github.com/PointerByte/QuicksGo/encrypt/azure-key-vault/repository.go:205.2,206.16 2 3
github.com/PointerByte/QuicksGo/encrypt/azure-key-vault/repository.go:206.16,208.3 1 1
github.com/PointerByte/QuicksGo/encrypt/azure-key-vault/repository.go:210.2,217.16 2 2
github.com/PointerByte/QuicksGo/encrypt/azure-key-vault/repository.go:217.16,219.3 1 1
github.com/PointerByte/QuicksGo/encrypt/azure-key-vault/repository.go:220.2,220.37 1 1
github.com/PointerByte/QuicksGo/encrypt/azure-key-vault/repository.go:223.99,224.44 1 3
github.com/PointerByte/QuicksGo/encrypt/azure-key-vault/repository.go:224.44,226.3 1 1
github.com/PointerByte/QuicksGo/encrypt/azure-key-vault/repository.go:228.2,229.16 2 2
github.com/PointerByte/QuicksGo/encrypt/azure-key-vault/repository.go:229.16,231.3 1 0
github.com/PointerByte/QuicksGo/encrypt/azure-key-vault/repository.go:232.2,233.16 2 2
github.com/PointerByte/QuicksGo/encrypt/azure-key-vault/repository.go:233.16,235.3 1 0
github.com/PointerByte/QuicksGo/encrypt/azure-key-vault/repository.go:237.2,241.16 2 2
github.com/PointerByte/QuicksGo/encrypt/azure-key-vault/repository.go:241.16,243.3 1 1
github.com/PointerByte/QuicksGo/encrypt/azure-key-vault/repository.go:244.2,244.59 1 1
github.com/PointerByte/QuicksGo/encrypt/azure-key-vault/repository.go:247.115,248.44 1 4
github.com/PointerByte/QuicksGo/encrypt/azure-key-vault/repository.go:248.44,250.3 1 1
github.com/PointerByte/QuicksGo/encrypt/azure-key-vault/repository.go:252.2,253.16 2 3
github.com/PointerByte/QuicksGo/encrypt/azure-key-vault/repository.go:253.16,255.3 1 0
github.com/PointerByte/QuicksGo/encrypt/azure-key-vault/repository.go:256.2,257.16 2 3
github.com/PointerByte/QuicksGo/encrypt/azure-key-vault/repository.go:257.16,259.3 1 0
github.com/PointerByte/QuicksGo/encrypt/azure-key-vault/repository.go:261.2,262.16 2 3
github.com/PointerByte/QuicksGo/encrypt/azure-key-vault/repository.go:262.16,264.3 1 1
github.com/PointerByte/QuicksGo/encrypt/azure-key-vault/repository.go:265.2,270.16 2 2
github.com/PointerByte/QuicksGo/encrypt/azure-key-vault/repository.go:270.16,272.3 1 1
github.com/PointerByte/QuicksGo/encrypt/azure-key-vault/repository.go:273.2,273.34 1 1
github.com/PointerByte/QuicksGo/encrypt/azure-key-vault/repository.go:276.89,278.2 1 1
github.com/PointerByte/QuicksGo/encrypt/azure-key-vault/repository.go:280.109,282.2 1 0
github.com/PointerByte/QuicksGo/encrypt/azure-key-vault/repository.go:284.86,286.2 1 1
github.com/PointerByte/QuicksGo/encrypt/azure-key-vault/repository.go:288.106,290.2 1 0
github.com/PointerByte/QuicksGo/encrypt/azure-key-vault/repository.go:292.133,294.16 2 3
github.com/PointerByte/QuicksGo/encrypt/azure-key-vault/repository.go:294.16,296.3 1 1
github.com/PointerByte/QuicksGo/encrypt/azure-key-vault/repository.go:298.2,299.16 2 2
github.com/PointerByte/QuicksGo/encrypt/azure-key-vault/repository.go:299.16,301.3 1 0
github.com/PointerByte/QuicksGo/encrypt/azure-key-vault/repository.go:303.2,314.16 3 2
github.com/PointerByte/QuicksGo/encrypt/azure-key-vault/repository.go:314.16,316.3 1 0
github.com/PointerByte/QuicksGo/encrypt/azure-key-vault/repository.go:318.2,319.16 2 2
github.com/PointerByte/QuicksGo/encrypt/azure-key-vault/repository.go:319.16,321.3 1 0
github.com/PointerByte/QuicksGo/encrypt/azure-key-vault/repository.go:322.2,323.16 2 2
github.com/PointerByte/QuicksGo/encrypt/azure-key-vault/repository.go:323.16,325.3 1 0
github.com/PointerByte/QuicksGo/encrypt/azure-key-vault/repository.go:327.2,328.16 2 2
github.com/PointerByte/QuicksGo/encrypt/azure-key-vault/repository.go:328.16,330.3 1 0
github.com/PointerByte/QuicksGo/encrypt/azure-key-vault/repository.go:331.2,336.8 1 2
github.com/PointerByte/QuicksGo/encrypt/azure-key-vault/repository.go:339.136,343.2 3 2
github.com/PointerByte/QuicksGo/encrypt/azure-key-vault/repository.go:345.118,346.76 1 4
github.com/PointerByte/QuicksGo/encrypt/azure-key-vault/repository.go:346.76,348.3 1 1
github.com/PointerByte/QuicksGo/encrypt/azure-key-vault/repository.go:350.2,351.16 2 3
github.com/PointerByte/QuicksGo/encrypt/azure-key-vault/repository.go:351.16,353.3 1 0
github.com/PointerByte/QuicksGo/encrypt/azure-key-vault/repository.go:354.2,355.16 2 3
github.com/PointerByte/QuicksGo/encrypt/azure-key-vault/repository.go:355.16,357.3 1 0
github.com/PointerByte/QuicksGo/encrypt/azure-key-vault/repository.go:359.2,363.16 2 3
github.com/PointerByte/QuicksGo/encrypt/azure-key-vault/repository.go:363.16,365.3 1 2
github.com/PointerByte/QuicksGo/encrypt/azure-key-vault/repository.go:366.2,366.64 1 1
github.com/PointerByte/QuicksGo/encrypt/azure-key-vault/repository.go:369.125,370.78 1 4
github.com/PointerByte/QuicksGo/encrypt/azure-key-vault/repository.go:370.78,372.3 1 1
github.com/PointerByte/QuicksGo/encrypt/azure-key-vault/repository.go:374.2,375.16 2 3
github.com/PointerByte/QuicksGo/encrypt/azure-key-vault/repository.go:375.16,377.3 1 0
github.com/PointerByte/QuicksGo/encrypt/azure-key-vault/repository.go:378.2,379.16 2 3
github.com/PointerByte/QuicksGo/encrypt/azure-key-vault/repository.go:379.16,381.3 1 0
github.com/PointerByte/QuicksGo/encrypt/azure-key-vault/repository.go:383.2,384.16 2 3
github.com/PointerByte/QuicksGo/encrypt/azure-key-vault/repository.go:384.16,386.3 1 1
github.com/PointerByte/QuicksGo/encrypt/azure-key-vault/repository.go:387.2,391.16 2 2
github.com/PointerByte/QuicksGo/encrypt/azure-key-vault/repository.go:391.16,393.3 1 1
github.com/PointerByte/QuicksGo/encrypt/azure-key-vault/repository.go:394.2,394.37 1 1
github.com/PointerByte/QuicksGo/encrypt/azure-key-vault/repository.go:397.113,398.77 1 2
github.com/PointerByte/QuicksGo/encrypt/azure-key-vault/repository.go:398.77,400.3 1 1
github.com/PointerByte/QuicksGo/encrypt/azure-key-vault/repository.go:401.2,401.35 1 1
github.com/PointerByte/QuicksGo/encrypt/azure-key-vault/repository.go:404.120,405.79 1 2
github.com/PointerByte/QuicksGo/encrypt/azure-key-vault/repository.go:405.79,407.3 1 1
github.com/PointerByte/QuicksGo/encrypt/azure-key-vault/repository.go:408.2,408.35 1 1
github.com/PointerByte/QuicksGo/encrypt/azure-key-vault/repository.go:411.134,415.2 3 1
github.com/PointerByte/QuicksGo/encrypt/azure-key-vault/repository.go:417.114,418.82 1 2
github.com/PointerByte/QuicksGo/encrypt/azure-key-vault/repository.go:418.82,420.3 1 1
github.com/PointerByte/QuicksGo/encrypt/azure-key-vault/repository.go:421.2,421.39 1 1
github.com/PointerByte/QuicksGo/encrypt/azure-key-vault/repository.go:424.116,425.80 1 2
github.com/PointerByte/QuicksGo/encrypt/azure-key-vault/repository.go:425.80,427.3 1 1
github.com/PointerByte/QuicksGo/encrypt/azure-key-vault/repository.go:428.2,428.35 1 1
github.com/PointerByte/QuicksGo/encrypt/azure-key-vault/repository.go:431.113,432.78 1 4
github.com/PointerByte/QuicksGo/encrypt/azure-key-vault/repository.go:432.78,434.3 1 1
github.com/PointerByte/QuicksGo/encrypt/azure-key-vault/repository.go:436.2,437.16 2 3
github.com/PointerByte/QuicksGo/encrypt/azure-key-vault/repository.go:437.16,439.3 1 0
github.com/PointerByte/QuicksGo/encrypt/azure-key-vault/repository.go:440.2,441.16 2 3
github.com/PointerByte/QuicksGo/encrypt/azure-key-vault/repository.go:441.16,443.3 1 0
github.com/PointerByte/QuicksGo/encrypt/azure-key-vault/repository.go:445.2,450.16 3 3
github.com/PointerByte/QuicksGo/encrypt/azure-key-vault/repository.go:450.16,452.3 1 2
github.com/PointerByte/QuicksGo/encrypt/azure-key-vault/repository.go:453.2,453.64 1 1
github.com/PointerByte/QuicksGo/encrypt/azure-key-vault/repository.go:456.115,457.76 1 5
github.com/PointerByte/QuicksGo/encrypt/azure-key-vault/repository.go:457.76,459.3 1 1
github.com/PointerByte/QuicksGo/encrypt/azure-key-vault/repository.go:461.2,462.16 2 4
github.com/PointerByte/QuicksGo/encrypt/azure-key-vault/repository.go:462.16,464.3 1 0
github.com/PointerByte/QuicksGo/encrypt/azure-key-vault/repository.go:465.2,466.16 2 4
github.com/PointerByte/QuicksGo/encrypt/azure-key-vault/repository.go:466.16,468.3 1 0
github.com/PointerByte/QuicksGo/encrypt/azure-key-vault/repository.go:470.2,471.16 2 4
github.com/PointerByte/QuicksGo/encrypt/azure-key-vault/repository.go:471.16,473.3 1 1
github.com/PointerByte/QuicksGo/encrypt/azure-key-vault/repository.go:474.2,480.16 3 3
github.com/PointerByte/QuicksGo/encrypt/azure-key-vault/repository.go:480.16,482.3 1 1
github.com/PointerByte/QuicksGo/encrypt/azure-key-vault/repository.go:483.2,483.32 1 2
github.com/PointerByte/QuicksGo/encrypt/azure-key-vault/repository.go:483.32,485.3 1 1
github.com/PointerByte/QuicksGo/encrypt/azure-key-vault/repository.go:486.2,486.12 1 1
github.com/PointerByte/QuicksGo/encrypt/azure-key-vault/repository.go:489.138,490.23 1 3
github.com/PointerByte/QuicksGo/encrypt/azure-key-vault/repository.go:490.23,492.3 1 1
github.com/PointerByte/QuicksGo/encrypt/azure-key-vault/repository.go:494.2,495.16 2 2
github.com/PointerByte/QuicksGo/encrypt/azure-key-vault/repository.go:495.16,497.3 1 0
github.com/PointerByte/QuicksGo/encrypt/azure-key-vault/repository.go:498.2,499.16 2 2
github.com/PointerByte/QuicksGo/encrypt/azure-key-vault/repository.go:499.16,501.3 1 0
github.com/PointerByte/QuicksGo/encrypt/azure-key-vault/repository.go:503.2,508.16 3 2
github.com/PointerByte/QuicksGo/encrypt/azure-key-vault/repository.go:508.16,510.3 1 1
github.com/PointerByte/QuicksGo/encrypt/azure-key-vault/repository.go:511.2,511.64 1 1
github.com/PointerByte/QuicksGo/encrypt/azure-key-vault/repository.go:514.130,515.22 1 4
github.com/PointerByte/QuicksGo/encrypt/azure-key-vault/repository.go:515.22,517.3 1 1
github.com/PointerByte/QuicksGo/encrypt/azure-key-vault/repository.go:519.2,520.16 2 3
github.com/PointerByte/QuicksGo/encrypt/azure-key-vault/repository.go:520.16,522.3 1 0
github.com/PointerByte/QuicksGo/encrypt/azure-key-vault/repository.go:523.2,524.16 2 3
github.com/PointerByte/QuicksGo/encrypt/azure-key-vault/repository.go:524.16,526.3 1 0
github.com/PointerByte/QuicksGo/encrypt/azure-key-vault/repository.go:528.2,529.16 2 3
github.com/PointerByte/QuicksGo/encrypt/azure-key-vault/repository.go:529.16,531.3 1 1
github.com/PointerByte/QuicksGo/encrypt/azure-key-vault/repository.go:532.2,538.16 3 2
github.com/PointerByte/QuicksGo/encrypt/azure-key-vault/repository.go:538.16,540.3 1 0
github.com/PointerByte/QuicksGo/encrypt/azure-key-vault/repository.go:541.2,541.32 1 2
github.com/PointerByte/QuicksGo/encrypt/azure-key-vault/repository.go:541.32,543.3 1 1
github.com/PointerByte/QuicksGo/encrypt/azure-key-vault/repository.go:544.2,544.12 1 1
github.com/PointerByte/QuicksGo/encrypt/azure-key-vault/repository.go:547.94,549.28 2 40
github.com/PointerByte/QuicksGo/encrypt/azure-key-vault/repository.go:549.28,552.17 3 5
github.com/PointerByte/QuicksGo/encrypt/azure-key-vault/repository.go:552.17,554.4 1 0
github.com/PointerByte/QuicksGo/encrypt/azure-key-vault/repository.go:557.2,558.16 2 40
github.com/PointerByte/QuicksGo/encrypt/azure-key-vault/repository.go:558.16,560.3 1 1
github.com/PointerByte/QuicksGo/encrypt/azure-key-vault/repository.go:561.2,562.16 2 39
github.com/PointerByte/QuicksGo/encrypt/azure-key-vault/repository.go:562.16,564.3 1 1
github.com/PointerByte/QuicksGo/encrypt/azure-key-vault/repository.go:565.2,565.38 1 38
github.com/PointerByte/QuicksGo/encrypt/azure-key-vault/repository.go:568.71,570.18 2 37
github.com/PointerByte/QuicksGo/encrypt/azure-key-vault/repository.go:570.18,572.3 1 9
github.com/PointerByte/QuicksGo/encrypt/azure-key-vault/repository.go:573.2,573.18 1 37
github.com/PointerByte/QuicksGo/encrypt/azure-key-vault/repository.go:573.18,575.3 1 1
github.com/PointerByte/QuicksGo/encrypt/azure-key-vault/repository.go:577.2,578.16 2 36
github.com/PointerByte/QuicksGo/encrypt/azure-key-vault/repository.go:578.16,580.3 1 0
github.com/PointerByte/QuicksGo/encrypt/azure-key-vault/repository.go:581.2,581.46 1 36
github.com/PointerByte/QuicksGo/encrypt/azure-key-vault/repository.go:581.46,583.3 1 1
github.com/PointerByte/QuicksGo/encrypt/azure-key-vault/repository.go:585.2,586.48 2 35
github.com/PointerByte/QuicksGo/encrypt/azure-key-vault/repository.go:586.48,588.3 1 0
github.com/PointerByte/QuicksGo/encrypt/azure-key-vault/repository.go:590.2,595.23 2 35
github.com/PointerByte/QuicksGo/encrypt/azure-key-vault/repository.go:595.23,597.3 1 35
github.com/PointerByte/QuicksGo/encrypt/azure-key-vault/repository.go:598.2,598.23 1 35
github.com/PointerByte/QuicksGo/encrypt/azure-key-vault/repository.go:601.45,602.97 1 8
github.com/PointerByte/QuicksGo/encrypt/azure-key-vault/repository.go:602.97,604.3 1 6
github.com/PointerByte/QuicksGo/encrypt/azure-key-vault/repository.go:605.2,605.96 1 2
github.com/PointerByte/QuicksGo/encrypt/azure-key-vault/repository.go:605.96,607.3 1 1
github.com/PointerByte/QuicksGo/encrypt/azure-key-vault/repository.go:609.2,610.21 2 1
github.com/PointerByte/QuicksGo/encrypt/azure-key-vault/repository.go:610.21,612.3 1 0
github.com/PointerByte/QuicksGo/encrypt/azure-key-vault/repository.go:613.2,614.16 2 1
github.com/PointerByte/QuicksGo/encrypt/azure-key-vault/repository.go:614.16,616.3 1 0
github.com/PointerByte/QuicksGo/encrypt/azure-key-vault/repository.go:617.2,617.29 1 1
github.com/PointerByte/QuicksGo/encrypt/azure-key-vault/repository.go:620.36,621.94 1 13
github.com/PointerByte/QuicksGo/encrypt/azure-key-vault/repository.go:621.94,623.3 1 10
github.com/PointerByte/QuicksGo/encrypt/azure-key-vault/repository.go:624.2,624.64 1 3
github.com/PointerByte/QuicksGo/encrypt/azure-key-vault/repository.go:627.65,628.14 1 5
github.com/PointerByte/QuicksGo/encrypt/azure-key-vault/repository.go:629.66,630.24 1 4
github.com/PointerByte/QuicksGo/encrypt/azure-key-vault/repository.go:631.10,632.78 1 1
github.com/PointerByte/QuicksGo/encrypt/azure-key-vault/repository.go:636.105,637.48 1 7
github.com/PointerByte/QuicksGo/encrypt/azure-key-vault/repository.go:637.48,640.3 2 3
github.com/PointerByte/QuicksGo/encrypt/azure-key-vault/repository.go:641.2,641.39 1 4
github.com/PointerByte/QuicksGo/encrypt/azure-key-vault/repository.go:641.39,643.3 1 1
github.com/PointerByte/QuicksGo/encrypt/azure-key-vault/repository.go:644.2,645.29 2 3
github.com/PointerByte/QuicksGo/encrypt/azure-key-vault/repository.go:648.83,649.75 1 3
github.com/PointerByte/QuicksGo/encrypt/azure-key-vault/repository.go:649.75,651.3 1 1
github.com/PointerByte/QuicksGo/encrypt/azure-key-vault/repository.go:652.2,655.8 1 2
github.com/PointerByte/QuicksGo/encrypt/azure-key-vault/repository.go:658.50,660.19 2 10
github.com/PointerByte/QuicksGo/encrypt/azure-key-vault/repository.go:660.19,662.3 1 1
github.com/PointerByte/QuicksGo/encrypt/azure-key-vault/repository.go:663.2,663.86 1 9
github.com/PointerByte/QuicksGo/encrypt/azure-key-vault/repository.go:666.34,668.2 1 7
github.com/PointerByte/QuicksGo/encrypt/azure-key-vault/repository.go:670.29,672.2 1 46
github.com/PointerByte/QuicksGo/encrypt/gcp-kms/repository.go:44.77,46.17 2 0
github.com/PointerByte/QuicksGo/encrypt/gcp-kms/repository.go:46.17,48.4 1 0
github.com/PointerByte/QuicksGo/encrypt/gcp-kms/repository.go:49.3,49.61 1 0
github.com/PointerByte/QuicksGo/encrypt/gcp-kms/repository.go:68.132,70.2 1 1
github.com/PointerByte/QuicksGo/encrypt/gcp-kms/repository.go:71.153,73.2 1 1
github.com/PointerByte/QuicksGo/encrypt/gcp-kms/repository.go:74.126,76.2 1 1
github.com/PointerByte/QuicksGo/encrypt/gcp-kms/repository.go:77.122,79.2 1 1
github.com/PointerByte/QuicksGo/encrypt/gcp-kms/repository.go:80.122,82.2 1 1
github.com/PointerByte/QuicksGo/encrypt/gcp-kms/repository.go:83.143,85.2 1 1
github.com/PointerByte/QuicksGo/encrypt/gcp-kms/repository.go:86.152,88.2 1 1
github.com/PointerByte/QuicksGo/encrypt/gcp-kms/repository.go:89.122,91.2 1 1
github.com/PointerByte/QuicksGo/encrypt/gcp-kms/repository.go:92.128,94.2 1 1
github.com/PointerByte/QuicksGo/encrypt/gcp-kms/repository.go:108.51,110.2 1 3
github.com/PointerByte/QuicksGo/encrypt/gcp-kms/repository.go:112.41,114.2 1 2
github.com/PointerByte/QuicksGo/encrypt/gcp-kms/repository.go:116.53,118.2 1 3
github.com/PointerByte/QuicksGo/encrypt/gcp-kms/repository.go:120.51,122.2 1 2
github.com/PointerByte/QuicksGo/encrypt/gcp-kms/repository.go:124.34,131.2 1 1
github.com/PointerByte/QuicksGo/encrypt/gcp-kms/repository.go:133.136,134.31 1 3
github.com/PointerByte/QuicksGo/encrypt/gcp-kms/repository.go:134.31,136.3 1 1
github.com/PointerByte/QuicksGo/encrypt/gcp-kms/repository.go:138.2,139.16 2 2
github.com/PointerByte/QuicksGo/encrypt/gcp-kms/repository.go:139.16,141.3 1 0
github.com/PointerByte/QuicksGo/encrypt/gcp-kms/repository.go:142.2,145.16 3 2
github.com/PointerByte/QuicksGo/encrypt/gcp-kms/repository.go:145.16,147.3 1 0
github.com/PointerByte/QuicksGo/encrypt/gcp-kms/repository.go:149.2,160.16 3 2
github.com/PointerByte/QuicksGo/encrypt/gcp-kms/repository.go:160.16,162.3 1 1
github.com/PointerByte/QuicksGo/encrypt/gcp-kms/repository.go:163.2,163.99 1 1
github.com/PointerByte/QuicksGo/encrypt/gcp-kms/repository.go:166.133,167.40 1 3
github.com/PointerByte/QuicksGo/encrypt/gcp-kms/repository.go:167.40,169.3 1 0
github.com/PointerByte/QuicksGo/encrypt/gcp-kms/repository.go:171.2,172.16 2 3
github.com/PointerByte/QuicksGo/encrypt/gcp-kms/repository.go:172.16,174.3 1 0
github.com/PointerByte/QuicksGo/encrypt/gcp-kms/repository.go:175.2,178.16 3 3
github.com/PointerByte/QuicksGo/encrypt/gcp-kms/repository.go:178.16,180.3 1 0
github.com/PointerByte/QuicksGo/encrypt/gcp-kms/repository.go:181.2,186.16 2 3
github.com/PointerByte/QuicksGo/encrypt/gcp-kms/repository.go:186.16,188.3 1 2
github.com/PointerByte/QuicksGo/encrypt/gcp-kms/repository.go:189.2,189.68 1 1
github.com/PointerByte/QuicksGo/encrypt/gcp-kms/repository.go:192.139,193.40 1 4
github.com/PointerByte/QuicksGo/encrypt/gcp-kms/repository.go:193.40,195.3 1 1
github.com/PointerByte/QuicksGo/encrypt/gcp-kms/repository.go:197.2,198.16 2 3
github.com/PointerByte/QuicksGo/encrypt/gcp-kms/repository.go:198.16,200.3 1 0
github.com/PointerByte/QuicksGo/encrypt/gcp-kms/repository.go:201.2,204.16 3 3
github.com/PointerByte/QuicksGo/encrypt/gcp-kms/repository.go:204.16,206.3 1 0
github.com/PointerByte/QuicksGo/encrypt/gcp-kms/repository.go:207.2,208.16 2 3
github.com/PointerByte/QuicksGo/encrypt/gcp-kms/repository.go:208.16,210.3 1 1
github.com/PointerByte/QuicksGo/encrypt/gcp-kms/repository.go:211.2,216.16 2 2
github.com/PointerByte/QuicksGo/encrypt/gcp-kms/repository.go:216.16,218.3 1 1
github.com/PointerByte/QuicksGo/encrypt/gcp-kms/repository.go:219.2,219.40 1 1
github.com/PointerByte/QuicksGo/encrypt/gcp-kms/repository.go:222.99,223.45 1 2
github.com/PointerByte/QuicksGo/encrypt/gcp-kms/repository.go:223.45,225.3 1 0
github.com/PointerByte/QuicksGo/encrypt/gcp-kms/repository.go:227.2,228.16 2 2
github.com/PointerByte/QuicksGo/encrypt/gcp-kms/repository.go:228.16,230.3 1 0
github.com/PointerByte/QuicksGo/encrypt/gcp-kms/repository.go:231.2,234.16 3 2
github.com/PointerByte/QuicksGo/encrypt/gcp-kms/repository.go:234.16,236.3 1 0
github.com/PointerByte/QuicksGo/encrypt/gcp-kms/repository.go:237.2,238.16 2 2
github.com/PointerByte/QuicksGo/encrypt/gcp-kms/repository.go:238.16,240.3 1 1
github.com/PointerByte/QuicksGo/encrypt/gcp-kms/repository.go:241.2,241.56 1 1
github.com/PointerByte/QuicksGo/encrypt/gcp-kms/repository.go:244.115,245.45 1 2
github.com/PointerByte/QuicksGo/encrypt/gcp-kms/repository.go:245.45,247.3 1 0
github.com/PointerByte/QuicksGo/encrypt/gcp-kms/repository.go:249.2,250.16 2 2
github.com/PointerByte/QuicksGo/encrypt/gcp-kms/repository.go:250.16,252.3 1 0
github.com/PointerByte/QuicksGo/encrypt/gcp-kms/repository.go:253.2,256.16 3 2
github.com/PointerByte/QuicksGo/encrypt/gcp-kms/repository.go:256.16,258.3 1 0
github.com/PointerByte/QuicksGo/encrypt/gcp-kms/repository.go:259.2,260.16 2 2
github.com/PointerByte/QuicksGo/encrypt/gcp-kms/repository.go:260.16,262.3 1 1
github.com/PointerByte/QuicksGo/encrypt/gcp-kms/repository.go:263.2,264.16 2 1
github.com/PointerByte/QuicksGo/encrypt/gcp-kms/repository.go:264.16,266.3 1 0
github.com/PointerByte/QuicksGo/encrypt/gcp-kms/repository.go:267.2,267.25 1 1
github.com/PointerByte/QuicksGo/encrypt/gcp-kms/repository.go:270.89,272.2 1 1
github.com/PointerByte/QuicksGo/encrypt/gcp-kms/repository.go:274.109,276.2 1 0
github.com/PointerByte/QuicksGo/encrypt/gcp-kms/repository.go:278.86,280.2 1 1
github.com/PointerByte/QuicksGo/encrypt/gcp-kms/repository.go:282.106,284.2 1 0
github.com/PointerByte/QuicksGo/encrypt/gcp-kms/repository.go:286.133,288.16 2 3
github.com/PointerByte/QuicksGo/encrypt/gcp-kms/repository.go:288.16,290.3 1 1
github.com/PointerByte/QuicksGo/encrypt/gcp-kms/repository.go:292.2,293.16 2 2
github.com/PointerByte/QuicksGo/encrypt/gcp-kms/repository.go:293.16,295.3 1 0
github.com/PointerByte/QuicksGo/encrypt/gcp-kms/repository.go:296.2,299.16 3 2
github.com/PointerByte/QuicksGo/encrypt/gcp-kms/repository.go:299.16,301.3 1 0
github.com/PointerByte/QuicksGo/encrypt/gcp-kms/repository.go:302.2,313.16 3 2
github.com/PointerByte/QuicksGo/encrypt/gcp-kms/repository.go:313.16,315.3 1 1
github.com/PointerByte/QuicksGo/encrypt/gcp-kms/repository.go:317.2,318.16 2 1
github.com/PointerByte/QuicksGo/encrypt/gcp-kms/repository.go:318.16,320.3 1 0
github.com/PointerByte/QuicksGo/encrypt/gcp-kms/repository.go:321.2,322.16 2 1
github.com/PointerByte/QuicksGo/encrypt/gcp-kms/repository.go:322.16,324.3 1 0
github.com/PointerByte/QuicksGo/encrypt/gcp-kms/repository.go:326.2,331.8 1 1
github.com/PointerByte/QuicksGo/encrypt/gcp-kms/repository.go:334.136,338.2 3 2
github.com/PointerByte/QuicksGo/encrypt/gcp-kms/repository.go:340.118,341.76 1 4
github.com/PointerByte/QuicksGo/encrypt/gcp-kms/repository.go:341.76,343.3 1 1
github.com/PointerByte/QuicksGo/encrypt/gcp-kms/repository.go:345.2,346.16 2 3
github.com/PointerByte/QuicksGo/encrypt/gcp-kms/repository.go:346.16,348.3 1 0
github.com/PointerByte/QuicksGo/encrypt/gcp-kms/repository.go:349.2,352.16 3 3
github.com/PointerByte/QuicksGo/encrypt/gcp-kms/repository.go:352.16,354.3 1 0
github.com/PointerByte/QuicksGo/encrypt/gcp-kms/repository.go:355.2,356.16 2 3
github.com/PointerByte/QuicksGo/encrypt/gcp-kms/repository.go:356.16,358.3 1 2
github.com/PointerByte/QuicksGo/encrypt/gcp-kms/repository.go:359.2,359.101 1 1
github.com/PointerByte/QuicksGo/encrypt/gcp-kms/repository.go:362.125,363.78 1 4
github.com/PointerByte/QuicksGo/encrypt/gcp-kms/repository.go:363.78,365.3 1 1
github.com/PointerByte/QuicksGo/encrypt/gcp-kms/repository.go:367.2,368.16 2 3
github.com/PointerByte/QuicksGo/encrypt/gcp-kms/repository.go:368.16,370.3 1 0
github.com/PointerByte/QuicksGo/encrypt/gcp-kms/repository.go:371.2,374.16 3 3
github.com/PointerByte/QuicksGo/encrypt/gcp-kms/repository.go:374.16,376.3 1 0
github.com/PointerByte/QuicksGo/encrypt/gcp-kms/repository.go:377.2,378.16 2 3
github.com/PointerByte/QuicksGo/encrypt/gcp-kms/repository.go:378.16,380.3 1 1
github.com/PointerByte/QuicksGo/encrypt/gcp-kms/repository.go:381.2,382.16 2 2
github.com/PointerByte/QuicksGo/encrypt/gcp-kms/repository.go:382.16,384.3 1 1
github.com/PointerByte/QuicksGo/encrypt/gcp-kms/repository.go:385.2,385.40 1 1
github.com/PointerByte/QuicksGo/encrypt/gcp-kms/repository.go:388.113,389.77 1 2
github.com/PointerByte/QuicksGo/encrypt/gcp-kms/repository.go:389.77,391.3 1 1
github.com/PointerByte/QuicksGo/encrypt/gcp-kms/repository.go:392.2,392.33 1 1
github.com/PointerByte/QuicksGo/encrypt/gcp-kms/repository.go:395.120,396.79 1 2
github.com/PointerByte/QuicksGo/encrypt/gcp-kms/repository.go:396.79,398.3 1 1
github.com/PointerByte/QuicksGo/encrypt/gcp-kms/repository.go:399.2,399.33 1 1
github.com/PointerByte/QuicksGo/encrypt/gcp-kms/repository.go:402.134,406.16 3 2
github.com/PointerByte/QuicksGo/encrypt/gcp-kms/repository.go:406.16,408.3 1 0
github.com/PointerByte/QuicksGo/encrypt/gcp-kms/repository.go:409.2,412.16 3 2
github.com/PointerByte/QuicksGo/encrypt/gcp-kms/repository.go:412.16,414.3 1 0
github.com/PointerByte/QuicksGo/encrypt/gcp-kms/repository.go:415.2,426.16 3 2
github.com/PointerByte/QuicksGo/encrypt/gcp-kms/repository.go:426.16,428.3 1 1
github.com/PointerByte/QuicksGo/encrypt/gcp-kms/repository.go:430.2,431.16 2 1
github.com/PointerByte/QuicksGo/encrypt/gcp-kms/repository.go:431.16,433.3 1 0
github.com/PointerByte/QuicksGo/encrypt/gcp-kms/repository.go:434.2,435.16 2 1
github.com/PointerByte/QuicksGo/encrypt/gcp-kms/repository.go:435.16,437.3 1 0
github.com/PointerByte/QuicksGo/encrypt/gcp-kms/repository.go:439.2,444.8 1 1
github.com/PointerByte/QuicksGo/encrypt/gcp-kms/repository.go:447.114,448.82 1 4
github.com/PointerByte/QuicksGo/encrypt/gcp-kms/repository.go:448.82,450.3 1 1
github.com/PointerByte/QuicksGo/encrypt/gcp-kms/repository.go:452.2,453.16 2 3
github.com/PointerByte/QuicksGo/encrypt/gcp-kms/repository.go:453.16,455.3 1 0
github.com/PointerByte/QuicksGo/encrypt/gcp-kms/repository.go:456.2,459.16 3 3
github.com/PointerByte/QuicksGo/encrypt/gcp-kms/repository.go:459.16,461.3 1 0
github.com/PointerByte/QuicksGo/encrypt/gcp-kms/repository.go:462.2,463.16 2 3
github.com/PointerByte/QuicksGo/encrypt/gcp-kms/repository.go:463.16,465.3 1 2
github.com/PointerByte/QuicksGo/encrypt/gcp-kms/repository.go:466.2,466.67 1 1
github.com/PointerByte/QuicksGo/encrypt/gcp-kms/repository.go:469.116,470.80 1 4
github.com/PointerByte/QuicksGo/encrypt/gcp-kms/repository.go:470.80,472.3 1 1
github.com/PointerByte/QuicksGo/encrypt/gcp-kms/repository.go:474.2,475.16 2 3
github.com/PointerByte/QuicksGo/encrypt/gcp-kms/repository.go:475.16,477.3 1 0
github.com/PointerByte/QuicksGo/encrypt/gcp-kms/repository.go:478.2,481.16 3 3
github.com/PointerByte/QuicksGo/encrypt/gcp-kms/repository.go:481.16,483.3 1 0
github.com/PointerByte/QuicksGo/encrypt/gcp-kms/repository.go:484.2,485.16 2 3
github.com/PointerByte/QuicksGo/encrypt/gcp-kms/repository.go:485.16,487.3 1 2
github.com/PointerByte/QuicksGo/encrypt/gcp-kms/repository.go:488.2,489.16 2 1
github.com/PointerByte/QuicksGo/encrypt/gcp-kms/repository.go:489.16,491.3 1 0
github.com/PointerByte/QuicksGo/encrypt/gcp-kms/repository.go:492.2,493.9 2 1
github.com/PointerByte/QuicksGo/encrypt/gcp-kms/repository.go:493.9,495.3 1 0
github.com/PointerByte/QuicksGo/encrypt/gcp-kms/repository.go:496.2,497.16 2 1
github.com/PointerByte/QuicksGo/encrypt/gcp-kms/repository.go:497.16,499.3 1 0
github.com/PointerByte/QuicksGo/encrypt/gcp-kms/repository.go:500.2,500.64 1 1
github.com/PointerByte/QuicksGo/encrypt/gcp-kms/repository.go:500.64,502.3 1 0
github.com/PointerByte/QuicksGo/encrypt/gcp-kms/repository.go:503.2,503.12 1 1
github.com/PointerByte/QuicksGo/encrypt/gcp-kms/repository.go:506.113,507.78 1 4
github.com/PointerByte/QuicksGo/encrypt/gcp-kms/repository.go:507.78,509.3 1 1
github.com/PointerByte/QuicksGo/encrypt/gcp-kms/repository.go:511.2,512.16 2 3
github.com/PointerByte/QuicksGo/encrypt/gcp-kms/repository.go:512.16,514.3 1 0
github.com/PointerByte/QuicksGo/encrypt/gcp-kms/repository.go:515.2,518.16 3 3
github.com/PointerByte/QuicksGo/encrypt/gcp-kms/repository.go:518.16,520.3 1 0
github.com/PointerByte/QuicksGo/encrypt/gcp-kms/repository.go:521.2,526.16 3 3
github.com/PointerByte/QuicksGo/encrypt/gcp-kms/repository.go:526.16,528.3 1 2
github.com/PointerByte/QuicksGo/encrypt/gcp-kms/repository.go:529.2,529.67 1 1
github.com/PointerByte/QuicksGo/encrypt/gcp-kms/repository.go:532.115,533.76 1 4
github.com/PointerByte/QuicksGo/encrypt/gcp-kms/repository.go:533.76,535.3 1 1
github.com/PointerByte/QuicksGo/encrypt/gcp-kms/repository.go:537.2,538.16 2 3
github.com/PointerByte/QuicksGo/encrypt/gcp-kms/repository.go:538.16,540.3 1 0
github.com/PointerByte/QuicksGo/encrypt/gcp-kms/repository.go:541.2,544.16 3 3
github.com/PointerByte/QuicksGo/encrypt/gcp-kms/repository.go:544.16,546.3 1 0
github.com/PointerByte/QuicksGo/encrypt/gcp-kms/repository.go:547.2,548.16 2 3
github.com/PointerByte/QuicksGo/encrypt/gcp-kms/repository.go:548.16,550.3 1 2
github.com/PointerByte/QuicksGo/encrypt/gcp-kms/repository.go:551.2,552.16 2 1
github.com/PointerByte/QuicksGo/encrypt/gcp-kms/repository.go:552.16,554.3 1 0
github.com/PointerByte/QuicksGo/encrypt/gcp-kms/repository.go:555.2,556.9 2 1
github.com/PointerByte/QuicksGo/encrypt/gcp-kms/repository.go:556.9,558.3 1 0
github.com/PointerByte/QuicksGo/encrypt/gcp-kms/repository.go:559.2,560.16 2 1
github.com/PointerByte/QuicksGo/encrypt/gcp-kms/repository.go:560.16,562.3 1 0
github.com/PointerByte/QuicksGo/encrypt/gcp-kms/repository.go:563.2,564.99 2 1
github.com/PointerByte/QuicksGo/encrypt/gcp-kms/repository.go:564.99,566.3 1 0
github.com/PointerByte/QuicksGo/encrypt/gcp-kms/repository.go:567.2,567.12 1 1
github.com/PointerByte/QuicksGo/encrypt/gcp-kms/repository.go:570.138,571.23 1 3
github.com/PointerByte/QuicksGo/encrypt/gcp-kms/repository.go:571.23,573.3 1 1
github.com/PointerByte/QuicksGo/encrypt/gcp-kms/repository.go:575.2,576.16 2 2
github.com/PointerByte/QuicksGo/encrypt/gcp-kms/repository.go:576.16,578.3 1 0
github.com/PointerByte/QuicksGo/encrypt/gcp-kms/repository.go:579.2,582.16 3 2
github.com/PointerByte/QuicksGo/encrypt/gcp-kms/repository.go:582.16,584.3 1 0
github.com/PointerByte/QuicksGo/encrypt/gcp-kms/repository.go:585.2,590.16 3 2
github.com/PointerByte/QuicksGo/encrypt/gcp-kms/repository.go:590.16,592.3 1 1
github.com/PointerByte/QuicksGo/encrypt/gcp-kms/repository.go:593.2,593.67 1 1
github.com/PointerByte/QuicksGo/encrypt/gcp-kms/repository.go:596.130,597.22 1 4
github.com/PointerByte/QuicksGo/encrypt/gcp-kms/repository.go:597.22,599.3 1 1
github.com/PointerByte/QuicksGo/encrypt/gcp-kms/repository.go:601.2,602.16 2 3
github.com/PointerByte/QuicksGo/encrypt/gcp-kms/repository.go:602.16,604.3 1 0
github.com/PointerByte/QuicksGo/encrypt/gcp-kms/repository.go:605.2,608.16 3 3
github.com/PointerByte/QuicksGo/encrypt/gcp-kms/repository.go:608.16,610.3 1 0
github.com/PointerByte/QuicksGo/encrypt/gcp-kms/repository.go:611.2,612.16 2 3
github.com/PointerByte/QuicksGo/encrypt/gcp-kms/repository.go:612.16,614.3 1 2
github.com/PointerByte/QuicksGo/encrypt/gcp-kms/repository.go:615.2,616.16 2 1
github.com/PointerByte/QuicksGo/encrypt/gcp-kms/repository.go:616.16,618.3 1 0
github.com/PointerByte/QuicksGo/encrypt/gcp-kms/repository.go:619.2,620.9 2 1
github.com/PointerByte/QuicksGo/encrypt/gcp-kms/repository.go:620.9,622.3 1 0
github.com/PointerByte/QuicksGo/encrypt/gcp-kms/repository.go:623.2,624.16 2 1
github.com/PointerByte/QuicksGo/encrypt/gcp-kms/repository.go:624.16,626.3 1 0
github.com/PointerByte/QuicksGo/encrypt/gcp-kms/repository.go:627.2,628.99 2 1
github.com/PointerByte/QuicksGo/encrypt/gcp-kms/repository.go:628.99,630.3 1 0
github.com/PointerByte/QuicksGo/encrypt/gcp-kms/repository.go:631.2,631.12 1 1
github.com/PointerByte/QuicksGo/encrypt/gcp-kms/repository.go:634.62,636.2 1 40
github.com/PointerByte/QuicksGo/encrypt/gcp-kms/repository.go:638.34,639.92 1 22
github.com/PointerByte/QuicksGo/encrypt/gcp-kms/repository.go:639.92,641.3 1 20
github.com/PointerByte/QuicksGo/encrypt/gcp-kms/repository.go:642.2,642.62 1 2
github.com/PointerByte/QuicksGo/encrypt/gcp-kms/repository.go:645.56,647.18 2 8
github.com/PointerByte/QuicksGo/encrypt/gcp-kms/repository.go:647.18,649.3 1 7
github.com/PointerByte/QuicksGo/encrypt/gcp-kms/repository.go:650.2,650.18 1 8
github.com/PointerByte/QuicksGo/encrypt/gcp-kms/repository.go:650.18,652.3 1 1
github.com/PointerByte/QuicksGo/encrypt/gcp-kms/repository.go:654.2,655.26 2 7
github.com/PointerByte/QuicksGo/encrypt/gcp-kms/repository.go:655.26,656.44 1 49
github.com/PointerByte/QuicksGo/encrypt/gcp-kms/repository.go:656.44,658.4 1 7
github.com/PointerByte/QuicksGo/encrypt/gcp-kms/repository.go:660.2,660.37 1 0
github.com/PointerByte/QuicksGo/encrypt/gcp-kms/repository.go:663.58,665.18 2 8
github.com/PointerByte/QuicksGo/encrypt/gcp-kms/repository.go:665.18,667.3 1 2
github.com/PointerByte/QuicksGo/encrypt/gcp-kms/repository.go:668.2,668.18 1 8
github.com/PointerByte/QuicksGo/encrypt/gcp-kms/repository.go:668.18,670.3 1 1
github.com/PointerByte/QuicksGo/encrypt/gcp-kms/repository.go:671.2,671.71 1 7
github.com/PointerByte/QuicksGo/encrypt/gcp-kms/repository.go:671.71,673.3 1 2
github.com/PointerByte/QuicksGo/encrypt/gcp-kms/repository.go:674.2,674.46 1 5
github.com/PointerByte/QuicksGo/encrypt/gcp-kms/repository.go:674.46,676.3 1 5
github.com/PointerByte/QuicksGo/encrypt/gcp-kms/repository.go:677.2,677.35 1 0
github.com/PointerByte/QuicksGo/encrypt/gcp-kms/repository.go:680.65,682.18 2 28
github.com/PointerByte/QuicksGo/encrypt/gcp-kms/repository.go:682.18,684.3 1 11
github.com/PointerByte/QuicksGo/encrypt/gcp-kms/repository.go:685.2,685.18 1 28
github.com/PointerByte/QuicksGo/encrypt/gcp-kms/repository.go:685.18,687.3 1 0
github.com/PointerByte/QuicksGo/encrypt/gcp-kms/repository.go:688.2,688.53 1 28
github.com/PointerByte/QuicksGo/encrypt/gcp-kms/repository.go:688.53,690.3 1 27
github.com/PointerByte/QuicksGo/encrypt/gcp-kms/repository.go:691.2,691.37 1 1
github.com/PointerByte/QuicksGo/encrypt/gcp-kms/repository.go:694.196,695.47 1 3
github.com/PointerByte/QuicksGo/encrypt/gcp-kms/repository.go:695.47,697.3 1 0
github.com/PointerByte/QuicksGo/encrypt/gcp-kms/repository.go:698.2,704.16 2 3
github.com/PointerByte/QuicksGo/encrypt/gcp-kms/repository.go:704.16,706.3 1 0
github.com/PointerByte/QuicksGo/encrypt/gcp-kms/repository.go:707.2,707.29 1 3
github.com/PointerByte/QuicksGo/encrypt/gcp-kms/repository.go:707.29,709.3 1 1
github.com/PointerByte/QuicksGo/encrypt/gcp-kms/repository.go:710.2,710.31 1 2
github.com/PointerByte/QuicksGo/encrypt/gcp-kms/repository.go:713.102,715.16 2 15
github.com/PointerByte/QuicksGo/encrypt/gcp-kms/repository.go:715.16,717.3 1 0
github.com/PointerByte/QuicksGo/encrypt/gcp-kms/repository.go:718.2,719.18 2 15
github.com/PointerByte/QuicksGo/encrypt/gcp-kms/repository.go:719.18,721.3 1 9
github.com/PointerByte/QuicksGo/encrypt/gcp-kms/repository.go:722.2,722.25 1 6
github.com/PointerByte/QuicksGo/encrypt/gcp-kms/repository.go:725.117,726.14 1 6
github.com/PointerByte/QuicksGo/encrypt/gcp-kms/repository.go:727.26,728.66 1 2
github.com/PointerByte/QuicksGo/encrypt/gcp-kms/repository.go:729.26,730.66 1 1
github.com/PointerByte/QuicksGo/encrypt/gcp-kms/repository.go:731.26,732.66 1 1
github.com/PointerByte/QuicksGo/encrypt/gcp-kms/repository.go:733.10,734.70 1 2
github.com/PointerByte/QuicksGo/encrypt/gcp-kms/repository.go:738.51,740.19 2 7
github.com/PointerByte/QuicksGo/encrypt/gcp-kms/repository.go:740.19,742.3 1 1
github.com/PointerByte/QuicksGo/encrypt/gcp-kms/repository.go:743.2,743.48 1 6
github.com/PointerByte/QuicksGo/encrypt/utilities/utilities.go:35.70,37.16 2 4
github.com/PointerByte/QuicksGo/encrypt/utilities/utilities.go:37.16,39.3 1 1
github.com/PointerByte/QuicksGo/encrypt/utilities/utilities.go:41.2,42.16 2 3
github.com/PointerByte/QuicksGo/encrypt/utilities/utilities.go:42.16,44.3 1 1
github.com/PointerByte/QuicksGo/encrypt/utilities/utilities.go:46.2,47.9 2 2
github.com/PointerByte/QuicksGo/encrypt/utilities/utilities.go:47.9,49.3 1 1
github.com/PointerByte/QuicksGo/encrypt/utilities/utilities.go:50.2,50.17 1 1
github.com/PointerByte/QuicksGo/encrypt/utilities/utilities.go:54.72,56.16 2 3
github.com/PointerByte/QuicksGo/encrypt/utilities/utilities.go:56.16,58.3 1 2
github.com/PointerByte/QuicksGo/encrypt/utilities/utilities.go:60.2,61.16 2 1
github.com/PointerByte/QuicksGo/encrypt/utilities/utilities.go:61.16,63.3 1 0
github.com/PointerByte/QuicksGo/encrypt/utilities/utilities.go:65.2,66.9 2 1
github.com/PointerByte/QuicksGo/encrypt/utilities/utilities.go:66.9,68.3 1 0
github.com/PointerByte/QuicksGo/encrypt/utilities/utilities.go:69.2,69.17 1 1
github.com/PointerByte/QuicksGo/encrypt/utilities/utilities.go:73.72,75.16 2 4
github.com/PointerByte/QuicksGo/encrypt/utilities/utilities.go:75.16,77.3 1 1
github.com/PointerByte/QuicksGo/encrypt/utilities/utilities.go:79.2,80.16 2 3
github.com/PointerByte/QuicksGo/encrypt/utilities/utilities.go:80.16,82.3 1 1
github.com/PointerByte/QuicksGo/encrypt/utilities/utilities.go:84.2,85.9 2 2
github.com/PointerByte/QuicksGo/encrypt/utilities/utilities.go:85.9,87.3 1 1
github.com/PointerByte/QuicksGo/encrypt/utilities/utilities.go:88.2,88.18 1 1
github.com/PointerByte/QuicksGo/encrypt/utilities/utilities.go:92.74,94.16 2 1
github.com/PointerByte/QuicksGo/encrypt/utilities/utilities.go:94.16,96.3 1 0
github.com/PointerByte/QuicksGo/encrypt/utilities/utilities.go:98.2,99.16 2 1
github.com/PointerByte/QuicksGo/encrypt/utilities/utilities.go:99.16,101.3 1 0
github.com/PointerByte/QuicksGo/encrypt/utilities/utilities.go:103.2,104.9 2 1
github.com/PointerByte/QuicksGo/encrypt/utilities/utilities.go:104.9,106.3 1 0
github.com/PointerByte/QuicksGo/encrypt/utilities/utilities.go:107.2,107.18 1 1
github.com/PointerByte/QuicksGo/encrypt/utilities/utilities.go:111.77,113.16 2 4
github.com/PointerByte/QuicksGo/encrypt/utilities/utilities.go:113.16,115.3 1 1
github.com/PointerByte/QuicksGo/encrypt/utilities/utilities.go:117.2,118.16 2 3
github.com/PointerByte/QuicksGo/encrypt/utilities/utilities.go:118.16,120.3 1 1
github.com/PointerByte/QuicksGo/encrypt/utilities/utilities.go:122.2,123.9 2 2
github.com/PointerByte/QuicksGo/encrypt/utilities/utilities.go:123.9,125.3 1 1
github.com/PointerByte/QuicksGo/encrypt/utilities/utilities.go:126.2,126.23 1 1
github.com/PointerByte/QuicksGo/encrypt/utilities/utilities.go:131.79,133.16 2 1
github.com/PointerByte/QuicksGo/encrypt/utilities/utilities.go:133.16,135.3 1 0
github.com/PointerByte/QuicksGo/encrypt/utilities/utilities.go:137.2,138.16 2 1
github.com/PointerByte/QuicksGo/encrypt/utilities/utilities.go:138.16,140.3 1 0
github.com/PointerByte/QuicksGo/encrypt/utilities/utilities.go:142.2,143.9 2 1
github.com/PointerByte/QuicksGo/encrypt/utilities/utilities.go:143.9,145.3 1 0
github.com/PointerByte/QuicksGo/encrypt/utilities/utilities.go:146.2,146.23 1 1
github.com/PointerByte/QuicksGo/encrypt/utilities/utilities.go:150.79,152.16 2 4
github.com/PointerByte/QuicksGo/encrypt/utilities/utilities.go:152.16,154.3 1 1
github.com/PointerByte/QuicksGo/encrypt/utilities/utilities.go:156.2,157.16 2 3
github.com/PointerByte/QuicksGo/encrypt/utilities/utilities.go:157.16,159.3 1 1
github.com/PointerByte/QuicksGo/encrypt/utilities/utilities.go:161.2,162.9 2 2
github.com/PointerByte/QuicksGo/encrypt/utilities/utilities.go:162.9,164.3 1 1
github.com/PointerByte/QuicksGo/encrypt/utilities/utilities.go:165.2,165.24 1 1
github.com/PointerByte/QuicksGo/encrypt/utilities/utilities.go:170.81,172.16 2 2
github.com/PointerByte/QuicksGo/encrypt/utilities/utilities.go:172.16,174.3 1 0
github.com/PointerByte/QuicksGo/encrypt/utilities/utilities.go:176.2,177.16 2 2
github.com/PointerByte/QuicksGo/encrypt/utilities/utilities.go:177.16,179.3 1 1
github.com/PointerByte/QuicksGo/encrypt/utilities/utilities.go:181.2,182.9 2 1
github.com/PointerByte/QuicksGo/encrypt/utilities/utilities.go:182.9,184.3 1 0
github.com/PointerByte/QuicksGo/encrypt/utilities/utilities.go:185.2,185.24 1 1
github.com/PointerByte/QuicksGo/encrypt/utilities/utilities.go:189.72,191.16 2 5
github.com/PointerByte/QuicksGo/encrypt/utilities/utilities.go:191.16,193.3 1 1
github.com/PointerByte/QuicksGo/encrypt/utilities/utilities.go:195.2,196.16 2 4
github.com/PointerByte/QuicksGo/encrypt/utilities/utilities.go:196.16,198.3 1 1
github.com/PointerByte/QuicksGo/encrypt/utilities/utilities.go:200.2,200.42 1 3
github.com/PointerByte/QuicksGo/encrypt/utilities/utilities.go:201.23,202.24 1 0
github.com/PointerByte/QuicksGo/encrypt/utilities/utilities.go:203.24,205.17 2 2
github.com/PointerByte/QuicksGo/encrypt/utilities/utilities.go:205.17,207.4 1 0
github.com/PointerByte/QuicksGo/encrypt/utilities/utilities.go:208.3,208.28 1 2
github.com/PointerByte/QuicksGo/encrypt/utilities/utilities.go:209.10,210.57 1 1
github.com/PointerByte/QuicksGo/encrypt/utilities/utilities.go:215.74,217.16 2 2
github.com/PointerByte/QuicksGo/encrypt/utilities/utilities.go:217.16,219.3 1 0
github.com/PointerByte/QuicksGo/encrypt/utilities/utilities.go:221.2,222.16 2 2
github.com/PointerByte/QuicksGo/encrypt/utilities/utilities.go:222.16,224.3 1 0
github.com/PointerByte/QuicksGo/encrypt/utilities/utilities.go:226.2,226.42 1 2
github.com/PointerByte/QuicksGo/encrypt/utilities/utilities.go:227.23,228.24 1 0
github.com/PointerByte/QuicksGo/encrypt/utilities/utilities.go:229.24,231.17 2 1
github.com/PointerByte/QuicksGo/encrypt/utilities/utilities.go:231.17,233.4 1 0
github.com/PointerByte/QuicksGo/encrypt/utilities/utilities.go:234.3,234.28 1 1
github.com/PointerByte/QuicksGo/encrypt/utilities/utilities.go:235.10,236.57 1 1
github.com/PointerByte/QuicksGo/encrypt/utilities/utilities.go:241.74,243.16 2 5
github.com/PointerByte/QuicksGo/encrypt/utilities/utilities.go:243.16,245.3 1 1
github.com/PointerByte/QuicksGo/encrypt/utilities/utilities.go:247.2,248.16 2 4
github.com/PointerByte/QuicksGo/encrypt/utilities/utilities.go:248.16,250.3 1 1
github.com/PointerByte/QuicksGo/encrypt/utilities/utilities.go:252.2,252.44 1 3
github.com/PointerByte/QuicksGo/encrypt/utilities/utilities.go:253.24,254.25 1 0
github.com/PointerByte/QuicksGo/encrypt/utilities/utilities.go:255.25,257.17 2 2
github.com/PointerByte/QuicksGo/encrypt/utilities/utilities.go:257.17,259.4 1 0
github.com/PointerByte/QuicksGo/encrypt/utilities/utilities.go:260.3,260.29 1 2
github.com/PointerByte/QuicksGo/encrypt/utilities/utilities.go:261.10,262.58 1 1
github.com/PointerByte/QuicksGo/encrypt/utilities/utilities.go:267.76,269.16 2 1
github.com/PointerByte/QuicksGo/encrypt/utilities/utilities.go:269.16,271.3 1 0
github.com/PointerByte/QuicksGo/encrypt/utilities/utilities.go:273.2,274.16 2 1
github.com/PointerByte/QuicksGo/encrypt/utilities/utilities.go:274.16,276.3 1 0
github.com/PointerByte/QuicksGo/encrypt/utilities/utilities.go:278.2,278.44 1 1
github.com/PointerByte/QuicksGo/encrypt/utilities/utilities.go:279.24,280.25 1 0
github.com/PointerByte/QuicksGo/encrypt/utilities/utilities.go:281.25,283.17 2 1
github.com/PointerByte/QuicksGo/encrypt/utilities/utilities.go:283.17,285.4 1 0
github.com/PointerByte/QuicksGo/encrypt/utilities/utilities.go:286.3,286.29 1 1
github.com/PointerByte/QuicksGo/encrypt/utilities/utilities.go:287.10,288.58 1 0
github.com/PointerByte/QuicksGo/encrypt/utilities/utilities.go:293.37,295.16 2 2
github.com/PointerByte/QuicksGo/encrypt/utilities/utilities.go:295.16,297.3 1 1
github.com/PointerByte/QuicksGo/encrypt/utilities/utilities.go:298.2,299.19 2 1
github.com/PointerByte/QuicksGo/encrypt/utilities/utilities.go:303.52,304.18 1 2
github.com/PointerByte/QuicksGo/encrypt/utilities/utilities.go:304.18,306.3 1 1
github.com/PointerByte/QuicksGo/encrypt/utilities/utilities.go:307.2,307.23 1 1
github.com/PointerByte/QuicksGo/encrypt/utilities/utilities.go:311.76,312.15 1 2
github.com/PointerByte/QuicksGo/encrypt/utilities/utilities.go:313.24,314.26 1 1
github.com/PointerByte/QuicksGo/encrypt/utilities/utilities.go:315.24,316.26 1 0
github.com/PointerByte/QuicksGo/encrypt/utilities/utilities.go:317.24,318.26 1 0
github.com/PointerByte/QuicksGo/encrypt/utilities/utilities.go:319.10,320.61 1 1
github.com/PointerByte/QuicksGo/encrypt/utilities/utilities.go:325.58,326.15 1 1
github.com/PointerByte/QuicksGo/encrypt/utilities/utilities.go:327.19,328.39 1 0
github.com/PointerByte/QuicksGo/encrypt/utilities/utilities.go:329.19,330.39 1 0
github.com/PointerByte/QuicksGo/encrypt/utilities/utilities.go:331.19,332.39 1 1
github.com/PointerByte/QuicksGo/encrypt/utilities/utilities.go:333.10,334.49 1 0
github.com/PointerByte/QuicksGo/encrypt/utilities/utilities.go:339.77,341.16 2 1
github.com/PointerByte/QuicksGo/encrypt/utilities/utilities.go:341.16,343.3 1 0
github.com/PointerByte/QuicksGo/encrypt/utilities/utilities.go:344.2,344.17 1 1
github.com/PointerByte/QuicksGo/encrypt/utilities/utilities.go:348.71,350.16 2 1
github.com/PointerByte/QuicksGo/encrypt/utilities/utilities.go:350.16,352.3 1 0
github.com/PointerByte/QuicksGo/encrypt/utilities/utilities.go:353.2,353.61 1 1
github.com/PointerByte/QuicksGo/encrypt/utilities/utilities.go:357.75,359.16 2 2
github.com/PointerByte/QuicksGo/encrypt/utilities/utilities.go:359.16,361.3 1 0
github.com/PointerByte/QuicksGo/encrypt/utilities/utilities.go:363.2,364.63 2 2
github.com/PointerByte/QuicksGo/encrypt/utilities/utilities.go:364.63,366.3 1 0
github.com/PointerByte/QuicksGo/encrypt/utilities/utilities.go:367.2,367.89 1 2
github.com/PointerByte/QuicksGo/encrypt/utilities/utilities.go:367.89,369.3 1 1
github.com/PointerByte/QuicksGo/encrypt/utilities/utilities.go:370.2,370.22 1 1
github.com/PointerByte/QuicksGo/encrypt/utilities/utilities.go:373.47,375.16 2 10
github.com/PointerByte/QuicksGo/encrypt/utilities/utilities.go:375.16,377.3 1 1
github.com/PointerByte/QuicksGo/encrypt/utilities/utilities.go:379.2,380.18 2 9
github.com/PointerByte/QuicksGo/encrypt/utilities/utilities.go:380.18,382.3 1 1
github.com/PointerByte/QuicksGo/encrypt/utilities/utilities.go:383.2,383.25 1 8
github.com/PointerByte/QuicksGo/encrypt/local/pkcs7.go:9.47,10.20 1 2
github.com/PointerByte/QuicksGo/encrypt/local/pkcs7.go:10.20,11.33 1 1
github.com/PointerByte/QuicksGo/encrypt/local/pkcs7.go:13.2,14.17 2 1
github.com/PointerByte/QuicksGo/encrypt/local/pkcs7.go:14.17,16.3 1 0
github.com/PointerByte/QuicksGo/encrypt/local/pkcs7.go:17.2,18.26 2 1
github.com/PointerByte/QuicksGo/encrypt/local/pkcs7.go:23.58,24.42 1 5
github.com/PointerByte/QuicksGo/encrypt/local/pkcs7.go:24.42,26.3 1 2
github.com/PointerByte/QuicksGo/encrypt/local/pkcs7.go:27.2,28.58 2 3
github.com/PointerByte/QuicksGo/encrypt/local/pkcs7.go:28.58,30.3 1 1
github.com/PointerByte/QuicksGo/encrypt/local/pkcs7.go:32.2,32.24 1 2
github.com/PointerByte/QuicksGo/encrypt/local/pkcs7.go:32.24,33.36 1 3
github.com/PointerByte/QuicksGo/encrypt/local/pkcs7.go:33.36,35.4 1 1
github.com/PointerByte/QuicksGo/encrypt/local/pkcs7.go:37.2,37.31 1 1
github.com/PointerByte/QuicksGo/encrypt/local/pkcs7.go:41.44,43.21 2 2
github.com/PointerByte/QuicksGo/encrypt/local/pkcs7.go:43.21,45.3 1 4
github.com/PointerByte/QuicksGo/encrypt/local/pkcs7.go:46.2,46.12 1 2
github.com/PointerByte/QuicksGo/encrypt/local/repository.go:33.51,35.2 1 6
github.com/PointerByte/QuicksGo/encrypt/local/repository.go:39.124,41.55 2 1
github.com/PointerByte/QuicksGo/encrypt/local/repository.go:41.55,43.3 1 0
github.com/PointerByte/QuicksGo/encrypt/local/repository.go:45.2,47.16 3 1
github.com/PointerByte/QuicksGo/encrypt/local/repository.go:47.16,49.3 1 0
github.com/PointerByte/QuicksGo/encrypt/local/repository.go:50.2,53.8 1 1
github.com/PointerByte/QuicksGo/encrypt/local/repository.go:58.121,61.16 3 6
github.com/PointerByte/QuicksGo/encrypt/local/repository.go:61.16,63.3 1 1
github.com/PointerByte/QuicksGo/encrypt/local/repository.go:65.2,66.16 2 5
github.com/PointerByte/QuicksGo/encrypt/local/repository.go:66.16,68.3 1 1
github.com/PointerByte/QuicksGo/encrypt/local/repository.go:70.2,71.16 2 4
github.com/PointerByte/QuicksGo/encrypt/local/repository.go:71.16,73.3 1 0
github.com/PointerByte/QuicksGo/encrypt/local/repository.go:75.2,76.44 2 4
github.com/PointerByte/QuicksGo/encrypt/local/repository.go:76.44,78.3 1 0
github.com/PointerByte/QuicksGo/encrypt/local/repository.go:80.2,82.56 3 4
github.com/PointerByte/QuicksGo/encrypt/local/repository.go:86.127,89.16 3 6
github.com/PointerByte/QuicksGo/encrypt/local/repository.go:89.16,91.3 1 1
github.com/PointerByte/QuicksGo/encrypt/local/repository.go:93.2,94.16 2 5
github.com/PointerByte/QuicksGo/encrypt/local/repository.go:94.16,96.3 1 0
github.com/PointerByte/QuicksGo/encrypt/local/repository.go:98.2,99.16 2 5
github.com/PointerByte/QuicksGo/encrypt/local/repository.go:99.16,101.3 1 0
github.com/PointerByte/QuicksGo/encrypt/local/repository.go:103.2,104.16 2 5
github.com/PointerByte/QuicksGo/encrypt/local/repository.go:104.16,106.3 1 1
github.com/PointerByte/QuicksGo/encrypt/local/repository.go:108.2,108.37 1 4
github.com/PointerByte/QuicksGo/encrypt/local/repository.go:108.37,110.3 1 1
github.com/PointerByte/QuicksGo/encrypt/local/repository.go:112.2,115.16 4 3
github.com/PointerByte/QuicksGo/encrypt/local/repository.go:115.16,117.3 1 1
github.com/PointerByte/QuicksGo/encrypt/local/repository.go:118.2,118.31 1 2
github.com/PointerByte/QuicksGo/encrypt/local/repository.go:124.41,126.2 1 2
github.com/PointerByte/QuicksGo/encrypt/local/repository.go:129.87,134.2 4 3
github.com/PointerByte/QuicksGo/encrypt/local/repository.go:137.106,140.2 2 2
github.com/PointerByte/QuicksGo/encrypt/local/repository.go:143.77,147.2 3 3
github.com/PointerByte/QuicksGo/encrypt/local/repository.go:150.100,153.2 2 2
github.com/PointerByte/QuicksGo/encrypt/local/repository.go:156.74,160.2 3 3
github.com/PointerByte/QuicksGo/encrypt/local/repository.go:163.97,166.2 2 2
github.com/PointerByte/QuicksGo/encrypt/local/repository.go:171.53,173.2 1 3
github.com/PointerByte/QuicksGo/encrypt/local/repository.go:177.121,179.56 2 2
github.com/PointerByte/QuicksGo/encrypt/local/repository.go:179.56,181.3 1 1
github.com/PointerByte/QuicksGo/encrypt/local/repository.go:183.2,184.16 2 1
github.com/PointerByte/QuicksGo/encrypt/local/repository.go:184.16,186.3 1 0
github.com/PointerByte/QuicksGo/encrypt/local/repository.go:187.2,196.8 6 1
github.com/PointerByte/QuicksGo/encrypt/local/repository.go:201.124,205.16 3 2
github.com/PointerByte/QuicksGo/encrypt/local/repository.go:205.16,207.3 1 1
github.com/PointerByte/QuicksGo/encrypt/local/repository.go:209.2,210.16 2 1
github.com/PointerByte/QuicksGo/encrypt/local/repository.go:210.16,212.3 1 0
github.com/PointerByte/QuicksGo/encrypt/local/repository.go:214.2,215.16 2 1
github.com/PointerByte/QuicksGo/encrypt/local/repository.go:215.16,217.3 1 0
github.com/PointerByte/QuicksGo/encrypt/local/repository.go:219.2,220.16 2 1
github.com/PointerByte/QuicksGo/encrypt/local/repository.go:220.16,222.3 1 0
github.com/PointerByte/QuicksGo/encrypt/local/repository.go:224.2,228.8 1 1
github.com/PointerByte/QuicksGo/encrypt/local/repository.go:233.106,236.16 3 2
github.com/PointerByte/QuicksGo/encrypt/local/repository.go:236.16,238.3 1 1
github.com/PointerByte/QuicksGo/encrypt/local/repository.go:240.2,242.16 3 1
github.com/PointerByte/QuicksGo/encrypt/local/repository.go:242.16,244.3 1 0
github.com/PointerByte/QuicksGo/encrypt/local/repository.go:245.2,245.60 1 1
github.com/PointerByte/QuicksGo/encrypt/local/repository.go:250.113,253.16 3 3
github.com/PointerByte/QuicksGo/encrypt/local/repository.go:253.16,255.3 1 1
github.com/PointerByte/QuicksGo/encrypt/local/repository.go:257.2,258.16 2 2
github.com/PointerByte/QuicksGo/encrypt/local/repository.go:258.16,260.3 1 1
github.com/PointerByte/QuicksGo/encrypt/local/repository.go:262.2,264.16 3 1
github.com/PointerByte/QuicksGo/encrypt/local/repository.go:264.16,266.3 1 0
github.com/PointerByte/QuicksGo/encrypt/local/repository.go:267.2,267.32 1 1
github.com/PointerByte/QuicksGo/encrypt/local/repository.go:272.112,274.16 2 3
github.com/PointerByte/QuicksGo/encrypt/local/repository.go:274.16,276.3 1 1
github.com/PointerByte/QuicksGo/encrypt/local/repository.go:278.2,279.16 2 2
github.com/PointerByte/QuicksGo/encrypt/local/repository.go:279.16,281.3 1 0
github.com/PointerByte/QuicksGo/encrypt/local/repository.go:283.2,284.16 2 2
github.com/PointerByte/QuicksGo/encrypt/local/repository.go:284.16,286.3 1 0
github.com/PointerByte/QuicksGo/encrypt/local/repository.go:288.2,289.16 2 2
github.com/PointerByte/QuicksGo/encrypt/local/repository.go:289.16,291.3 1 0
github.com/PointerByte/QuicksGo/encrypt/local/repository.go:293.2,294.16 2 2
github.com/PointerByte/QuicksGo/encrypt/local/repository.go:294.16,296.3 1 0
github.com/PointerByte/QuicksGo/encrypt/local/repository.go:298.2,300.16 3 2
github.com/PointerByte/QuicksGo/encrypt/local/repository.go:300.16,302.3 1 0
github.com/PointerByte/QuicksGo/encrypt/local/repository.go:304.2,305.16 2 2
github.com/PointerByte/QuicksGo/encrypt/local/repository.go:305.16,307.3 1 0
github.com/PointerByte/QuicksGo/encrypt/local/repository.go:309.2,314.16 2 2
github.com/PointerByte/QuicksGo/encrypt/local/repository.go:314.16,316.3 1 0
github.com/PointerByte/QuicksGo/encrypt/local/repository.go:317.2,317.21 1 2
github.com/PointerByte/QuicksGo/encrypt/local/repository.go:322.119,324.16 2 4
github.com/PointerByte/QuicksGo/encrypt/local/repository.go:324.16,326.3 1 1
github.com/PointerByte/QuicksGo/encrypt/local/repository.go:328.2,329.16 2 3
github.com/PointerByte/QuicksGo/encrypt/local/repository.go:329.16,331.3 1 1
github.com/PointerByte/QuicksGo/encrypt/local/repository.go:333.2,334.16 2 2
github.com/PointerByte/QuicksGo/encrypt/local/repository.go:334.16,336.3 1 0
github.com/PointerByte/QuicksGo/encrypt/local/repository.go:338.2,339.16 2 2
github.com/PointerByte/QuicksGo/encrypt/local/repository.go:339.16,341.3 1 0
github.com/PointerByte/QuicksGo/encrypt/local/repository.go:342.2,342.32 1 2
github.com/PointerByte/QuicksGo/encrypt/local/repository.go:342.32,344.3 1 1
github.com/PointerByte/QuicksGo/encrypt/local/repository.go:346.2,347.16 2 1
github.com/PointerByte/QuicksGo/encrypt/local/repository.go:347.16,349.3 1 0
github.com/PointerByte/QuicksGo/encrypt/local/repository.go:351.2,352.16 2 1
github.com/PointerByte/QuicksGo/encrypt/local/repository.go:352.16,354.3 1 0
github.com/PointerByte/QuicksGo/encrypt/local/repository.go:356.2,356.132 1 1
github.com/PointerByte/QuicksGo/encrypt/local/repository.go:362.51,364.2 1 3
github.com/PointerByte/QuicksGo/encrypt/local/repository.go:367.122,371.16 4 1
github.com/PointerByte/QuicksGo/encrypt/local/repository.go:371.16,373.3 1 0
github.com/PointerByte/QuicksGo/encrypt/local/repository.go:375.2,376.16 2 1
github.com/PointerByte/QuicksGo/encrypt/local/repository.go:376.16,378.3 1 0
github.com/PointerByte/QuicksGo/encrypt/local/repository.go:379.2,382.16 3 1
github.com/PointerByte/QuicksGo/encrypt/local/repository.go:382.16,384.3 1 0
github.com/PointerByte/QuicksGo/encrypt/local/repository.go:385.2,390.8 2 1
github.com/PointerByte/QuicksGo/encrypt/local/repository.go:393.66,394.14 1 1
github.com/PointerByte/QuicksGo/encrypt/local/repository.go:395.44,396.13 1 1
github.com/PointerByte/QuicksGo/encrypt/local/repository.go:397.10,398.64 1 0
github.com/PointerByte/QuicksGo/encrypt/local/repository.go:402.68,403.14 1 2
github.com/PointerByte/QuicksGo/encrypt/local/repository.go:404.66,405.13 1 1
github.com/PointerByte/QuicksGo/encrypt/local/repository.go:406.10,407.65 1 1
github.com/PointerByte/QuicksGo/encrypt/local/repository.go:412.105,415.16 3 2
github.com/PointerByte/QuicksGo/encrypt/local/repository.go:415.16,417.3 1 1
github.com/PointerByte/QuicksGo/encrypt/local/repository.go:419.2,420.58 2 1
github.com/PointerByte/QuicksGo/encrypt/local/repository.go:424.107,427.16 3 4
github.com/PointerByte/QuicksGo/encrypt/local/repository.go:427.16,429.3 1 1
github.com/PointerByte/QuicksGo/encrypt/local/repository.go:431.2,432.16 2 3
github.com/PointerByte/QuicksGo/encrypt/local/repository.go:432.16,434.3 1 1
github.com/PointerByte/QuicksGo/encrypt/local/repository.go:436.2,436.69 1 2
github.com/PointerByte/QuicksGo/encrypt/local/repository.go:436.69,438.3 1 1
github.com/PointerByte/QuicksGo/encrypt/local/repository.go:439.2,439.12 1 1
github.com/PointerByte/QuicksGo/encrypt/local/repository.go:443.101,446.16 3 2
github.com/PointerByte/QuicksGo/encrypt/local/repository.go:446.16,448.3 1 1
github.com/PointerByte/QuicksGo/encrypt/local/repository.go:450.2,452.16 3 1
github.com/PointerByte/QuicksGo/encrypt/local/repository.go:452.16,454.3 1 0
github.com/PointerByte/QuicksGo/encrypt/local/repository.go:455.2,455.58 1 1
github.com/PointerByte/QuicksGo/encrypt/local/repository.go:459.103,462.16 3 4
github.com/PointerByte/QuicksGo/encrypt/local/repository.go:462.16,464.3 1 1
github.com/PointerByte/QuicksGo/encrypt/local/repository.go:466.2,467.16 2 3
github.com/PointerByte/QuicksGo/encrypt/local/repository.go:467.16,469.3 1 1
github.com/PointerByte/QuicksGo/encrypt/local/repository.go:471.2,472.90 2 2
github.com/PointerByte/QuicksGo/encrypt/local/repository.go:472.90,474.3 1 1
github.com/PointerByte/QuicksGo/encrypt/local/repository.go:475.2,475.12 1 1
github.com/PointerByte/QuicksGo/encrypt/local/repository.go:480.126,482.23 2 2
github.com/PointerByte/QuicksGo/encrypt/local/repository.go:482.23,484.3 1 1
github.com/PointerByte/QuicksGo/encrypt/local/repository.go:486.2,488.16 3 1
github.com/PointerByte/QuicksGo/encrypt/local/repository.go:488.16,490.3 1 0
github.com/PointerByte/QuicksGo/encrypt/local/repository.go:491.2,491.58 1 1
github.com/PointerByte/QuicksGo/encrypt/local/repository.go:495.118,497.22 2 4
github.com/PointerByte/QuicksGo/encrypt/local/repository.go:497.22,499.3 1 1
github.com/PointerByte/QuicksGo/encrypt/local/repository.go:501.2,503.16 3 3
github.com/PointerByte/QuicksGo/encrypt/local/repository.go:503.16,505.3 1 1
github.com/PointerByte/QuicksGo/encrypt/local/repository.go:506.2,506.100 1 2
github.com/PointerByte/QuicksGo/encrypt/local/repository.go:506.100,508.3 1 1
github.com/PointerByte/QuicksGo/encrypt/local/repository.go:509.2,509.12 1 1
github.com/PointerByte/QuicksGo/encrypt/local/repository.go:521.34,528.2 1 1
