mode: atomic
github.com/PointerByte/QuicksGo/logger/utilities/utitities.go:11.56,13.9 2 3
github.com/PointerByte/QuicksGo/logger/utilities/utitities.go:13.9,15.3 1 1
github.com/PointerByte/QuicksGo/logger/utilities/utitities.go:16.2,17.15 2 2
github.com/PointerByte/QuicksGo/logger/utilities/utitities.go:17.15,19.3 1 1
github.com/PointerByte/QuicksGo/logger/utilities/utitities.go:20.2,20.24 1 1
github.com/PointerByte/QuicksGo/logger/formatter/format.go:18.44,20.2 1 12
github.com/PointerByte/QuicksGo/logger/formatter/format.go:28.65,29.56 1 8
github.com/PointerByte/QuicksGo/logger/formatter/format.go:30.14,31.27 1 2
github.com/PointerByte/QuicksGo/logger/formatter/format.go:32.25,33.27 1 3
github.com/PointerByte/QuicksGo/logger/formatter/format.go:34.10,35.31 1 3
github.com/PointerByte/QuicksGo/logger/formatter/format.go:39.69,41.2 1 3
github.com/PointerByte/QuicksGo/logger/formatter/format.go:43.69,58.21 3 4
github.com/PointerByte/QuicksGo/logger/formatter/format.go:58.21,60.3 1 3
github.com/PointerByte/QuicksGo/logger/formatter/format.go:63.2,70.31 1 4
github.com/PointerByte/QuicksGo/logger/formatter/format.go:70.31,75.46 3 1
github.com/PointerByte/QuicksGo/logger/formatter/format.go:75.46,76.14 1 8
github.com/PointerByte/QuicksGo/logger/formatter/format.go:76.14,78.5 1 7
github.com/PointerByte/QuicksGo/logger/formatter/format.go:79.4,80.41 2 8
github.com/PointerByte/QuicksGo/logger/formatter/format.go:83.3,83.31 1 1
github.com/PointerByte/QuicksGo/logger/formatter/format.go:83.31,85.4 1 1
github.com/PointerByte/QuicksGo/logger/formatter/format.go:86.3,86.31 1 1
github.com/PointerByte/QuicksGo/logger/formatter/format.go:86.31,88.4 1 1
github.com/PointerByte/QuicksGo/logger/formatter/format.go:89.3,89.33 1 1
github.com/PointerByte/QuicksGo/logger/formatter/format.go:89.33,91.4 1 1
github.com/PointerByte/QuicksGo/logger/formatter/format.go:92.3,92.31 1 1
github.com/PointerByte/QuicksGo/logger/formatter/format.go:92.31,94.4 1 1
github.com/PointerByte/QuicksGo/logger/formatter/format.go:95.3,95.29 1 1
github.com/PointerByte/QuicksGo/logger/formatter/format.go:95.29,97.4 1 1
github.com/PointerByte/QuicksGo/logger/formatter/format.go:98.3,98.35 1 1
github.com/PointerByte/QuicksGo/logger/formatter/format.go:98.35,100.4 1 1
github.com/PointerByte/QuicksGo/logger/formatter/format.go:101.3,101.33 1 1
github.com/PointerByte/QuicksGo/logger/formatter/format.go:101.33,103.4 1 1
github.com/PointerByte/QuicksGo/logger/formatter/format.go:104.3,104.34 1 1
github.com/PointerByte/QuicksGo/logger/formatter/format.go:104.34,106.4 1 1
github.com/PointerByte/QuicksGo/logger/formatter/format.go:108.3,108.21 1 1
github.com/PointerByte/QuicksGo/logger/formatter/format.go:112.2,112.27 1 4
github.com/PointerByte/QuicksGo/logger/formatter/format.go:112.27,114.34 2 1
github.com/PointerByte/QuicksGo/logger/formatter/format.go:114.34,115.13 1 2
github.com/PointerByte/QuicksGo/logger/formatter/format.go:115.13,117.5 1 1
github.com/PointerByte/QuicksGo/logger/formatter/format.go:119.4,122.54 3 2
github.com/PointerByte/QuicksGo/logger/formatter/format.go:122.54,123.15 1 15
github.com/PointerByte/QuicksGo/logger/formatter/format.go:123.15,125.6 1 13
github.com/PointerByte/QuicksGo/logger/formatter/format.go:126.5,127.42 2 15
github.com/PointerByte/QuicksGo/logger/formatter/format.go:130.4,130.23 1 2
github.com/PointerByte/QuicksGo/logger/formatter/format.go:130.23,132.5 1 1
github.com/PointerByte/QuicksGo/logger/formatter/format.go:133.4,133.22 1 2
github.com/PointerByte/QuicksGo/logger/formatter/format.go:133.22,135.5 1 2
github.com/PointerByte/QuicksGo/logger/formatter/format.go:136.4,136.23 1 2
github.com/PointerByte/QuicksGo/logger/formatter/format.go:136.23,138.5 1 2
github.com/PointerByte/QuicksGo/logger/formatter/format.go:139.4,139.22 1 2
github.com/PointerByte/QuicksGo/logger/formatter/format.go:139.22,141.5 1 1
github.com/PointerByte/QuicksGo/logger/formatter/format.go:142.4,142.24 1 2
github.com/PointerByte/QuicksGo/logger/formatter/format.go:142.24,144.5 1 1
github.com/PointerByte/QuicksGo/logger/formatter/format.go:145.4,145.22 1 2
github.com/PointerByte/QuicksGo/logger/formatter/format.go:145.22,147.5 1 1
github.com/PointerByte/QuicksGo/logger/formatter/format.go:148.4,148.20 1 2
github.com/PointerByte/QuicksGo/logger/formatter/format.go:148.20,150.5 1 1
github.com/PointerByte/QuicksGo/logger/formatter/format.go:151.4,151.19 1 2
github.com/PointerByte/QuicksGo/logger/formatter/format.go:151.19,153.5 1 1
github.com/PointerByte/QuicksGo/logger/formatter/format.go:154.4,154.24 1 2
github.com/PointerByte/QuicksGo/logger/formatter/format.go:154.24,156.5 1 1
github.com/PointerByte/QuicksGo/logger/formatter/format.go:157.4,157.25 1 2
github.com/PointerByte/QuicksGo/logger/formatter/format.go:157.25,159.5 1 1
github.com/PointerByte/QuicksGo/logger/formatter/format.go:160.4,160.22 1 2
github.com/PointerByte/QuicksGo/logger/formatter/format.go:160.22,162.5 1 2
github.com/PointerByte/QuicksGo/logger/formatter/format.go:163.4,163.22 1 2
github.com/PointerByte/QuicksGo/logger/formatter/format.go:163.22,165.5 1 1
github.com/PointerByte/QuicksGo/logger/formatter/format.go:167.4,167.22 1 2
github.com/PointerByte/QuicksGo/logger/formatter/format.go:169.3,169.21 1 1
github.com/PointerByte/QuicksGo/logger/formatter/format.go:171.2,171.32 1 4
github.com/PointerByte/QuicksGo/logger/formatter/format.go:174.27,175.14 1 8
github.com/PointerByte/QuicksGo/logger/formatter/format.go:175.14,177.3 1 1
github.com/PointerByte/QuicksGo/logger/formatter/format.go:178.2,179.16 2 7
github.com/PointerByte/QuicksGo/logger/formatter/format.go:179.16,181.3 1 1
github.com/PointerByte/QuicksGo/logger/formatter/format.go:182.2,182.18 1 6
github.com/PointerByte/QuicksGo/logger/formatter/format.go:185.73,187.2 1 4
github.com/PointerByte/QuicksGo/logger/formatter/format.go:189.86,191.30 1 8
github.com/PointerByte/QuicksGo/logger/formatter/format.go:191.30,194.4 2 29
github.com/PointerByte/QuicksGo/logger/formatter/format.go:199.2,200.16 2 8
github.com/PointerByte/QuicksGo/logger/formatter/format.go:200.16,202.3 1 1
github.com/PointerByte/QuicksGo/logger/formatter/format.go:204.2,205.48 2 7
github.com/PointerByte/QuicksGo/logger/formatter/format.go:205.48,207.3 1 1
github.com/PointerByte/QuicksGo/logger/formatter/format.go:208.2,211.57 3 6
github.com/PointerByte/QuicksGo/logger/formatter/format.go:211.57,213.3 1 2
github.com/PointerByte/QuicksGo/logger/formatter/format.go:214.2,214.32 1 4
github.com/PointerByte/QuicksGo/logger/formatter/format.go:217.48,221.20 2 6
github.com/PointerByte/QuicksGo/logger/formatter/format.go:221.20,223.3 1 1
github.com/PointerByte/QuicksGo/logger/formatter/format.go:224.2,224.22 1 6
github.com/PointerByte/QuicksGo/logger/formatter/format.go:224.22,226.3 1 1
github.com/PointerByte/QuicksGo/logger/formatter/format.go:227.2,227.20 1 6
github.com/PointerByte/QuicksGo/logger/formatter/format.go:227.20,229.3 1 1
github.com/PointerByte/QuicksGo/logger/formatter/format.go:230.2,230.18 1 6
github.com/PointerByte/QuicksGo/logger/formatter/format.go:230.18,232.3 1 1
github.com/PointerByte/QuicksGo/logger/formatter/format.go:233.2,233.24 1 6
github.com/PointerByte/QuicksGo/logger/formatter/format.go:233.24,235.3 1 1
github.com/PointerByte/QuicksGo/logger/formatter/format.go:236.2,236.22 1 6
github.com/PointerByte/QuicksGo/logger/formatter/format.go:236.22,238.3 1 1
github.com/PointerByte/QuicksGo/logger/formatter/format.go:239.2,239.23 1 6
github.com/PointerByte/QuicksGo/logger/formatter/format.go:239.23,241.3 1 1
github.com/PointerByte/QuicksGo/logger/formatter/format.go:242.2,242.12 1 6
github.com/PointerByte/QuicksGo/logger/formatter/format.go:245.54,247.26 2 7
github.com/PointerByte/QuicksGo/logger/formatter/format.go:247.26,249.22 2 5
github.com/PointerByte/QuicksGo/logger/formatter/format.go:249.22,251.4 1 3
github.com/PointerByte/QuicksGo/logger/formatter/format.go:252.3,252.21 1 5
github.com/PointerByte/QuicksGo/logger/formatter/format.go:252.21,254.4 1 4
github.com/PointerByte/QuicksGo/logger/formatter/format.go:255.3,255.22 1 5
github.com/PointerByte/QuicksGo/logger/formatter/format.go:255.22,257.4 1 1
github.com/PointerByte/QuicksGo/logger/formatter/format.go:258.3,258.21 1 5
github.com/PointerByte/QuicksGo/logger/formatter/format.go:258.21,260.4 1 1
github.com/PointerByte/QuicksGo/logger/formatter/format.go:261.3,261.23 1 5
github.com/PointerByte/QuicksGo/logger/formatter/format.go:261.23,263.4 1 1
github.com/PointerByte/QuicksGo/logger/formatter/format.go:264.3,264.21 1 5
github.com/PointerByte/QuicksGo/logger/formatter/format.go:264.21,266.4 1 1
github.com/PointerByte/QuicksGo/logger/formatter/format.go:267.3,267.19 1 5
github.com/PointerByte/QuicksGo/logger/formatter/format.go:267.19,269.4 1 1
github.com/PointerByte/QuicksGo/logger/formatter/format.go:270.3,270.18 1 5
github.com/PointerByte/QuicksGo/logger/formatter/format.go:270.18,272.4 1 1
github.com/PointerByte/QuicksGo/logger/formatter/format.go:273.3,273.23 1 5
github.com/PointerByte/QuicksGo/logger/formatter/format.go:273.23,275.4 1 1
github.com/PointerByte/QuicksGo/logger/formatter/format.go:276.3,276.24 1 5
github.com/PointerByte/QuicksGo/logger/formatter/format.go:276.24,278.4 1 1
github.com/PointerByte/QuicksGo/logger/formatter/format.go:279.3,279.21 1 5
github.com/PointerByte/QuicksGo/logger/formatter/format.go:279.21,281.4 1 1
github.com/PointerByte/QuicksGo/logger/formatter/format.go:282.3,282.21 1 5
github.com/PointerByte/QuicksGo/logger/formatter/format.go:282.21,284.4 1 1
github.com/PointerByte/QuicksGo/logger/formatter/format.go:285.3,285.25 1 5
github.com/PointerByte/QuicksGo/logger/formatter/format.go:287.2,287.12 1 7
github.com/PointerByte/QuicksGo/logger/formatter/models.go:41.54,42.20 1 3
github.com/PointerByte/QuicksGo/logger/formatter/models.go:42.20,44.3 1 1
github.com/PointerByte/QuicksGo/logger/formatter/models.go:45.2,48.22 3 2
github.com/PointerByte/QuicksGo/logger/formatter/models.go:48.22,50.3 1 1
github.com/PointerByte/QuicksGo/logger/formatter/models.go:51.2,54.31 4 2
github.com/PointerByte/QuicksGo/logger/formatter/models.go:54.31,55.44 1 6
github.com/PointerByte/QuicksGo/logger/formatter/models.go:55.44,56.12 1 3
github.com/PointerByte/QuicksGo/logger/formatter/models.go:58.3,60.26 3 3
github.com/PointerByte/QuicksGo/logger/formatter/models.go:64.46,66.2 1 1
github.com/PointerByte/QuicksGo/logger/formatter/models.go:68.48,70.2 1 1
github.com/PointerByte/QuicksGo/logger/builder/config.go:30.82,32.16 2 3
github.com/PointerByte/QuicksGo/logger/builder/config.go:32.16,34.3 1 1
github.com/PointerByte/QuicksGo/logger/builder/config.go:35.2,42.16 2 2
github.com/PointerByte/QuicksGo/logger/builder/config.go:42.16,44.3 1 1
github.com/PointerByte/QuicksGo/logger/builder/config.go:46.2,50.22 2 1
github.com/PointerByte/QuicksGo/logger/builder/config.go:63.82,70.16 4 3
github.com/PointerByte/QuicksGo/logger/builder/config.go:70.16,72.3 1 1
github.com/PointerByte/QuicksGo/logger/builder/config.go:73.2,78.16 4 2
github.com/PointerByte/QuicksGo/logger/builder/config.go:78.16,80.3 1 1
github.com/PointerByte/QuicksGo/logger/builder/config.go:81.2,88.81 3 1
github.com/PointerByte/QuicksGo/logger/builder/config.go:88.81,99.3 2 1
github.com/PointerByte/QuicksGo/logger/builder/config.go:99.8,101.3 1 0
github.com/PointerByte/QuicksGo/logger/builder/config.go:104.2,107.16 3 1
github.com/PointerByte/QuicksGo/logger/builder/config.go:110.28,111.80 1 6
github.com/PointerByte/QuicksGo/logger/builder/config.go:112.15,113.25 1 1
github.com/PointerByte/QuicksGo/logger/builder/config.go:114.14,115.24 1 1
github.com/PointerByte/QuicksGo/logger/builder/config.go:116.14,117.24 1 1
github.com/PointerByte/QuicksGo/logger/builder/config.go:118.15,119.25 1 1
github.com/PointerByte/QuicksGo/logger/builder/config.go:120.10,121.24 1 2
github.com/PointerByte/QuicksGo/logger/builder/config.go:125.23,127.2 1 3
github.com/PointerByte/QuicksGo/logger/builder/config.go:129.24,131.2 1 13
github.com/PointerByte/QuicksGo/logger/builder/context.go:34.34,36.2 1 1
github.com/PointerByte/QuicksGo/logger/builder/context.go:45.52,46.19 1 24
github.com/PointerByte/QuicksGo/logger/builder/context.go:46.19,48.3 1 0
github.com/PointerByte/QuicksGo/logger/builder/context.go:50.2,50.50 1 24
github.com/PointerByte/QuicksGo/logger/builder/context.go:50.50,52.3 1 5
github.com/PointerByte/QuicksGo/logger/builder/context.go:54.2,54.47 1 19
github.com/PointerByte/QuicksGo/logger/builder/context.go:54.47,55.46 1 0
github.com/PointerByte/QuicksGo/logger/builder/context.go:55.46,57.4 1 0
github.com/PointerByte/QuicksGo/logger/builder/context.go:59.2,59.19 1 19
github.com/PointerByte/QuicksGo/logger/builder/context.go:67.43,68.19 1 24
github.com/PointerByte/QuicksGo/logger/builder/context.go:68.19,70.3 1 0
github.com/PointerByte/QuicksGo/logger/builder/context.go:73.2,73.38 1 24
github.com/PointerByte/QuicksGo/logger/builder/context.go:73.38,75.3 1 5
github.com/PointerByte/QuicksGo/logger/builder/context.go:77.2,95.19 8 19
github.com/PointerByte/QuicksGo/logger/builder/context.go:99.43,101.2 1 77
github.com/PointerByte/QuicksGo/logger/builder/context.go:104.44,107.2 2 40
github.com/PointerByte/QuicksGo/logger/builder/context.go:110.43,111.29 1 2
github.com/PointerByte/QuicksGo/logger/builder/context.go:111.29,113.3 1 1
github.com/PointerByte/QuicksGo/logger/builder/context.go:114.2,114.63 1 1
github.com/PointerByte/QuicksGo/logger/builder/context.go:119.38,121.2 1 7
github.com/PointerByte/QuicksGo/logger/builder/context.go:124.63,136.2 3 1
github.com/PointerByte/QuicksGo/logger/builder/context.go:140.79,152.2 3 1
github.com/PointerByte/QuicksGo/logger/builder/formatLog.go:19.71,20.35 1 6
github.com/PointerByte/QuicksGo/logger/builder/formatLog.go:20.35,22.3 1 0
github.com/PointerByte/QuicksGo/logger/builder/formatLog.go:23.2,23.40 1 6
github.com/PointerByte/QuicksGo/logger/builder/formatLog.go:26.52,32.36 3 6
github.com/PointerByte/QuicksGo/logger/builder/formatLog.go:32.36,34.3 1 6
github.com/PointerByte/QuicksGo/logger/builder/formatLog.go:37.2,38.36 2 6
github.com/PointerByte/QuicksGo/logger/builder/formatLog.go:38.36,40.3 1 6
github.com/PointerByte/QuicksGo/logger/builder/formatLog.go:41.2,41.26 1 6
github.com/PointerByte/QuicksGo/logger/builder/formatLog.go:41.26,43.3 1 0
github.com/PointerByte/QuicksGo/logger/builder/formatLog.go:46.2,47.37 2 6
github.com/PointerByte/QuicksGo/logger/builder/formatLog.go:47.37,49.3 1 6
github.com/PointerByte/QuicksGo/logger/builder/formatLog.go:50.2,50.15 1 6
github.com/PointerByte/QuicksGo/logger/builder/formatLog.go:50.15,54.3 3 6
github.com/PointerByte/QuicksGo/logger/builder/formatLog.go:57.2,67.10 5 6
github.com/PointerByte/QuicksGo/logger/builder/formatLog.go:70.35,72.9 2 3
github.com/PointerByte/QuicksGo/logger/builder/formatLog.go:72.9,74.17 2 2
github.com/PointerByte/QuicksGo/logger/builder/formatLog.go:74.17,76.4 1 2
github.com/PointerByte/QuicksGo/logger/builder/formatLog.go:78.2,78.17 1 1
github.com/PointerByte/QuicksGo/logger/builder/formatLog.go:96.57,97.77 1 10
github.com/PointerByte/QuicksGo/logger/builder/formatLog.go:97.77,99.3 1 1
github.com/PointerByte/QuicksGo/logger/builder/formatLog.go:100.2,103.31 4 9
github.com/PointerByte/QuicksGo/logger/builder/formatLog.go:106.57,107.20 1 9
github.com/PointerByte/QuicksGo/logger/builder/formatLog.go:107.20,109.3 1 1
github.com/PointerByte/QuicksGo/logger/builder/formatLog.go:110.2,111.86 2 8
github.com/PointerByte/QuicksGo/logger/builder/formatLog.go:127.56,128.77 1 10
github.com/PointerByte/QuicksGo/logger/builder/formatLog.go:128.77,130.3 1 1
github.com/PointerByte/QuicksGo/logger/builder/formatLog.go:131.2,143.30 10 9
github.com/PointerByte/QuicksGo/logger/builder/formatLog.go:146.48,147.55 1 9
github.com/PointerByte/QuicksGo/logger/builder/formatLog.go:147.55,149.3 1 8
github.com/PointerByte/QuicksGo/logger/builder/formatLog.go:151.2,155.40 5 1
github.com/PointerByte/QuicksGo/logger/builder/formatLog.go:155.40,156.44 1 4
github.com/PointerByte/QuicksGo/logger/builder/formatLog.go:156.44,157.12 1 2
github.com/PointerByte/QuicksGo/logger/builder/formatLog.go:159.3,161.24 3 2
github.com/PointerByte/QuicksGo/logger/builder/formatLog.go:163.2,164.27 2 1
github.com/PointerByte/QuicksGo/logger/builder/formatLog.go:167.65,168.20 1 9
github.com/PointerByte/QuicksGo/logger/builder/formatLog.go:168.20,170.3 1 1
github.com/PointerByte/QuicksGo/logger/builder/formatLog.go:171.2,172.94 2 8
github.com/PointerByte/QuicksGo/logger/builder/formatLog.go:175.58,176.20 1 10
github.com/PointerByte/QuicksGo/logger/builder/formatLog.go:176.20,178.3 1 2
github.com/PointerByte/QuicksGo/logger/builder/formatLog.go:179.2,180.23 2 8
github.com/PointerByte/QuicksGo/logger/builder/formatLog.go:180.23,182.3 1 0
github.com/PointerByte/QuicksGo/logger/builder/formatLog.go:185.49,186.23 1 14
github.com/PointerByte/QuicksGo/logger/builder/formatLog.go:186.23,188.3 1 1
github.com/PointerByte/QuicksGo/logger/builder/formatLog.go:189.2,189.9 1 13
github.com/PointerByte/QuicksGo/logger/builder/formatLog.go:190.49,191.37 1 8
github.com/PointerByte/QuicksGo/logger/builder/formatLog.go:192.49,193.35 1 3
github.com/PointerByte/QuicksGo/logger/builder/formatLog.go:194.10,195.35 1 2
github.com/PointerByte/QuicksGo/logger/builder/formatLog.go:207.40,208.77 1 2
github.com/PointerByte/QuicksGo/logger/builder/formatLog.go:208.77,210.3 1 1
github.com/PointerByte/QuicksGo/logger/builder/formatLog.go:211.2,212.8 2 1
github.com/PointerByte/QuicksGo/logger/builder/formatLog.go:212.8,218.3 5 1
github.com/PointerByte/QuicksGo/logger/builder/formatLog.go:219.2,221.26 3 1
github.com/PointerByte/QuicksGo/logger/builder/formatLog.go:236.41,237.77 1 2
github.com/PointerByte/QuicksGo/logger/builder/formatLog.go:237.77,239.3 1 1
github.com/PointerByte/QuicksGo/logger/builder/formatLog.go:240.2,241.8 2 1
github.com/PointerByte/QuicksGo/logger/builder/formatLog.go:241.8,247.3 5 1
github.com/PointerByte/QuicksGo/logger/builder/formatLog.go:248.2,249.31 2 1
github.com/PointerByte/QuicksGo/logger/builder/formatLog.go:260.40,261.77 1 2
github.com/PointerByte/QuicksGo/logger/builder/formatLog.go:261.77,263.3 1 1
github.com/PointerByte/QuicksGo/logger/builder/formatLog.go:264.2,265.8 2 1
github.com/PointerByte/QuicksGo/logger/builder/formatLog.go:265.8,271.3 5 1
github.com/PointerByte/QuicksGo/logger/builder/formatLog.go:272.2,273.30 2 1
github.com/PointerByte/QuicksGo/logger/builder/formatLog.go:285.36,286.77 1 2
github.com/PointerByte/QuicksGo/logger/builder/formatLog.go:286.77,288.3 1 1
github.com/PointerByte/QuicksGo/logger/builder/formatLog.go:289.2,290.8 2 1
github.com/PointerByte/QuicksGo/logger/builder/formatLog.go:290.8,296.3 5 1
github.com/PointerByte/QuicksGo/logger/builder/formatLog.go:297.2,298.35 2 1
github.com/PointerByte/QuicksGo/logger/builder/slog.go:27.87,29.2 1 9
github.com/PointerByte/QuicksGo/logger/builder/slog.go:31.73,33.2 1 3
github.com/PointerByte/QuicksGo/logger/builder/slog.go:35.72,45.16 9 5
github.com/PointerByte/QuicksGo/logger/builder/slog.go:45.16,46.13 1 0
github.com/PointerByte/QuicksGo/logger/builder/slog.go:49.2,50.58 2 5
github.com/PointerByte/QuicksGo/logger/builder/slog.go:50.58,51.13 1 0
github.com/PointerByte/QuicksGo/logger/builder/slog.go:54.2,58.16 5 5
github.com/PointerByte/QuicksGo/logger/builder/slog.go:58.16,59.13 1 1
github.com/PointerByte/QuicksGo/logger/builder/slog.go:61.2,62.60 2 4
github.com/PointerByte/QuicksGo/logger/builder/slog.go:62.60,63.47 1 2
github.com/PointerByte/QuicksGo/logger/builder/slog.go:63.47,64.14 1 1
github.com/PointerByte/QuicksGo/logger/builder/slog.go:66.3,66.13 1 1
github.com/PointerByte/QuicksGo/logger/builder/slog.go:68.2,68.46 1 2
github.com/PointerByte/QuicksGo/logger/builder/slog.go:68.46,69.13 1 1
github.com/PointerByte/QuicksGo/logger/builder/slog.go:71.2,71.12 1 1
github.com/PointerByte/QuicksGo/logger/builder/slog.go:74.57,76.16 2 7
github.com/PointerByte/QuicksGo/logger/builder/slog.go:76.16,78.3 1 3
github.com/PointerByte/QuicksGo/logger/builder/slog.go:79.2,80.16 2 4
github.com/PointerByte/QuicksGo/logger/builder/slog.go:80.16,82.3 1 1
github.com/PointerByte/QuicksGo/logger/builder/slog.go:83.2,83.12 1 3
github.com/PointerByte/QuicksGo/logger/builder/slog.go:87.65,91.2 3 1
github.com/PointerByte/QuicksGo/logger/builder/slog.go:93.59,97.2 3 1
github.com/PointerByte/QuicksGo/logger/viperData/viperData.go:19.32,22.2 2 1
github.com/PointerByte/QuicksGo/logger/viperData/viperData.go:29.35,30.61 1 2
github.com/PointerByte/QuicksGo/logger/viperData/viperData.go:30.61,32.3 1 1
github.com/PointerByte/QuicksGo/logger/viperData/viperData.go:34.2,34.17 1 2
github.com/PointerByte/QuicksGo/logger/viperData/viperData.go:34.17,52.3 1 1
github.com/PointerByte/QuicksGo/logger/viperData/viperData.go:54.2,56.23 3 2
github.com/PointerByte/QuicksGo/logger/middlewares/grpc.go:26.53,28.22 2 2
github.com/PointerByte/QuicksGo/logger/middlewares/grpc.go:28.22,30.3 1 1
github.com/PointerByte/QuicksGo/logger/middlewares/grpc.go:31.2,31.18 1 1
github.com/PointerByte/QuicksGo/logger/middlewares/grpc.go:34.60,38.2 3 1
github.com/PointerByte/QuicksGo/logger/middlewares/grpc.go:40.46,43.22 3 1
github.com/PointerByte/QuicksGo/logger/middlewares/grpc.go:43.22,45.3 1 1
github.com/PointerByte/QuicksGo/logger/middlewares/grpc.go:46.2,46.13 1 1
github.com/PointerByte/QuicksGo/logger/middlewares/grpc.go:56.55,58.2 1 3
github.com/PointerByte/QuicksGo/logger/middlewares/grpc.go:60.50,62.16 2 3
github.com/PointerByte/QuicksGo/logger/middlewares/grpc.go:62.16,64.3 1 3
github.com/PointerByte/QuicksGo/logger/middlewares/grpc.go:65.2,65.12 1 3
github.com/PointerByte/QuicksGo/logger/middlewares/grpc.go:68.50,69.50 1 5
github.com/PointerByte/QuicksGo/logger/middlewares/grpc.go:69.50,71.3 1 1
github.com/PointerByte/QuicksGo/logger/middlewares/grpc.go:72.2,73.12 2 4
github.com/PointerByte/QuicksGo/logger/middlewares/grpc.go:82.69,83.112 1 3
github.com/PointerByte/QuicksGo/logger/middlewares/grpc.go:83.112,88.3 4 3
github.com/PointerByte/QuicksGo/logger/middlewares/grpc.go:97.71,98.112 1 2
github.com/PointerByte/QuicksGo/logger/middlewares/grpc.go:98.112,107.3 4 2
github.com/PointerByte/QuicksGo/logger/middlewares/grpc.go:115.70,116.112 1 2
github.com/PointerByte/QuicksGo/logger/middlewares/grpc.go:116.112,122.3 5 2
github.com/PointerByte/QuicksGo/logger/middlewares/grpc.go:131.72,132.112 1 2
github.com/PointerByte/QuicksGo/logger/middlewares/grpc.go:132.112,143.3 6 2
github.com/PointerByte/QuicksGo/logger/middlewares/grpc.go:153.75,154.112 1 2
github.com/PointerByte/QuicksGo/logger/middlewares/grpc.go:154.112,160.3 5 2
github.com/PointerByte/QuicksGo/logger/middlewares/grpc.go:168.77,169.112 1 1
github.com/PointerByte/QuicksGo/logger/middlewares/grpc.go:169.112,178.3 5 1
github.com/PointerByte/QuicksGo/logger/middlewares/grpc.go:186.55,188.2 1 3
github.com/PointerByte/QuicksGo/logger/middlewares/grpc.go:190.62,192.15 2 6
github.com/PointerByte/QuicksGo/logger/middlewares/grpc.go:192.15,194.3 1 4
github.com/PointerByte/QuicksGo/logger/middlewares/grpc.go:195.2,195.81 1 6
github.com/PointerByte/QuicksGo/logger/middlewares/grpc.go:198.126,211.23 7 6
github.com/PointerByte/QuicksGo/logger/middlewares/grpc.go:211.23,213.3 1 0
github.com/PointerByte/QuicksGo/logger/middlewares/grpc.go:215.2,221.62 2 6
github.com/PointerByte/QuicksGo/logger/middlewares/grpc.go:221.62,223.3 1 1
github.com/PointerByte/QuicksGo/logger/middlewares/grpc.go:224.2,224.58 1 6
github.com/PointerByte/QuicksGo/logger/middlewares/grpc.go:224.58,226.3 1 2
github.com/PointerByte/QuicksGo/logger/middlewares/grpc.go:228.2,230.24 3 6
github.com/PointerByte/QuicksGo/logger/middlewares/grpc.go:233.55,234.18 1 4
github.com/PointerByte/QuicksGo/logger/middlewares/grpc.go:234.18,236.3 1 1
github.com/PointerByte/QuicksGo/logger/middlewares/grpc.go:237.2,238.30 2 3
github.com/PointerByte/QuicksGo/logger/middlewares/grpc.go:238.30,242.3 3 4
github.com/PointerByte/QuicksGo/logger/middlewares/grpc.go:243.2,243.16 1 3
github.com/PointerByte/QuicksGo/logger/middlewares/grpc.go:246.46,247.20 1 7
github.com/PointerByte/QuicksGo/logger/middlewares/grpc.go:248.9,249.13 1 2
github.com/PointerByte/QuicksGo/logger/middlewares/grpc.go:250.9,251.18 1 2
github.com/PointerByte/QuicksGo/logger/middlewares/grpc.go:252.10,253.15 1 3
github.com/PointerByte/QuicksGo/logger/middlewares/grpc.go:257.55,259.8 2 6
github.com/PointerByte/QuicksGo/logger/middlewares/grpc.go:259.8,261.26 2 4
github.com/PointerByte/QuicksGo/logger/middlewares/grpc.go:261.26,263.4 1 2
github.com/PointerByte/QuicksGo/logger/middlewares/grpc.go:266.2,267.26 2 4
github.com/PointerByte/QuicksGo/logger/middlewares/grpc.go:267.26,269.10 2 2
github.com/PointerByte/QuicksGo/logger/middlewares/grpc.go:269.10,271.4 1 1
github.com/PointerByte/QuicksGo/logger/middlewares/grpc.go:272.3,273.14 2 1
github.com/PointerByte/QuicksGo/logger/middlewares/grpc.go:273.14,275.4 1 1
github.com/PointerByte/QuicksGo/logger/middlewares/grpc.go:276.3,276.24 1 0
github.com/PointerByte/QuicksGo/logger/middlewares/grpc.go:278.2,278.58 1 2
github.com/PointerByte/QuicksGo/logger/middlewares/grpc.go:278.58,280.3 1 2
github.com/PointerByte/QuicksGo/logger/middlewares/grpc.go:281.2,281.60 1 2
github.com/PointerByte/QuicksGo/logger/middlewares/grpc.go:281.60,283.3 1 2
github.com/PointerByte/QuicksGo/logger/middlewares/grpc.go:284.2,285.36 2 2
github.com/PointerByte/QuicksGo/logger/middlewares/grpc.go:288.77,289.28 1 8
github.com/PointerByte/QuicksGo/logger/middlewares/grpc.go:289.28,292.3 2 7
github.com/PointerByte/QuicksGo/logger/middlewares/grpc.go:294.2,294.57 1 8
github.com/PointerByte/QuicksGo/logger/middlewares/grpc.go:294.57,295.44 1 3
github.com/PointerByte/QuicksGo/logger/middlewares/grpc.go:295.44,298.4 2 3
github.com/PointerByte/QuicksGo/logger/middlewares/grpc.go:300.2,300.58 1 5
github.com/PointerByte/QuicksGo/logger/middlewares/grpc.go:300.58,301.44 1 1
github.com/PointerByte/QuicksGo/logger/middlewares/grpc.go:301.44,304.4 2 1
github.com/PointerByte/QuicksGo/logger/middlewares/grpc.go:306.2,306.57 1 4
github.com/PointerByte/QuicksGo/logger/middlewares/grpc.go:306.57,307.44 1 1
github.com/PointerByte/QuicksGo/logger/middlewares/grpc.go:307.44,310.4 2 1
github.com/PointerByte/QuicksGo/logger/middlewares/grpc.go:312.2,312.58 1 3
github.com/PointerByte/QuicksGo/logger/middlewares/grpc.go:312.58,313.72 1 2
github.com/PointerByte/QuicksGo/logger/middlewares/grpc.go:313.72,316.4 2 1
github.com/PointerByte/QuicksGo/logger/middlewares/grpc.go:318.2,318.20 1 2
github.com/PointerByte/QuicksGo/logger/middlewares/grpc.go:318.20,321.3 2 0
github.com/PointerByte/QuicksGo/logger/middlewares/grpc.go:322.2,322.22 1 2
github.com/PointerByte/QuicksGo/logger/middlewares/grpc.go:325.31,326.16 1 6
github.com/PointerByte/QuicksGo/logger/middlewares/grpc.go:326.16,328.3 1 1
github.com/PointerByte/QuicksGo/logger/middlewares/grpc.go:329.2,330.22 2 5
github.com/PointerByte/QuicksGo/logger/middlewares/grpc.go:331.98,332.24 1 5
github.com/PointerByte/QuicksGo/logger/middlewares/grpc.go:333.10,334.14 1 0
github.com/PointerByte/QuicksGo/logger/middlewares/grpc.go:338.47,340.21 2 8
github.com/PointerByte/QuicksGo/logger/middlewares/grpc.go:340.21,342.3 1 0
github.com/PointerByte/QuicksGo/logger/middlewares/grpc.go:343.2,343.28 1 8
github.com/PointerByte/QuicksGo/logger/middlewares/http.go:23.35,24.32 1 3
github.com/PointerByte/QuicksGo/logger/middlewares/http.go:24.32,44.24 8 3
github.com/PointerByte/QuicksGo/logger/middlewares/http.go:44.24,46.4 1 0
github.com/PointerByte/QuicksGo/logger/middlewares/http.go:48.3,65.13 6 3
github.com/PointerByte/QuicksGo/logger/middlewares/http.go:74.58,77.2 2 10
github.com/PointerByte/QuicksGo/logger/middlewares/http.go:85.36,86.30 1 10
github.com/PointerByte/QuicksGo/logger/middlewares/http.go:86.30,89.28 2 10
github.com/PointerByte/QuicksGo/logger/middlewares/http.go:89.28,92.4 2 9
github.com/PointerByte/QuicksGo/logger/middlewares/http.go:95.3,107.48 6 10
github.com/PointerByte/QuicksGo/logger/middlewares/http.go:115.36,117.2 1 2
github.com/PointerByte/QuicksGo/logger/middlewares/http.go:129.41,131.56 1 8
github.com/PointerByte/QuicksGo/logger/middlewares/http.go:131.56,134.42 3 7
github.com/PointerByte/QuicksGo/logger/middlewares/http.go:134.42,136.5 1 6
github.com/PointerByte/QuicksGo/logger/middlewares/http.go:137.4,137.40 1 7
github.com/PointerByte/QuicksGo/logger/middlewares/http.go:137.40,139.5 1 6
github.com/PointerByte/QuicksGo/logger/middlewares/http.go:141.4,141.47 1 7
github.com/PointerByte/QuicksGo/logger/middlewares/http.go:141.47,142.18 1 2
github.com/PointerByte/QuicksGo/logger/middlewares/http.go:142.18,145.27 3 1
github.com/PointerByte/QuicksGo/logger/middlewares/http.go:145.27,146.50 1 1
github.com/PointerByte/QuicksGo/logger/middlewares/http.go:146.50,148.8 1 1
github.com/PointerByte/QuicksGo/logger/middlewares/http.go:149.7,149.51 1 1
github.com/PointerByte/QuicksGo/logger/middlewares/http.go:149.51,151.8 1 1
github.com/PointerByte/QuicksGo/logger/middlewares/http.go:153.6,155.50 3 1
github.com/PointerByte/QuicksGo/logger/middlewares/http.go:159.4,159.56 1 7
github.com/PointerByte/QuicksGo/logger/middlewares/http.go:159.56,160.38 1 0
github.com/PointerByte/QuicksGo/logger/middlewares/http.go:160.38,163.6 2 0
github.com/PointerByte/QuicksGo/logger/middlewares/http.go:165.4,165.57 1 7
github.com/PointerByte/QuicksGo/logger/middlewares/http.go:165.57,166.38 1 0
github.com/PointerByte/QuicksGo/logger/middlewares/http.go:166.38,169.6 2 0
github.com/PointerByte/QuicksGo/logger/middlewares/http.go:171.4,171.56 1 7
github.com/PointerByte/QuicksGo/logger/middlewares/http.go:171.56,172.38 1 0
github.com/PointerByte/QuicksGo/logger/middlewares/http.go:172.38,175.6 2 0
github.com/PointerByte/QuicksGo/logger/middlewares/http.go:177.4,177.57 1 7
github.com/PointerByte/QuicksGo/logger/middlewares/http.go:177.57,178.37 1 0
github.com/PointerByte/QuicksGo/logger/middlewares/http.go:178.37,181.6 2 0
github.com/PointerByte/QuicksGo/logger/middlewares/http.go:183.4,183.13 1 7
github.com/PointerByte/QuicksGo/logger/middlewares/http.go:187.35,189.4 1 8
github.com/PointerByte/QuicksGo/logger/middlewares/http.go:195.50,200.2 4 5
github.com/PointerByte/QuicksGo/logger/middlewares/http.go:204.51,209.2 4 2
github.com/PointerByte/QuicksGo/logger/middlewares/http.go:213.50,218.2 4 2
github.com/PointerByte/QuicksGo/logger/middlewares/http.go:222.46,227.2 4 2
github.com/PointerByte/QuicksGo/logger/main.go:28.22,33.39 4 6
github.com/PointerByte/QuicksGo/logger/main.go:33.39,35.3 1 2
github.com/PointerByte/QuicksGo/logger/main.go:36.2,36.12 1 4
github.com/PointerByte/QuicksGo/logger/main.go:41.70,42.34 1 4
github.com/PointerByte/QuicksGo/logger/main.go:42.34,44.3 1 1
github.com/PointerByte/QuicksGo/logger/main.go:45.2,45.52 1 3
github.com/PointerByte/QuicksGo/logger/main.go:50.13,53.2 2 1
github.com/PointerByte/QuicksGo/logger/main.go:55.65,64.2 5 2
github.com/PointerByte/QuicksGo/logger/main.go:66.45,67.30 1 2
github.com/PointerByte/QuicksGo/logger/main.go:67.30,78.3 8 1
github.com/PointerByte/QuicksGo/logger/main.go:81.13,84.16 3 1
github.com/PointerByte/QuicksGo/logger/main.go:84.16,85.13 1 0
github.com/PointerByte/QuicksGo/logger/main.go:87.2,98.27 5 1
github.com/PointerByte/QuicksGo/logger/main.go:98.27,101.3 2 1
github.com/PointerByte/QuicksGo/logger/main.go:103.2,107.12 2 1
github.com/PointerByte/QuicksGo/logger/main.go:107.12,108.87 1 1
github.com/PointerByte/QuicksGo/logger/main.go:108.87,109.14 1 0
github.com/PointerByte/QuicksGo/logger/main.go:112.2,113.28 2 1
github.com/PointerByte/QuicksGo/logger/main.go:118.63,127.42 7 3
github.com/PointerByte/QuicksGo/logger/main.go:127.42,130.3 2 1
github.com/PointerByte/QuicksGo/logger/main.go:132.2,133.42 2 2
github.com/PointerByte/QuicksGo/logger/main.go:133.42,136.3 2 0
github.com/PointerByte/QuicksGo/logger/main.go:137.2,137.47 1 2
