mode: atomic
github.com/PointerByte/GoForge/logger/utilities/utitities.go:11.56,13.9 2 3
github.com/PointerByte/GoForge/logger/utilities/utitities.go:13.9,15.3 1 1
github.com/PointerByte/GoForge/logger/utilities/utitities.go:16.2,17.15 2 2
github.com/PointerByte/GoForge/logger/utilities/utitities.go:17.15,19.3 1 1
github.com/PointerByte/GoForge/logger/utilities/utitities.go:20.2,20.24 1 1
github.com/PointerByte/GoForge/logger/formatter/format.go:18.44,20.2 1 12
github.com/PointerByte/GoForge/logger/formatter/format.go:28.65,29.56 1 8
github.com/PointerByte/GoForge/logger/formatter/format.go:30.14,31.27 1 2
github.com/PointerByte/GoForge/logger/formatter/format.go:32.25,33.27 1 3
github.com/PointerByte/GoForge/logger/formatter/format.go:34.10,35.31 1 3
github.com/PointerByte/GoForge/logger/formatter/format.go:39.69,41.2 1 3
github.com/PointerByte/GoForge/logger/formatter/format.go:43.69,56.21 3 4
github.com/PointerByte/GoForge/logger/formatter/format.go:56.21,58.3 1 3
github.com/PointerByte/GoForge/logger/formatter/format.go:61.2,68.31 1 4
github.com/PointerByte/GoForge/logger/formatter/format.go:68.31,73.46 3 1
github.com/PointerByte/GoForge/logger/formatter/format.go:73.46,74.14 1 8
github.com/PointerByte/GoForge/logger/formatter/format.go:74.14,76.5 1 7
github.com/PointerByte/GoForge/logger/formatter/format.go:77.4,78.41 2 8
github.com/PointerByte/GoForge/logger/formatter/format.go:81.3,81.31 1 1
github.com/PointerByte/GoForge/logger/formatter/format.go:81.31,83.4 1 1
github.com/PointerByte/GoForge/logger/formatter/format.go:84.3,84.31 1 1
github.com/PointerByte/GoForge/logger/formatter/format.go:84.31,86.4 1 1
github.com/PointerByte/GoForge/logger/formatter/format.go:87.3,87.33 1 1
github.com/PointerByte/GoForge/logger/formatter/format.go:87.33,89.4 1 1
github.com/PointerByte/GoForge/logger/formatter/format.go:90.3,90.31 1 1
github.com/PointerByte/GoForge/logger/formatter/format.go:90.31,92.4 1 1
github.com/PointerByte/GoForge/logger/formatter/format.go:93.3,93.29 1 1
github.com/PointerByte/GoForge/logger/formatter/format.go:93.29,95.4 1 1
github.com/PointerByte/GoForge/logger/formatter/format.go:96.3,96.35 1 1
github.com/PointerByte/GoForge/logger/formatter/format.go:96.35,98.4 1 1
github.com/PointerByte/GoForge/logger/formatter/format.go:99.3,99.33 1 1
github.com/PointerByte/GoForge/logger/formatter/format.go:99.33,101.4 1 1
github.com/PointerByte/GoForge/logger/formatter/format.go:102.3,102.34 1 1
github.com/PointerByte/GoForge/logger/formatter/format.go:102.34,104.4 1 1
github.com/PointerByte/GoForge/logger/formatter/format.go:106.3,106.21 1 1
github.com/PointerByte/GoForge/logger/formatter/format.go:110.2,110.27 1 4
github.com/PointerByte/GoForge/logger/formatter/format.go:110.27,112.34 2 1
github.com/PointerByte/GoForge/logger/formatter/format.go:112.34,113.13 1 2
github.com/PointerByte/GoForge/logger/formatter/format.go:113.13,115.5 1 1
github.com/PointerByte/GoForge/logger/formatter/format.go:117.4,120.54 3 2
github.com/PointerByte/GoForge/logger/formatter/format.go:120.54,121.15 1 15
github.com/PointerByte/GoForge/logger/formatter/format.go:121.15,123.6 1 13
github.com/PointerByte/GoForge/logger/formatter/format.go:124.5,125.42 2 15
github.com/PointerByte/GoForge/logger/formatter/format.go:128.4,128.23 1 2
github.com/PointerByte/GoForge/logger/formatter/format.go:128.23,130.5 1 1
github.com/PointerByte/GoForge/logger/formatter/format.go:131.4,131.22 1 2
github.com/PointerByte/GoForge/logger/formatter/format.go:131.22,133.5 1 2
github.com/PointerByte/GoForge/logger/formatter/format.go:134.4,134.23 1 2
github.com/PointerByte/GoForge/logger/formatter/format.go:134.23,136.5 1 2
github.com/PointerByte/GoForge/logger/formatter/format.go:137.4,137.22 1 2
github.com/PointerByte/GoForge/logger/formatter/format.go:137.22,139.5 1 1
github.com/PointerByte/GoForge/logger/formatter/format.go:140.4,140.24 1 2
github.com/PointerByte/GoForge/logger/formatter/format.go:140.24,142.5 1 1
github.com/PointerByte/GoForge/logger/formatter/format.go:143.4,143.22 1 2
github.com/PointerByte/GoForge/logger/formatter/format.go:143.22,145.5 1 1
github.com/PointerByte/GoForge/logger/formatter/format.go:146.4,146.20 1 2
github.com/PointerByte/GoForge/logger/formatter/format.go:146.20,148.5 1 1
github.com/PointerByte/GoForge/logger/formatter/format.go:149.4,149.19 1 2
github.com/PointerByte/GoForge/logger/formatter/format.go:149.19,151.5 1 1
github.com/PointerByte/GoForge/logger/formatter/format.go:152.4,152.24 1 2
github.com/PointerByte/GoForge/logger/formatter/format.go:152.24,154.5 1 1
github.com/PointerByte/GoForge/logger/formatter/format.go:155.4,155.25 1 2
github.com/PointerByte/GoForge/logger/formatter/format.go:155.25,157.5 1 1
github.com/PointerByte/GoForge/logger/formatter/format.go:158.4,158.22 1 2
github.com/PointerByte/GoForge/logger/formatter/format.go:158.22,160.5 1 2
github.com/PointerByte/GoForge/logger/formatter/format.go:161.4,161.22 1 2
github.com/PointerByte/GoForge/logger/formatter/format.go:161.22,163.5 1 1
github.com/PointerByte/GoForge/logger/formatter/format.go:165.4,165.22 1 2
github.com/PointerByte/GoForge/logger/formatter/format.go:167.3,167.21 1 1
github.com/PointerByte/GoForge/logger/formatter/format.go:169.2,169.32 1 4
github.com/PointerByte/GoForge/logger/formatter/format.go:172.27,173.14 1 8
github.com/PointerByte/GoForge/logger/formatter/format.go:173.14,175.3 1 1
github.com/PointerByte/GoForge/logger/formatter/format.go:176.2,177.16 2 7
github.com/PointerByte/GoForge/logger/formatter/format.go:177.16,179.3 1 1
github.com/PointerByte/GoForge/logger/formatter/format.go:180.2,180.18 1 6
github.com/PointerByte/GoForge/logger/formatter/format.go:183.73,185.2 1 4
github.com/PointerByte/GoForge/logger/formatter/format.go:187.86,189.30 1 8
github.com/PointerByte/GoForge/logger/formatter/format.go:189.30,192.4 2 29
github.com/PointerByte/GoForge/logger/formatter/format.go:197.2,198.16 2 8
github.com/PointerByte/GoForge/logger/formatter/format.go:198.16,200.3 1 1
github.com/PointerByte/GoForge/logger/formatter/format.go:202.2,203.48 2 7
github.com/PointerByte/GoForge/logger/formatter/format.go:203.48,205.3 1 1
github.com/PointerByte/GoForge/logger/formatter/format.go:206.2,209.57 3 6
github.com/PointerByte/GoForge/logger/formatter/format.go:209.57,211.3 1 2
github.com/PointerByte/GoForge/logger/formatter/format.go:212.2,212.32 1 4
github.com/PointerByte/GoForge/logger/formatter/format.go:215.45,219.20 2 6
github.com/PointerByte/GoForge/logger/formatter/format.go:219.20,221.3 1 1
github.com/PointerByte/GoForge/logger/formatter/format.go:222.2,222.22 1 6
github.com/PointerByte/GoForge/logger/formatter/format.go:222.22,224.3 1 1
github.com/PointerByte/GoForge/logger/formatter/format.go:225.2,225.20 1 6
github.com/PointerByte/GoForge/logger/formatter/format.go:225.20,227.3 1 1
github.com/PointerByte/GoForge/logger/formatter/format.go:228.2,228.18 1 6
github.com/PointerByte/GoForge/logger/formatter/format.go:228.18,230.3 1 1
github.com/PointerByte/GoForge/logger/formatter/format.go:231.2,231.24 1 6
github.com/PointerByte/GoForge/logger/formatter/format.go:231.24,233.3 1 1
github.com/PointerByte/GoForge/logger/formatter/format.go:234.2,234.22 1 6
github.com/PointerByte/GoForge/logger/formatter/format.go:234.22,236.3 1 1
github.com/PointerByte/GoForge/logger/formatter/format.go:237.2,237.23 1 6
github.com/PointerByte/GoForge/logger/formatter/format.go:237.23,239.3 1 1
github.com/PointerByte/GoForge/logger/formatter/format.go:240.2,240.12 1 6
github.com/PointerByte/GoForge/logger/formatter/format.go:243.54,245.26 2 7
github.com/PointerByte/GoForge/logger/formatter/format.go:245.26,247.22 2 5
github.com/PointerByte/GoForge/logger/formatter/format.go:247.22,249.4 1 3
github.com/PointerByte/GoForge/logger/formatter/format.go:250.3,250.21 1 5
github.com/PointerByte/GoForge/logger/formatter/format.go:250.21,252.4 1 4
github.com/PointerByte/GoForge/logger/formatter/format.go:253.3,253.22 1 5
github.com/PointerByte/GoForge/logger/formatter/format.go:253.22,255.4 1 1
github.com/PointerByte/GoForge/logger/formatter/format.go:256.3,256.21 1 5
github.com/PointerByte/GoForge/logger/formatter/format.go:256.21,258.4 1 1
github.com/PointerByte/GoForge/logger/formatter/format.go:259.3,259.23 1 5
github.com/PointerByte/GoForge/logger/formatter/format.go:259.23,261.4 1 1
github.com/PointerByte/GoForge/logger/formatter/format.go:262.3,262.21 1 5
github.com/PointerByte/GoForge/logger/formatter/format.go:262.21,264.4 1 1
github.com/PointerByte/GoForge/logger/formatter/format.go:265.3,265.19 1 5
github.com/PointerByte/GoForge/logger/formatter/format.go:265.19,267.4 1 1
github.com/PointerByte/GoForge/logger/formatter/format.go:268.3,268.18 1 5
github.com/PointerByte/GoForge/logger/formatter/format.go:268.18,270.4 1 1
github.com/PointerByte/GoForge/logger/formatter/format.go:271.3,271.23 1 5
github.com/PointerByte/GoForge/logger/formatter/format.go:271.23,273.4 1 1
github.com/PointerByte/GoForge/logger/formatter/format.go:274.3,274.24 1 5
github.com/PointerByte/GoForge/logger/formatter/format.go:274.24,276.4 1 1
github.com/PointerByte/GoForge/logger/formatter/format.go:277.3,277.21 1 5
github.com/PointerByte/GoForge/logger/formatter/format.go:277.21,279.4 1 1
github.com/PointerByte/GoForge/logger/formatter/format.go:280.3,280.21 1 5
github.com/PointerByte/GoForge/logger/formatter/format.go:280.21,282.4 1 1
github.com/PointerByte/GoForge/logger/formatter/format.go:283.3,283.25 1 5
github.com/PointerByte/GoForge/logger/formatter/format.go:285.2,285.12 1 7
github.com/PointerByte/GoForge/logger/formatter/models.go:41.51,42.20 1 3
github.com/PointerByte/GoForge/logger/formatter/models.go:42.20,44.3 1 1
github.com/PointerByte/GoForge/logger/formatter/models.go:45.2,48.22 3 2
github.com/PointerByte/GoForge/logger/formatter/models.go:48.22,50.3 1 1
github.com/PointerByte/GoForge/logger/formatter/models.go:51.2,54.31 4 2
github.com/PointerByte/GoForge/logger/formatter/models.go:54.31,55.44 1 6
github.com/PointerByte/GoForge/logger/formatter/models.go:55.44,56.12 1 3
github.com/PointerByte/GoForge/logger/formatter/models.go:58.3,60.26 3 3
github.com/PointerByte/GoForge/logger/formatter/models.go:64.43,66.2 1 1
github.com/PointerByte/GoForge/logger/formatter/models.go:68.45,70.2 1 1
github.com/PointerByte/GoForge/logger/viperData/viperData.go:19.32,22.2 2 1
github.com/PointerByte/GoForge/logger/viperData/viperData.go:29.35,30.61 1 3
github.com/PointerByte/GoForge/logger/viperData/viperData.go:30.61,32.3 1 1
github.com/PointerByte/GoForge/logger/viperData/viperData.go:34.2,34.17 1 3
github.com/PointerByte/GoForge/logger/viperData/viperData.go:34.17,54.3 1 1
github.com/PointerByte/GoForge/logger/viperData/viperData.go:56.2,58.23 3 3
github.com/PointerByte/GoForge/logger/builder/config.go:30.82,32.16 2 3
github.com/PointerByte/GoForge/logger/builder/config.go:32.16,34.3 1 1
github.com/PointerByte/GoForge/logger/builder/config.go:35.2,42.16 2 2
github.com/PointerByte/GoForge/logger/builder/config.go:42.16,44.3 1 1
github.com/PointerByte/GoForge/logger/builder/config.go:46.2,50.22 2 1
github.com/PointerByte/GoForge/logger/builder/config.go:63.82,70.16 4 3
github.com/PointerByte/GoForge/logger/builder/config.go:70.16,72.3 1 1
github.com/PointerByte/GoForge/logger/builder/config.go:73.2,78.16 4 2
github.com/PointerByte/GoForge/logger/builder/config.go:78.16,80.3 1 1
github.com/PointerByte/GoForge/logger/builder/config.go:81.2,88.81 3 1
github.com/PointerByte/GoForge/logger/builder/config.go:88.81,99.3 2 1
github.com/PointerByte/GoForge/logger/builder/config.go:99.8,101.3 1 0
github.com/PointerByte/GoForge/logger/builder/config.go:104.2,107.16 3 1
github.com/PointerByte/GoForge/logger/builder/config.go:110.28,111.80 1 6
github.com/PointerByte/GoForge/logger/builder/config.go:112.15,113.25 1 1
github.com/PointerByte/GoForge/logger/builder/config.go:114.14,115.24 1 1
github.com/PointerByte/GoForge/logger/builder/config.go:116.14,117.24 1 1
github.com/PointerByte/GoForge/logger/builder/config.go:118.15,119.25 1 1
github.com/PointerByte/GoForge/logger/builder/config.go:120.10,121.24 1 2
github.com/PointerByte/GoForge/logger/builder/config.go:125.23,127.2 1 3
github.com/PointerByte/GoForge/logger/builder/config.go:129.24,131.2 1 13
github.com/PointerByte/GoForge/logger/builder/context.go:35.34,37.2 1 1
github.com/PointerByte/GoForge/logger/builder/context.go:46.52,47.19 1 24
github.com/PointerByte/GoForge/logger/builder/context.go:47.19,49.3 1 0
github.com/PointerByte/GoForge/logger/builder/context.go:51.2,51.50 1 24
github.com/PointerByte/GoForge/logger/builder/context.go:51.50,53.3 1 5
github.com/PointerByte/GoForge/logger/builder/context.go:55.2,55.47 1 19
github.com/PointerByte/GoForge/logger/builder/context.go:55.47,56.46 1 0
github.com/PointerByte/GoForge/logger/builder/context.go:56.46,58.4 1 0
github.com/PointerByte/GoForge/logger/builder/context.go:60.2,60.19 1 19
github.com/PointerByte/GoForge/logger/builder/context.go:68.43,69.19 1 24
github.com/PointerByte/GoForge/logger/builder/context.go:69.19,71.3 1 0
github.com/PointerByte/GoForge/logger/builder/context.go:74.2,74.38 1 24
github.com/PointerByte/GoForge/logger/builder/context.go:74.38,76.3 1 5
github.com/PointerByte/GoForge/logger/builder/context.go:78.2,96.19 8 19
github.com/PointerByte/GoForge/logger/builder/context.go:100.48,102.2 1 0
github.com/PointerByte/GoForge/logger/builder/context.go:105.44,106.29 1 0
github.com/PointerByte/GoForge/logger/builder/context.go:106.29,108.3 1 0
github.com/PointerByte/GoForge/logger/builder/context.go:109.2,109.27 1 0
github.com/PointerByte/GoForge/logger/builder/context.go:113.43,115.2 1 77
github.com/PointerByte/GoForge/logger/builder/context.go:118.44,121.2 2 58
github.com/PointerByte/GoForge/logger/builder/context.go:124.43,125.29 1 2
github.com/PointerByte/GoForge/logger/builder/context.go:125.29,127.3 1 1
github.com/PointerByte/GoForge/logger/builder/context.go:128.2,128.63 1 1
github.com/PointerByte/GoForge/logger/builder/context.go:133.38,135.2 1 7
github.com/PointerByte/GoForge/logger/builder/context.go:138.63,150.2 3 1
github.com/PointerByte/GoForge/logger/builder/context.go:154.79,166.2 3 1
github.com/PointerByte/GoForge/logger/builder/formatLog.go:19.71,20.35 1 6
github.com/PointerByte/GoForge/logger/builder/formatLog.go:20.35,22.3 1 0
github.com/PointerByte/GoForge/logger/builder/formatLog.go:23.2,23.40 1 6
github.com/PointerByte/GoForge/logger/builder/formatLog.go:26.52,32.36 3 6
github.com/PointerByte/GoForge/logger/builder/formatLog.go:32.36,34.3 1 6
github.com/PointerByte/GoForge/logger/builder/formatLog.go:37.2,38.36 2 6
github.com/PointerByte/GoForge/logger/builder/formatLog.go:38.36,40.3 1 6
github.com/PointerByte/GoForge/logger/builder/formatLog.go:41.2,41.26 1 6
github.com/PointerByte/GoForge/logger/builder/formatLog.go:41.26,43.3 1 0
github.com/PointerByte/GoForge/logger/builder/formatLog.go:46.2,47.37 2 6
github.com/PointerByte/GoForge/logger/builder/formatLog.go:47.37,49.3 1 6
github.com/PointerByte/GoForge/logger/builder/formatLog.go:50.2,50.15 1 6
github.com/PointerByte/GoForge/logger/builder/formatLog.go:50.15,54.3 3 6
github.com/PointerByte/GoForge/logger/builder/formatLog.go:57.2,67.10 5 6
github.com/PointerByte/GoForge/logger/builder/formatLog.go:70.35,72.9 2 3
github.com/PointerByte/GoForge/logger/builder/formatLog.go:72.9,74.17 2 2
github.com/PointerByte/GoForge/logger/builder/formatLog.go:74.17,76.4 1 2
github.com/PointerByte/GoForge/logger/builder/formatLog.go:78.2,78.17 1 1
github.com/PointerByte/GoForge/logger/builder/formatLog.go:96.57,97.77 1 10
github.com/PointerByte/GoForge/logger/builder/formatLog.go:97.77,99.3 1 1
github.com/PointerByte/GoForge/logger/builder/formatLog.go:100.2,103.31 4 9
github.com/PointerByte/GoForge/logger/builder/formatLog.go:106.57,107.20 1 9
github.com/PointerByte/GoForge/logger/builder/formatLog.go:107.20,109.3 1 1
github.com/PointerByte/GoForge/logger/builder/formatLog.go:110.2,111.86 2 8
github.com/PointerByte/GoForge/logger/builder/formatLog.go:127.56,128.77 1 10
github.com/PointerByte/GoForge/logger/builder/formatLog.go:128.77,130.3 1 1
github.com/PointerByte/GoForge/logger/builder/formatLog.go:131.2,134.51 3 9
github.com/PointerByte/GoForge/logger/builder/formatLog.go:134.51,135.45 1 0
github.com/PointerByte/GoForge/logger/builder/formatLog.go:135.45,137.4 1 0
github.com/PointerByte/GoForge/logger/builder/formatLog.go:139.2,139.52 1 9
github.com/PointerByte/GoForge/logger/builder/formatLog.go:139.52,140.45 1 0
github.com/PointerByte/GoForge/logger/builder/formatLog.go:140.45,142.4 1 0
github.com/PointerByte/GoForge/logger/builder/formatLog.go:145.2,154.30 8 9
github.com/PointerByte/GoForge/logger/builder/formatLog.go:157.48,158.55 1 9
github.com/PointerByte/GoForge/logger/builder/formatLog.go:158.55,160.3 1 8
github.com/PointerByte/GoForge/logger/builder/formatLog.go:162.2,166.40 5 1
github.com/PointerByte/GoForge/logger/builder/formatLog.go:166.40,167.44 1 4
github.com/PointerByte/GoForge/logger/builder/formatLog.go:167.44,168.12 1 2
github.com/PointerByte/GoForge/logger/builder/formatLog.go:170.3,172.24 3 2
github.com/PointerByte/GoForge/logger/builder/formatLog.go:174.2,175.27 2 1
github.com/PointerByte/GoForge/logger/builder/formatLog.go:178.65,179.20 1 9
github.com/PointerByte/GoForge/logger/builder/formatLog.go:179.20,181.3 1 1
github.com/PointerByte/GoForge/logger/builder/formatLog.go:182.2,183.94 2 8
github.com/PointerByte/GoForge/logger/builder/formatLog.go:186.58,187.20 1 10
github.com/PointerByte/GoForge/logger/builder/formatLog.go:187.20,189.3 1 2
github.com/PointerByte/GoForge/logger/builder/formatLog.go:190.2,191.23 2 8
github.com/PointerByte/GoForge/logger/builder/formatLog.go:191.23,193.3 1 0
github.com/PointerByte/GoForge/logger/builder/formatLog.go:196.49,197.23 1 14
github.com/PointerByte/GoForge/logger/builder/formatLog.go:197.23,199.3 1 1
github.com/PointerByte/GoForge/logger/builder/formatLog.go:200.2,200.9 1 13
github.com/PointerByte/GoForge/logger/builder/formatLog.go:201.49,202.37 1 8
github.com/PointerByte/GoForge/logger/builder/formatLog.go:203.49,204.35 1 3
github.com/PointerByte/GoForge/logger/builder/formatLog.go:205.10,206.35 1 2
github.com/PointerByte/GoForge/logger/builder/formatLog.go:218.40,219.77 1 2
github.com/PointerByte/GoForge/logger/builder/formatLog.go:219.77,221.3 1 1
github.com/PointerByte/GoForge/logger/builder/formatLog.go:222.2,223.8 2 1
github.com/PointerByte/GoForge/logger/builder/formatLog.go:223.8,229.3 5 1
github.com/PointerByte/GoForge/logger/builder/formatLog.go:230.2,232.26 3 1
github.com/PointerByte/GoForge/logger/builder/formatLog.go:247.41,248.77 1 2
github.com/PointerByte/GoForge/logger/builder/formatLog.go:248.77,250.3 1 1
github.com/PointerByte/GoForge/logger/builder/formatLog.go:251.2,252.8 2 1
github.com/PointerByte/GoForge/logger/builder/formatLog.go:252.8,258.3 5 1
github.com/PointerByte/GoForge/logger/builder/formatLog.go:259.2,260.31 2 1
github.com/PointerByte/GoForge/logger/builder/formatLog.go:271.40,272.77 1 2
github.com/PointerByte/GoForge/logger/builder/formatLog.go:272.77,274.3 1 1
github.com/PointerByte/GoForge/logger/builder/formatLog.go:275.2,276.8 2 1
github.com/PointerByte/GoForge/logger/builder/formatLog.go:276.8,282.3 5 1
github.com/PointerByte/GoForge/logger/builder/formatLog.go:283.2,284.30 2 1
github.com/PointerByte/GoForge/logger/builder/formatLog.go:296.36,297.77 1 2
github.com/PointerByte/GoForge/logger/builder/formatLog.go:297.77,299.3 1 1
github.com/PointerByte/GoForge/logger/builder/formatLog.go:300.2,301.8 2 1
github.com/PointerByte/GoForge/logger/builder/formatLog.go:301.8,307.3 5 1
github.com/PointerByte/GoForge/logger/builder/formatLog.go:308.2,309.35 2 1
github.com/PointerByte/GoForge/logger/builder/slog.go:27.87,29.2 1 9
github.com/PointerByte/GoForge/logger/builder/slog.go:31.73,33.2 1 3
github.com/PointerByte/GoForge/logger/builder/slog.go:35.72,45.16 9 5
github.com/PointerByte/GoForge/logger/builder/slog.go:45.16,46.13 1 0
github.com/PointerByte/GoForge/logger/builder/slog.go:49.2,50.58 2 5
github.com/PointerByte/GoForge/logger/builder/slog.go:50.58,51.13 1 0
github.com/PointerByte/GoForge/logger/builder/slog.go:54.2,58.16 5 5
github.com/PointerByte/GoForge/logger/builder/slog.go:58.16,59.13 1 1
github.com/PointerByte/GoForge/logger/builder/slog.go:61.2,62.60 2 4
github.com/PointerByte/GoForge/logger/builder/slog.go:62.60,63.47 1 2
github.com/PointerByte/GoForge/logger/builder/slog.go:63.47,64.14 1 1
github.com/PointerByte/GoForge/logger/builder/slog.go:66.3,66.13 1 1
github.com/PointerByte/GoForge/logger/builder/slog.go:68.2,68.46 1 2
github.com/PointerByte/GoForge/logger/builder/slog.go:68.46,69.13 1 1
github.com/PointerByte/GoForge/logger/builder/slog.go:71.2,71.12 1 1
github.com/PointerByte/GoForge/logger/builder/slog.go:74.57,76.16 2 7
github.com/PointerByte/GoForge/logger/builder/slog.go:76.16,78.3 1 3
github.com/PointerByte/GoForge/logger/builder/slog.go:79.2,80.16 2 4
github.com/PointerByte/GoForge/logger/builder/slog.go:80.16,82.3 1 1
github.com/PointerByte/GoForge/logger/builder/slog.go:83.2,83.12 1 3
github.com/PointerByte/GoForge/logger/builder/slog.go:87.65,91.2 3 1
github.com/PointerByte/GoForge/logger/builder/slog.go:93.59,97.2 3 1
github.com/PointerByte/GoForge/logger/middlewares/grpc/grpc.go:27.53,29.22 2 2
github.com/PointerByte/GoForge/logger/middlewares/grpc/grpc.go:29.22,31.3 1 1
github.com/PointerByte/GoForge/logger/middlewares/grpc/grpc.go:32.2,32.18 1 1
github.com/PointerByte/GoForge/logger/middlewares/grpc/grpc.go:35.60,39.2 3 1
github.com/PointerByte/GoForge/logger/middlewares/grpc/grpc.go:41.46,44.22 3 1
github.com/PointerByte/GoForge/logger/middlewares/grpc/grpc.go:44.22,46.3 1 1
github.com/PointerByte/GoForge/logger/middlewares/grpc/grpc.go:47.2,47.13 1 1
github.com/PointerByte/GoForge/logger/middlewares/grpc/grpc.go:57.55,59.2 1 3
github.com/PointerByte/GoForge/logger/middlewares/grpc/grpc.go:61.50,63.16 2 3
github.com/PointerByte/GoForge/logger/middlewares/grpc/grpc.go:63.16,65.3 1 3
github.com/PointerByte/GoForge/logger/middlewares/grpc/grpc.go:66.2,66.12 1 3
github.com/PointerByte/GoForge/logger/middlewares/grpc/grpc.go:69.50,70.50 1 5
github.com/PointerByte/GoForge/logger/middlewares/grpc/grpc.go:70.50,72.3 1 1
github.com/PointerByte/GoForge/logger/middlewares/grpc/grpc.go:73.2,74.12 2 4
github.com/PointerByte/GoForge/logger/middlewares/grpc/grpc.go:83.69,84.112 1 4
github.com/PointerByte/GoForge/logger/middlewares/grpc/grpc.go:84.112,89.3 4 4
github.com/PointerByte/GoForge/logger/middlewares/grpc/grpc.go:98.71,99.112 1 2
github.com/PointerByte/GoForge/logger/middlewares/grpc/grpc.go:99.112,108.3 4 2
github.com/PointerByte/GoForge/logger/middlewares/grpc/grpc.go:116.70,117.112 1 3
github.com/PointerByte/GoForge/logger/middlewares/grpc/grpc.go:117.112,123.3 5 3
github.com/PointerByte/GoForge/logger/middlewares/grpc/grpc.go:132.72,133.112 1 2
github.com/PointerByte/GoForge/logger/middlewares/grpc/grpc.go:133.112,144.3 6 2
github.com/PointerByte/GoForge/logger/middlewares/grpc/grpc.go:154.110,159.2 4 1
github.com/PointerByte/GoForge/logger/middlewares/grpc/grpc.go:164.115,169.2 4 3
github.com/PointerByte/GoForge/logger/middlewares/grpc/grpc.go:178.75,179.112 1 3
github.com/PointerByte/GoForge/logger/middlewares/grpc/grpc.go:179.112,185.3 5 3
github.com/PointerByte/GoForge/logger/middlewares/grpc/grpc.go:193.77,194.112 1 1
github.com/PointerByte/GoForge/logger/middlewares/grpc/grpc.go:194.112,203.3 5 1
github.com/PointerByte/GoForge/logger/middlewares/grpc/grpc.go:211.55,213.2 1 3
github.com/PointerByte/GoForge/logger/middlewares/grpc/grpc.go:215.62,217.15 2 7
github.com/PointerByte/GoForge/logger/middlewares/grpc/grpc.go:217.15,219.3 1 5
github.com/PointerByte/GoForge/logger/middlewares/grpc/grpc.go:220.2,220.81 1 7
github.com/PointerByte/GoForge/logger/middlewares/grpc/grpc.go:223.107,236.23 7 7
github.com/PointerByte/GoForge/logger/middlewares/grpc/grpc.go:236.23,238.3 1 0
github.com/PointerByte/GoForge/logger/middlewares/grpc/grpc.go:240.2,244.62 2 7
github.com/PointerByte/GoForge/logger/middlewares/grpc/grpc.go:244.62,246.3 1 1
github.com/PointerByte/GoForge/logger/middlewares/grpc/grpc.go:247.2,247.58 1 7
github.com/PointerByte/GoForge/logger/middlewares/grpc/grpc.go:247.58,249.3 1 2
github.com/PointerByte/GoForge/logger/middlewares/grpc/grpc.go:251.2,253.24 3 7
github.com/PointerByte/GoForge/logger/middlewares/grpc/grpc.go:256.55,257.18 1 4
github.com/PointerByte/GoForge/logger/middlewares/grpc/grpc.go:257.18,259.3 1 1
github.com/PointerByte/GoForge/logger/middlewares/grpc/grpc.go:260.2,261.30 2 3
github.com/PointerByte/GoForge/logger/middlewares/grpc/grpc.go:261.30,265.3 3 4
github.com/PointerByte/GoForge/logger/middlewares/grpc/grpc.go:266.2,266.16 1 3
github.com/PointerByte/GoForge/logger/middlewares/grpc/grpc.go:269.46,270.20 1 7
github.com/PointerByte/GoForge/logger/middlewares/grpc/grpc.go:271.9,272.13 1 2
github.com/PointerByte/GoForge/logger/middlewares/grpc/grpc.go:273.9,274.18 1 2
github.com/PointerByte/GoForge/logger/middlewares/grpc/grpc.go:275.10,276.15 1 3
github.com/PointerByte/GoForge/logger/middlewares/grpc/grpc.go:280.55,283.41 3 9
github.com/PointerByte/GoForge/logger/middlewares/grpc/grpc.go:283.41,285.3 1 4
github.com/PointerByte/GoForge/logger/middlewares/grpc/grpc.go:287.2,288.26 2 5
github.com/PointerByte/GoForge/logger/middlewares/grpc/grpc.go:288.26,290.10 2 0
github.com/PointerByte/GoForge/logger/middlewares/grpc/grpc.go:290.10,292.4 1 0
github.com/PointerByte/GoForge/logger/middlewares/grpc/grpc.go:293.3,294.14 2 0
github.com/PointerByte/GoForge/logger/middlewares/grpc/grpc.go:294.14,296.4 1 0
github.com/PointerByte/GoForge/logger/middlewares/grpc/grpc.go:297.3,297.24 1 0
github.com/PointerByte/GoForge/logger/middlewares/grpc/grpc.go:299.2,299.83 1 5
github.com/PointerByte/GoForge/logger/middlewares/grpc/grpc.go:299.83,301.3 1 3
github.com/PointerByte/GoForge/logger/middlewares/grpc/grpc.go:302.2,302.86 1 5
github.com/PointerByte/GoForge/logger/middlewares/grpc/grpc.go:302.86,304.3 1 4
github.com/PointerByte/GoForge/logger/middlewares/grpc/grpc.go:305.2,306.43 2 5
github.com/PointerByte/GoForge/logger/middlewares/grpc/grpc.go:309.83,311.9 2 18
github.com/PointerByte/GoForge/logger/middlewares/grpc/grpc.go:311.9,313.10 2 9
github.com/PointerByte/GoForge/logger/middlewares/grpc/grpc.go:313.10,315.4 1 5
github.com/PointerByte/GoForge/logger/middlewares/grpc/grpc.go:317.2,318.28 2 13
github.com/PointerByte/GoForge/logger/middlewares/grpc/grpc.go:323.60,326.2 2 0
github.com/PointerByte/GoForge/logger/middlewares/grpc/grpc.go:330.61,333.2 2 1
github.com/PointerByte/GoForge/logger/middlewares/grpc/grpc.go:337.60,340.2 2 1
github.com/PointerByte/GoForge/logger/middlewares/grpc/grpc.go:344.56,347.2 2 1
github.com/PointerByte/GoForge/logger/middlewares/grpc/grpc.go:349.77,350.91 1 10
github.com/PointerByte/GoForge/logger/middlewares/grpc/grpc.go:350.91,352.3 1 1
github.com/PointerByte/GoForge/logger/middlewares/grpc/grpc.go:353.2,353.40 1 9
github.com/PointerByte/GoForge/logger/middlewares/grpc/grpc.go:353.40,355.3 1 1
github.com/PointerByte/GoForge/logger/middlewares/grpc/grpc.go:357.2,357.57 1 8
github.com/PointerByte/GoForge/logger/middlewares/grpc/grpc.go:357.57,358.44 1 3
github.com/PointerByte/GoForge/logger/middlewares/grpc/grpc.go:358.44,361.4 2 3
github.com/PointerByte/GoForge/logger/middlewares/grpc/grpc.go:363.2,363.58 1 5
github.com/PointerByte/GoForge/logger/middlewares/grpc/grpc.go:363.58,364.44 1 1
github.com/PointerByte/GoForge/logger/middlewares/grpc/grpc.go:364.44,367.4 2 1
github.com/PointerByte/GoForge/logger/middlewares/grpc/grpc.go:369.2,369.57 1 4
github.com/PointerByte/GoForge/logger/middlewares/grpc/grpc.go:369.57,370.44 1 1
github.com/PointerByte/GoForge/logger/middlewares/grpc/grpc.go:370.44,373.4 2 1
github.com/PointerByte/GoForge/logger/middlewares/grpc/grpc.go:375.2,375.58 1 3
github.com/PointerByte/GoForge/logger/middlewares/grpc/grpc.go:375.58,376.72 1 2
github.com/PointerByte/GoForge/logger/middlewares/grpc/grpc.go:376.72,379.4 2 1
github.com/PointerByte/GoForge/logger/middlewares/grpc/grpc.go:381.2,381.20 1 2
github.com/PointerByte/GoForge/logger/middlewares/grpc/grpc.go:381.20,383.3 1 0
github.com/PointerByte/GoForge/logger/middlewares/grpc/grpc.go:384.2,384.22 1 2
github.com/PointerByte/GoForge/logger/middlewares/grpc/grpc.go:387.53,390.45 3 12
github.com/PointerByte/GoForge/logger/middlewares/grpc/grpc.go:390.45,392.25 2 7
github.com/PointerByte/GoForge/logger/middlewares/grpc/grpc.go:392.25,393.12 1 1
github.com/PointerByte/GoForge/logger/middlewares/grpc/grpc.go:395.3,395.65 1 6
github.com/PointerByte/GoForge/logger/middlewares/grpc/grpc.go:395.65,397.4 1 3
github.com/PointerByte/GoForge/logger/middlewares/grpc/grpc.go:399.2,399.14 1 9
github.com/PointerByte/GoForge/logger/middlewares/grpc/grpc.go:402.49,404.21 2 12
github.com/PointerByte/GoForge/logger/middlewares/grpc/grpc.go:404.21,406.3 1 0
github.com/PointerByte/GoForge/logger/middlewares/grpc/grpc.go:407.2,407.28 1 12
github.com/PointerByte/GoForge/logger/middlewares/grpc/grpc.go:410.31,411.16 1 6
github.com/PointerByte/GoForge/logger/middlewares/grpc/grpc.go:411.16,413.3 1 1
github.com/PointerByte/GoForge/logger/middlewares/grpc/grpc.go:414.2,415.22 2 5
github.com/PointerByte/GoForge/logger/middlewares/grpc/grpc.go:416.98,417.24 1 5
github.com/PointerByte/GoForge/logger/middlewares/grpc/grpc.go:418.10,419.14 1 0
github.com/PointerByte/GoForge/logger/middlewares/http/http.go:25.35,26.32 1 4
github.com/PointerByte/GoForge/logger/middlewares/http/http.go:26.32,46.24 8 4
github.com/PointerByte/GoForge/logger/middlewares/http/http.go:46.24,48.4 1 0
github.com/PointerByte/GoForge/logger/middlewares/http/http.go:50.3,67.13 6 4
github.com/PointerByte/GoForge/logger/middlewares/http/http.go:76.58,79.2 2 11
github.com/PointerByte/GoForge/logger/middlewares/http/http.go:87.36,88.30 1 11
github.com/PointerByte/GoForge/logger/middlewares/http/http.go:88.30,91.28 2 11
github.com/PointerByte/GoForge/logger/middlewares/http/http.go:91.28,94.4 2 10
github.com/PointerByte/GoForge/logger/middlewares/http/http.go:97.3,109.55 6 11
github.com/PointerByte/GoForge/logger/middlewares/http/http.go:118.87,121.2 2 4
github.com/PointerByte/GoForge/logger/middlewares/http/http.go:129.92,133.2 3 3
github.com/PointerByte/GoForge/logger/middlewares/http/http.go:145.41,147.56 1 9
github.com/PointerByte/GoForge/logger/middlewares/http/http.go:147.56,150.49 3 8
github.com/PointerByte/GoForge/logger/middlewares/http/http.go:150.49,152.5 1 7
github.com/PointerByte/GoForge/logger/middlewares/http/http.go:153.4,153.47 1 8
github.com/PointerByte/GoForge/logger/middlewares/http/http.go:153.47,155.5 1 7
github.com/PointerByte/GoForge/logger/middlewares/http/http.go:157.4,157.53 1 8
github.com/PointerByte/GoForge/logger/middlewares/http/http.go:157.53,159.5 1 3
github.com/PointerByte/GoForge/logger/middlewares/http/http.go:160.4,160.61 1 8
github.com/PointerByte/GoForge/logger/middlewares/http/http.go:160.61,161.18 1 3
github.com/PointerByte/GoForge/logger/middlewares/http/http.go:161.18,163.27 2 1
github.com/PointerByte/GoForge/logger/middlewares/http/http.go:163.27,164.57 1 1
github.com/PointerByte/GoForge/logger/middlewares/http/http.go:164.57,166.8 1 1
github.com/PointerByte/GoForge/logger/middlewares/http/http.go:168.6,168.45 1 1
github.com/PointerByte/GoForge/logger/middlewares/http/http.go:171.4,171.62 1 8
github.com/PointerByte/GoForge/logger/middlewares/http/http.go:171.62,172.18 1 3
github.com/PointerByte/GoForge/logger/middlewares/http/http.go:172.18,174.27 2 2
github.com/PointerByte/GoForge/logger/middlewares/http/http.go:174.27,175.58 1 2
github.com/PointerByte/GoForge/logger/middlewares/http/http.go:175.58,177.8 1 2
github.com/PointerByte/GoForge/logger/middlewares/http/http.go:179.6,179.47 1 2
github.com/PointerByte/GoForge/logger/middlewares/http/http.go:182.4,184.56 2 8
github.com/PointerByte/GoForge/logger/middlewares/http/http.go:184.56,185.38 1 4
github.com/PointerByte/GoForge/logger/middlewares/http/http.go:185.38,188.6 2 4
github.com/PointerByte/GoForge/logger/middlewares/http/http.go:190.4,190.57 1 4
github.com/PointerByte/GoForge/logger/middlewares/http/http.go:190.57,191.38 1 1
github.com/PointerByte/GoForge/logger/middlewares/http/http.go:191.38,194.6 2 1
github.com/PointerByte/GoForge/logger/middlewares/http/http.go:196.4,196.56 1 3
github.com/PointerByte/GoForge/logger/middlewares/http/http.go:196.56,197.38 1 1
github.com/PointerByte/GoForge/logger/middlewares/http/http.go:197.38,200.6 2 1
github.com/PointerByte/GoForge/logger/middlewares/http/http.go:202.4,202.57 1 2
github.com/PointerByte/GoForge/logger/middlewares/http/http.go:202.57,203.37 1 1
github.com/PointerByte/GoForge/logger/middlewares/http/http.go:203.37,206.6 2 1
github.com/PointerByte/GoForge/logger/middlewares/http/http.go:208.4,208.13 1 1
github.com/PointerByte/GoForge/logger/middlewares/http/http.go:212.35,214.4 1 9
github.com/PointerByte/GoForge/logger/middlewares/http/http.go:220.50,226.2 5 6
github.com/PointerByte/GoForge/logger/middlewares/http/http.go:230.51,236.2 5 2
github.com/PointerByte/GoForge/logger/middlewares/http/http.go:240.50,246.2 5 2
github.com/PointerByte/GoForge/logger/middlewares/http/http.go:250.46,256.2 5 2
github.com/PointerByte/GoForge/logger/middlewares/http/http.go:258.58,259.38 1 12
github.com/PointerByte/GoForge/logger/middlewares/http/http.go:259.38,261.3 1 4
github.com/PointerByte/GoForge/logger/middlewares/http/http.go:262.2,262.30 1 8
github.com/PointerByte/GoForge/logger/main.go:28.22,33.39 4 6
github.com/PointerByte/GoForge/logger/main.go:33.39,35.3 1 2
github.com/PointerByte/GoForge/logger/main.go:36.2,36.12 1 4
github.com/PointerByte/GoForge/logger/main.go:41.70,42.34 1 4
github.com/PointerByte/GoForge/logger/main.go:42.34,44.3 1 1
github.com/PointerByte/GoForge/logger/main.go:45.2,45.52 1 3
github.com/PointerByte/GoForge/logger/main.go:50.13,53.2 2 1
github.com/PointerByte/GoForge/logger/main.go:55.65,64.2 5 2
github.com/PointerByte/GoForge/logger/main.go:66.45,67.30 1 2
github.com/PointerByte/GoForge/logger/main.go:67.30,78.3 8 1
github.com/PointerByte/GoForge/logger/main.go:81.13,84.16 3 1
github.com/PointerByte/GoForge/logger/main.go:84.16,85.13 1 0
github.com/PointerByte/GoForge/logger/main.go:87.2,98.27 5 1
github.com/PointerByte/GoForge/logger/main.go:98.27,101.3 2 1
github.com/PointerByte/GoForge/logger/main.go:103.2,107.12 2 1
github.com/PointerByte/GoForge/logger/main.go:107.12,108.87 1 1
github.com/PointerByte/GoForge/logger/main.go:108.87,109.14 1 0
github.com/PointerByte/GoForge/logger/main.go:112.2,113.28 2 1
github.com/PointerByte/GoForge/logger/main.go:118.63,127.42 7 3
github.com/PointerByte/GoForge/logger/main.go:127.42,130.3 2 1
github.com/PointerByte/GoForge/logger/main.go:132.2,133.42 2 2
github.com/PointerByte/GoForge/logger/main.go:133.42,136.3 2 0
github.com/PointerByte/GoForge/logger/main.go:137.2,137.47 1 2
