mode: atomic
github.com/PointerByte/QuicksGo/cmd/go-openssl/main.go:21.13,22.49 1 2
github.com/PointerByte/QuicksGo/cmd/go-openssl/main.go:22.49,25.3 2 1
github.com/PointerByte/QuicksGo/cmd/go-openssl/main.go:29.38,31.2 1 1
github.com/PointerByte/QuicksGo/cmd/go-openssl/main.go:34.33,36.2 1 1
github.com/PointerByte/QuicksGo/cmd/go-openssl/code/app.go:32.20,41.2 1 1
github.com/PointerByte/QuicksGo/cmd/go-openssl/code/app.go:44.33,46.2 1 1
github.com/PointerByte/QuicksGo/cmd/go-openssl/code/app.go:49.46,58.2 3 4
github.com/PointerByte/QuicksGo/cmd/go-openssl/code/commands.go:28.43,33.2 1 5
github.com/PointerByte/QuicksGo/cmd/go-openssl/code/commands.go:36.56,40.55 1 5
github.com/PointerByte/QuicksGo/cmd/go-openssl/code/commands.go:40.55,42.18 2 1
github.com/PointerByte/QuicksGo/cmd/go-openssl/code/commands.go:42.18,44.5 1 0
github.com/PointerByte/QuicksGo/cmd/go-openssl/code/commands.go:46.4,47.18 2 1
github.com/PointerByte/QuicksGo/cmd/go-openssl/code/commands.go:47.18,49.5 1 0
github.com/PointerByte/QuicksGo/cmd/go-openssl/code/commands.go:51.4,60.14 2 1
github.com/PointerByte/QuicksGo/cmd/go-openssl/code/commands.go:64.2,77.17 14 5
github.com/PointerByte/QuicksGo/cmd/go-openssl/code/generator.go:62.32,69.2 1 11
github.com/PointerByte/QuicksGo/cmd/go-openssl/code/generator.go:72.60,74.2 1 6
github.com/PointerByte/QuicksGo/cmd/go-openssl/code/generator.go:77.71,79.16 2 7
github.com/PointerByte/QuicksGo/cmd/go-openssl/code/generator.go:79.16,81.3 1 3
github.com/PointerByte/QuicksGo/cmd/go-openssl/code/generator.go:83.2,83.79 1 4
github.com/PointerByte/QuicksGo/cmd/go-openssl/code/generator.go:83.79,85.3 1 0
github.com/PointerByte/QuicksGo/cmd/go-openssl/code/generator.go:87.2,88.16 2 4
github.com/PointerByte/QuicksGo/cmd/go-openssl/code/generator.go:88.16,90.3 1 0
github.com/PointerByte/QuicksGo/cmd/go-openssl/code/generator.go:92.2,93.16 2 4
github.com/PointerByte/QuicksGo/cmd/go-openssl/code/generator.go:93.16,95.3 1 0
github.com/PointerByte/QuicksGo/cmd/go-openssl/code/generator.go:97.2,98.16 2 4
github.com/PointerByte/QuicksGo/cmd/go-openssl/code/generator.go:98.16,100.3 1 0
github.com/PointerByte/QuicksGo/cmd/go-openssl/code/generator.go:102.2,103.16 2 4
github.com/PointerByte/QuicksGo/cmd/go-openssl/code/generator.go:103.16,105.3 1 0
github.com/PointerByte/QuicksGo/cmd/go-openssl/code/generator.go:107.2,108.16 2 4
github.com/PointerByte/QuicksGo/cmd/go-openssl/code/generator.go:108.16,110.3 1 0
github.com/PointerByte/QuicksGo/cmd/go-openssl/code/generator.go:112.2,120.93 2 4
github.com/PointerByte/QuicksGo/cmd/go-openssl/code/generator.go:120.93,122.3 1 0
github.com/PointerByte/QuicksGo/cmd/go-openssl/code/generator.go:123.2,123.91 1 4
github.com/PointerByte/QuicksGo/cmd/go-openssl/code/generator.go:123.91,125.3 1 0
github.com/PointerByte/QuicksGo/cmd/go-openssl/code/generator.go:126.2,126.89 1 4
github.com/PointerByte/QuicksGo/cmd/go-openssl/code/generator.go:126.89,128.3 1 0
github.com/PointerByte/QuicksGo/cmd/go-openssl/code/generator.go:130.2,130.20 1 4
github.com/PointerByte/QuicksGo/cmd/go-openssl/code/generator.go:133.32,147.2 1 13
github.com/PointerByte/QuicksGo/cmd/go-openssl/code/generator.go:149.57,162.31 11 8
github.com/PointerByte/QuicksGo/cmd/go-openssl/code/generator.go:162.31,164.3 1 3
github.com/PointerByte/QuicksGo/cmd/go-openssl/code/generator.go:165.2,165.29 1 8
github.com/PointerByte/QuicksGo/cmd/go-openssl/code/generator.go:165.29,167.3 1 5
github.com/PointerByte/QuicksGo/cmd/go-openssl/code/generator.go:168.2,168.32 1 8
github.com/PointerByte/QuicksGo/cmd/go-openssl/code/generator.go:168.32,170.3 1 6
github.com/PointerByte/QuicksGo/cmd/go-openssl/code/generator.go:172.2,172.29 1 8
github.com/PointerByte/QuicksGo/cmd/go-openssl/code/generator.go:172.29,174.3 1 0
github.com/PointerByte/QuicksGo/cmd/go-openssl/code/generator.go:175.2,175.30 1 8
github.com/PointerByte/QuicksGo/cmd/go-openssl/code/generator.go:175.30,177.3 1 0
github.com/PointerByte/QuicksGo/cmd/go-openssl/code/generator.go:178.2,178.31 1 8
github.com/PointerByte/QuicksGo/cmd/go-openssl/code/generator.go:178.31,180.3 1 0
github.com/PointerByte/QuicksGo/cmd/go-openssl/code/generator.go:181.2,181.96 1 8
github.com/PointerByte/QuicksGo/cmd/go-openssl/code/generator.go:181.96,183.3 1 0
github.com/PointerByte/QuicksGo/cmd/go-openssl/code/generator.go:185.2,185.27 1 8
github.com/PointerByte/QuicksGo/cmd/go-openssl/code/generator.go:186.20,187.32 1 2
github.com/PointerByte/QuicksGo/cmd/go-openssl/code/generator.go:187.32,189.4 1 1
github.com/PointerByte/QuicksGo/cmd/go-openssl/code/generator.go:190.20,191.59 1 4
github.com/PointerByte/QuicksGo/cmd/go-openssl/code/generator.go:191.59,193.4 1 1
github.com/PointerByte/QuicksGo/cmd/go-openssl/code/generator.go:194.24,194.24 0 1
github.com/PointerByte/QuicksGo/cmd/go-openssl/code/generator.go:195.10,196.78 1 1
github.com/PointerByte/QuicksGo/cmd/go-openssl/code/generator.go:199.2,199.21 1 5
github.com/PointerByte/QuicksGo/cmd/go-openssl/code/generator.go:202.53,203.36 1 64
github.com/PointerByte/QuicksGo/cmd/go-openssl/code/generator.go:203.36,205.3 1 28
github.com/PointerByte/QuicksGo/cmd/go-openssl/code/generator.go:206.2,206.14 1 36
github.com/PointerByte/QuicksGo/cmd/go-openssl/code/generator.go:209.74,210.16 1 4
github.com/PointerByte/QuicksGo/cmd/go-openssl/code/generator.go:210.16,212.3 1 0
github.com/PointerByte/QuicksGo/cmd/go-openssl/code/generator.go:214.2,215.67 2 4
github.com/PointerByte/QuicksGo/cmd/go-openssl/code/generator.go:215.67,217.3 1 0
github.com/PointerByte/QuicksGo/cmd/go-openssl/code/generator.go:218.2,222.8 1 4
github.com/PointerByte/QuicksGo/cmd/go-openssl/code/generator.go:225.78,226.27 1 4
github.com/PointerByte/QuicksGo/cmd/go-openssl/code/generator.go:227.20,229.17 2 1
github.com/PointerByte/QuicksGo/cmd/go-openssl/code/generator.go:229.17,231.4 1 0
github.com/PointerByte/QuicksGo/cmd/go-openssl/code/generator.go:232.3,232.48 1 1
github.com/PointerByte/QuicksGo/cmd/go-openssl/code/generator.go:233.20,235.17 2 2
github.com/PointerByte/QuicksGo/cmd/go-openssl/code/generator.go:235.17,237.4 1 0
github.com/PointerByte/QuicksGo/cmd/go-openssl/code/generator.go:238.3,239.17 2 2
github.com/PointerByte/QuicksGo/cmd/go-openssl/code/generator.go:239.17,241.4 1 0
github.com/PointerByte/QuicksGo/cmd/go-openssl/code/generator.go:242.3,242.48 1 2
github.com/PointerByte/QuicksGo/cmd/go-openssl/code/generator.go:243.24,245.17 2 1
github.com/PointerByte/QuicksGo/cmd/go-openssl/code/generator.go:245.17,247.4 1 0
github.com/PointerByte/QuicksGo/cmd/go-openssl/code/generator.go:248.3,248.36 1 1
github.com/PointerByte/QuicksGo/cmd/go-openssl/code/generator.go:249.10,250.77 1 0
github.com/PointerByte/QuicksGo/cmd/go-openssl/code/generator.go:254.56,255.50 1 6
github.com/PointerByte/QuicksGo/cmd/go-openssl/code/generator.go:256.17,257.30 1 3
github.com/PointerByte/QuicksGo/cmd/go-openssl/code/generator.go:258.17,259.30 1 2
github.com/PointerByte/QuicksGo/cmd/go-openssl/code/generator.go:260.17,261.30 1 0
github.com/PointerByte/QuicksGo/cmd/go-openssl/code/generator.go:262.10,263.59 1 1
github.com/PointerByte/QuicksGo/cmd/go-openssl/code/generator.go:267.134,269.16 2 4
github.com/PointerByte/QuicksGo/cmd/go-openssl/code/generator.go:269.16,271.3 1 0
github.com/PointerByte/QuicksGo/cmd/go-openssl/code/generator.go:273.2,292.39 4 4
github.com/PointerByte/QuicksGo/cmd/go-openssl/code/generator.go:292.39,294.3 1 1
github.com/PointerByte/QuicksGo/cmd/go-openssl/code/generator.go:295.2,295.18 1 4
github.com/PointerByte/QuicksGo/cmd/go-openssl/code/generator.go:295.18,297.3 1 0
github.com/PointerByte/QuicksGo/cmd/go-openssl/code/generator.go:299.2,300.16 2 4
github.com/PointerByte/QuicksGo/cmd/go-openssl/code/generator.go:300.16,302.3 1 0
github.com/PointerByte/QuicksGo/cmd/go-openssl/code/generator.go:304.2,304.77 1 4
github.com/PointerByte/QuicksGo/cmd/go-openssl/code/generator.go:307.48,309.31 2 4
github.com/PointerByte/QuicksGo/cmd/go-openssl/code/generator.go:309.31,311.18 2 4
github.com/PointerByte/QuicksGo/cmd/go-openssl/code/generator.go:311.18,313.4 1 4
github.com/PointerByte/QuicksGo/cmd/go-openssl/code/generator.go:315.2,315.18 1 4
github.com/PointerByte/QuicksGo/cmd/go-openssl/code/generator.go:318.49,320.31 2 4
github.com/PointerByte/QuicksGo/cmd/go-openssl/code/generator.go:320.31,321.61 1 0
github.com/PointerByte/QuicksGo/cmd/go-openssl/code/generator.go:321.61,323.4 1 0
github.com/PointerByte/QuicksGo/cmd/go-openssl/code/generator.go:325.2,325.12 1 4
github.com/PointerByte/QuicksGo/cmd/go-openssl/code/generator.go:328.58,330.16 2 4
github.com/PointerByte/QuicksGo/cmd/go-openssl/code/generator.go:330.16,332.3 1 0
github.com/PointerByte/QuicksGo/cmd/go-openssl/code/generator.go:333.2,333.87 1 4
github.com/PointerByte/QuicksGo/cmd/go-openssl/code/generator.go:336.56,338.16 2 4
github.com/PointerByte/QuicksGo/cmd/go-openssl/code/generator.go:338.16,340.3 1 0
github.com/PointerByte/QuicksGo/cmd/go-openssl/code/generator.go:341.2,341.85 1 4
github.com/PointerByte/QuicksGo/cmd/go-openssl/code/generator.go:351.57,353.21 2 1423
github.com/PointerByte/QuicksGo/cmd/go-openssl/code/generator.go:353.21,354.30 1 5161
github.com/PointerByte/QuicksGo/cmd/go-openssl/code/generator.go:354.30,356.4 1 3785
github.com/PointerByte/QuicksGo/cmd/go-openssl/code/generator.go:358.3,360.41 3 5161
github.com/PointerByte/QuicksGo/cmd/go-openssl/code/generator.go:362.2,362.19 1 1423
github.com/PointerByte/QuicksGo/cmd/go-openssl/code/generator.go:365.48,381.2 6 3785
